EXISTE LA IMAGEN DEL PRODUCTO AGUA
EL PARENTESCO ENTRE EL PRODUCTO AGUA Y LA RUTA DE SU IMAGEN ES 0.40
INSERTADO EN CACHE EL PRODUCTO AGUA, FILA 3533, VALORES: REFRESCOS, Barra, Bebidas, None, None
ACTUALIZADO EN CACHE EL TEXTO DE BOT흁 DE AGUA AL VALOR AGUA
ACTUALIZADO EN CACHE EL TEXTO DE TICKET DE AGUA AL VALOR AGUA
EXISTE LA IMAGEN DEL PRODUCTO COCA COLA 00
EL PARENTESCO ENTRE EL PRODUCTO COCA COLA 00 Y LA RUTA DE SU IMAGEN ES 0.15
INSERTADO EN CACHE EL PRODUCTO COCA COLA 00, FILA 3534, VALORES: REFRESCOS, Barra, Bebidas, None, None
ACTUALIZADO EN CACHE EL TEXTO DE BOT흁 DE COCA COLA 00 AL VALOR C. COLA 00
ACTUALIZADO EN CACHE EL TEXTO DE TICKET DE COCA COLA 00 AL VALOR COCA COLA 00
EXISTE LA IMAGEN DEL PRODUCTO TONICA ROYAL BLISS
EL PARENTESCO ENTRE EL PRODUCTO TONICA ROYAL BLISS Y LA RUTA DE SU IMAGEN ES 0.11
INSERTADO EN CACHE EL PRODUCTO TONICA ROYAL BLISS, FILA 3535, VALORES: REFRESCOS, Barra, Bebidas, None, None
ACTUALIZADO EN CACHE EL TEXTO DE BOT흁 DE TONICA ROYAL BLISS AL VALOR TONICA RB
ACTUALIZADO EN CACHE EL TEXTO DE TICKET DE TONICA ROYAL BLISS AL VALOR TONICA ROYAL BLISS
EXISTE LA IMAGEN DEL PRODUCTO MONSTER REHAB
EL PARENTESCO ENTRE EL PRODUCTO MONSTER REHAB Y LA RUTA DE SU IMAGEN ES 0.14
INSERTADO EN CACHE EL PRODUCTO MONSTER REHAB, FILA 3536, VALORES: REFRESCOS, Barra, Bebidas, None, None
ACTUALIZADO EN CACHE EL TEXTO DE BOT흁 DE MONSTER REHAB AL VALOR MON. REHAB
ACTUALIZADO EN CACHE EL TEXTO DE TICKET DE MONSTER REHAB AL VALOR MONSTER REHAB
EXISTE LA IMAGEN DEL PRODUCTO CACAHUETES
EL PARENTESCO ENTRE EL PRODUCTO CACAHUETES Y LA RUTA DE SU IMAGEN ES 0.18
INSERTADO EN CACHE EL PRODUCTO CACAHUETES, FILA 3537, VALORES: PARA PICAR, Cocina, Marche Y Pase, None, None
ACTUALIZADO EN CACHE EL TEXTO DE BOT흁 DE CACAHUETES AL VALOR CACAHUETES
ACTUALIZADO EN CACHE EL TEXTO DE TICKET DE CACAHUETES AL VALOR CACAHUETES
EXISTE LA IMAGEN DEL PRODUCTO PAPAS PAJAS
EL PARENTESCO ENTRE EL PRODUCTO PAPAS PAJAS Y LA RUTA DE SU IMAGEN ES 0.17
INSERTADO EN CACHE EL PRODUCTO PAPAS PAJAS, FILA 3538, VALORES: PARA PICAR, Cocina, Marche Y Pase, None, None
ACTUALIZADO EN CACHE EL TEXTO DE BOT흁 DE PAPAS PAJAS AL VALOR PAP. PAJAS
ACTUALIZADO EN CACHE EL TEXTO DE TICKET DE PAPAS PAJAS AL VALOR PAPAS PAJAS
NO EXISTE LA IMAGEN DEL PRODUCTO PISTACHOS
INSERTADO EN CACHE EL PRODUCTO PISTACHOS, FILA 3539, VALORES: PARA PICAR, Cocina, Marche Y Pase, None, None
ACTUALIZADO EN CACHE EL TEXTO DE BOT흁 DE PISTACHOS AL VALOR PISTACHOS
ACTUALIZADO EN CACHE EL TEXTO DE TICKET DE PISTACHOS AL VALOR PISTACHOS
EXISTE LA IMAGEN DEL PRODUCTO RITZ-MINI
EL PARENTESCO ENTRE EL PRODUCTO RITZ-MINI Y LA RUTA DE SU IMAGEN ES 0.20
INSERTADO EN CACHE EL PRODUCTO RITZ-MINI, FILA 3540, VALORES: PARA PICAR, Cocina, Marche Y Pase, None, None
ACTUALIZADO EN CACHE EL TEXTO DE BOT흁 DE RITZ-MINI AL VALOR RITZ-MINI
ACTUALIZADO EN CACHE EL TEXTO DE TICKET DE RITZ-MINI AL VALOR RITZ-MINI
NO EXISTE LA IMAGEN DEL PRODUCTO PUERTO DE INDIAS (COPA)
INSERTADO EN CACHE EL PRODUCTO PUERTO DE INDIAS (COPA), FILA 3541, VALORES: GINEBRAS, Barra, Bebidas, imagenesAgora\ginebras\copa.jpg, None
ACTUALIZADO EN CACHE EL TEXTO DE BOT흁 DE PUERTO DE INDIAS (COPA) AL VALOR COPA
ACTUALIZADO EN CACHE EL TEXTO DE TICKET DE PUERTO DE INDIAS (COPA) AL VALOR COPA PUERTO INDIAS
NO EXISTE LA IMAGEN DEL PRODUCTO PUERTO DE INDIAS (BOTELLA)
INSERTADO EN CACHE EL PRODUCTO PUERTO DE INDIAS (BOTELLA), FILA 3542, VALORES: GINEBRAS, Barra, Bebidas, imagenesAgora\ginebras\botella.jpg, None
ACTUALIZADO EN CACHE EL TEXTO DE BOT흁 DE PUERTO DE INDIAS (BOTELLA) AL VALOR BOTELLA
ACTUALIZADO EN CACHE EL TEXTO DE TICKET DE PUERTO DE INDIAS (BOTELLA) AL VALOR BOT PUERTO DE INDIAS
EXISTE LA IMAGEN DEL PRODUCTO BEEFEATER (BOTELLA)
EL PARENTESCO ENTRE EL PRODUCTO BEEFEATER (BOTELLA) Y LA RUTA DE SU IMAGEN ES 0.11
EXISTE LA IMAGEN DEL PRODUCTO TANQUERAY (COPA)
EL PARENTESCO ENTRE EL PRODUCTO TANQUERAY (COPA) Y LA RUTA DE SU IMAGEN ES 0.13
EXISTE LA IMAGEN DEL PRODUCTO TANQUERAY (BOTELLA)
EL PARENTESCO ENTRE EL PRODUCTO TANQUERAY (BOTELLA) Y LA RUTA DE SU IMAGEN ES 0.11
EXISTE LA IMAGEN DEL PRODUCTO BROCKMAN'S (COPA)
EL PARENTESCO ENTRE EL PRODUCTO BROCKMAN'S (COPA) Y LA RUTA DE SU IMAGEN ES 0.12
INSERTADO EN CACHE EL PRODUCTO BROCKMAN'S (COPA), FILA 3543, VALORES: GINEBRAS, Barra, Bebidas, imagenesAgora\ginebras\copa.jpg, None
ACTUALIZADO EN CACHE EL TEXTO DE BOT흁 DE BROCKMAN'S (COPA) AL VALOR COPA
ACTUALIZADO EN CACHE EL TEXTO DE TICKET DE BROCKMAN'S (COPA) AL VALOR COPA BROCKMAN'S
INSERTADO EN CACHE EL PRODUCTO None, FILA 3544, VALORES: None, None, None, None, None
NO EXISTE LA IMAGEN DEL PRODUCTO BROCKMAN'S (BOTELLA)
INSERTADO EN CACHE EL PRODUCTO BROCKMAN'S (BOTELLA), FILA 3545, VALORES: GINEBRAS, Barra, Bebidas, imagenesAgora\ginebras\botella.jpg, None
ACTUALIZADO EN CACHE EL TEXTO DE BOT흁 DE BROCKMAN'S (BOTELLA) AL VALOR BOTELLA
ACTUALIZADO EN CACHE EL TEXTO DE TICKET DE BROCKMAN'S (BOTELLA) AL VALOR BOT BROCKMAN'S
NO EXISTE LA IMAGEN DEL PRODUCTO TANQUERAY TEN (COPA)
INSERTADO EN CACHE EL PRODUCTO TANQUERAY TEN (COPA), FILA 3546, VALORES: GINEBRAS, Barra, Bebidas, imagenesAgora\ginebras\copa.jpg, None
ACTUALIZADO EN CACHE EL TEXTO DE BOT흁 DE TANQUERAY TEN (COPA) AL VALOR COPA
ACTUALIZADO EN CACHE EL TEXTO DE TICKET DE TANQUERAY TEN (COPA) AL VALOR COPA TANQUERAY TEN
EXISTE LA IMAGEN DEL PRODUCTO TANQUERAY TEN (BOTELLA)
EL PARENTESCO ENTRE EL PRODUCTO TANQUERAY TEN (BOTELLA) Y LA RUTA DE SU IMAGEN ES 0.09
INSERTADO EN CACHE EL PRODUCTO TANQUERAY TEN (BOTELLA), FILA 3547, VALORES: GINEBRAS, Barra, Bebidas, imagenesAgora\ginebras\botella.jpg, None
ACTUALIZADO EN CACHE EL TEXTO DE BOT흁 DE TANQUERAY TEN (BOTELLA) AL VALOR BOTELLA
ACTUALIZADO EN CACHE EL TEXTO DE TICKET DE TANQUERAY TEN (BOTELLA) AL VALOR BOT TANQUERAY TEN
EXISTE LA IMAGEN DEL PRODUCTO GIN MARE (COPA)
EL PARENTESCO ENTRE EL PRODUCTO GIN MARE (COPA) Y LA RUTA DE SU IMAGEN ES 0.14
INSERTADO EN CACHE EL PRODUCTO GIN MARE (COPA), FILA 3548, VALORES: GINEBRAS, Barra, Bebidas, imagenesAgora\ginebras\copa.jpg, None
ACTUALIZADO EN CACHE EL TEXTO DE BOT흁 DE GIN MARE (COPA) AL VALOR COPA
ACTUALIZADO EN CACHE EL TEXTO DE TICKET DE GIN MARE (COPA) AL VALOR COPA GIN MARE
EXISTE LA IMAGEN DEL PRODUCTO GIN MARE (BOTELLA)
EL PARENTESCO ENTRE EL PRODUCTO GIN MARE (BOTELLA) Y LA RUTA DE SU IMAGEN ES 0.12
INSERTADO EN CACHE EL PRODUCTO GIN MARE (BOTELLA), FILA 3549, VALORES: GINEBRAS, Barra, Bebidas, imagenesAgora\ginebras\botella.jpg, None
ACTUALIZADO EN CACHE EL TEXTO DE BOT흁 DE GIN MARE (BOTELLA) AL VALOR BOTELLA
ACTUALIZADO EN CACHE EL TEXTO DE TICKET DE GIN MARE (BOTELLA) AL VALOR BOT GIN MARE
EXISTE LA IMAGEN DEL PRODUCTO ABSOLUT (COPA)
EL PARENTESCO ENTRE EL PRODUCTO ABSOLUT (COPA) Y LA RUTA DE SU IMAGEN ES 0.15
EXISTE LA IMAGEN DEL PRODUCTO ABSOLUT (BOTELLA)
EL PARENTESCO ENTRE EL PRODUCTO ABSOLUT (BOTELLA) Y LA RUTA DE SU IMAGEN ES 0.12
EXISTE LA IMAGEN DEL PRODUCTO BELVEDERE 0,75 (COPA)
EL PARENTESCO ENTRE EL PRODUCTO BELVEDERE 0,75 (COPA) Y LA RUTA DE SU IMAGEN ES 0.10
INSERTADO EN CACHE EL PRODUCTO BELVEDERE 0,75 (COPA), FILA 3550, VALORES: VODKAS, Barra, Bebidas, imagenesAgora\vodkas\copa.jpg, None
ACTUALIZADO EN CACHE EL TEXTO DE BOT흁 DE BELVEDERE 0,75 (COPA) AL VALOR COPA
ACTUALIZADO EN CACHE EL TEXTO DE TICKET DE BELVEDERE 0,75 (COPA) AL VALOR COPA BELVEDERE 0,75
INSERTADO EN CACHE EL PRODUCTO None, FILA 3551, VALORES: None, None, None, None, None
NO EXISTE LA IMAGEN DEL PRODUCTO BELVEDERE 0,75 (BOTELLA)
INSERTADO EN CACHE EL PRODUCTO BELVEDERE 0,75 (BOTELLA), FILA 3552, VALORES: VODKAS, Barra, Bebidas, imagenesAgora\vodkas\botella.jpg, None
ACTUALIZADO EN CACHE EL TEXTO DE BOT흁 DE BELVEDERE 0,75 (BOTELLA) AL VALOR BOTELLA
ACTUALIZADO EN CACHE EL TEXTO DE TICKET DE BELVEDERE 0,75 (BOTELLA) AL VALOR BOT BELVEDERE 0,75
NO EXISTE LA IMAGEN DEL PRODUCTO BELVEDERE 1 LT (COPA)
INSERTADO EN CACHE EL PRODUCTO BELVEDERE 1 LT (COPA), FILA 3553, VALORES: VODKAS, Barra, Bebidas, imagenesAgora\vodkas\copa.jpg, None
ACTUALIZADO EN CACHE EL TEXTO DE BOT흁 DE BELVEDERE 1 LT (COPA) AL VALOR COPA
ACTUALIZADO EN CACHE EL TEXTO DE TICKET DE BELVEDERE 1 LT (COPA) AL VALOR COPA BELVEDERE 1 LT
INSERTADO EN CACHE EL PRODUCTO None, FILA 3554, VALORES: None, None, None, None, None
NO EXISTE LA IMAGEN DEL PRODUCTO BELVEDERE 1 LT (BOTELLA)
INSERTADO EN CACHE EL PRODUCTO BELVEDERE 1 LT (BOTELLA), FILA 3555, VALORES: VODKAS, Barra, Bebidas, imagenesAgora\vodkas\botella.jpg, None
ACTUALIZADO EN CACHE EL TEXTO DE BOT흁 DE BELVEDERE 1 LT (BOTELLA) AL VALOR BOTELLA
ACTUALIZADO EN CACHE EL TEXTO DE TICKET DE BELVEDERE 1 LT (BOTELLA) AL VALOR BOT BELVEDERE 1 LT
EXISTE LA IMAGEN DEL PRODUCTO CIROC (BOTELLA)
EL PARENTESCO ENTRE EL PRODUCTO CIROC (BOTELLA) Y LA RUTA DE SU IMAGEN ES 0.14
EXISTE LA IMAGEN DEL PRODUCTO BLAT (COPA)
EL PARENTESCO ENTRE EL PRODUCTO BLAT (COPA) Y LA RUTA DE SU IMAGEN ES 0.20
INSERTADO EN CACHE EL PRODUCTO BLAT (COPA), FILA 3556, VALORES: VODKAS, Barra, Bebidas, imagenesAgora\vodkas\copa.jpg, None
ACTUALIZADO EN CACHE EL TEXTO DE BOT흁 DE BLAT (COPA) AL VALOR COPA
ACTUALIZADO EN CACHE EL TEXTO DE TICKET DE BLAT (COPA) AL VALOR COPA BLAT
EXISTE LA IMAGEN DEL PRODUCTO BLAT (BOTELLA)
EL PARENTESCO ENTRE EL PRODUCTO BLAT (BOTELLA) Y LA RUTA DE SU IMAGEN ES 0.15
INSERTADO EN CACHE EL PRODUCTO BLAT (BOTELLA), FILA 3557, VALORES: VODKAS, Barra, Bebidas, imagenesAgora\vodkas\botella.jpg, None
ACTUALIZADO EN CACHE EL TEXTO DE BOT흁 DE BLAT (BOTELLA) AL VALOR BOTELLA
ACTUALIZADO EN CACHE EL TEXTO DE TICKET DE BLAT (BOTELLA) AL VALOR BOT BLAT
EXISTE LA IMAGEN DEL PRODUCTO AREHUCAS (COPA)
EL PARENTESCO ENTRE EL PRODUCTO AREHUCAS (COPA) Y LA RUTA DE SU IMAGEN ES 0.14
INSERTADO EN CACHE EL PRODUCTO AREHUCAS (COPA), FILA 3558, VALORES: RONES, Barra, Bebidas, imagenesAgora\rones\copa.jpg, None
ACTUALIZADO EN CACHE EL TEXTO DE BOT흁 DE AREHUCAS (COPA) AL VALOR COPA
ACTUALIZADO EN CACHE EL TEXTO DE TICKET DE AREHUCAS (COPA) AL VALOR COPA AREHUCAS
INSERTADO EN CACHE EL PRODUCTO None, FILA 3559, VALORES: None, None, None, None, None
NO EXISTE LA IMAGEN DEL PRODUCTO AREHUCAS (BOTELLA)
INSERTADO EN CACHE EL PRODUCTO AREHUCAS (BOTELLA), FILA 3560, VALORES: RONES, Barra, Bebidas, imagenesAgora\rones\botella.jpg, None
ACTUALIZADO EN CACHE EL TEXTO DE BOT흁 DE AREHUCAS (BOTELLA) AL VALOR BOTELLA
ACTUALIZADO EN CACHE EL TEXTO DE TICKET DE AREHUCAS (BOTELLA) AL VALOR BOT AREHUCAS
EXISTE LA IMAGEN DEL PRODUCTO AREHUCAS ORO (BOTELLA)
EL PARENTESCO ENTRE EL PRODUCTO AREHUCAS ORO (BOTELLA) Y LA RUTA DE SU IMAGEN ES 0.10
EXISTE LA IMAGEN DEL PRODUCTO HAVANA 3 (COPA)
EL PARENTESCO ENTRE EL PRODUCTO HAVANA 3 (COPA) Y LA RUTA DE SU IMAGEN ES 0.14
INSERTADO EN CACHE EL PRODUCTO HAVANA 3 (COPA), FILA 3561, VALORES: RONES, Barra, Bebidas, imagenesAgora\rones\copa.jpg, None
ACTUALIZADO EN CACHE EL TEXTO DE BOT흁 DE HAVANA 3 (COPA) AL VALOR COPA
ACTUALIZADO EN CACHE EL TEXTO DE TICKET DE HAVANA 3 (COPA) AL VALOR COPA HAVANA 3
EXISTE LA IMAGEN DEL PRODUCTO HAVANA 3 (BOTELLA)
EL PARENTESCO ENTRE EL PRODUCTO HAVANA 3 (BOTELLA) Y LA RUTA DE SU IMAGEN ES 0.12
INSERTADO EN CACHE EL PRODUCTO HAVANA 3 (BOTELLA), FILA 3562, VALORES: RONES, Barra, Bebidas, imagenesAgora\rones\botella.jpg, None
ACTUALIZADO EN CACHE EL TEXTO DE BOT흁 DE HAVANA 3 (BOTELLA) AL VALOR BOTELLA
ACTUALIZADO EN CACHE EL TEXTO DE TICKET DE HAVANA 3 (BOTELLA) AL VALOR BOT HAVANA 3
EXISTE LA IMAGEN DEL PRODUCTO HAVANA 7 (COPA)
EL PARENTESCO ENTRE EL PRODUCTO HAVANA 7 (COPA) Y LA RUTA DE SU IMAGEN ES 0.14
INSERTADO EN CACHE EL PRODUCTO HAVANA 7 (COPA), FILA 3563, VALORES: RONES, Barra, Bebidas, imagenesAgora\rones\copa.jpg, None
ACTUALIZADO EN CACHE EL TEXTO DE BOT흁 DE HAVANA 7 (COPA) AL VALOR COPA
ACTUALIZADO EN CACHE EL TEXTO DE TICKET DE HAVANA 7 (COPA) AL VALOR COPA HAVANA 7
EXISTE LA IMAGEN DEL PRODUCTO HAVANA 7 (BOTELLA)
EL PARENTESCO ENTRE EL PRODUCTO HAVANA 7 (BOTELLA) Y LA RUTA DE SU IMAGEN ES 0.12
INSERTADO EN CACHE EL PRODUCTO HAVANA 7 (BOTELLA), FILA 3564, VALORES: RONES, Barra, Bebidas, imagenesAgora\rones\botella.jpg, None
ACTUALIZADO EN CACHE EL TEXTO DE BOT흁 DE HAVANA 7 (BOTELLA) AL VALOR BOTELLA
ACTUALIZADO EN CACHE EL TEXTO DE TICKET DE HAVANA 7 (BOTELLA) AL VALOR BOT HAVANA 7
EXISTE LA IMAGEN DEL PRODUCTO DIPLOMATICO (COPA)
EL PARENTESCO ENTRE EL PRODUCTO DIPLOMATICO (COPA) Y LA RUTA DE SU IMAGEN ES 0.12
INSERTADO EN CACHE EL PRODUCTO DIPLOMATICO (COPA), FILA 3565, VALORES: RONES, Barra, Bebidas, imagenesAgora\rones\copa.jpg, None
ACTUALIZADO EN CACHE EL TEXTO DE BOT흁 DE DIPLOMATICO (COPA) AL VALOR COPA
ACTUALIZADO EN CACHE EL TEXTO DE TICKET DE DIPLOMATICO (COPA) AL VALOR COPA DIPLOMATICO
EXISTE LA IMAGEN DEL PRODUCTO DIPLOMATICO (BOTELLA)
EL PARENTESCO ENTRE EL PRODUCTO DIPLOMATICO (BOTELLA) Y LA RUTA DE SU IMAGEN ES 0.10
INSERTADO EN CACHE EL PRODUCTO DIPLOMATICO (BOTELLA), FILA 3566, VALORES: RONES, Barra, Bebidas, imagenesAgora\rones\botella.jpg, None
ACTUALIZADO EN CACHE EL TEXTO DE BOT흁 DE DIPLOMATICO (BOTELLA) AL VALOR BOTELLA
ACTUALIZADO EN CACHE EL TEXTO DE TICKET DE DIPLOMATICO (BOTELLA) AL VALOR BOT DIPLOMATICO
ACTUALIZADA EN CACHE LA RUTA DE IMAGEN DE MATUSALEM 7 (COPA) AL VALOR imagenesAgora\rones\copa.jpg
EXISTE LA IMAGEN DEL PRODUCTO MATUSALEM 7 (COPA)
EL PARENTESCO ENTRE EL PRODUCTO MATUSALEM 7 (COPA) Y LA RUTA DE SU IMAGEN ES 0.12
EXISTE LA IMAGEN DEL PRODUCTO MATUSALEM 7 (BOTELLA)
EL PARENTESCO ENTRE EL PRODUCTO MATUSALEM 7 (BOTELLA) Y LA RUTA DE SU IMAGEN ES 0.10
INSERTADO EN CACHE EL PRODUCTO MATUSALEM 7 (BOTELLA), FILA 3567, VALORES: RONES, Barra, Bebidas, imagenesAgora\rones\botella.jpg, None
ACTUALIZADO EN CACHE EL TEXTO DE BOT흁 DE MATUSALEM 7 (BOTELLA) AL VALOR BOTELLA
ACTUALIZADO EN CACHE EL TEXTO DE TICKET DE MATUSALEM 7 (BOTELLA) AL VALOR BOT MATUSALEM 7
EXISTE LA IMAGEN DEL PRODUCTO JAMESON (COPA)
EL PARENTESCO ENTRE EL PRODUCTO JAMESON (COPA) Y LA RUTA DE SU IMAGEN ES 0.15
INSERTADO EN CACHE EL PRODUCTO JAMESON (COPA), FILA 3568, VALORES: WHISKIES, Barra, Bebidas, imagenesAgora\whiskies\copa.jpg, None
ACTUALIZADO EN CACHE EL TEXTO DE BOT흁 DE JAMESON (COPA) AL VALOR COPA
ACTUALIZADO EN CACHE EL TEXTO DE TICKET DE JAMESON (COPA) AL VALOR COPA JAMESON
EXISTE LA IMAGEN DEL PRODUCTO JAMESON (BOTELLA)
EL PARENTESCO ENTRE EL PRODUCTO JAMESON (BOTELLA) Y LA RUTA DE SU IMAGEN ES 0.12
INSERTADO EN CACHE EL PRODUCTO JAMESON (BOTELLA), FILA 3569, VALORES: WHISKIES, Barra, Bebidas, imagenesAgora\whiskies\botella.jpg, None
ACTUALIZADO EN CACHE EL TEXTO DE BOT흁 DE JAMESON (BOTELLA) AL VALOR BOTELLA
ACTUALIZADO EN CACHE EL TEXTO DE TICKET DE JAMESON (BOTELLA) AL VALOR BOT JAMESON
EXISTE LA IMAGEN DEL PRODUCTO RED LABEL (COPA)
EL PARENTESCO ENTRE EL PRODUCTO RED LABEL (COPA) Y LA RUTA DE SU IMAGEN ES 0.13
INSERTADO EN CACHE EL PRODUCTO RED LABEL (COPA), FILA 3570, VALORES: WHISKIES, Barra, Bebidas, imagenesAgora\whiskies\copa.jpg, None
ACTUALIZADO EN CACHE EL TEXTO DE BOT흁 DE RED LABEL (COPA) AL VALOR COPA
ACTUALIZADO EN CACHE EL TEXTO DE TICKET DE RED LABEL (COPA) AL VALOR COPA RED LABEL
EXISTE LA IMAGEN DEL PRODUCTO RED LABEL (BOTELLA)
EL PARENTESCO ENTRE EL PRODUCTO RED LABEL (BOTELLA) Y LA RUTA DE SU IMAGEN ES 0.11
INSERTADO EN CACHE EL PRODUCTO RED LABEL (BOTELLA), FILA 3571, VALORES: WHISKIES, Barra, Bebidas, imagenesAgora\whiskies\botella.jpg, None
ACTUALIZADO EN CACHE EL TEXTO DE BOT흁 DE RED LABEL (BOTELLA) AL VALOR BOTELLA
ACTUALIZADO EN CACHE EL TEXTO DE TICKET DE RED LABEL (BOTELLA) AL VALOR BOT RED LABEL
EXISTE LA IMAGEN DEL PRODUCTO BLACK LABEL (COPA)
EL PARENTESCO ENTRE EL PRODUCTO BLACK LABEL (COPA) Y LA RUTA DE SU IMAGEN ES 0.12
INSERTADO EN CACHE EL PRODUCTO BLACK LABEL (COPA), FILA 3572, VALORES: WHISKIES, Barra, Bebidas, imagenesAgora\whiskies\copa.jpg, None
ACTUALIZADO EN CACHE EL TEXTO DE BOT흁 DE BLACK LABEL (COPA) AL VALOR COPA
ACTUALIZADO EN CACHE EL TEXTO DE TICKET DE BLACK LABEL (COPA) AL VALOR COPA BLACK LABEL
INSERTADO EN CACHE EL PRODUCTO None, FILA 3573, VALORES: None, None, None, None, None
NO EXISTE LA IMAGEN DEL PRODUCTO BLACK LABEL (BOTELLA)
INSERTADO EN CACHE EL PRODUCTO BLACK LABEL (BOTELLA), FILA 3574, VALORES: WHISKIES, Barra, Bebidas, imagenesAgora\whiskies\botella.jpg, None
ACTUALIZADO EN CACHE EL TEXTO DE BOT흁 DE BLACK LABEL (BOTELLA) AL VALOR BOTELLA
ACTUALIZADO EN CACHE EL TEXTO DE TICKET DE BLACK LABEL (BOTELLA) AL VALOR BOT BLACK LABEL
NO EXISTE LA IMAGEN DEL PRODUCTO BLUE LABEL (COPA)
INSERTADO EN CACHE EL PRODUCTO BLUE LABEL (COPA), FILA 3575, VALORES: WHISKIES, Barra, Bebidas, imagenesAgora\whiskies\copa.jpg, None
ACTUALIZADO EN CACHE EL TEXTO DE BOT흁 DE BLUE LABEL (COPA) AL VALOR COPA
ACTUALIZADO EN CACHE EL TEXTO DE TICKET DE BLUE LABEL (COPA) AL VALOR COPA BLUE LABEL
INSERTADO EN CACHE EL PRODUCTO None, FILA 3576, VALORES: None, None, None, None, None
NO EXISTE LA IMAGEN DEL PRODUCTO BLUE LABEL (BOTELLA)
INSERTADO EN CACHE EL PRODUCTO BLUE LABEL (BOTELLA), FILA 3577, VALORES: WHISKIES, Barra, Bebidas, imagenesAgora\whiskies\botella.jpg, None
ACTUALIZADO EN CACHE EL TEXTO DE BOT흁 DE BLUE LABEL (BOTELLA) AL VALOR BOTELLA
ACTUALIZADO EN CACHE EL TEXTO DE TICKET DE BLUE LABEL (BOTELLA) AL VALOR BOT BLUE LABEL
EXISTE LA IMAGEN DEL PRODUCTO AMARETTO (BOTELLA)
EL PARENTESCO ENTRE EL PRODUCTO AMARETTO (BOTELLA) Y LA RUTA DE SU IMAGEN ES 0.12
INSERTADO EN CACHE EL PRODUCTO AMARETTO (BOTELLA), FILA 3578, VALORES: VARIOS, Barra, Bebidas, imagenesAgora\varios\botella.jpg, None
ACTUALIZADO EN CACHE EL TEXTO DE BOT흁 DE AMARETTO (BOTELLA) AL VALOR BOTELLA
ACTUALIZADO EN CACHE EL TEXTO DE TICKET DE AMARETTO (BOTELLA) AL VALOR BOT AMARETTO
EXISTE LA IMAGEN DEL PRODUCTO JOSE CUERVO 1800 (COPA)
EL PARENTESCO ENTRE EL PRODUCTO JOSE CUERVO 1800 (COPA) Y LA RUTA DE SU IMAGEN ES 0.09
INSERTADO EN CACHE EL PRODUCTO JOSE CUERVO 1800 (COPA), FILA 3579, VALORES: VARIOS, Barra, Bebidas, imagenesAgora\varios\copa.jpg, None
ACTUALIZADO EN CACHE EL TEXTO DE BOT흁 DE JOSE CUERVO 1800 (COPA) AL VALOR COPA
ACTUALIZADO EN CACHE EL TEXTO DE TICKET DE JOSE CUERVO 1800 (COPA) AL VALOR COPA JOSE CUER. 1800
INSERTADO EN CACHE EL PRODUCTO None, FILA 3580, VALORES: None, None, None, None, None
NO EXISTE LA IMAGEN DEL PRODUCTO JOSE CUERVO 1800 (BOTELLA)
INSERTADO EN CACHE EL PRODUCTO JOSE CUERVO 1800 (BOTELLA), FILA 3581, VALORES: VARIOS, Barra, Bebidas, imagenesAgora\varios\botella.jpg, None
ACTUALIZADO EN CACHE EL TEXTO DE BOT흁 DE JOSE CUERVO 1800 (BOTELLA) AL VALOR BOTELLA
ACTUALIZADO EN CACHE EL TEXTO DE TICKET DE JOSE CUERVO 1800 (BOTELLA) AL VALOR BOT JOSE CUERVO 1800
NO EXISTE LA IMAGEN DEL PRODUCTO TEQUILA DON JULIO 1942 (COPA)
INSERTADO EN CACHE EL PRODUCTO TEQUILA DON JULIO 1942 (COPA), FILA 3582, VALORES: VARIOS, Barra, Bebidas, imagenesAgora\varios\copa.jpg, None
ACTUALIZADO EN CACHE EL TEXTO DE BOT흁 DE TEQUILA DON JULIO 1942 (COPA) AL VALOR COPA
ACTUALIZADO EN CACHE EL TEXTO DE TICKET DE TEQUILA DON JULIO 1942 (COPA) AL VALOR COPA TEQUILA DJ 1942
INSERTADO EN CACHE EL PRODUCTO None, FILA 3583, VALORES: None, None, None, None, None
NO EXISTE LA IMAGEN DEL PRODUCTO TEQUILA DON JULIO 1942 (BOTELLA)
INSERTADO EN CACHE EL PRODUCTO TEQUILA DON JULIO 1942 (BOTELLA), FILA 3584, VALORES: VARIOS, Barra, Bebidas, imagenesAgora\varios\botella.jpg, None
ACTUALIZADO EN CACHE EL TEXTO DE BOT흁 DE TEQUILA DON JULIO 1942 (BOTELLA) AL VALOR BOTELLA
ACTUALIZADO EN CACHE EL TEXTO DE TICKET DE TEQUILA DON JULIO 1942 (BOTELLA) AL VALOR BOT TEQUILA DJ 1942
EXISTE LA IMAGEN DEL PRODUCTO TEQUILA SAND페
EL PARENTESCO ENTRE EL PRODUCTO TEQUILA SAND페 Y LA RUTA DE SU IMAGEN ES 0.13
INSERTADO EN CACHE EL PRODUCTO TEQUILA SAND페, FILA 3585, VALORES: VARIOS, Barra, Bebidas, None, None
ACTUALIZADO EN CACHE EL TEXTO DE BOT흁 DE TEQUILA SAND페 AL VALOR TEQUILA S.
ACTUALIZADO EN CACHE EL TEXTO DE TICKET DE TEQUILA SAND페 AL VALOR TEQUILA SAND페
NO EXISTE LA IMAGEN DEL PRODUCTO TEQUILA MEL흁
INSERTADO EN CACHE EL PRODUCTO TEQUILA MEL흁, FILA 3586, VALORES: VARIOS, Barra, Bebidas, None, None
ACTUALIZADO EN CACHE EL TEXTO DE BOT흁 DE TEQUILA MEL흁 AL VALOR TEQUILA M.
ACTUALIZADO EN CACHE EL TEXTO DE TICKET DE TEQUILA MEL흁 AL VALOR TEQUILA MEL흁
INSERTADA LA FAMILIA GINEBRAS EN LA BASE DE DATOS
INSERTADA LA FAMILIA PARA PICAR EN LA BASE DE DATOS
ACTUALIZADA EN CACHE LA TRADUCCI흁 DE PARA PICAR al valor FOR BITTING
INSERTADA LA FAMILIA REFRESCOS EN LA BASE DE DATOS
INSERTADA LA FAMILIA RONES EN LA BASE DE DATOS
INSERTADA LA FAMILIA VARIOS EN LA BASE DE DATOS
ACTUALIZADA EN CACHE LA TRADUCCI흁 DE VARIOS al valor VARIOUS
INSERTADA LA FAMILIA VODKAS EN LA BASE DE DATOS
INSERTADA LA FAMILIA WHISKIES EN LA BASE DE DATOS
INSERTADO EL TIPO DE PREPARACI흁 Barra EN LA BASE DE DATOS
INSERTADO EL TIPO DE PREPARACI흁 Cocina EN LA BASE DE DATOS
INSERTADO EL ORDEN DE PREPARACI흁 Bebidas EN LA BASE DE DATOS
INSERTADO EL ORDEN DE PREPARACI흁 Marche Y Pase EN LA BASE DE DATOS
INSERTADO EL PRODUCTO BEEFEATER EN LA BASE DE DATOS
INSERTADO EL PRODUCTO BROCKMAN'S EN LA BASE DE DATOS
INSERTADO EL PRODUCTO GIN MARE EN LA BASE DE DATOS
INSERTADO EL PRODUCTO PUERTO DE INDIAS EN LA BASE DE DATOS
INSERTADO EL PRODUCTO TANQUERAY EN LA BASE DE DATOS
INSERTADO EL PRODUCTO TANQUERAY TEN EN LA BASE DE DATOS
INSERTADO EL PRODUCTO ACEITUNAS EN LA BASE DE DATOS
INSERTADO EL PRODUCTO CACAHUETES EN LA BASE DE DATOS
INSERTADO EL PRODUCTO NACHOS EN LA BASE DE DATOS
INSERTADO EL PRODUCTO PAPAS PAJAS EN LA BASE DE DATOS
INSERTADO EL PRODUCTO PISTACHOS EN LA BASE DE DATOS
INSERTADO EL PRODUCTO RITZ-MINI EN LA BASE DE DATOS
INSERTADO EL PRODUCTO AGUA EN LA BASE DE DATOS
INSERTADO EL PRODUCTO AGUA CON GAS EN LA BASE DE DATOS
INSERTADO EL PRODUCTO APPLETISER EN LA BASE DE DATOS
INSERTADO EL PRODUCTO COCA COLA EN LA BASE DE DATOS
INSERTADO EL PRODUCTO COCA COLA 00 EN LA BASE DE DATOS
INSERTADO EL PRODUCTO FANTA LIM흁 EN LA BASE DE DATOS
INSERTADO EL PRODUCTO FANTA NARANJA EN LA BASE DE DATOS
INSERTADO EL PRODUCTO GINGER ALE EN LA BASE DE DATOS
INSERTADO EL PRODUCTO MONSTER EN LA BASE DE DATOS
INSERTADO EL PRODUCTO MONSTER REHAB EN LA BASE DE DATOS
INSERTADO EL PRODUCTO RED BULL EN LA BASE DE DATOS
INSERTADO EL PRODUCTO SPRITE EN LA BASE DE DATOS
INSERTADO EL PRODUCTO TONICA ROYAL BLISS EN LA BASE DE DATOS
INSERTADO EL PRODUCTO AREHUCAS EN LA BASE DE DATOS
INSERTADO EL PRODUCTO AREHUCAS ORO EN LA BASE DE DATOS
INSERTADO EL PRODUCTO DIPLOMATICO EN LA BASE DE DATOS
INSERTADO EL PRODUCTO HAVANA 3 EN LA BASE DE DATOS
INSERTADO EL PRODUCTO HAVANA 7 EN LA BASE DE DATOS
INSERTADO EL PRODUCTO MATUSALEM 7 EN LA BASE DE DATOS
INSERTADO EL PRODUCTO AMARETTO EN LA BASE DE DATOS
INSERTADO EL PRODUCTO JOSE CUERVO 1800 EN LA BASE DE DATOS
INSERTADO EL PRODUCTO TEQUILA DON JULIO 1942 EN LA BASE DE DATOS
INSERTADO EL PRODUCTO TEQUILA FRESA EN LA BASE DE DATOS
INSERTADO EL PRODUCTO TEQUILA MEL흁 EN LA BASE DE DATOS
INSERTADO EL PRODUCTO TEQUILA SAND페 EN LA BASE DE DATOS
INSERTADO EL PRODUCTO VODKA CARAMELO EN LA BASE DE DATOS
INSERTADO EL PRODUCTO ABSOLUT EN LA BASE DE DATOS
INSERTADO EL PRODUCTO BELVEDERE 0,75 EN LA BASE DE DATOS
INSERTADO EL PRODUCTO BELVEDERE 1 LT EN LA BASE DE DATOS
INSERTADO EL PRODUCTO BLAT EN LA BASE DE DATOS
INSERTADO EL PRODUCTO CIROC EN LA BASE DE DATOS
INSERTADO EL PRODUCTO BLACK LABEL EN LA BASE DE DATOS
INSERTADO EL PRODUCTO BLUE LABEL EN LA BASE DE DATOS
INSERTADO EL PRODUCTO JAMESON EN LA BASE DE DATOS
INSERTADO EL PRODUCTO RED LABEL EN LA BASE DE DATOS
INSERTADO EL FORMATO DE VENTA BEEFEATER, CON BEEFEATER COMO PRODUCTO PADRE, EN LA BASE DE DATOS
INSERTADO EL FORMATO DE VENTA COPA BEEFEATER, CON BEEFEATER COMO PRODUCTO PADRE, EN LA BASE DE DATOS
INSERTADO EL FORMATO DE VENTA BOTELLA BEEFEATER, CON BEEFEATER COMO PRODUCTO PADRE, EN LA BASE DE DATOS
INSERTADO EL FORMATO DE VENTA BROCKMAN'S, CON BROCKMAN'S COMO PRODUCTO PADRE, EN LA BASE DE DATOS
ACTUALIZADA EN CACHE LA TRADUCCI흁 DE BROCKMAN'S al valor BROCKMAN''S
INSERTADO EL FORMATO DE VENTA COPA BROCKMAN'S, CON BROCKMAN'S COMO PRODUCTO PADRE, EN LA BASE DE DATOS
ACTUALIZADA EN CACHE LA TRADUCCI흁 DE COPA BROCKMAN'S al valor COPA BROCKMAN''S
INSERTADO EL FORMATO DE VENTA BOTELLA BROCKMAN'S, CON BROCKMAN'S COMO PRODUCTO PADRE, EN LA BASE DE DATOS
ACTUALIZADA EN CACHE LA TRADUCCI흁 DE BOTELLA BROCKMAN'S al valor BROCKMAN''S
INSERTADO EL FORMATO DE VENTA GIN MARE, CON GIN MARE COMO PRODUCTO PADRE, EN LA BASE DE DATOS
INSERTADO EL FORMATO DE VENTA COPA GIN MARE, CON GIN MARE COMO PRODUCTO PADRE, EN LA BASE DE DATOS
ACTUALIZADA EN CACHE LA TRADUCCI흁 DE COPA GIN MARE al valor COPA GIN SEA
INSERTADO EL FORMATO DE VENTA BOTELLA GIN MARE, CON GIN MARE COMO PRODUCTO PADRE, EN LA BASE DE DATOS
ACTUALIZADA EN CACHE LA TRADUCCI흁 DE BOTELLA GIN MARE al valor BOTELLA GIN MARE
INSERTADO EL FORMATO DE VENTA PUERTO DE INDIAS, CON PUERTO DE INDIAS COMO PRODUCTO PADRE, EN LA BASE DE DATOS
INSERTADO EL FORMATO DE VENTA COPA PUERTO DE INDIAS, CON PUERTO DE INDIAS COMO PRODUCTO PADRE, EN LA BASE DE DATOS
ACTUALIZADA EN CACHE LA TRADUCCI흁 DE COPA PUERTO DE INDIAS al valor PORT OF INDIES CUP
INSERTADO EL FORMATO DE VENTA BOTELLA PUERTO DE INDIAS, CON PUERTO DE INDIAS COMO PRODUCTO PADRE, EN LA BASE DE DATOS
ACTUALIZADA EN CACHE LA TRADUCCI흁 DE BOTELLA PUERTO DE INDIAS al valor PORT OF INDIES BOTTLE
INSERTADO EL FORMATO DE VENTA TANQUERAY, CON TANQUERAY COMO PRODUCTO PADRE, EN LA BASE DE DATOS
INSERTADO EL FORMATO DE VENTA COPA TANQUERAY, CON TANQUERAY COMO PRODUCTO PADRE, EN LA BASE DE DATOS
INSERTADO EL FORMATO DE VENTA BOTELLA TANQUERAY, CON TANQUERAY COMO PRODUCTO PADRE, EN LA BASE DE DATOS
INSERTADO EL FORMATO DE VENTA TANQUERAY TEN, CON TANQUERAY TEN COMO PRODUCTO PADRE, EN LA BASE DE DATOS
ACTUALIZADA EN CACHE LA TRADUCCI흁 DE TANQUERAY TEN al valor TANQUERAY TEN
INSERTADO EL FORMATO DE VENTA COPA TANQUERAY TEN, CON TANQUERAY TEN COMO PRODUCTO PADRE, EN LA BASE DE DATOS
ACTUALIZADA EN CACHE LA TRADUCCI흁 DE COPA TANQUERAY TEN al valor TANQUERAY TEN CUP
INSERTADO EL FORMATO DE VENTA BOTELLA TANQUERAY TEN, CON TANQUERAY TEN COMO PRODUCTO PADRE, EN LA BASE DE DATOS
ACTUALIZADA EN CACHE LA TRADUCCI흁 DE BOTELLA TANQUERAY TEN al valor TANQUERAY TEN BOTTLE
INSERTADO EL FORMATO DE VENTA ACEITUNAS, CON ACEITUNAS COMO PRODUCTO PADRE, EN LA BASE DE DATOS
ACTUALIZADA EN CACHE LA TRADUCCI흁 DE ACEITUNAS al valor OILSEEDS
INSERTADO EL FORMATO DE VENTA CACAHUETES, CON CACAHUETES COMO PRODUCTO PADRE, EN LA BASE DE DATOS
ACTUALIZADA EN CACHE LA TRADUCCI흁 DE CACAHUETES al valor PEANUTS
INSERTADO EL FORMATO DE VENTA NACHOS, CON NACHOS COMO PRODUCTO PADRE, EN LA BASE DE DATOS
INSERTADO EL FORMATO DE VENTA PAPAS PAJAS, CON PAPAS PAJAS COMO PRODUCTO PADRE, EN LA BASE DE DATOS
ACTUALIZADA EN CACHE LA TRADUCCI흁 DE PAPAS PAJAS al valor PAPAS PAJAS
INSERTADO EL FORMATO DE VENTA PISTACHOS, CON PISTACHOS COMO PRODUCTO PADRE, EN LA BASE DE DATOS
ACTUALIZADA EN CACHE LA TRADUCCI흁 DE PISTACHOS al valor PISTACHOS
INSERTADO EL FORMATO DE VENTA RITZ-MINI, CON RITZ-MINI COMO PRODUCTO PADRE, EN LA BASE DE DATOS
ACTUALIZADA EN CACHE LA TRADUCCI흁 DE RITZ-MINI al valor RITZ-MINI
INSERTADO EL FORMATO DE VENTA AGUA, CON AGUA COMO PRODUCTO PADRE, EN LA BASE DE DATOS
ACTUALIZADA EN CACHE LA TRADUCCI흁 DE AGUA al valor WATER
INSERTADO EL FORMATO DE VENTA AGUA CON GAS, CON AGUA CON GAS COMO PRODUCTO PADRE, EN LA BASE DE DATOS
INSERTADO EL FORMATO DE VENTA APPLETISER, CON APPLETISER COMO PRODUCTO PADRE, EN LA BASE DE DATOS
INSERTADO EL FORMATO DE VENTA COCA COLA, CON COCA COLA COMO PRODUCTO PADRE, EN LA BASE DE DATOS
INSERTADO EL FORMATO DE VENTA COCA COLA 00, CON COCA COLA 00 COMO PRODUCTO PADRE, EN LA BASE DE DATOS
ACTUALIZADA EN CACHE LA TRADUCCI흁 DE COCA COLA 00 al valor COCA COLA 00
INSERTADO EL FORMATO DE VENTA FANTA LIM흁, CON FANTA LIM흁 COMO PRODUCTO PADRE, EN LA BASE DE DATOS
INSERTADO EL FORMATO DE VENTA FANTA NARANJA, CON FANTA NARANJA COMO PRODUCTO PADRE, EN LA BASE DE DATOS
INSERTADO EL FORMATO DE VENTA GINGER ALE, CON GINGER ALE COMO PRODUCTO PADRE, EN LA BASE DE DATOS
INSERTADO EL FORMATO DE VENTA MONSTER, CON MONSTER COMO PRODUCTO PADRE, EN LA BASE DE DATOS
ACTUALIZADA EN CACHE LA TRADUCCI흁 DE MONSTER al valor MONSTER
INSERTADO EL FORMATO DE VENTA MONSTER REHAB, CON MONSTER REHAB COMO PRODUCTO PADRE, EN LA BASE DE DATOS
ACTUALIZADA EN CACHE LA TRADUCCI흁 DE MONSTER REHAB al valor MONSTER REHAB
INSERTADO EL FORMATO DE VENTA RED BULL, CON RED BULL COMO PRODUCTO PADRE, EN LA BASE DE DATOS
INSERTADO EL FORMATO DE VENTA SPRITE, CON SPRITE COMO PRODUCTO PADRE, EN LA BASE DE DATOS
INSERTADO EL FORMATO DE VENTA TONICA ROYAL BLISS, CON TONICA ROYAL BLISS COMO PRODUCTO PADRE, EN LA BASE DE DATOS
ACTUALIZADA EN CACHE LA TRADUCCI흁 DE TONICA ROYAL BLISS al valor TONICA ROYAL BLISS
INSERTADO EL FORMATO DE VENTA AREHUCAS, CON AREHUCAS COMO PRODUCTO PADRE, EN LA BASE DE DATOS
ACTUALIZADA EN CACHE LA TRADUCCI흁 DE AREHUCAS al valor AREHUCAS
INSERTADO EL FORMATO DE VENTA COPA AREHUCAS, CON AREHUCAS COMO PRODUCTO PADRE, EN LA BASE DE DATOS
ACTUALIZADA EN CACHE LA TRADUCCI흁 DE COPA AREHUCAS al valor COPA AREHUCAS
INSERTADO EL FORMATO DE VENTA BOTELLA AREHUCAS, CON AREHUCAS COMO PRODUCTO PADRE, EN LA BASE DE DATOS
ACTUALIZADA EN CACHE LA TRADUCCI흁 DE BOTELLA AREHUCAS al valor AREHUCAS BOTELLA
INSERTADO EL FORMATO DE VENTA AREHUCAS ORO, CON AREHUCAS ORO COMO PRODUCTO PADRE, EN LA BASE DE DATOS
INSERTADO EL FORMATO DE VENTA COPA AREHUCAS ORO, CON AREHUCAS ORO COMO PRODUCTO PADRE, EN LA BASE DE DATOS
INSERTADO EL FORMATO DE VENTA BOTELLA AREHUCAS ORO, CON AREHUCAS ORO COMO PRODUCTO PADRE, EN LA BASE DE DATOS
INSERTADO EL FORMATO DE VENTA DIPLOMATICO, CON DIPLOMATICO COMO PRODUCTO PADRE, EN LA BASE DE DATOS
ACTUALIZADA EN CACHE LA TRADUCCI흁 DE DIPLOMATICO al valor DIPLOMATIC
INSERTADO EL FORMATO DE VENTA COPA DIPLOMATICO, CON DIPLOMATICO COMO PRODUCTO PADRE, EN LA BASE DE DATOS
ACTUALIZADA EN CACHE LA TRADUCCI흁 DE COPA DIPLOMATICO al valor DIPLOMATIC COPA
INSERTADO EL FORMATO DE VENTA BOTELLA DIPLOMATICO, CON DIPLOMATICO COMO PRODUCTO PADRE, EN LA BASE DE DATOS
ACTUALIZADA EN CACHE LA TRADUCCI흁 DE BOTELLA DIPLOMATICO al valor DIPLOMATIC CASK
INSERTADO EL FORMATO DE VENTA HAVANA 3, CON HAVANA 3 COMO PRODUCTO PADRE, EN LA BASE DE DATOS
ACTUALIZADA EN CACHE LA TRADUCCI흁 DE HAVANA 3 al valor HAVANA 3
INSERTADO EL FORMATO DE VENTA COPA HAVANA 3, CON HAVANA 3 COMO PRODUCTO PADRE, EN LA BASE DE DATOS
ACTUALIZADA EN CACHE LA TRADUCCI흁 DE COPA HAVANA 3 al valor COPA HAVANA 3
INSERTADO EL FORMATO DE VENTA BOTELLA HAVANA 3, CON HAVANA 3 COMO PRODUCTO PADRE, EN LA BASE DE DATOS
ACTUALIZADA EN CACHE LA TRADUCCI흁 DE BOTELLA HAVANA 3 al valor BOTELLA HAVANA 3
INSERTADO EL FORMATO DE VENTA HAVANA 7, CON HAVANA 7 COMO PRODUCTO PADRE, EN LA BASE DE DATOS
ACTUALIZADA EN CACHE LA TRADUCCI흁 DE HAVANA 7 al valor HAVANA 7
INSERTADO EL FORMATO DE VENTA COPA HAVANA 7, CON HAVANA 7 COMO PRODUCTO PADRE, EN LA BASE DE DATOS
ACTUALIZADA EN CACHE LA TRADUCCI흁 DE COPA HAVANA 7 al valor COPA HAVANA 7
INSERTADO EL FORMATO DE VENTA BOTELLA HAVANA 7, CON HAVANA 7 COMO PRODUCTO PADRE, EN LA BASE DE DATOS
ACTUALIZADA EN CACHE LA TRADUCCI흁 DE BOTELLA HAVANA 7 al valor BOTELLA HAVANA 7
INSERTADO EL FORMATO DE VENTA MATUSALEM 7, CON MATUSALEM 7 COMO PRODUCTO PADRE, EN LA BASE DE DATOS
ACTUALIZADA EN CACHE LA TRADUCCI흁 DE MATUSALEM 7 al valor MATH 7
INSERTADO EL FORMATO DE VENTA COPA MATUSALEM 7, CON MATUSALEM 7 COMO PRODUCTO PADRE, EN LA BASE DE DATOS
ACTUALIZADA EN CACHE LA TRADUCCI흁 DE COPA MATUSALEM 7 al valor COPA MATUSALEM 7
INSERTADO EL FORMATO DE VENTA BOTELLA MATUSALEM 7, CON MATUSALEM 7 COMO PRODUCTO PADRE, EN LA BASE DE DATOS
ACTUALIZADA EN CACHE LA TRADUCCI흁 DE BOTELLA MATUSALEM 7 al valor BOTELLA MATTRESS ROOM 7
INSERTADO EL FORMATO DE VENTA AMARETTO, CON AMARETTO COMO PRODUCTO PADRE, EN LA BASE DE DATOS
INSERTADO EL FORMATO DE VENTA COPA AMARETTO, CON AMARETTO COMO PRODUCTO PADRE, EN LA BASE DE DATOS
ACTUALIZADA EN CACHE LA TRADUCCI흁 DE COPA AMARETTO al valor COPA AMARETTO
INSERTADO EL FORMATO DE VENTA BOTELLA AMARETTO, CON AMARETTO COMO PRODUCTO PADRE, EN LA BASE DE DATOS
ACTUALIZADA EN CACHE LA TRADUCCI흁 DE BOTELLA AMARETTO al valor AMARETTO CASK
INSERTADO EL FORMATO DE VENTA JOSE CUERVO 1800, CON JOSE CUERVO 1800 COMO PRODUCTO PADRE, EN LA BASE DE DATOS
ACTUALIZADA EN CACHE LA TRADUCCI흁 DE JOSE CUERVO 1800 al valor JOSE CUERVO 1800
INSERTADO EL FORMATO DE VENTA COPA JOSE CUERVO 1800, CON JOSE CUERVO 1800 COMO PRODUCTO PADRE, EN LA BASE DE DATOS
ACTUALIZADA EN CACHE LA TRADUCCI흁 DE COPA JOSE CUERVO 1800 al valor COPA JOSE CUERVO 1800
INSERTADO EL FORMATO DE VENTA BOTELLA JOSE CUERVO 1800, CON JOSE CUERVO 1800 COMO PRODUCTO PADRE, EN LA BASE DE DATOS
ACTUALIZADA EN CACHE LA TRADUCCI흁 DE BOTELLA JOSE CUERVO 1800 al valor BOTTLE JOSE CUERVO 1800
INSERTADO EL FORMATO DE VENTA TEQUILA DON JULIO 1942, CON TEQUILA DON JULIO 1942 COMO PRODUCTO PADRE, EN LA BASE DE DATOS
ACTUALIZADA EN CACHE LA TRADUCCI흁 DE TEQUILA DON JULIO 1942 al valor TEQUILA DON JULIO 1942
INSERTADO EL FORMATO DE VENTA COPA TEQUILA DON JULIO 1942, CON TEQUILA DON JULIO 1942 COMO PRODUCTO PADRE, EN LA BASE DE DATOS
ACTUALIZADA EN CACHE LA TRADUCCI흁 DE COPA TEQUILA DON JULIO 1942 al valor TEQUILA GLASS DON JULIO 1942
INSERTADO EL FORMATO DE VENTA BOTELLA TEQUILA DON JULIO 1942, CON TEQUILA DON JULIO 1942 COMO PRODUCTO PADRE, EN LA BASE DE DATOS
ACTUALIZADA EN CACHE LA TRADUCCI흁 DE BOTELLA TEQUILA DON JULIO 1942 al valor BOTTLE TEQUILA DON JULIO 1942
INSERTADO EL FORMATO DE VENTA TEQUILA FRESA, CON TEQUILA FRESA COMO PRODUCTO PADRE, EN LA BASE DE DATOS
ACTUALIZADA EN CACHE LA TRADUCCI흁 DE TEQUILA FRESA al valor FRESH TEQUILA
INSERTADO EL FORMATO DE VENTA TEQUILA MEL흁, CON TEQUILA MEL흁 COMO PRODUCTO PADRE, EN LA BASE DE DATOS
ACTUALIZADA EN CACHE LA TRADUCCI흁 DE TEQUILA MEL흁 al valor TEQUILA MELON
INSERTADO EL FORMATO DE VENTA TEQUILA SAND페, CON TEQUILA SAND페 COMO PRODUCTO PADRE, EN LA BASE DE DATOS
ACTUALIZADA EN CACHE LA TRADUCCI흁 DE TEQUILA SAND페 al valor TEQUILA SANDY
INSERTADO EL FORMATO DE VENTA VODKA CARAMELO, CON VODKA CARAMELO COMO PRODUCTO PADRE, EN LA BASE DE DATOS
ACTUALIZADA EN CACHE LA TRADUCCI흁 DE VODKA CARAMELO al valor VODKA CARAMELO
INSERTADO EL FORMATO DE VENTA ABSOLUT, CON ABSOLUT COMO PRODUCTO PADRE, EN LA BASE DE DATOS
INSERTADO EL FORMATO DE VENTA COPA ABSOLUT, CON ABSOLUT COMO PRODUCTO PADRE, EN LA BASE DE DATOS
INSERTADO EL FORMATO DE VENTA BOTELLA ABSOLUT, CON ABSOLUT COMO PRODUCTO PADRE, EN LA BASE DE DATOS
INSERTADO EL FORMATO DE VENTA BELVEDERE 0,75, CON BELVEDERE 0,75 COMO PRODUCTO PADRE, EN LA BASE DE DATOS
ACTUALIZADA EN CACHE LA TRADUCCI흁 DE BELVEDERE 0,75 al valor BELVEDERE 0.75
INSERTADO EL FORMATO DE VENTA COPA BELVEDERE 0,75, CON BELVEDERE 0,75 COMO PRODUCTO PADRE, EN LA BASE DE DATOS
ACTUALIZADA EN CACHE LA TRADUCCI흁 DE COPA BELVEDERE 0,75 al valor COPA BELVEDERE 0,75
INSERTADO EL FORMATO DE VENTA BOTELLA BELVEDERE 0,75, CON BELVEDERE 0,75 COMO PRODUCTO PADRE, EN LA BASE DE DATOS
ACTUALIZADA EN CACHE LA TRADUCCI흁 DE BOTELLA BELVEDERE 0,75 al valor BELVEDERE CASK 0,75
INSERTADO EL FORMATO DE VENTA BELVEDERE 1 LT, CON BELVEDERE 1 LT COMO PRODUCTO PADRE, EN LA BASE DE DATOS
ACTUALIZADA EN CACHE LA TRADUCCI흁 DE BELVEDERE 1 LT al valor BELVEDERE 1 LT
INSERTADO EL FORMATO DE VENTA COPA BELVEDERE 1 LT, CON BELVEDERE 1 LT COMO PRODUCTO PADRE, EN LA BASE DE DATOS
ACTUALIZADA EN CACHE LA TRADUCCI흁 DE COPA BELVEDERE 1 LT al valor COPA BELVEDERE 1 LT
INSERTADO EL FORMATO DE VENTA BOTELLA BELVEDERE 1 LT, CON BELVEDERE 1 LT COMO PRODUCTO PADRE, EN LA BASE DE DATOS
ACTUALIZADA EN CACHE LA TRADUCCI흁 DE BOTELLA BELVEDERE 1 LT al valor BELVEDERE JAR 1 LT
INSERTADO EL FORMATO DE VENTA BLAT, CON BLAT COMO PRODUCTO PADRE, EN LA BASE DE DATOS
ACTUALIZADA EN CACHE LA TRADUCCI흁 DE BLAT al valor BLAT
INSERTADO EL FORMATO DE VENTA COPA BLAT, CON BLAT COMO PRODUCTO PADRE, EN LA BASE DE DATOS
ACTUALIZADA EN CACHE LA TRADUCCI흁 DE COPA BLAT al valor COPA BLAT
INSERTADO EL FORMATO DE VENTA BOTELLA BLAT, CON BLAT COMO PRODUCTO PADRE, EN LA BASE DE DATOS
ACTUALIZADA EN CACHE LA TRADUCCI흁 DE BOTELLA BLAT al valor BOTELLA BLAT
INSERTADO EL FORMATO DE VENTA CIROC, CON CIROC COMO PRODUCTO PADRE, EN LA BASE DE DATOS
INSERTADO EL FORMATO DE VENTA COPA CIROC, CON CIROC COMO PRODUCTO PADRE, EN LA BASE DE DATOS
INSERTADO EL FORMATO DE VENTA BOTELLA CIROC, CON CIROC COMO PRODUCTO PADRE, EN LA BASE DE DATOS
INSERTADO EL FORMATO DE VENTA BLACK LABEL, CON BLACK LABEL COMO PRODUCTO PADRE, EN LA BASE DE DATOS
ACTUALIZADA EN CACHE LA TRADUCCI흁 DE BLACK LABEL al valor BLACK LABEL
INSERTADO EL FORMATO DE VENTA COPA BLACK LABEL, CON BLACK LABEL COMO PRODUCTO PADRE, EN LA BASE DE DATOS
ACTUALIZADA EN CACHE LA TRADUCCI흁 DE COPA BLACK LABEL al valor COPA BLACK LABEL
INSERTADO EL FORMATO DE VENTA BOTELLA BLACK LABEL, CON BLACK LABEL COMO PRODUCTO PADRE, EN LA BASE DE DATOS
ACTUALIZADA EN CACHE LA TRADUCCI흁 DE BOTELLA BLACK LABEL al valor BOTELLA BLACK LABEL
INSERTADO EL FORMATO DE VENTA BLUE LABEL, CON BLUE LABEL COMO PRODUCTO PADRE, EN LA BASE DE DATOS
ACTUALIZADA EN CACHE LA TRADUCCI흁 DE BLUE LABEL al valor BLUE LABEL
INSERTADO EL FORMATO DE VENTA COPA BLUE LABEL, CON BLUE LABEL COMO PRODUCTO PADRE, EN LA BASE DE DATOS
ACTUALIZADA EN CACHE LA TRADUCCI흁 DE COPA BLUE LABEL al valor BLUE LABEL CUP
INSERTADO EL FORMATO DE VENTA BOTELLA BLUE LABEL, CON BLUE LABEL COMO PRODUCTO PADRE, EN LA BASE DE DATOS
ACTUALIZADA EN CACHE LA TRADUCCI흁 DE BOTELLA BLUE LABEL al valor BLUE LABEL CASK
INSERTADO EL FORMATO DE VENTA JAMESON, CON JAMESON COMO PRODUCTO PADRE, EN LA BASE DE DATOS
ACTUALIZADA EN CACHE LA TRADUCCI흁 DE JAMESON al valor JAMESON
INSERTADO EL FORMATO DE VENTA COPA JAMESON, CON JAMESON COMO PRODUCTO PADRE, EN LA BASE DE DATOS
ACTUALIZADA EN CACHE LA TRADUCCI흁 DE COPA JAMESON al valor COPA JAMESON
INSERTADO EL FORMATO DE VENTA BOTELLA JAMESON, CON JAMESON COMO PRODUCTO PADRE, EN LA BASE DE DATOS
ACTUALIZADA EN CACHE LA TRADUCCI흁 DE BOTELLA JAMESON al valor STICKELLA JAMESON
INSERTADO EL FORMATO DE VENTA RED LABEL, CON RED LABEL COMO PRODUCTO PADRE, EN LA BASE DE DATOS
ACTUALIZADA EN CACHE LA TRADUCCI흁 DE RED LABEL al valor RED LABEL
INSERTADO EL FORMATO DE VENTA COPA RED LABEL, CON RED LABEL COMO PRODUCTO PADRE, EN LA BASE DE DATOS
ACTUALIZADA EN CACHE LA TRADUCCI흁 DE COPA RED LABEL al valor COPA RED LABEL
INSERTADO EL FORMATO DE VENTA BOTELLA RED LABEL, CON RED LABEL COMO PRODUCTO PADRE, EN LA BASE DE DATOS
ACTUALIZADA EN CACHE LA TRADUCCI흁 DE BOTELLA RED LABEL al valor RED LABEL BOTTLE
ASIGNADO EL PRODUCTO COPA PUERTO DE INDIAS COMO A헤DIDO DEL PRODUCTO AGUA EN LA BASE DE DATOS
ASIGNADO EL PRODUCTO COPA BEEFEATER COMO A헤DIDO DEL PRODUCTO AGUA EN LA BASE DE DATOS
ASIGNADO EL PRODUCTO COPA TANQUERAY COMO A헤DIDO DEL PRODUCTO AGUA EN LA BASE DE DATOS
ASIGNADO EL PRODUCTO COPA BROCKMAN'S COMO A헤DIDO DEL PRODUCTO AGUA EN LA BASE DE DATOS
ASIGNADO EL PRODUCTO COPA TANQUERAY TEN COMO A헤DIDO DEL PRODUCTO AGUA EN LA BASE DE DATOS
ASIGNADO EL PRODUCTO COPA GIN MARE COMO A헤DIDO DEL PRODUCTO AGUA EN LA BASE DE DATOS
ASIGNADO EL PRODUCTO COPA ABSOLUT COMO A헤DIDO DEL PRODUCTO AGUA EN LA BASE DE DATOS
ASIGNADO EL PRODUCTO COPA BELVEDERE 0,75 COMO A헤DIDO DEL PRODUCTO AGUA EN LA BASE DE DATOS
ASIGNADO EL PRODUCTO COPA BELVEDERE 1 LT COMO A헤DIDO DEL PRODUCTO AGUA EN LA BASE DE DATOS
ASIGNADO EL PRODUCTO COPA CIROC COMO A헤DIDO DEL PRODUCTO AGUA EN LA BASE DE DATOS
ASIGNADO EL PRODUCTO COPA BLAT COMO A헤DIDO DEL PRODUCTO AGUA EN LA BASE DE DATOS
ASIGNADO EL PRODUCTO COPA AREHUCAS COMO A헤DIDO DEL PRODUCTO AGUA EN LA BASE DE DATOS
ASIGNADO EL PRODUCTO COPA AREHUCAS ORO COMO A헤DIDO DEL PRODUCTO AGUA EN LA BASE DE DATOS
ASIGNADO EL PRODUCTO COPA HAVANA 3 COMO A헤DIDO DEL PRODUCTO AGUA EN LA BASE DE DATOS
ASIGNADO EL PRODUCTO COPA HAVANA 7 COMO A헤DIDO DEL PRODUCTO AGUA EN LA BASE DE DATOS
ASIGNADO EL PRODUCTO COPA DIPLOMATICO COMO A헤DIDO DEL PRODUCTO AGUA EN LA BASE DE DATOS
ASIGNADO EL PRODUCTO COPA MATUSALEM 7 COMO A헤DIDO DEL PRODUCTO AGUA EN LA BASE DE DATOS
ASIGNADO EL PRODUCTO COPA JAMESON COMO A헤DIDO DEL PRODUCTO AGUA EN LA BASE DE DATOS
ASIGNADO EL PRODUCTO COPA RED LABEL COMO A헤DIDO DEL PRODUCTO AGUA EN LA BASE DE DATOS
ASIGNADO EL PRODUCTO COPA BLACK LABEL COMO A헤DIDO DEL PRODUCTO AGUA EN LA BASE DE DATOS
ASIGNADO EL PRODUCTO COPA BLUE LABEL COMO A헤DIDO DEL PRODUCTO AGUA EN LA BASE DE DATOS
ASIGNADO EL PRODUCTO COPA AMARETTO COMO A헤DIDO DEL PRODUCTO AGUA EN LA BASE DE DATOS
ASIGNADO EL PRODUCTO COPA JOSE CUERVO 1800 COMO A헤DIDO DEL PRODUCTO AGUA EN LA BASE DE DATOS
ASIGNADO EL PRODUCTO COPA TEQUILA DON JULIO 1942 COMO A헤DIDO DEL PRODUCTO AGUA EN LA BASE DE DATOS
ASIGNADO EL PRODUCTO COPA PUERTO DE INDIAS COMO A헤DIDO DEL PRODUCTO AGUA CON GAS EN LA BASE DE DATOS
ASIGNADO EL PRODUCTO COPA BEEFEATER COMO A헤DIDO DEL PRODUCTO AGUA CON GAS EN LA BASE DE DATOS
ASIGNADO EL PRODUCTO COPA TANQUERAY COMO A헤DIDO DEL PRODUCTO AGUA CON GAS EN LA BASE DE DATOS
ASIGNADO EL PRODUCTO COPA BROCKMAN'S COMO A헤DIDO DEL PRODUCTO AGUA CON GAS EN LA BASE DE DATOS
ASIGNADO EL PRODUCTO COPA TANQUERAY TEN COMO A헤DIDO DEL PRODUCTO AGUA CON GAS EN LA BASE DE DATOS
ASIGNADO EL PRODUCTO COPA GIN MARE COMO A헤DIDO DEL PRODUCTO AGUA CON GAS EN LA BASE DE DATOS
ASIGNADO EL PRODUCTO COPA ABSOLUT COMO A헤DIDO DEL PRODUCTO AGUA CON GAS EN LA BASE DE DATOS
ASIGNADO EL PRODUCTO COPA BELVEDERE 0,75 COMO A헤DIDO DEL PRODUCTO AGUA CON GAS EN LA BASE DE DATOS
ASIGNADO EL PRODUCTO COPA BELVEDERE 1 LT COMO A헤DIDO DEL PRODUCTO AGUA CON GAS EN LA BASE DE DATOS
ASIGNADO EL PRODUCTO COPA CIROC COMO A헤DIDO DEL PRODUCTO AGUA CON GAS EN LA BASE DE DATOS
ASIGNADO EL PRODUCTO COPA BLAT COMO A헤DIDO DEL PRODUCTO AGUA CON GAS EN LA BASE DE DATOS
ASIGNADO EL PRODUCTO COPA AREHUCAS COMO A헤DIDO DEL PRODUCTO AGUA CON GAS EN LA BASE DE DATOS
ASIGNADO EL PRODUCTO COPA AREHUCAS ORO COMO A헤DIDO DEL PRODUCTO AGUA CON GAS EN LA BASE DE DATOS
ASIGNADO EL PRODUCTO COPA HAVANA 3 COMO A헤DIDO DEL PRODUCTO AGUA CON GAS EN LA BASE DE DATOS
ASIGNADO EL PRODUCTO COPA HAVANA 7 COMO A헤DIDO DEL PRODUCTO AGUA CON GAS EN LA BASE DE DATOS
ASIGNADO EL PRODUCTO COPA DIPLOMATICO COMO A헤DIDO DEL PRODUCTO AGUA CON GAS EN LA BASE DE DATOS
ASIGNADO EL PRODUCTO COPA MATUSALEM 7 COMO A헤DIDO DEL PRODUCTO AGUA CON GAS EN LA BASE DE DATOS
ASIGNADO EL PRODUCTO COPA JAMESON COMO A헤DIDO DEL PRODUCTO AGUA CON GAS EN LA BASE DE DATOS
ASIGNADO EL PRODUCTO COPA RED LABEL COMO A헤DIDO DEL PRODUCTO AGUA CON GAS EN LA BASE DE DATOS
ASIGNADO EL PRODUCTO COPA BLACK LABEL COMO A헤DIDO DEL PRODUCTO AGUA CON GAS EN LA BASE DE DATOS
ASIGNADO EL PRODUCTO COPA BLUE LABEL COMO A헤DIDO DEL PRODUCTO AGUA CON GAS EN LA BASE DE DATOS
ASIGNADO EL PRODUCTO COPA AMARETTO COMO A헤DIDO DEL PRODUCTO AGUA CON GAS EN LA BASE DE DATOS
ASIGNADO EL PRODUCTO COPA JOSE CUERVO 1800 COMO A헤DIDO DEL PRODUCTO AGUA CON GAS EN LA BASE DE DATOS
ASIGNADO EL PRODUCTO COPA TEQUILA DON JULIO 1942 COMO A헤DIDO DEL PRODUCTO AGUA CON GAS EN LA BASE DE DATOS
ASIGNADO EL PRODUCTO COPA PUERTO DE INDIAS COMO A헤DIDO DEL PRODUCTO COCA COLA EN LA BASE DE DATOS
ASIGNADO EL PRODUCTO COPA BEEFEATER COMO A헤DIDO DEL PRODUCTO COCA COLA EN LA BASE DE DATOS
ASIGNADO EL PRODUCTO COPA TANQUERAY COMO A헤DIDO DEL PRODUCTO COCA COLA EN LA BASE DE DATOS
ASIGNADO EL PRODUCTO COPA BROCKMAN'S COMO A헤DIDO DEL PRODUCTO COCA COLA EN LA BASE DE DATOS
ASIGNADO EL PRODUCTO COPA TANQUERAY TEN COMO A헤DIDO DEL PRODUCTO COCA COLA EN LA BASE DE DATOS
ASIGNADO EL PRODUCTO COPA GIN MARE COMO A헤DIDO DEL PRODUCTO COCA COLA EN LA BASE DE DATOS
ASIGNADO EL PRODUCTO COPA ABSOLUT COMO A헤DIDO DEL PRODUCTO COCA COLA EN LA BASE DE DATOS
ASIGNADO EL PRODUCTO COPA BELVEDERE 0,75 COMO A헤DIDO DEL PRODUCTO COCA COLA EN LA BASE DE DATOS
ASIGNADO EL PRODUCTO COPA BELVEDERE 1 LT COMO A헤DIDO DEL PRODUCTO COCA COLA EN LA BASE DE DATOS
ASIGNADO EL PRODUCTO COPA CIROC COMO A헤DIDO DEL PRODUCTO COCA COLA EN LA BASE DE DATOS
ASIGNADO EL PRODUCTO COPA BLAT COMO A헤DIDO DEL PRODUCTO COCA COLA EN LA BASE DE DATOS
ASIGNADO EL PRODUCTO COPA AREHUCAS COMO A헤DIDO DEL PRODUCTO COCA COLA EN LA BASE DE DATOS
ASIGNADO EL PRODUCTO COPA AREHUCAS ORO COMO A헤DIDO DEL PRODUCTO COCA COLA EN LA BASE DE DATOS
ASIGNADO EL PRODUCTO COPA HAVANA 3 COMO A헤DIDO DEL PRODUCTO COCA COLA EN LA BASE DE DATOS
ASIGNADO EL PRODUCTO COPA HAVANA 7 COMO A헤DIDO DEL PRODUCTO COCA COLA EN LA BASE DE DATOS
ASIGNADO EL PRODUCTO COPA DIPLOMATICO COMO A헤DIDO DEL PRODUCTO COCA COLA EN LA BASE DE DATOS
ASIGNADO EL PRODUCTO COPA MATUSALEM 7 COMO A헤DIDO DEL PRODUCTO COCA COLA EN LA BASE DE DATOS
ASIGNADO EL PRODUCTO COPA JAMESON COMO A헤DIDO DEL PRODUCTO COCA COLA EN LA BASE DE DATOS
ASIGNADO EL PRODUCTO COPA RED LABEL COMO A헤DIDO DEL PRODUCTO COCA COLA EN LA BASE DE DATOS
ASIGNADO EL PRODUCTO COPA BLACK LABEL COMO A헤DIDO DEL PRODUCTO COCA COLA EN LA BASE DE DATOS
ASIGNADO EL PRODUCTO COPA BLUE LABEL COMO A헤DIDO DEL PRODUCTO COCA COLA EN LA BASE DE DATOS
ASIGNADO EL PRODUCTO COPA AMARETTO COMO A헤DIDO DEL PRODUCTO COCA COLA EN LA BASE DE DATOS
ASIGNADO EL PRODUCTO COPA JOSE CUERVO 1800 COMO A헤DIDO DEL PRODUCTO COCA COLA EN LA BASE DE DATOS
ASIGNADO EL PRODUCTO COPA TEQUILA DON JULIO 1942 COMO A헤DIDO DEL PRODUCTO COCA COLA EN LA BASE DE DATOS
ASIGNADO EL PRODUCTO COPA PUERTO DE INDIAS COMO A헤DIDO DEL PRODUCTO COCA COLA 00 EN LA BASE DE DATOS
ASIGNADO EL PRODUCTO COPA BEEFEATER COMO A헤DIDO DEL PRODUCTO COCA COLA 00 EN LA BASE DE DATOS
ASIGNADO EL PRODUCTO COPA TANQUERAY COMO A헤DIDO DEL PRODUCTO COCA COLA 00 EN LA BASE DE DATOS
ASIGNADO EL PRODUCTO COPA BROCKMAN'S COMO A헤DIDO DEL PRODUCTO COCA COLA 00 EN LA BASE DE DATOS
ASIGNADO EL PRODUCTO COPA TANQUERAY TEN COMO A헤DIDO DEL PRODUCTO COCA COLA 00 EN LA BASE DE DATOS
ASIGNADO EL PRODUCTO COPA GIN MARE COMO A헤DIDO DEL PRODUCTO COCA COLA 00 EN LA BASE DE DATOS
ASIGNADO EL PRODUCTO COPA ABSOLUT COMO A헤DIDO DEL PRODUCTO COCA COLA 00 EN LA BASE DE DATOS
ASIGNADO EL PRODUCTO COPA BELVEDERE 0,75 COMO A헤DIDO DEL PRODUCTO COCA COLA 00 EN LA BASE DE DATOS
ASIGNADO EL PRODUCTO COPA BELVEDERE 1 LT COMO A헤DIDO DEL PRODUCTO COCA COLA 00 EN LA BASE DE DATOS
ASIGNADO EL PRODUCTO COPA CIROC COMO A헤DIDO DEL PRODUCTO COCA COLA 00 EN LA BASE DE DATOS
ASIGNADO EL PRODUCTO COPA BLAT COMO A헤DIDO DEL PRODUCTO COCA COLA 00 EN LA BASE DE DATOS
ASIGNADO EL PRODUCTO COPA AREHUCAS COMO A헤DIDO DEL PRODUCTO COCA COLA 00 EN LA BASE DE DATOS
ASIGNADO EL PRODUCTO COPA AREHUCAS ORO COMO A헤DIDO DEL PRODUCTO COCA COLA 00 EN LA BASE DE DATOS
ASIGNADO EL PRODUCTO COPA HAVANA 3 COMO A헤DIDO DEL PRODUCTO COCA COLA 00 EN LA BASE DE DATOS
ASIGNADO EL PRODUCTO COPA HAVANA 7 COMO A헤DIDO DEL PRODUCTO COCA COLA 00 EN LA BASE DE DATOS
ASIGNADO EL PRODUCTO COPA DIPLOMATICO COMO A헤DIDO DEL PRODUCTO COCA COLA 00 EN LA BASE DE DATOS
ASIGNADO EL PRODUCTO COPA MATUSALEM 7 COMO A헤DIDO DEL PRODUCTO COCA COLA 00 EN LA BASE DE DATOS
ASIGNADO EL PRODUCTO COPA JAMESON COMO A헤DIDO DEL PRODUCTO COCA COLA 00 EN LA BASE DE DATOS
ASIGNADO EL PRODUCTO COPA RED LABEL COMO A헤DIDO DEL PRODUCTO COCA COLA 00 EN LA BASE DE DATOS
ASIGNADO EL PRODUCTO COPA BLACK LABEL COMO A헤DIDO DEL PRODUCTO COCA COLA 00 EN LA BASE DE DATOS
ASIGNADO EL PRODUCTO COPA BLUE LABEL COMO A헤DIDO DEL PRODUCTO COCA COLA 00 EN LA BASE DE DATOS
ASIGNADO EL PRODUCTO COPA AMARETTO COMO A헤DIDO DEL PRODUCTO COCA COLA 00 EN LA BASE DE DATOS
ASIGNADO EL PRODUCTO COPA JOSE CUERVO 1800 COMO A헤DIDO DEL PRODUCTO COCA COLA 00 EN LA BASE DE DATOS
ASIGNADO EL PRODUCTO COPA TEQUILA DON JULIO 1942 COMO A헤DIDO DEL PRODUCTO COCA COLA 00 EN LA BASE DE DATOS
ASIGNADO EL PRODUCTO COPA PUERTO DE INDIAS COMO A헤DIDO DEL PRODUCTO FANTA NARANJA EN LA BASE DE DATOS
ASIGNADO EL PRODUCTO COPA BEEFEATER COMO A헤DIDO DEL PRODUCTO FANTA NARANJA EN LA BASE DE DATOS
ASIGNADO EL PRODUCTO COPA TANQUERAY COMO A헤DIDO DEL PRODUCTO FANTA NARANJA EN LA BASE DE DATOS
ASIGNADO EL PRODUCTO COPA BROCKMAN'S COMO A헤DIDO DEL PRODUCTO FANTA NARANJA EN LA BASE DE DATOS
ASIGNADO EL PRODUCTO COPA TANQUERAY TEN COMO A헤DIDO DEL PRODUCTO FANTA NARANJA EN LA BASE DE DATOS
ASIGNADO EL PRODUCTO COPA GIN MARE COMO A헤DIDO DEL PRODUCTO FANTA NARANJA EN LA BASE DE DATOS
ASIGNADO EL PRODUCTO COPA ABSOLUT COMO A헤DIDO DEL PRODUCTO FANTA NARANJA EN LA BASE DE DATOS
ASIGNADO EL PRODUCTO COPA BELVEDERE 0,75 COMO A헤DIDO DEL PRODUCTO FANTA NARANJA EN LA BASE DE DATOS
ASIGNADO EL PRODUCTO COPA BELVEDERE 1 LT COMO A헤DIDO DEL PRODUCTO FANTA NARANJA EN LA BASE DE DATOS
ASIGNADO EL PRODUCTO COPA CIROC COMO A헤DIDO DEL PRODUCTO FANTA NARANJA EN LA BASE DE DATOS
ASIGNADO EL PRODUCTO COPA BLAT COMO A헤DIDO DEL PRODUCTO FANTA NARANJA EN LA BASE DE DATOS
ASIGNADO EL PRODUCTO COPA AREHUCAS COMO A헤DIDO DEL PRODUCTO FANTA NARANJA EN LA BASE DE DATOS
ASIGNADO EL PRODUCTO COPA AREHUCAS ORO COMO A헤DIDO DEL PRODUCTO FANTA NARANJA EN LA BASE DE DATOS
ASIGNADO EL PRODUCTO COPA HAVANA 3 COMO A헤DIDO DEL PRODUCTO FANTA NARANJA EN LA BASE DE DATOS
ASIGNADO EL PRODUCTO COPA HAVANA 7 COMO A헤DIDO DEL PRODUCTO FANTA NARANJA EN LA BASE DE DATOS
ASIGNADO EL PRODUCTO COPA DIPLOMATICO COMO A헤DIDO DEL PRODUCTO FANTA NARANJA EN LA BASE DE DATOS
ASIGNADO EL PRODUCTO COPA MATUSALEM 7 COMO A헤DIDO DEL PRODUCTO FANTA NARANJA EN LA BASE DE DATOS
ASIGNADO EL PRODUCTO COPA JAMESON COMO A헤DIDO DEL PRODUCTO FANTA NARANJA EN LA BASE DE DATOS
ASIGNADO EL PRODUCTO COPA RED LABEL COMO A헤DIDO DEL PRODUCTO FANTA NARANJA EN LA BASE DE DATOS
ASIGNADO EL PRODUCTO COPA BLACK LABEL COMO A헤DIDO DEL PRODUCTO FANTA NARANJA EN LA BASE DE DATOS
ASIGNADO EL PRODUCTO COPA BLUE LABEL COMO A헤DIDO DEL PRODUCTO FANTA NARANJA EN LA BASE DE DATOS
ASIGNADO EL PRODUCTO COPA AMARETTO COMO A헤DIDO DEL PRODUCTO FANTA NARANJA EN LA BASE DE DATOS
ASIGNADO EL PRODUCTO COPA JOSE CUERVO 1800 COMO A헤DIDO DEL PRODUCTO FANTA NARANJA EN LA BASE DE DATOS
ASIGNADO EL PRODUCTO COPA TEQUILA DON JULIO 1942 COMO A헤DIDO DEL PRODUCTO FANTA NARANJA EN LA BASE DE DATOS
ASIGNADO EL PRODUCTO COPA PUERTO DE INDIAS COMO A헤DIDO DEL PRODUCTO FANTA LIM흁 EN LA BASE DE DATOS
ASIGNADO EL PRODUCTO COPA BEEFEATER COMO A헤DIDO DEL PRODUCTO FANTA LIM흁 EN LA BASE DE DATOS
ASIGNADO EL PRODUCTO COPA TANQUERAY COMO A헤DIDO DEL PRODUCTO FANTA LIM흁 EN LA BASE DE DATOS
ASIGNADO EL PRODUCTO COPA BROCKMAN'S COMO A헤DIDO DEL PRODUCTO FANTA LIM흁 EN LA BASE DE DATOS
ASIGNADO EL PRODUCTO COPA TANQUERAY TEN COMO A헤DIDO DEL PRODUCTO FANTA LIM흁 EN LA BASE DE DATOS
ASIGNADO EL PRODUCTO COPA GIN MARE COMO A헤DIDO DEL PRODUCTO FANTA LIM흁 EN LA BASE DE DATOS
ASIGNADO EL PRODUCTO COPA ABSOLUT COMO A헤DIDO DEL PRODUCTO FANTA LIM흁 EN LA BASE DE DATOS
ASIGNADO EL PRODUCTO COPA BELVEDERE 0,75 COMO A헤DIDO DEL PRODUCTO FANTA LIM흁 EN LA BASE DE DATOS
ASIGNADO EL PRODUCTO COPA BELVEDERE 1 LT COMO A헤DIDO DEL PRODUCTO FANTA LIM흁 EN LA BASE DE DATOS
ASIGNADO EL PRODUCTO COPA CIROC COMO A헤DIDO DEL PRODUCTO FANTA LIM흁 EN LA BASE DE DATOS
ASIGNADO EL PRODUCTO COPA BLAT COMO A헤DIDO DEL PRODUCTO FANTA LIM흁 EN LA BASE DE DATOS
ASIGNADO EL PRODUCTO COPA AREHUCAS COMO A헤DIDO DEL PRODUCTO FANTA LIM흁 EN LA BASE DE DATOS
ASIGNADO EL PRODUCTO COPA AREHUCAS ORO COMO A헤DIDO DEL PRODUCTO FANTA LIM흁 EN LA BASE DE DATOS
ASIGNADO EL PRODUCTO COPA HAVANA 3 COMO A헤DIDO DEL PRODUCTO FANTA LIM흁 EN LA BASE DE DATOS
ASIGNADO EL PRODUCTO COPA HAVANA 7 COMO A헤DIDO DEL PRODUCTO FANTA LIM흁 EN LA BASE DE DATOS
ASIGNADO EL PRODUCTO COPA DIPLOMATICO COMO A헤DIDO DEL PRODUCTO FANTA LIM흁 EN LA BASE DE DATOS
ASIGNADO EL PRODUCTO COPA MATUSALEM 7 COMO A헤DIDO DEL PRODUCTO FANTA LIM흁 EN LA BASE DE DATOS
ASIGNADO EL PRODUCTO COPA JAMESON COMO A헤DIDO DEL PRODUCTO FANTA LIM흁 EN LA BASE DE DATOS
ASIGNADO EL PRODUCTO COPA RED LABEL COMO A헤DIDO DEL PRODUCTO FANTA LIM흁 EN LA BASE DE DATOS
ASIGNADO EL PRODUCTO COPA BLACK LABEL COMO A헤DIDO DEL PRODUCTO FANTA LIM흁 EN LA BASE DE DATOS
ASIGNADO EL PRODUCTO COPA BLUE LABEL COMO A헤DIDO DEL PRODUCTO FANTA LIM흁 EN LA BASE DE DATOS
ASIGNADO EL PRODUCTO COPA AMARETTO COMO A헤DIDO DEL PRODUCTO FANTA LIM흁 EN LA BASE DE DATOS
ASIGNADO EL PRODUCTO COPA JOSE CUERVO 1800 COMO A헤DIDO DEL PRODUCTO FANTA LIM흁 EN LA BASE DE DATOS
ASIGNADO EL PRODUCTO COPA TEQUILA DON JULIO 1942 COMO A헤DIDO DEL PRODUCTO FANTA LIM흁 EN LA BASE DE DATOS
ASIGNADO EL PRODUCTO COPA PUERTO DE INDIAS COMO A헤DIDO DEL PRODUCTO SPRITE EN LA BASE DE DATOS
ASIGNADO EL PRODUCTO COPA BEEFEATER COMO A헤DIDO DEL PRODUCTO SPRITE EN LA BASE DE DATOS
ASIGNADO EL PRODUCTO COPA TANQUERAY COMO A헤DIDO DEL PRODUCTO SPRITE EN LA BASE DE DATOS
ASIGNADO EL PRODUCTO COPA BROCKMAN'S COMO A헤DIDO DEL PRODUCTO SPRITE EN LA BASE DE DATOS
ASIGNADO EL PRODUCTO COPA TANQUERAY TEN COMO A헤DIDO DEL PRODUCTO SPRITE EN LA BASE DE DATOS
ASIGNADO EL PRODUCTO COPA GIN MARE COMO A헤DIDO DEL PRODUCTO SPRITE EN LA BASE DE DATOS
ASIGNADO EL PRODUCTO COPA ABSOLUT COMO A헤DIDO DEL PRODUCTO SPRITE EN LA BASE DE DATOS
ASIGNADO EL PRODUCTO COPA BELVEDERE 0,75 COMO A헤DIDO DEL PRODUCTO SPRITE EN LA BASE DE DATOS
ASIGNADO EL PRODUCTO COPA BELVEDERE 1 LT COMO A헤DIDO DEL PRODUCTO SPRITE EN LA BASE DE DATOS
ASIGNADO EL PRODUCTO COPA CIROC COMO A헤DIDO DEL PRODUCTO SPRITE EN LA BASE DE DATOS
ASIGNADO EL PRODUCTO COPA BLAT COMO A헤DIDO DEL PRODUCTO SPRITE EN LA BASE DE DATOS
ASIGNADO EL PRODUCTO COPA AREHUCAS COMO A헤DIDO DEL PRODUCTO SPRITE EN LA BASE DE DATOS
ASIGNADO EL PRODUCTO COPA AREHUCAS ORO COMO A헤DIDO DEL PRODUCTO SPRITE EN LA BASE DE DATOS
ASIGNADO EL PRODUCTO COPA HAVANA 3 COMO A헤DIDO DEL PRODUCTO SPRITE EN LA BASE DE DATOS
ASIGNADO EL PRODUCTO COPA HAVANA 7 COMO A헤DIDO DEL PRODUCTO SPRITE EN LA BASE DE DATOS
ASIGNADO EL PRODUCTO COPA DIPLOMATICO COMO A헤DIDO DEL PRODUCTO SPRITE EN LA BASE DE DATOS
ASIGNADO EL PRODUCTO COPA MATUSALEM 7 COMO A헤DIDO DEL PRODUCTO SPRITE EN LA BASE DE DATOS
ASIGNADO EL PRODUCTO COPA JAMESON COMO A헤DIDO DEL PRODUCTO SPRITE EN LA BASE DE DATOS
ASIGNADO EL PRODUCTO COPA RED LABEL COMO A헤DIDO DEL PRODUCTO SPRITE EN LA BASE DE DATOS
ASIGNADO EL PRODUCTO COPA BLACK LABEL COMO A헤DIDO DEL PRODUCTO SPRITE EN LA BASE DE DATOS
ASIGNADO EL PRODUCTO COPA BLUE LABEL COMO A헤DIDO DEL PRODUCTO SPRITE EN LA BASE DE DATOS
ASIGNADO EL PRODUCTO COPA AMARETTO COMO A헤DIDO DEL PRODUCTO SPRITE EN LA BASE DE DATOS
ASIGNADO EL PRODUCTO COPA JOSE CUERVO 1800 COMO A헤DIDO DEL PRODUCTO SPRITE EN LA BASE DE DATOS
ASIGNADO EL PRODUCTO COPA TEQUILA DON JULIO 1942 COMO A헤DIDO DEL PRODUCTO SPRITE EN LA BASE DE DATOS
ASIGNADO EL PRODUCTO COPA PUERTO DE INDIAS COMO A헤DIDO DEL PRODUCTO RED BULL EN LA BASE DE DATOS
ASIGNADO EL PRODUCTO COPA BEEFEATER COMO A헤DIDO DEL PRODUCTO RED BULL EN LA BASE DE DATOS
ASIGNADO EL PRODUCTO COPA TANQUERAY COMO A헤DIDO DEL PRODUCTO RED BULL EN LA BASE DE DATOS
ASIGNADO EL PRODUCTO COPA BROCKMAN'S COMO A헤DIDO DEL PRODUCTO RED BULL EN LA BASE DE DATOS
ASIGNADO EL PRODUCTO COPA TANQUERAY TEN COMO A헤DIDO DEL PRODUCTO RED BULL EN LA BASE DE DATOS
ASIGNADO EL PRODUCTO COPA GIN MARE COMO A헤DIDO DEL PRODUCTO RED BULL EN LA BASE DE DATOS
ASIGNADO EL PRODUCTO COPA ABSOLUT COMO A헤DIDO DEL PRODUCTO RED BULL EN LA BASE DE DATOS
ASIGNADO EL PRODUCTO COPA BELVEDERE 0,75 COMO A헤DIDO DEL PRODUCTO RED BULL EN LA BASE DE DATOS
ASIGNADO EL PRODUCTO COPA BELVEDERE 1 LT COMO A헤DIDO DEL PRODUCTO RED BULL EN LA BASE DE DATOS
ASIGNADO EL PRODUCTO COPA CIROC COMO A헤DIDO DEL PRODUCTO RED BULL EN LA BASE DE DATOS
ASIGNADO EL PRODUCTO COPA BLAT COMO A헤DIDO DEL PRODUCTO RED BULL EN LA BASE DE DATOS
ASIGNADO EL PRODUCTO COPA AREHUCAS COMO A헤DIDO DEL PRODUCTO RED BULL EN LA BASE DE DATOS
ASIGNADO EL PRODUCTO COPA AREHUCAS ORO COMO A헤DIDO DEL PRODUCTO RED BULL EN LA BASE DE DATOS
ASIGNADO EL PRODUCTO COPA HAVANA 3 COMO A헤DIDO DEL PRODUCTO RED BULL EN LA BASE DE DATOS
ASIGNADO EL PRODUCTO COPA HAVANA 7 COMO A헤DIDO DEL PRODUCTO RED BULL EN LA BASE DE DATOS
ASIGNADO EL PRODUCTO COPA DIPLOMATICO COMO A헤DIDO DEL PRODUCTO RED BULL EN LA BASE DE DATOS
ASIGNADO EL PRODUCTO COPA MATUSALEM 7 COMO A헤DIDO DEL PRODUCTO RED BULL EN LA BASE DE DATOS
ASIGNADO EL PRODUCTO COPA JAMESON COMO A헤DIDO DEL PRODUCTO RED BULL EN LA BASE DE DATOS
ASIGNADO EL PRODUCTO COPA RED LABEL COMO A헤DIDO DEL PRODUCTO RED BULL EN LA BASE DE DATOS
ASIGNADO EL PRODUCTO COPA BLACK LABEL COMO A헤DIDO DEL PRODUCTO RED BULL EN LA BASE DE DATOS
ASIGNADO EL PRODUCTO COPA BLUE LABEL COMO A헤DIDO DEL PRODUCTO RED BULL EN LA BASE DE DATOS
ASIGNADO EL PRODUCTO COPA AMARETTO COMO A헤DIDO DEL PRODUCTO RED BULL EN LA BASE DE DATOS
ASIGNADO EL PRODUCTO COPA JOSE CUERVO 1800 COMO A헤DIDO DEL PRODUCTO RED BULL EN LA BASE DE DATOS
ASIGNADO EL PRODUCTO COPA TEQUILA DON JULIO 1942 COMO A헤DIDO DEL PRODUCTO RED BULL EN LA BASE DE DATOS
ASIGNADO EL PRODUCTO COPA PUERTO DE INDIAS COMO A헤DIDO DEL PRODUCTO TONICA ROYAL BLISS EN LA BASE DE DATOS
ASIGNADO EL PRODUCTO COPA BEEFEATER COMO A헤DIDO DEL PRODUCTO TONICA ROYAL BLISS EN LA BASE DE DATOS
ASIGNADO EL PRODUCTO COPA TANQUERAY COMO A헤DIDO DEL PRODUCTO TONICA ROYAL BLISS EN LA BASE DE DATOS
ASIGNADO EL PRODUCTO COPA BROCKMAN'S COMO A헤DIDO DEL PRODUCTO TONICA ROYAL BLISS EN LA BASE DE DATOS
ASIGNADO EL PRODUCTO COPA TANQUERAY TEN COMO A헤DIDO DEL PRODUCTO TONICA ROYAL BLISS EN LA BASE DE DATOS
ASIGNADO EL PRODUCTO COPA GIN MARE COMO A헤DIDO DEL PRODUCTO TONICA ROYAL BLISS EN LA BASE DE DATOS
ASIGNADO EL PRODUCTO COPA ABSOLUT COMO A헤DIDO DEL PRODUCTO TONICA ROYAL BLISS EN LA BASE DE DATOS
ASIGNADO EL PRODUCTO COPA BELVEDERE 0,75 COMO A헤DIDO DEL PRODUCTO TONICA ROYAL BLISS EN LA BASE DE DATOS
ASIGNADO EL PRODUCTO COPA BELVEDERE 1 LT COMO A헤DIDO DEL PRODUCTO TONICA ROYAL BLISS EN LA BASE DE DATOS
ASIGNADO EL PRODUCTO COPA CIROC COMO A헤DIDO DEL PRODUCTO TONICA ROYAL BLISS EN LA BASE DE DATOS
ASIGNADO EL PRODUCTO COPA BLAT COMO A헤DIDO DEL PRODUCTO TONICA ROYAL BLISS EN LA BASE DE DATOS
ASIGNADO EL PRODUCTO COPA AREHUCAS COMO A헤DIDO DEL PRODUCTO TONICA ROYAL BLISS EN LA BASE DE DATOS
ASIGNADO EL PRODUCTO COPA AREHUCAS ORO COMO A헤DIDO DEL PRODUCTO TONICA ROYAL BLISS EN LA BASE DE DATOS
ASIGNADO EL PRODUCTO COPA HAVANA 3 COMO A헤DIDO DEL PRODUCTO TONICA ROYAL BLISS EN LA BASE DE DATOS
ASIGNADO EL PRODUCTO COPA HAVANA 7 COMO A헤DIDO DEL PRODUCTO TONICA ROYAL BLISS EN LA BASE DE DATOS
ASIGNADO EL PRODUCTO COPA DIPLOMATICO COMO A헤DIDO DEL PRODUCTO TONICA ROYAL BLISS EN LA BASE DE DATOS
ASIGNADO EL PRODUCTO COPA MATUSALEM 7 COMO A헤DIDO DEL PRODUCTO TONICA ROYAL BLISS EN LA BASE DE DATOS
ASIGNADO EL PRODUCTO COPA JAMESON COMO A헤DIDO DEL PRODUCTO TONICA ROYAL BLISS EN LA BASE DE DATOS
ASIGNADO EL PRODUCTO COPA RED LABEL COMO A헤DIDO DEL PRODUCTO TONICA ROYAL BLISS EN LA BASE DE DATOS
ASIGNADO EL PRODUCTO COPA BLACK LABEL COMO A헤DIDO DEL PRODUCTO TONICA ROYAL BLISS EN LA BASE DE DATOS
ASIGNADO EL PRODUCTO COPA BLUE LABEL COMO A헤DIDO DEL PRODUCTO TONICA ROYAL BLISS EN LA BASE DE DATOS
ASIGNADO EL PRODUCTO COPA AMARETTO COMO A헤DIDO DEL PRODUCTO TONICA ROYAL BLISS EN LA BASE DE DATOS
ASIGNADO EL PRODUCTO COPA JOSE CUERVO 1800 COMO A헤DIDO DEL PRODUCTO TONICA ROYAL BLISS EN LA BASE DE DATOS
ASIGNADO EL PRODUCTO COPA TEQUILA DON JULIO 1942 COMO A헤DIDO DEL PRODUCTO TONICA ROYAL BLISS EN LA BASE DE DATOS
ASIGNADO EL PRODUCTO COPA PUERTO DE INDIAS COMO A헤DIDO DEL PRODUCTO GINGER ALE EN LA BASE DE DATOS
ASIGNADO EL PRODUCTO COPA BEEFEATER COMO A헤DIDO DEL PRODUCTO GINGER ALE EN LA BASE DE DATOS
ASIGNADO EL PRODUCTO COPA TANQUERAY COMO A헤DIDO DEL PRODUCTO GINGER ALE EN LA BASE DE DATOS
ASIGNADO EL PRODUCTO COPA BROCKMAN'S COMO A헤DIDO DEL PRODUCTO GINGER ALE EN LA BASE DE DATOS
ASIGNADO EL PRODUCTO COPA TANQUERAY TEN COMO A헤DIDO DEL PRODUCTO GINGER ALE EN LA BASE DE DATOS
ASIGNADO EL PRODUCTO COPA GIN MARE COMO A헤DIDO DEL PRODUCTO GINGER ALE EN LA BASE DE DATOS
ASIGNADO EL PRODUCTO COPA ABSOLUT COMO A헤DIDO DEL PRODUCTO GINGER ALE EN LA BASE DE DATOS
ASIGNADO EL PRODUCTO COPA BELVEDERE 0,75 COMO A헤DIDO DEL PRODUCTO GINGER ALE EN LA BASE DE DATOS
ASIGNADO EL PRODUCTO COPA BELVEDERE 1 LT COMO A헤DIDO DEL PRODUCTO GINGER ALE EN LA BASE DE DATOS
ASIGNADO EL PRODUCTO COPA CIROC COMO A헤DIDO DEL PRODUCTO GINGER ALE EN LA BASE DE DATOS
ASIGNADO EL PRODUCTO COPA BLAT COMO A헤DIDO DEL PRODUCTO GINGER ALE EN LA BASE DE DATOS
ASIGNADO EL PRODUCTO COPA AREHUCAS COMO A헤DIDO DEL PRODUCTO GINGER ALE EN LA BASE DE DATOS
ASIGNADO EL PRODUCTO COPA AREHUCAS ORO COMO A헤DIDO DEL PRODUCTO GINGER ALE EN LA BASE DE DATOS
ASIGNADO EL PRODUCTO COPA HAVANA 3 COMO A헤DIDO DEL PRODUCTO GINGER ALE EN LA BASE DE DATOS
ASIGNADO EL PRODUCTO COPA HAVANA 7 COMO A헤DIDO DEL PRODUCTO GINGER ALE EN LA BASE DE DATOS
ASIGNADO EL PRODUCTO COPA DIPLOMATICO COMO A헤DIDO DEL PRODUCTO GINGER ALE EN LA BASE DE DATOS
ASIGNADO EL PRODUCTO COPA MATUSALEM 7 COMO A헤DIDO DEL PRODUCTO GINGER ALE EN LA BASE DE DATOS
ASIGNADO EL PRODUCTO COPA JAMESON COMO A헤DIDO DEL PRODUCTO GINGER ALE EN LA BASE DE DATOS
ASIGNADO EL PRODUCTO COPA RED LABEL COMO A헤DIDO DEL PRODUCTO GINGER ALE EN LA BASE DE DATOS
ASIGNADO EL PRODUCTO COPA BLACK LABEL COMO A헤DIDO DEL PRODUCTO GINGER ALE EN LA BASE DE DATOS
ASIGNADO EL PRODUCTO COPA BLUE LABEL COMO A헤DIDO DEL PRODUCTO GINGER ALE EN LA BASE DE DATOS
ASIGNADO EL PRODUCTO COPA AMARETTO COMO A헤DIDO DEL PRODUCTO GINGER ALE EN LA BASE DE DATOS
ASIGNADO EL PRODUCTO COPA JOSE CUERVO 1800 COMO A헤DIDO DEL PRODUCTO GINGER ALE EN LA BASE DE DATOS
ASIGNADO EL PRODUCTO COPA TEQUILA DON JULIO 1942 COMO A헤DIDO DEL PRODUCTO GINGER ALE EN LA BASE DE DATOS
ASIGNADO EL PRODUCTO COPA PUERTO DE INDIAS COMO A헤DIDO DEL PRODUCTO APPLETISER EN LA BASE DE DATOS
ASIGNADO EL PRODUCTO COPA BEEFEATER COMO A헤DIDO DEL PRODUCTO APPLETISER EN LA BASE DE DATOS
ASIGNADO EL PRODUCTO COPA TANQUERAY COMO A헤DIDO DEL PRODUCTO APPLETISER EN LA BASE DE DATOS
ASIGNADO EL PRODUCTO COPA BROCKMAN'S COMO A헤DIDO DEL PRODUCTO APPLETISER EN LA BASE DE DATOS
ASIGNADO EL PRODUCTO COPA TANQUERAY TEN COMO A헤DIDO DEL PRODUCTO APPLETISER EN LA BASE DE DATOS
ASIGNADO EL PRODUCTO COPA GIN MARE COMO A헤DIDO DEL PRODUCTO APPLETISER EN LA BASE DE DATOS
ASIGNADO EL PRODUCTO COPA ABSOLUT COMO A헤DIDO DEL PRODUCTO APPLETISER EN LA BASE DE DATOS
ASIGNADO EL PRODUCTO COPA BELVEDERE 0,75 COMO A헤DIDO DEL PRODUCTO APPLETISER EN LA BASE DE DATOS
ASIGNADO EL PRODUCTO COPA BELVEDERE 1 LT COMO A헤DIDO DEL PRODUCTO APPLETISER EN LA BASE DE DATOS
ASIGNADO EL PRODUCTO COPA CIROC COMO A헤DIDO DEL PRODUCTO APPLETISER EN LA BASE DE DATOS
ASIGNADO EL PRODUCTO COPA BLAT COMO A헤DIDO DEL PRODUCTO APPLETISER EN LA BASE DE DATOS
ASIGNADO EL PRODUCTO COPA AREHUCAS COMO A헤DIDO DEL PRODUCTO APPLETISER EN LA BASE DE DATOS
ASIGNADO EL PRODUCTO COPA AREHUCAS ORO COMO A헤DIDO DEL PRODUCTO APPLETISER EN LA BASE DE DATOS
ASIGNADO EL PRODUCTO COPA HAVANA 3 COMO A헤DIDO DEL PRODUCTO APPLETISER EN LA BASE DE DATOS
ASIGNADO EL PRODUCTO COPA HAVANA 7 COMO A헤DIDO DEL PRODUCTO APPLETISER EN LA BASE DE DATOS
ASIGNADO EL PRODUCTO COPA DIPLOMATICO COMO A헤DIDO DEL PRODUCTO APPLETISER EN LA BASE DE DATOS
ASIGNADO EL PRODUCTO COPA MATUSALEM 7 COMO A헤DIDO DEL PRODUCTO APPLETISER EN LA BASE DE DATOS
ASIGNADO EL PRODUCTO COPA JAMESON COMO A헤DIDO DEL PRODUCTO APPLETISER EN LA BASE DE DATOS
ASIGNADO EL PRODUCTO COPA RED LABEL COMO A헤DIDO DEL PRODUCTO APPLETISER EN LA BASE DE DATOS
ASIGNADO EL PRODUCTO COPA BLACK LABEL COMO A헤DIDO DEL PRODUCTO APPLETISER EN LA BASE DE DATOS
ASIGNADO EL PRODUCTO COPA BLUE LABEL COMO A헤DIDO DEL PRODUCTO APPLETISER EN LA BASE DE DATOS
ASIGNADO EL PRODUCTO COPA AMARETTO COMO A헤DIDO DEL PRODUCTO APPLETISER EN LA BASE DE DATOS
ASIGNADO EL PRODUCTO COPA JOSE CUERVO 1800 COMO A헤DIDO DEL PRODUCTO APPLETISER EN LA BASE DE DATOS
ASIGNADO EL PRODUCTO COPA TEQUILA DON JULIO 1942 COMO A헤DIDO DEL PRODUCTO APPLETISER EN LA BASE DE DATOS
ASIGNADO EL PRODUCTO COPA PUERTO DE INDIAS COMO A헤DIDO DEL PRODUCTO MONSTER REHAB EN LA BASE DE DATOS
ASIGNADO EL PRODUCTO COPA BEEFEATER COMO A헤DIDO DEL PRODUCTO MONSTER REHAB EN LA BASE DE DATOS
ASIGNADO EL PRODUCTO COPA TANQUERAY COMO A헤DIDO DEL PRODUCTO MONSTER REHAB EN LA BASE DE DATOS
ASIGNADO EL PRODUCTO COPA BROCKMAN'S COMO A헤DIDO DEL PRODUCTO MONSTER REHAB EN LA BASE DE DATOS
ASIGNADO EL PRODUCTO COPA TANQUERAY TEN COMO A헤DIDO DEL PRODUCTO MONSTER REHAB EN LA BASE DE DATOS
ASIGNADO EL PRODUCTO COPA GIN MARE COMO A헤DIDO DEL PRODUCTO MONSTER REHAB EN LA BASE DE DATOS
ASIGNADO EL PRODUCTO COPA ABSOLUT COMO A헤DIDO DEL PRODUCTO MONSTER REHAB EN LA BASE DE DATOS
ASIGNADO EL PRODUCTO COPA BELVEDERE 0,75 COMO A헤DIDO DEL PRODUCTO MONSTER REHAB EN LA BASE DE DATOS
ASIGNADO EL PRODUCTO COPA BELVEDERE 1 LT COMO A헤DIDO DEL PRODUCTO MONSTER REHAB EN LA BASE DE DATOS
ASIGNADO EL PRODUCTO COPA CIROC COMO A헤DIDO DEL PRODUCTO MONSTER REHAB EN LA BASE DE DATOS
ASIGNADO EL PRODUCTO COPA BLAT COMO A헤DIDO DEL PRODUCTO MONSTER REHAB EN LA BASE DE DATOS
ASIGNADO EL PRODUCTO COPA AREHUCAS COMO A헤DIDO DEL PRODUCTO MONSTER REHAB EN LA BASE DE DATOS
ASIGNADO EL PRODUCTO COPA AREHUCAS ORO COMO A헤DIDO DEL PRODUCTO MONSTER REHAB EN LA BASE DE DATOS
ASIGNADO EL PRODUCTO COPA HAVANA 3 COMO A헤DIDO DEL PRODUCTO MONSTER REHAB EN LA BASE DE DATOS
ASIGNADO EL PRODUCTO COPA HAVANA 7 COMO A헤DIDO DEL PRODUCTO MONSTER REHAB EN LA BASE DE DATOS
ASIGNADO EL PRODUCTO COPA DIPLOMATICO COMO A헤DIDO DEL PRODUCTO MONSTER REHAB EN LA BASE DE DATOS
ASIGNADO EL PRODUCTO COPA MATUSALEM 7 COMO A헤DIDO DEL PRODUCTO MONSTER REHAB EN LA BASE DE DATOS
ASIGNADO EL PRODUCTO COPA JAMESON COMO A헤DIDO DEL PRODUCTO MONSTER REHAB EN LA BASE DE DATOS
ASIGNADO EL PRODUCTO COPA RED LABEL COMO A헤DIDO DEL PRODUCTO MONSTER REHAB EN LA BASE DE DATOS
ASIGNADO EL PRODUCTO COPA BLACK LABEL COMO A헤DIDO DEL PRODUCTO MONSTER REHAB EN LA BASE DE DATOS
ASIGNADO EL PRODUCTO COPA BLUE LABEL COMO A헤DIDO DEL PRODUCTO MONSTER REHAB EN LA BASE DE DATOS
ASIGNADO EL PRODUCTO COPA AMARETTO COMO A헤DIDO DEL PRODUCTO MONSTER REHAB EN LA BASE DE DATOS
ASIGNADO EL PRODUCTO COPA JOSE CUERVO 1800 COMO A헤DIDO DEL PRODUCTO MONSTER REHAB EN LA BASE DE DATOS
ASIGNADO EL PRODUCTO COPA TEQUILA DON JULIO 1942 COMO A헤DIDO DEL PRODUCTO MONSTER REHAB EN LA BASE DE DATOS
ASIGNADO EL PRODUCTO COPA PUERTO DE INDIAS COMO A헤DIDO DEL PRODUCTO MONSTER EN LA BASE DE DATOS
ASIGNADO EL PRODUCTO COPA BEEFEATER COMO A헤DIDO DEL PRODUCTO MONSTER EN LA BASE DE DATOS
ASIGNADO EL PRODUCTO COPA TANQUERAY COMO A헤DIDO DEL PRODUCTO MONSTER EN LA BASE DE DATOS
ASIGNADO EL PRODUCTO COPA BROCKMAN'S COMO A헤DIDO DEL PRODUCTO MONSTER EN LA BASE DE DATOS
ASIGNADO EL PRODUCTO COPA TANQUERAY TEN COMO A헤DIDO DEL PRODUCTO MONSTER EN LA BASE DE DATOS
ASIGNADO EL PRODUCTO COPA GIN MARE COMO A헤DIDO DEL PRODUCTO MONSTER EN LA BASE DE DATOS
ASIGNADO EL PRODUCTO COPA ABSOLUT COMO A헤DIDO DEL PRODUCTO MONSTER EN LA BASE DE DATOS
ASIGNADO EL PRODUCTO COPA BELVEDERE 0,75 COMO A헤DIDO DEL PRODUCTO MONSTER EN LA BASE DE DATOS
ASIGNADO EL PRODUCTO COPA BELVEDERE 1 LT COMO A헤DIDO DEL PRODUCTO MONSTER EN LA BASE DE DATOS
ASIGNADO EL PRODUCTO COPA CIROC COMO A헤DIDO DEL PRODUCTO MONSTER EN LA BASE DE DATOS
ASIGNADO EL PRODUCTO COPA BLAT COMO A헤DIDO DEL PRODUCTO MONSTER EN LA BASE DE DATOS
ASIGNADO EL PRODUCTO COPA AREHUCAS COMO A헤DIDO DEL PRODUCTO MONSTER EN LA BASE DE DATOS
ASIGNADO EL PRODUCTO COPA AREHUCAS ORO COMO A헤DIDO DEL PRODUCTO MONSTER EN LA BASE DE DATOS
ASIGNADO EL PRODUCTO COPA HAVANA 3 COMO A헤DIDO DEL PRODUCTO MONSTER EN LA BASE DE DATOS
ASIGNADO EL PRODUCTO COPA HAVANA 7 COMO A헤DIDO DEL PRODUCTO MONSTER EN LA BASE DE DATOS
ASIGNADO EL PRODUCTO COPA DIPLOMATICO COMO A헤DIDO DEL PRODUCTO MONSTER EN LA BASE DE DATOS
ASIGNADO EL PRODUCTO COPA MATUSALEM 7 COMO A헤DIDO DEL PRODUCTO MONSTER EN LA BASE DE DATOS
ASIGNADO EL PRODUCTO COPA JAMESON COMO A헤DIDO DEL PRODUCTO MONSTER EN LA BASE DE DATOS
ASIGNADO EL PRODUCTO COPA RED LABEL COMO A헤DIDO DEL PRODUCTO MONSTER EN LA BASE DE DATOS
ASIGNADO EL PRODUCTO COPA BLACK LABEL COMO A헤DIDO DEL PRODUCTO MONSTER EN LA BASE DE DATOS
ASIGNADO EL PRODUCTO COPA BLUE LABEL COMO A헤DIDO DEL PRODUCTO MONSTER EN LA BASE DE DATOS
ASIGNADO EL PRODUCTO COPA AMARETTO COMO A헤DIDO DEL PRODUCTO MONSTER EN LA BASE DE DATOS
ASIGNADO EL PRODUCTO COPA JOSE CUERVO 1800 COMO A헤DIDO DEL PRODUCTO MONSTER EN LA BASE DE DATOS
ASIGNADO EL PRODUCTO COPA TEQUILA DON JULIO 1942 COMO A헤DIDO DEL PRODUCTO MONSTER EN LA BASE DE DATOS
ASIGNADO EL PRODUCTO BOTELLA PUERTO DE INDIAS COMO A헤DIDO DEL PRODUCTO AGUA EN LA BASE DE DATOS
ASIGNADO EL PRODUCTO BOTELLA BEEFEATER COMO A헤DIDO DEL PRODUCTO AGUA EN LA BASE DE DATOS
ASIGNADO EL PRODUCTO BOTELLA TANQUERAY COMO A헤DIDO DEL PRODUCTO AGUA EN LA BASE DE DATOS
ASIGNADO EL PRODUCTO BOTELLA BROCKMAN'S COMO A헤DIDO DEL PRODUCTO AGUA EN LA BASE DE DATOS
ASIGNADO EL PRODUCTO BOTELLA TANQUERAY TEN COMO A헤DIDO DEL PRODUCTO AGUA EN LA BASE DE DATOS
ASIGNADO EL PRODUCTO BOTELLA GIN MARE COMO A헤DIDO DEL PRODUCTO AGUA EN LA BASE DE DATOS
ASIGNADO EL PRODUCTO BOTELLA ABSOLUT COMO A헤DIDO DEL PRODUCTO AGUA EN LA BASE DE DATOS
ASIGNADO EL PRODUCTO BOTELLA BELVEDERE 0,75 COMO A헤DIDO DEL PRODUCTO AGUA EN LA BASE DE DATOS
ASIGNADO EL PRODUCTO BOTELLA BELVEDERE 1 LT COMO A헤DIDO DEL PRODUCTO AGUA EN LA BASE DE DATOS
ASIGNADO EL PRODUCTO BOTELLA CIROC COMO A헤DIDO DEL PRODUCTO AGUA EN LA BASE DE DATOS
ASIGNADO EL PRODUCTO BOTELLA BLAT COMO A헤DIDO DEL PRODUCTO AGUA EN LA BASE DE DATOS
ASIGNADO EL PRODUCTO BOTELLA AREHUCAS COMO A헤DIDO DEL PRODUCTO AGUA EN LA BASE DE DATOS
ASIGNADO EL PRODUCTO BOTELLA AREHUCAS ORO COMO A헤DIDO DEL PRODUCTO AGUA EN LA BASE DE DATOS
ASIGNADO EL PRODUCTO BOTELLA HAVANA 3 COMO A헤DIDO DEL PRODUCTO AGUA EN LA BASE DE DATOS
ASIGNADO EL PRODUCTO BOTELLA HAVANA 7 COMO A헤DIDO DEL PRODUCTO AGUA EN LA BASE DE DATOS
ASIGNADO EL PRODUCTO BOTELLA DIPLOMATICO COMO A헤DIDO DEL PRODUCTO AGUA EN LA BASE DE DATOS
ASIGNADO EL PRODUCTO BOTELLA MATUSALEM 7 COMO A헤DIDO DEL PRODUCTO AGUA EN LA BASE DE DATOS
ASIGNADO EL PRODUCTO BOTELLA JAMESON COMO A헤DIDO DEL PRODUCTO AGUA EN LA BASE DE DATOS
ASIGNADO EL PRODUCTO BOTELLA RED LABEL COMO A헤DIDO DEL PRODUCTO AGUA EN LA BASE DE DATOS
ASIGNADO EL PRODUCTO BOTELLA BLACK LABEL COMO A헤DIDO DEL PRODUCTO AGUA EN LA BASE DE DATOS
ASIGNADO EL PRODUCTO BOTELLA BLUE LABEL COMO A헤DIDO DEL PRODUCTO AGUA EN LA BASE DE DATOS
ASIGNADO EL PRODUCTO BOTELLA AMARETTO COMO A헤DIDO DEL PRODUCTO AGUA EN LA BASE DE DATOS
ASIGNADO EL PRODUCTO BOTELLA JOSE CUERVO 1800 COMO A헤DIDO DEL PRODUCTO AGUA EN LA BASE DE DATOS
ASIGNADO EL PRODUCTO BOTELLA TEQUILA DON JULIO 1942 COMO A헤DIDO DEL PRODUCTO AGUA EN LA BASE DE DATOS
ASIGNADO EL PRODUCTO BOTELLA PUERTO DE INDIAS COMO A헤DIDO DEL PRODUCTO AGUA CON GAS EN LA BASE DE DATOS
ASIGNADO EL PRODUCTO BOTELLA BEEFEATER COMO A헤DIDO DEL PRODUCTO AGUA CON GAS EN LA BASE DE DATOS
ASIGNADO EL PRODUCTO BOTELLA TANQUERAY COMO A헤DIDO DEL PRODUCTO AGUA CON GAS EN LA BASE DE DATOS
ASIGNADO EL PRODUCTO BOTELLA BROCKMAN'S COMO A헤DIDO DEL PRODUCTO AGUA CON GAS EN LA BASE DE DATOS
ASIGNADO EL PRODUCTO BOTELLA TANQUERAY TEN COMO A헤DIDO DEL PRODUCTO AGUA CON GAS EN LA BASE DE DATOS
ASIGNADO EL PRODUCTO BOTELLA GIN MARE COMO A헤DIDO DEL PRODUCTO AGUA CON GAS EN LA BASE DE DATOS
ASIGNADO EL PRODUCTO BOTELLA ABSOLUT COMO A헤DIDO DEL PRODUCTO AGUA CON GAS EN LA BASE DE DATOS
ASIGNADO EL PRODUCTO BOTELLA BELVEDERE 0,75 COMO A헤DIDO DEL PRODUCTO AGUA CON GAS EN LA BASE DE DATOS
ASIGNADO EL PRODUCTO BOTELLA BELVEDERE 1 LT COMO A헤DIDO DEL PRODUCTO AGUA CON GAS EN LA BASE DE DATOS
ASIGNADO EL PRODUCTO BOTELLA CIROC COMO A헤DIDO DEL PRODUCTO AGUA CON GAS EN LA BASE DE DATOS
ASIGNADO EL PRODUCTO BOTELLA BLAT COMO A헤DIDO DEL PRODUCTO AGUA CON GAS EN LA BASE DE DATOS
ASIGNADO EL PRODUCTO BOTELLA AREHUCAS COMO A헤DIDO DEL PRODUCTO AGUA CON GAS EN LA BASE DE DATOS
ASIGNADO EL PRODUCTO BOTELLA AREHUCAS ORO COMO A헤DIDO DEL PRODUCTO AGUA CON GAS EN LA BASE DE DATOS
ASIGNADO EL PRODUCTO BOTELLA HAVANA 3 COMO A헤DIDO DEL PRODUCTO AGUA CON GAS EN LA BASE DE DATOS
ASIGNADO EL PRODUCTO BOTELLA HAVANA 7 COMO A헤DIDO DEL PRODUCTO AGUA CON GAS EN LA BASE DE DATOS
ASIGNADO EL PRODUCTO BOTELLA DIPLOMATICO COMO A헤DIDO DEL PRODUCTO AGUA CON GAS EN LA BASE DE DATOS
ASIGNADO EL PRODUCTO BOTELLA MATUSALEM 7 COMO A헤DIDO DEL PRODUCTO AGUA CON GAS EN LA BASE DE DATOS
ASIGNADO EL PRODUCTO BOTELLA JAMESON COMO A헤DIDO DEL PRODUCTO AGUA CON GAS EN LA BASE DE DATOS
ASIGNADO EL PRODUCTO BOTELLA RED LABEL COMO A헤DIDO DEL PRODUCTO AGUA CON GAS EN LA BASE DE DATOS
ASIGNADO EL PRODUCTO BOTELLA BLACK LABEL COMO A헤DIDO DEL PRODUCTO AGUA CON GAS EN LA BASE DE DATOS
ASIGNADO EL PRODUCTO BOTELLA BLUE LABEL COMO A헤DIDO DEL PRODUCTO AGUA CON GAS EN LA BASE DE DATOS
ASIGNADO EL PRODUCTO BOTELLA AMARETTO COMO A헤DIDO DEL PRODUCTO AGUA CON GAS EN LA BASE DE DATOS
ASIGNADO EL PRODUCTO BOTELLA JOSE CUERVO 1800 COMO A헤DIDO DEL PRODUCTO AGUA CON GAS EN LA BASE DE DATOS
ASIGNADO EL PRODUCTO BOTELLA TEQUILA DON JULIO 1942 COMO A헤DIDO DEL PRODUCTO AGUA CON GAS EN LA BASE DE DATOS
ASIGNADO EL PRODUCTO BOTELLA PUERTO DE INDIAS COMO A헤DIDO DEL PRODUCTO COCA COLA EN LA BASE DE DATOS
ASIGNADO EL PRODUCTO BOTELLA BEEFEATER COMO A헤DIDO DEL PRODUCTO COCA COLA EN LA BASE DE DATOS
ASIGNADO EL PRODUCTO BOTELLA TANQUERAY COMO A헤DIDO DEL PRODUCTO COCA COLA EN LA BASE DE DATOS
ASIGNADO EL PRODUCTO BOTELLA BROCKMAN'S COMO A헤DIDO DEL PRODUCTO COCA COLA EN LA BASE DE DATOS
ASIGNADO EL PRODUCTO BOTELLA TANQUERAY TEN COMO A헤DIDO DEL PRODUCTO COCA COLA EN LA BASE DE DATOS
ASIGNADO EL PRODUCTO BOTELLA GIN MARE COMO A헤DIDO DEL PRODUCTO COCA COLA EN LA BASE DE DATOS
ASIGNADO EL PRODUCTO BOTELLA ABSOLUT COMO A헤DIDO DEL PRODUCTO COCA COLA EN LA BASE DE DATOS
ASIGNADO EL PRODUCTO BOTELLA BELVEDERE 0,75 COMO A헤DIDO DEL PRODUCTO COCA COLA EN LA BASE DE DATOS
ASIGNADO EL PRODUCTO BOTELLA BELVEDERE 1 LT COMO A헤DIDO DEL PRODUCTO COCA COLA EN LA BASE DE DATOS
ASIGNADO EL PRODUCTO BOTELLA CIROC COMO A헤DIDO DEL PRODUCTO COCA COLA EN LA BASE DE DATOS
ASIGNADO EL PRODUCTO BOTELLA BLAT COMO A헤DIDO DEL PRODUCTO COCA COLA EN LA BASE DE DATOS
ASIGNADO EL PRODUCTO BOTELLA AREHUCAS COMO A헤DIDO DEL PRODUCTO COCA COLA EN LA BASE DE DATOS
ASIGNADO EL PRODUCTO BOTELLA AREHUCAS ORO COMO A헤DIDO DEL PRODUCTO COCA COLA EN LA BASE DE DATOS
ASIGNADO EL PRODUCTO BOTELLA HAVANA 3 COMO A헤DIDO DEL PRODUCTO COCA COLA EN LA BASE DE DATOS
ASIGNADO EL PRODUCTO BOTELLA HAVANA 7 COMO A헤DIDO DEL PRODUCTO COCA COLA EN LA BASE DE DATOS
ASIGNADO EL PRODUCTO BOTELLA DIPLOMATICO COMO A헤DIDO DEL PRODUCTO COCA COLA EN LA BASE DE DATOS
ASIGNADO EL PRODUCTO BOTELLA MATUSALEM 7 COMO A헤DIDO DEL PRODUCTO COCA COLA EN LA BASE DE DATOS
ASIGNADO EL PRODUCTO BOTELLA JAMESON COMO A헤DIDO DEL PRODUCTO COCA COLA EN LA BASE DE DATOS
ASIGNADO EL PRODUCTO BOTELLA RED LABEL COMO A헤DIDO DEL PRODUCTO COCA COLA EN LA BASE DE DATOS
ASIGNADO EL PRODUCTO BOTELLA BLACK LABEL COMO A헤DIDO DEL PRODUCTO COCA COLA EN LA BASE DE DATOS
ASIGNADO EL PRODUCTO BOTELLA BLUE LABEL COMO A헤DIDO DEL PRODUCTO COCA COLA EN LA BASE DE DATOS
ASIGNADO EL PRODUCTO BOTELLA AMARETTO COMO A헤DIDO DEL PRODUCTO COCA COLA EN LA BASE DE DATOS
ASIGNADO EL PRODUCTO BOTELLA JOSE CUERVO 1800 COMO A헤DIDO DEL PRODUCTO COCA COLA EN LA BASE DE DATOS
ASIGNADO EL PRODUCTO BOTELLA TEQUILA DON JULIO 1942 COMO A헤DIDO DEL PRODUCTO COCA COLA EN LA BASE DE DATOS
ASIGNADO EL PRODUCTO BOTELLA PUERTO DE INDIAS COMO A헤DIDO DEL PRODUCTO COCA COLA 00 EN LA BASE DE DATOS
ASIGNADO EL PRODUCTO BOTELLA BEEFEATER COMO A헤DIDO DEL PRODUCTO COCA COLA 00 EN LA BASE DE DATOS
ASIGNADO EL PRODUCTO BOTELLA TANQUERAY COMO A헤DIDO DEL PRODUCTO COCA COLA 00 EN LA BASE DE DATOS
ASIGNADO EL PRODUCTO BOTELLA BROCKMAN'S COMO A헤DIDO DEL PRODUCTO COCA COLA 00 EN LA BASE DE DATOS
ASIGNADO EL PRODUCTO BOTELLA TANQUERAY TEN COMO A헤DIDO DEL PRODUCTO COCA COLA 00 EN LA BASE DE DATOS
ASIGNADO EL PRODUCTO BOTELLA GIN MARE COMO A헤DIDO DEL PRODUCTO COCA COLA 00 EN LA BASE DE DATOS
ASIGNADO EL PRODUCTO BOTELLA ABSOLUT COMO A헤DIDO DEL PRODUCTO COCA COLA 00 EN LA BASE DE DATOS
ASIGNADO EL PRODUCTO BOTELLA BELVEDERE 0,75 COMO A헤DIDO DEL PRODUCTO COCA COLA 00 EN LA BASE DE DATOS
ASIGNADO EL PRODUCTO BOTELLA BELVEDERE 1 LT COMO A헤DIDO DEL PRODUCTO COCA COLA 00 EN LA BASE DE DATOS
ASIGNADO EL PRODUCTO BOTELLA CIROC COMO A헤DIDO DEL PRODUCTO COCA COLA 00 EN LA BASE DE DATOS
ASIGNADO EL PRODUCTO BOTELLA BLAT COMO A헤DIDO DEL PRODUCTO COCA COLA 00 EN LA BASE DE DATOS
ASIGNADO EL PRODUCTO BOTELLA AREHUCAS COMO A헤DIDO DEL PRODUCTO COCA COLA 00 EN LA BASE DE DATOS
ASIGNADO EL PRODUCTO BOTELLA AREHUCAS ORO COMO A헤DIDO DEL PRODUCTO COCA COLA 00 EN LA BASE DE DATOS
ASIGNADO EL PRODUCTO BOTELLA HAVANA 3 COMO A헤DIDO DEL PRODUCTO COCA COLA 00 EN LA BASE DE DATOS
ASIGNADO EL PRODUCTO BOTELLA HAVANA 7 COMO A헤DIDO DEL PRODUCTO COCA COLA 00 EN LA BASE DE DATOS
ASIGNADO EL PRODUCTO BOTELLA DIPLOMATICO COMO A헤DIDO DEL PRODUCTO COCA COLA 00 EN LA BASE DE DATOS
ASIGNADO EL PRODUCTO BOTELLA MATUSALEM 7 COMO A헤DIDO DEL PRODUCTO COCA COLA 00 EN LA BASE DE DATOS
ASIGNADO EL PRODUCTO BOTELLA JAMESON COMO A헤DIDO DEL PRODUCTO COCA COLA 00 EN LA BASE DE DATOS
ASIGNADO EL PRODUCTO BOTELLA RED LABEL COMO A헤DIDO DEL PRODUCTO COCA COLA 00 EN LA BASE DE DATOS
ASIGNADO EL PRODUCTO BOTELLA BLACK LABEL COMO A헤DIDO DEL PRODUCTO COCA COLA 00 EN LA BASE DE DATOS
ASIGNADO EL PRODUCTO BOTELLA BLUE LABEL COMO A헤DIDO DEL PRODUCTO COCA COLA 00 EN LA BASE DE DATOS
ASIGNADO EL PRODUCTO BOTELLA AMARETTO COMO A헤DIDO DEL PRODUCTO COCA COLA 00 EN LA BASE DE DATOS
ASIGNADO EL PRODUCTO BOTELLA JOSE CUERVO 1800 COMO A헤DIDO DEL PRODUCTO COCA COLA 00 EN LA BASE DE DATOS
ASIGNADO EL PRODUCTO BOTELLA TEQUILA DON JULIO 1942 COMO A헤DIDO DEL PRODUCTO COCA COLA 00 EN LA BASE DE DATOS
ASIGNADO EL PRODUCTO BOTELLA PUERTO DE INDIAS COMO A헤DIDO DEL PRODUCTO FANTA NARANJA EN LA BASE DE DATOS
ASIGNADO EL PRODUCTO BOTELLA BEEFEATER COMO A헤DIDO DEL PRODUCTO FANTA NARANJA EN LA BASE DE DATOS
ASIGNADO EL PRODUCTO BOTELLA TANQUERAY COMO A헤DIDO DEL PRODUCTO FANTA NARANJA EN LA BASE DE DATOS
ASIGNADO EL PRODUCTO BOTELLA BROCKMAN'S COMO A헤DIDO DEL PRODUCTO FANTA NARANJA EN LA BASE DE DATOS
ASIGNADO EL PRODUCTO BOTELLA TANQUERAY TEN COMO A헤DIDO DEL PRODUCTO FANTA NARANJA EN LA BASE DE DATOS
ASIGNADO EL PRODUCTO BOTELLA GIN MARE COMO A헤DIDO DEL PRODUCTO FANTA NARANJA EN LA BASE DE DATOS
ASIGNADO EL PRODUCTO BOTELLA ABSOLUT COMO A헤DIDO DEL PRODUCTO FANTA NARANJA EN LA BASE DE DATOS
ASIGNADO EL PRODUCTO BOTELLA BELVEDERE 0,75 COMO A헤DIDO DEL PRODUCTO FANTA NARANJA EN LA BASE DE DATOS
ASIGNADO EL PRODUCTO BOTELLA BELVEDERE 1 LT COMO A헤DIDO DEL PRODUCTO FANTA NARANJA EN LA BASE DE DATOS
ASIGNADO EL PRODUCTO BOTELLA CIROC COMO A헤DIDO DEL PRODUCTO FANTA NARANJA EN LA BASE DE DATOS
ASIGNADO EL PRODUCTO BOTELLA BLAT COMO A헤DIDO DEL PRODUCTO FANTA NARANJA EN LA BASE DE DATOS
ASIGNADO EL PRODUCTO BOTELLA AREHUCAS COMO A헤DIDO DEL PRODUCTO FANTA NARANJA EN LA BASE DE DATOS
ASIGNADO EL PRODUCTO BOTELLA AREHUCAS ORO COMO A헤DIDO DEL PRODUCTO FANTA NARANJA EN LA BASE DE DATOS
ASIGNADO EL PRODUCTO BOTELLA HAVANA 3 COMO A헤DIDO DEL PRODUCTO FANTA NARANJA EN LA BASE DE DATOS
ASIGNADO EL PRODUCTO BOTELLA HAVANA 7 COMO A헤DIDO DEL PRODUCTO FANTA NARANJA EN LA BASE DE DATOS
ASIGNADO EL PRODUCTO BOTELLA DIPLOMATICO COMO A헤DIDO DEL PRODUCTO FANTA NARANJA EN LA BASE DE DATOS
ASIGNADO EL PRODUCTO BOTELLA MATUSALEM 7 COMO A헤DIDO DEL PRODUCTO FANTA NARANJA EN LA BASE DE DATOS
ASIGNADO EL PRODUCTO BOTELLA JAMESON COMO A헤DIDO DEL PRODUCTO FANTA NARANJA EN LA BASE DE DATOS
ASIGNADO EL PRODUCTO BOTELLA RED LABEL COMO A헤DIDO DEL PRODUCTO FANTA NARANJA EN LA BASE DE DATOS
ASIGNADO EL PRODUCTO BOTELLA BLACK LABEL COMO A헤DIDO DEL PRODUCTO FANTA NARANJA EN LA BASE DE DATOS
ASIGNADO EL PRODUCTO BOTELLA BLUE LABEL COMO A헤DIDO DEL PRODUCTO FANTA NARANJA EN LA BASE DE DATOS
ASIGNADO EL PRODUCTO BOTELLA AMARETTO COMO A헤DIDO DEL PRODUCTO FANTA NARANJA EN LA BASE DE DATOS
ASIGNADO EL PRODUCTO BOTELLA JOSE CUERVO 1800 COMO A헤DIDO DEL PRODUCTO FANTA NARANJA EN LA BASE DE DATOS
ASIGNADO EL PRODUCTO BOTELLA TEQUILA DON JULIO 1942 COMO A헤DIDO DEL PRODUCTO FANTA NARANJA EN LA BASE DE DATOS
ASIGNADO EL PRODUCTO BOTELLA PUERTO DE INDIAS COMO A헤DIDO DEL PRODUCTO FANTA LIM흁 EN LA BASE DE DATOS
ASIGNADO EL PRODUCTO BOTELLA BEEFEATER COMO A헤DIDO DEL PRODUCTO FANTA LIM흁 EN LA BASE DE DATOS
ASIGNADO EL PRODUCTO BOTELLA TANQUERAY COMO A헤DIDO DEL PRODUCTO FANTA LIM흁 EN LA BASE DE DATOS
ASIGNADO EL PRODUCTO BOTELLA BROCKMAN'S COMO A헤DIDO DEL PRODUCTO FANTA LIM흁 EN LA BASE DE DATOS
ASIGNADO EL PRODUCTO BOTELLA TANQUERAY TEN COMO A헤DIDO DEL PRODUCTO FANTA LIM흁 EN LA BASE DE DATOS
ASIGNADO EL PRODUCTO BOTELLA GIN MARE COMO A헤DIDO DEL PRODUCTO FANTA LIM흁 EN LA BASE DE DATOS
ASIGNADO EL PRODUCTO BOTELLA ABSOLUT COMO A헤DIDO DEL PRODUCTO FANTA LIM흁 EN LA BASE DE DATOS
ASIGNADO EL PRODUCTO BOTELLA BELVEDERE 0,75 COMO A헤DIDO DEL PRODUCTO FANTA LIM흁 EN LA BASE DE DATOS
ASIGNADO EL PRODUCTO BOTELLA BELVEDERE 1 LT COMO A헤DIDO DEL PRODUCTO FANTA LIM흁 EN LA BASE DE DATOS
ASIGNADO EL PRODUCTO BOTELLA CIROC COMO A헤DIDO DEL PRODUCTO FANTA LIM흁 EN LA BASE DE DATOS
ASIGNADO EL PRODUCTO BOTELLA BLAT COMO A헤DIDO DEL PRODUCTO FANTA LIM흁 EN LA BASE DE DATOS
ASIGNADO EL PRODUCTO BOTELLA AREHUCAS COMO A헤DIDO DEL PRODUCTO FANTA LIM흁 EN LA BASE DE DATOS
ASIGNADO EL PRODUCTO BOTELLA AREHUCAS ORO COMO A헤DIDO DEL PRODUCTO FANTA LIM흁 EN LA BASE DE DATOS
ASIGNADO EL PRODUCTO BOTELLA HAVANA 3 COMO A헤DIDO DEL PRODUCTO FANTA LIM흁 EN LA BASE DE DATOS
ASIGNADO EL PRODUCTO BOTELLA HAVANA 7 COMO A헤DIDO DEL PRODUCTO FANTA LIM흁 EN LA BASE DE DATOS
ASIGNADO EL PRODUCTO BOTELLA DIPLOMATICO COMO A헤DIDO DEL PRODUCTO FANTA LIM흁 EN LA BASE DE DATOS
ASIGNADO EL PRODUCTO BOTELLA MATUSALEM 7 COMO A헤DIDO DEL PRODUCTO FANTA LIM흁 EN LA BASE DE DATOS
ASIGNADO EL PRODUCTO BOTELLA JAMESON COMO A헤DIDO DEL PRODUCTO FANTA LIM흁 EN LA BASE DE DATOS
ASIGNADO EL PRODUCTO BOTELLA RED LABEL COMO A헤DIDO DEL PRODUCTO FANTA LIM흁 EN LA BASE DE DATOS
ASIGNADO EL PRODUCTO BOTELLA BLACK LABEL COMO A헤DIDO DEL PRODUCTO FANTA LIM흁 EN LA BASE DE DATOS
ASIGNADO EL PRODUCTO BOTELLA BLUE LABEL COMO A헤DIDO DEL PRODUCTO FANTA LIM흁 EN LA BASE DE DATOS
ASIGNADO EL PRODUCTO BOTELLA AMARETTO COMO A헤DIDO DEL PRODUCTO FANTA LIM흁 EN LA BASE DE DATOS
ASIGNADO EL PRODUCTO BOTELLA JOSE CUERVO 1800 COMO A헤DIDO DEL PRODUCTO FANTA LIM흁 EN LA BASE DE DATOS
ASIGNADO EL PRODUCTO BOTELLA TEQUILA DON JULIO 1942 COMO A헤DIDO DEL PRODUCTO FANTA LIM흁 EN LA BASE DE DATOS
ASIGNADO EL PRODUCTO BOTELLA PUERTO DE INDIAS COMO A헤DIDO DEL PRODUCTO SPRITE EN LA BASE DE DATOS
ASIGNADO EL PRODUCTO BOTELLA BEEFEATER COMO A헤DIDO DEL PRODUCTO SPRITE EN LA BASE DE DATOS
ASIGNADO EL PRODUCTO BOTELLA TANQUERAY COMO A헤DIDO DEL PRODUCTO SPRITE EN LA BASE DE DATOS
ASIGNADO EL PRODUCTO BOTELLA BROCKMAN'S COMO A헤DIDO DEL PRODUCTO SPRITE EN LA BASE DE DATOS
ASIGNADO EL PRODUCTO BOTELLA TANQUERAY TEN COMO A헤DIDO DEL PRODUCTO SPRITE EN LA BASE DE DATOS
ASIGNADO EL PRODUCTO BOTELLA GIN MARE COMO A헤DIDO DEL PRODUCTO SPRITE EN LA BASE DE DATOS
ASIGNADO EL PRODUCTO BOTELLA ABSOLUT COMO A헤DIDO DEL PRODUCTO SPRITE EN LA BASE DE DATOS
ASIGNADO EL PRODUCTO BOTELLA BELVEDERE 0,75 COMO A헤DIDO DEL PRODUCTO SPRITE EN LA BASE DE DATOS
ASIGNADO EL PRODUCTO BOTELLA BELVEDERE 1 LT COMO A헤DIDO DEL PRODUCTO SPRITE EN LA BASE DE DATOS
ASIGNADO EL PRODUCTO BOTELLA CIROC COMO A헤DIDO DEL PRODUCTO SPRITE EN LA BASE DE DATOS
ASIGNADO EL PRODUCTO BOTELLA BLAT COMO A헤DIDO DEL PRODUCTO SPRITE EN LA BASE DE DATOS
ASIGNADO EL PRODUCTO BOTELLA AREHUCAS COMO A헤DIDO DEL PRODUCTO SPRITE EN LA BASE DE DATOS
ASIGNADO EL PRODUCTO BOTELLA AREHUCAS ORO COMO A헤DIDO DEL PRODUCTO SPRITE EN LA BASE DE DATOS
ASIGNADO EL PRODUCTO BOTELLA HAVANA 3 COMO A헤DIDO DEL PRODUCTO SPRITE EN LA BASE DE DATOS
ASIGNADO EL PRODUCTO BOTELLA HAVANA 7 COMO A헤DIDO DEL PRODUCTO SPRITE EN LA BASE DE DATOS
ASIGNADO EL PRODUCTO BOTELLA DIPLOMATICO COMO A헤DIDO DEL PRODUCTO SPRITE EN LA BASE DE DATOS
ASIGNADO EL PRODUCTO BOTELLA MATUSALEM 7 COMO A헤DIDO DEL PRODUCTO SPRITE EN LA BASE DE DATOS
ASIGNADO EL PRODUCTO BOTELLA JAMESON COMO A헤DIDO DEL PRODUCTO SPRITE EN LA BASE DE DATOS
ASIGNADO EL PRODUCTO BOTELLA RED LABEL COMO A헤DIDO DEL PRODUCTO SPRITE EN LA BASE DE DATOS
ASIGNADO EL PRODUCTO BOTELLA BLACK LABEL COMO A헤DIDO DEL PRODUCTO SPRITE EN LA BASE DE DATOS
ASIGNADO EL PRODUCTO BOTELLA BLUE LABEL COMO A헤DIDO DEL PRODUCTO SPRITE EN LA BASE DE DATOS
ASIGNADO EL PRODUCTO BOTELLA AMARETTO COMO A헤DIDO DEL PRODUCTO SPRITE EN LA BASE DE DATOS
ASIGNADO EL PRODUCTO BOTELLA JOSE CUERVO 1800 COMO A헤DIDO DEL PRODUCTO SPRITE EN LA BASE DE DATOS
ASIGNADO EL PRODUCTO BOTELLA TEQUILA DON JULIO 1942 COMO A헤DIDO DEL PRODUCTO SPRITE EN LA BASE DE DATOS
ASIGNADO EL PRODUCTO BOTELLA PUERTO DE INDIAS COMO A헤DIDO DEL PRODUCTO RED BULL EN LA BASE DE DATOS
ASIGNADO EL PRODUCTO BOTELLA BEEFEATER COMO A헤DIDO DEL PRODUCTO RED BULL EN LA BASE DE DATOS
ASIGNADO EL PRODUCTO BOTELLA TANQUERAY COMO A헤DIDO DEL PRODUCTO RED BULL EN LA BASE DE DATOS
ASIGNADO EL PRODUCTO BOTELLA BROCKMAN'S COMO A헤DIDO DEL PRODUCTO RED BULL EN LA BASE DE DATOS
ASIGNADO EL PRODUCTO BOTELLA TANQUERAY TEN COMO A헤DIDO DEL PRODUCTO RED BULL EN LA BASE DE DATOS
ASIGNADO EL PRODUCTO BOTELLA GIN MARE COMO A헤DIDO DEL PRODUCTO RED BULL EN LA BASE DE DATOS
ASIGNADO EL PRODUCTO BOTELLA ABSOLUT COMO A헤DIDO DEL PRODUCTO RED BULL EN LA BASE DE DATOS
ASIGNADO EL PRODUCTO BOTELLA BELVEDERE 0,75 COMO A헤DIDO DEL PRODUCTO RED BULL EN LA BASE DE DATOS
ASIGNADO EL PRODUCTO BOTELLA BELVEDERE 1 LT COMO A헤DIDO DEL PRODUCTO RED BULL EN LA BASE DE DATOS
ASIGNADO EL PRODUCTO BOTELLA CIROC COMO A헤DIDO DEL PRODUCTO RED BULL EN LA BASE DE DATOS
ASIGNADO EL PRODUCTO BOTELLA BLAT COMO A헤DIDO DEL PRODUCTO RED BULL EN LA BASE DE DATOS
ASIGNADO EL PRODUCTO BOTELLA AREHUCAS COMO A헤DIDO DEL PRODUCTO RED BULL EN LA BASE DE DATOS
ASIGNADO EL PRODUCTO BOTELLA AREHUCAS ORO COMO A헤DIDO DEL PRODUCTO RED BULL EN LA BASE DE DATOS
ASIGNADO EL PRODUCTO BOTELLA HAVANA 3 COMO A헤DIDO DEL PRODUCTO RED BULL EN LA BASE DE DATOS
ASIGNADO EL PRODUCTO BOTELLA HAVANA 7 COMO A헤DIDO DEL PRODUCTO RED BULL EN LA BASE DE DATOS
ASIGNADO EL PRODUCTO BOTELLA DIPLOMATICO COMO A헤DIDO DEL PRODUCTO RED BULL EN LA BASE DE DATOS
ASIGNADO EL PRODUCTO BOTELLA MATUSALEM 7 COMO A헤DIDO DEL PRODUCTO RED BULL EN LA BASE DE DATOS
ASIGNADO EL PRODUCTO BOTELLA JAMESON COMO A헤DIDO DEL PRODUCTO RED BULL EN LA BASE DE DATOS
ASIGNADO EL PRODUCTO BOTELLA RED LABEL COMO A헤DIDO DEL PRODUCTO RED BULL EN LA BASE DE DATOS
ASIGNADO EL PRODUCTO BOTELLA BLACK LABEL COMO A헤DIDO DEL PRODUCTO RED BULL EN LA BASE DE DATOS
ASIGNADO EL PRODUCTO BOTELLA BLUE LABEL COMO A헤DIDO DEL PRODUCTO RED BULL EN LA BASE DE DATOS
ASIGNADO EL PRODUCTO BOTELLA AMARETTO COMO A헤DIDO DEL PRODUCTO RED BULL EN LA BASE DE DATOS
ASIGNADO EL PRODUCTO BOTELLA JOSE CUERVO 1800 COMO A헤DIDO DEL PRODUCTO RED BULL EN LA BASE DE DATOS
ASIGNADO EL PRODUCTO BOTELLA TEQUILA DON JULIO 1942 COMO A헤DIDO DEL PRODUCTO RED BULL EN LA BASE DE DATOS
ASIGNADO EL PRODUCTO BOTELLA PUERTO DE INDIAS COMO A헤DIDO DEL PRODUCTO TONICA ROYAL BLISS EN LA BASE DE DATOS
ASIGNADO EL PRODUCTO BOTELLA BEEFEATER COMO A헤DIDO DEL PRODUCTO TONICA ROYAL BLISS EN LA BASE DE DATOS
ASIGNADO EL PRODUCTO BOTELLA TANQUERAY COMO A헤DIDO DEL PRODUCTO TONICA ROYAL BLISS EN LA BASE DE DATOS
ASIGNADO EL PRODUCTO BOTELLA BROCKMAN'S COMO A헤DIDO DEL PRODUCTO TONICA ROYAL BLISS EN LA BASE DE DATOS
ASIGNADO EL PRODUCTO BOTELLA TANQUERAY TEN COMO A헤DIDO DEL PRODUCTO TONICA ROYAL BLISS EN LA BASE DE DATOS
ASIGNADO EL PRODUCTO BOTELLA GIN MARE COMO A헤DIDO DEL PRODUCTO TONICA ROYAL BLISS EN LA BASE DE DATOS
ASIGNADO EL PRODUCTO BOTELLA ABSOLUT COMO A헤DIDO DEL PRODUCTO TONICA ROYAL BLISS EN LA BASE DE DATOS
ASIGNADO EL PRODUCTO BOTELLA BELVEDERE 0,75 COMO A헤DIDO DEL PRODUCTO TONICA ROYAL BLISS EN LA BASE DE DATOS
ASIGNADO EL PRODUCTO BOTELLA BELVEDERE 1 LT COMO A헤DIDO DEL PRODUCTO TONICA ROYAL BLISS EN LA BASE DE DATOS
ASIGNADO EL PRODUCTO BOTELLA CIROC COMO A헤DIDO DEL PRODUCTO TONICA ROYAL BLISS EN LA BASE DE DATOS
ASIGNADO EL PRODUCTO BOTELLA BLAT COMO A헤DIDO DEL PRODUCTO TONICA ROYAL BLISS EN LA BASE DE DATOS
ASIGNADO EL PRODUCTO BOTELLA AREHUCAS COMO A헤DIDO DEL PRODUCTO TONICA ROYAL BLISS EN LA BASE DE DATOS
ASIGNADO EL PRODUCTO BOTELLA AREHUCAS ORO COMO A헤DIDO DEL PRODUCTO TONICA ROYAL BLISS EN LA BASE DE DATOS
ASIGNADO EL PRODUCTO BOTELLA HAVANA 3 COMO A헤DIDO DEL PRODUCTO TONICA ROYAL BLISS EN LA BASE DE DATOS
ASIGNADO EL PRODUCTO BOTELLA HAVANA 7 COMO A헤DIDO DEL PRODUCTO TONICA ROYAL BLISS EN LA BASE DE DATOS
ASIGNADO EL PRODUCTO BOTELLA DIPLOMATICO COMO A헤DIDO DEL PRODUCTO TONICA ROYAL BLISS EN LA BASE DE DATOS
ASIGNADO EL PRODUCTO BOTELLA MATUSALEM 7 COMO A헤DIDO DEL PRODUCTO TONICA ROYAL BLISS EN LA BASE DE DATOS
ASIGNADO EL PRODUCTO BOTELLA JAMESON COMO A헤DIDO DEL PRODUCTO TONICA ROYAL BLISS EN LA BASE DE DATOS
ASIGNADO EL PRODUCTO BOTELLA RED LABEL COMO A헤DIDO DEL PRODUCTO TONICA ROYAL BLISS EN LA BASE DE DATOS
ASIGNADO EL PRODUCTO BOTELLA BLACK LABEL COMO A헤DIDO DEL PRODUCTO TONICA ROYAL BLISS EN LA BASE DE DATOS
ASIGNADO EL PRODUCTO BOTELLA BLUE LABEL COMO A헤DIDO DEL PRODUCTO TONICA ROYAL BLISS EN LA BASE DE DATOS
ASIGNADO EL PRODUCTO BOTELLA AMARETTO COMO A헤DIDO DEL PRODUCTO TONICA ROYAL BLISS EN LA BASE DE DATOS
ASIGNADO EL PRODUCTO BOTELLA JOSE CUERVO 1800 COMO A헤DIDO DEL PRODUCTO TONICA ROYAL BLISS EN LA BASE DE DATOS
ASIGNADO EL PRODUCTO BOTELLA TEQUILA DON JULIO 1942 COMO A헤DIDO DEL PRODUCTO TONICA ROYAL BLISS EN LA BASE DE DATOS
ASIGNADO EL PRODUCTO BOTELLA PUERTO DE INDIAS COMO A헤DIDO DEL PRODUCTO GINGER ALE EN LA BASE DE DATOS
ASIGNADO EL PRODUCTO BOTELLA BEEFEATER COMO A헤DIDO DEL PRODUCTO GINGER ALE EN LA BASE DE DATOS
ASIGNADO EL PRODUCTO BOTELLA TANQUERAY COMO A헤DIDO DEL PRODUCTO GINGER ALE EN LA BASE DE DATOS
ASIGNADO EL PRODUCTO BOTELLA BROCKMAN'S COMO A헤DIDO DEL PRODUCTO GINGER ALE EN LA BASE DE DATOS
ASIGNADO EL PRODUCTO BOTELLA TANQUERAY TEN COMO A헤DIDO DEL PRODUCTO GINGER ALE EN LA BASE DE DATOS
ASIGNADO EL PRODUCTO BOTELLA GIN MARE COMO A헤DIDO DEL PRODUCTO GINGER ALE EN LA BASE DE DATOS
ASIGNADO EL PRODUCTO BOTELLA ABSOLUT COMO A헤DIDO DEL PRODUCTO GINGER ALE EN LA BASE DE DATOS
ASIGNADO EL PRODUCTO BOTELLA BELVEDERE 0,75 COMO A헤DIDO DEL PRODUCTO GINGER ALE EN LA BASE DE DATOS
ASIGNADO EL PRODUCTO BOTELLA BELVEDERE 1 LT COMO A헤DIDO DEL PRODUCTO GINGER ALE EN LA BASE DE DATOS
ASIGNADO EL PRODUCTO BOTELLA CIROC COMO A헤DIDO DEL PRODUCTO GINGER ALE EN LA BASE DE DATOS
ASIGNADO EL PRODUCTO BOTELLA BLAT COMO A헤DIDO DEL PRODUCTO GINGER ALE EN LA BASE DE DATOS
ASIGNADO EL PRODUCTO BOTELLA AREHUCAS COMO A헤DIDO DEL PRODUCTO GINGER ALE EN LA BASE DE DATOS
ASIGNADO EL PRODUCTO BOTELLA AREHUCAS ORO COMO A헤DIDO DEL PRODUCTO GINGER ALE EN LA BASE DE DATOS
ASIGNADO EL PRODUCTO BOTELLA HAVANA 3 COMO A헤DIDO DEL PRODUCTO GINGER ALE EN LA BASE DE DATOS
ASIGNADO EL PRODUCTO BOTELLA HAVANA 7 COMO A헤DIDO DEL PRODUCTO GINGER ALE EN LA BASE DE DATOS
ASIGNADO EL PRODUCTO BOTELLA DIPLOMATICO COMO A헤DIDO DEL PRODUCTO GINGER ALE EN LA BASE DE DATOS
ASIGNADO EL PRODUCTO BOTELLA MATUSALEM 7 COMO A헤DIDO DEL PRODUCTO GINGER ALE EN LA BASE DE DATOS
ASIGNADO EL PRODUCTO BOTELLA JAMESON COMO A헤DIDO DEL PRODUCTO GINGER ALE EN LA BASE DE DATOS
ASIGNADO EL PRODUCTO BOTELLA RED LABEL COMO A헤DIDO DEL PRODUCTO GINGER ALE EN LA BASE DE DATOS
ASIGNADO EL PRODUCTO BOTELLA BLACK LABEL COMO A헤DIDO DEL PRODUCTO GINGER ALE EN LA BASE DE DATOS
ASIGNADO EL PRODUCTO BOTELLA BLUE LABEL COMO A헤DIDO DEL PRODUCTO GINGER ALE EN LA BASE DE DATOS
ASIGNADO EL PRODUCTO BOTELLA AMARETTO COMO A헤DIDO DEL PRODUCTO GINGER ALE EN LA BASE DE DATOS
ASIGNADO EL PRODUCTO BOTELLA JOSE CUERVO 1800 COMO A헤DIDO DEL PRODUCTO GINGER ALE EN LA BASE DE DATOS
ASIGNADO EL PRODUCTO BOTELLA TEQUILA DON JULIO 1942 COMO A헤DIDO DEL PRODUCTO GINGER ALE EN LA BASE DE DATOS
ASIGNADO EL PRODUCTO BOTELLA PUERTO DE INDIAS COMO A헤DIDO DEL PRODUCTO APPLETISER EN LA BASE DE DATOS
ASIGNADO EL PRODUCTO BOTELLA BEEFEATER COMO A헤DIDO DEL PRODUCTO APPLETISER EN LA BASE DE DATOS
ASIGNADO EL PRODUCTO BOTELLA TANQUERAY COMO A헤DIDO DEL PRODUCTO APPLETISER EN LA BASE DE DATOS
ASIGNADO EL PRODUCTO BOTELLA BROCKMAN'S COMO A헤DIDO DEL PRODUCTO APPLETISER EN LA BASE DE DATOS
ASIGNADO EL PRODUCTO BOTELLA TANQUERAY TEN COMO A헤DIDO DEL PRODUCTO APPLETISER EN LA BASE DE DATOS
ASIGNADO EL PRODUCTO BOTELLA GIN MARE COMO A헤DIDO DEL PRODUCTO APPLETISER EN LA BASE DE DATOS
ASIGNADO EL PRODUCTO BOTELLA ABSOLUT COMO A헤DIDO DEL PRODUCTO APPLETISER EN LA BASE DE DATOS
ASIGNADO EL PRODUCTO BOTELLA BELVEDERE 0,75 COMO A헤DIDO DEL PRODUCTO APPLETISER EN LA BASE DE DATOS
ASIGNADO EL PRODUCTO BOTELLA BELVEDERE 1 LT COMO A헤DIDO DEL PRODUCTO APPLETISER EN LA BASE DE DATOS
ASIGNADO EL PRODUCTO BOTELLA CIROC COMO A헤DIDO DEL PRODUCTO APPLETISER EN LA BASE DE DATOS
ASIGNADO EL PRODUCTO BOTELLA BLAT COMO A헤DIDO DEL PRODUCTO APPLETISER EN LA BASE DE DATOS
ASIGNADO EL PRODUCTO BOTELLA AREHUCAS COMO A헤DIDO DEL PRODUCTO APPLETISER EN LA BASE DE DATOS
ASIGNADO EL PRODUCTO BOTELLA AREHUCAS ORO COMO A헤DIDO DEL PRODUCTO APPLETISER EN LA BASE DE DATOS
ASIGNADO EL PRODUCTO BOTELLA HAVANA 3 COMO A헤DIDO DEL PRODUCTO APPLETISER EN LA BASE DE DATOS
ASIGNADO EL PRODUCTO BOTELLA HAVANA 7 COMO A헤DIDO DEL PRODUCTO APPLETISER EN LA BASE DE DATOS
ASIGNADO EL PRODUCTO BOTELLA DIPLOMATICO COMO A헤DIDO DEL PRODUCTO APPLETISER EN LA BASE DE DATOS
ASIGNADO EL PRODUCTO BOTELLA MATUSALEM 7 COMO A헤DIDO DEL PRODUCTO APPLETISER EN LA BASE DE DATOS
ASIGNADO EL PRODUCTO BOTELLA JAMESON COMO A헤DIDO DEL PRODUCTO APPLETISER EN LA BASE DE DATOS
ASIGNADO EL PRODUCTO BOTELLA RED LABEL COMO A헤DIDO DEL PRODUCTO APPLETISER EN LA BASE DE DATOS
ASIGNADO EL PRODUCTO BOTELLA BLACK LABEL COMO A헤DIDO DEL PRODUCTO APPLETISER EN LA BASE DE DATOS
ASIGNADO EL PRODUCTO BOTELLA BLUE LABEL COMO A헤DIDO DEL PRODUCTO APPLETISER EN LA BASE DE DATOS
ASIGNADO EL PRODUCTO BOTELLA AMARETTO COMO A헤DIDO DEL PRODUCTO APPLETISER EN LA BASE DE DATOS
ASIGNADO EL PRODUCTO BOTELLA JOSE CUERVO 1800 COMO A헤DIDO DEL PRODUCTO APPLETISER EN LA BASE DE DATOS
ASIGNADO EL PRODUCTO BOTELLA TEQUILA DON JULIO 1942 COMO A헤DIDO DEL PRODUCTO APPLETISER EN LA BASE DE DATOS
ASIGNADO EL PRODUCTO BOTELLA PUERTO DE INDIAS COMO A헤DIDO DEL PRODUCTO MONSTER REHAB EN LA BASE DE DATOS
ASIGNADO EL PRODUCTO BOTELLA BEEFEATER COMO A헤DIDO DEL PRODUCTO MONSTER REHAB EN LA BASE DE DATOS
ASIGNADO EL PRODUCTO BOTELLA TANQUERAY COMO A헤DIDO DEL PRODUCTO MONSTER REHAB EN LA BASE DE DATOS
ASIGNADO EL PRODUCTO BOTELLA BROCKMAN'S COMO A헤DIDO DEL PRODUCTO MONSTER REHAB EN LA BASE DE DATOS
ASIGNADO EL PRODUCTO BOTELLA TANQUERAY TEN COMO A헤DIDO DEL PRODUCTO MONSTER REHAB EN LA BASE DE DATOS
ASIGNADO EL PRODUCTO BOTELLA GIN MARE COMO A헤DIDO DEL PRODUCTO MONSTER REHAB EN LA BASE DE DATOS
ASIGNADO EL PRODUCTO BOTELLA ABSOLUT COMO A헤DIDO DEL PRODUCTO MONSTER REHAB EN LA BASE DE DATOS
ASIGNADO EL PRODUCTO BOTELLA BELVEDERE 0,75 COMO A헤DIDO DEL PRODUCTO MONSTER REHAB EN LA BASE DE DATOS
ASIGNADO EL PRODUCTO BOTELLA BELVEDERE 1 LT COMO A헤DIDO DEL PRODUCTO MONSTER REHAB EN LA BASE DE DATOS
ASIGNADO EL PRODUCTO BOTELLA CIROC COMO A헤DIDO DEL PRODUCTO MONSTER REHAB EN LA BASE DE DATOS
ASIGNADO EL PRODUCTO BOTELLA BLAT COMO A헤DIDO DEL PRODUCTO MONSTER REHAB EN LA BASE DE DATOS
ASIGNADO EL PRODUCTO BOTELLA AREHUCAS COMO A헤DIDO DEL PRODUCTO MONSTER REHAB EN LA BASE DE DATOS
ASIGNADO EL PRODUCTO BOTELLA AREHUCAS ORO COMO A헤DIDO DEL PRODUCTO MONSTER REHAB EN LA BASE DE DATOS
ASIGNADO EL PRODUCTO BOTELLA HAVANA 3 COMO A헤DIDO DEL PRODUCTO MONSTER REHAB EN LA BASE DE DATOS
ASIGNADO EL PRODUCTO BOTELLA HAVANA 7 COMO A헤DIDO DEL PRODUCTO MONSTER REHAB EN LA BASE DE DATOS
ASIGNADO EL PRODUCTO BOTELLA DIPLOMATICO COMO A헤DIDO DEL PRODUCTO MONSTER REHAB EN LA BASE DE DATOS
ASIGNADO EL PRODUCTO BOTELLA MATUSALEM 7 COMO A헤DIDO DEL PRODUCTO MONSTER REHAB EN LA BASE DE DATOS
ASIGNADO EL PRODUCTO BOTELLA JAMESON COMO A헤DIDO DEL PRODUCTO MONSTER REHAB EN LA BASE DE DATOS
ASIGNADO EL PRODUCTO BOTELLA RED LABEL COMO A헤DIDO DEL PRODUCTO MONSTER REHAB EN LA BASE DE DATOS
ASIGNADO EL PRODUCTO BOTELLA BLACK LABEL COMO A헤DIDO DEL PRODUCTO MONSTER REHAB EN LA BASE DE DATOS
ASIGNADO EL PRODUCTO BOTELLA BLUE LABEL COMO A헤DIDO DEL PRODUCTO MONSTER REHAB EN LA BASE DE DATOS
ASIGNADO EL PRODUCTO BOTELLA AMARETTO COMO A헤DIDO DEL PRODUCTO MONSTER REHAB EN LA BASE DE DATOS
ASIGNADO EL PRODUCTO BOTELLA JOSE CUERVO 1800 COMO A헤DIDO DEL PRODUCTO MONSTER REHAB EN LA BASE DE DATOS
ASIGNADO EL PRODUCTO BOTELLA TEQUILA DON JULIO 1942 COMO A헤DIDO DEL PRODUCTO MONSTER REHAB EN LA BASE DE DATOS
ASIGNADO EL PRODUCTO BOTELLA PUERTO DE INDIAS COMO A헤DIDO DEL PRODUCTO MONSTER EN LA BASE DE DATOS
ASIGNADO EL PRODUCTO BOTELLA BEEFEATER COMO A헤DIDO DEL PRODUCTO MONSTER EN LA BASE DE DATOS
ASIGNADO EL PRODUCTO BOTELLA TANQUERAY COMO A헤DIDO DEL PRODUCTO MONSTER EN LA BASE DE DATOS
ASIGNADO EL PRODUCTO BOTELLA BROCKMAN'S COMO A헤DIDO DEL PRODUCTO MONSTER EN LA BASE DE DATOS
ASIGNADO EL PRODUCTO BOTELLA TANQUERAY TEN COMO A헤DIDO DEL PRODUCTO MONSTER EN LA BASE DE DATOS
ASIGNADO EL PRODUCTO BOTELLA GIN MARE COMO A헤DIDO DEL PRODUCTO MONSTER EN LA BASE DE DATOS
ASIGNADO EL PRODUCTO BOTELLA ABSOLUT COMO A헤DIDO DEL PRODUCTO MONSTER EN LA BASE DE DATOS
ASIGNADO EL PRODUCTO BOTELLA BELVEDERE 0,75 COMO A헤DIDO DEL PRODUCTO MONSTER EN LA BASE DE DATOS
ASIGNADO EL PRODUCTO BOTELLA BELVEDERE 1 LT COMO A헤DIDO DEL PRODUCTO MONSTER EN LA BASE DE DATOS
ASIGNADO EL PRODUCTO BOTELLA CIROC COMO A헤DIDO DEL PRODUCTO MONSTER EN LA BASE DE DATOS
ASIGNADO EL PRODUCTO BOTELLA BLAT COMO A헤DIDO DEL PRODUCTO MONSTER EN LA BASE DE DATOS
ASIGNADO EL PRODUCTO BOTELLA AREHUCAS COMO A헤DIDO DEL PRODUCTO MONSTER EN LA BASE DE DATOS
ASIGNADO EL PRODUCTO BOTELLA AREHUCAS ORO COMO A헤DIDO DEL PRODUCTO MONSTER EN LA BASE DE DATOS
ASIGNADO EL PRODUCTO BOTELLA HAVANA 3 COMO A헤DIDO DEL PRODUCTO MONSTER EN LA BASE DE DATOS
ASIGNADO EL PRODUCTO BOTELLA HAVANA 7 COMO A헤DIDO DEL PRODUCTO MONSTER EN LA BASE DE DATOS
ASIGNADO EL PRODUCTO BOTELLA DIPLOMATICO COMO A헤DIDO DEL PRODUCTO MONSTER EN LA BASE DE DATOS
ASIGNADO EL PRODUCTO BOTELLA MATUSALEM 7 COMO A헤DIDO DEL PRODUCTO MONSTER EN LA BASE DE DATOS
ASIGNADO EL PRODUCTO BOTELLA JAMESON COMO A헤DIDO DEL PRODUCTO MONSTER EN LA BASE DE DATOS
ASIGNADO EL PRODUCTO BOTELLA RED LABEL COMO A헤DIDO DEL PRODUCTO MONSTER EN LA BASE DE DATOS
ASIGNADO EL PRODUCTO BOTELLA BLACK LABEL COMO A헤DIDO DEL PRODUCTO MONSTER EN LA BASE DE DATOS
ASIGNADO EL PRODUCTO BOTELLA BLUE LABEL COMO A헤DIDO DEL PRODUCTO MONSTER EN LA BASE DE DATOS
ASIGNADO EL PRODUCTO BOTELLA AMARETTO COMO A헤DIDO DEL PRODUCTO MONSTER EN LA BASE DE DATOS
ASIGNADO EL PRODUCTO BOTELLA JOSE CUERVO 1800 COMO A헤DIDO DEL PRODUCTO MONSTER EN LA BASE DE DATOS
ASIGNADO EL PRODUCTO BOTELLA TEQUILA DON JULIO 1942 COMO A헤DIDO DEL PRODUCTO MONSTER EN LA BASE DE DATOS
