NO EXISTE LA IMAGEN DEL PRODUCTO AGUA
EXISTE LA IMAGEN DEL PRODUCTO AGUA CON GAS
EL PARENTESCO ENTRE EL PRODUCTO AGUA CON GAS Y LA RUTA DE SU IMAGEN ES 0.15
EXISTE LA IMAGEN DEL PRODUCTO COCA COLA
EL PARENTESCO ENTRE EL PRODUCTO COCA COLA Y LA RUTA DE SU IMAGEN ES 0.20
NO EXISTE LA IMAGEN DEL PRODUCTO COCA COLA 00
EXISTE LA IMAGEN DEL PRODUCTO FANTA NARANJA
EL PARENTESCO ENTRE EL PRODUCTO FANTA NARANJA Y LA RUTA DE SU IMAGEN ES 0.14
EXISTE LA IMAGEN DEL PRODUCTO SPRITE
EL PARENTESCO ENTRE EL PRODUCTO SPRITE Y LA RUTA DE SU IMAGEN ES 0.29
ACTUALIZADA EN CACHE LA RUTA DE IMAGEN DE TONICA ROYAL BLISS AL VALOR imagenesAgora\refrescos\royal-bliss-tonica.jpg
EXISTE LA IMAGEN DEL PRODUCTO TONICA ROYAL BLISS
EL PARENTESCO ENTRE EL PRODUCTO TONICA ROYAL BLISS Y LA RUTA DE SU IMAGEN ES 0.11
NO EXISTE LA IMAGEN DEL PRODUCTO MONSTER REHAB
ACTUALIZADA EN CACHE LA FAMILIA DE NACHOS AL VALOR PARA PICAR
ACTUALIZADO EN CACHE EL ORDEN DE PREPARACIÓN DE NACHOS AL VALOR Marche Y Pase
EXISTE LA IMAGEN DEL PRODUCTO NACHOS
EL PARENTESCO ENTRE EL PRODUCTO NACHOS Y LA RUTA DE SU IMAGEN ES 0.29
NO EXISTE LA IMAGEN DEL PRODUCTO PAPAS PAJAS
NO EXISTE LA IMAGEN DEL PRODUCTO PISTACHOS
NO EXISTE LA IMAGEN DEL PRODUCTO RITZ-MINI
EXISTE LA IMAGEN DEL PRODUCTO PUERTO DE INDIAS (BOTELLA)
EL PARENTESCO ENTRE EL PRODUCTO PUERTO DE INDIAS (BOTELLA) Y LA RUTA DE SU IMAGEN ES 0.08
EXISTE LA IMAGEN DEL PRODUCTO BEEFEATER (BOTELLA)
EL PARENTESCO ENTRE EL PRODUCTO BEEFEATER (BOTELLA) Y LA RUTA DE SU IMAGEN ES 0.11
EXISTE LA IMAGEN DEL PRODUCTO TANQUERAY (COPA)
EL PARENTESCO ENTRE EL PRODUCTO TANQUERAY (COPA) Y LA RUTA DE SU IMAGEN ES 0.13
EXISTE LA IMAGEN DEL PRODUCTO TANQUERAY (BOTELLA)
EL PARENTESCO ENTRE EL PRODUCTO TANQUERAY (BOTELLA) Y LA RUTA DE SU IMAGEN ES 0.11
EXISTE LA IMAGEN DEL PRODUCTO BROCKMAN'S (BOTELLA)
EL PARENTESCO ENTRE EL PRODUCTO BROCKMAN'S (BOTELLA) Y LA RUTA DE SU IMAGEN ES 0.11
EXISTE LA IMAGEN DEL PRODUCTO TANQUERAY TEN (COPA)
EL PARENTESCO ENTRE EL PRODUCTO TANQUERAY TEN (COPA) Y LA RUTA DE SU IMAGEN ES 0.11
EXISTE LA IMAGEN DEL PRODUCTO TANQUERAY TEN (BOTELLA)
EL PARENTESCO ENTRE EL PRODUCTO TANQUERAY TEN (BOTELLA) Y LA RUTA DE SU IMAGEN ES 0.09
EXISTE LA IMAGEN DEL PRODUCTO GIN MARE (BOTELLA)
EL PARENTESCO ENTRE EL PRODUCTO GIN MARE (BOTELLA) Y LA RUTA DE SU IMAGEN ES 0.12
EXISTE LA IMAGEN DEL PRODUCTO ABSOLUT (BOTELLA)
EL PARENTESCO ENTRE EL PRODUCTO ABSOLUT (BOTELLA) Y LA RUTA DE SU IMAGEN ES 0.12
EXISTE LA IMAGEN DEL PRODUCTO BELVEDERE 0,75 (COPA)
EL PARENTESCO ENTRE EL PRODUCTO BELVEDERE 0,75 (COPA) Y LA RUTA DE SU IMAGEN ES 0.10
EXISTE LA IMAGEN DEL PRODUCTO BELVEDERE 0,75 (BOTELLA)
EL PARENTESCO ENTRE EL PRODUCTO BELVEDERE 0,75 (BOTELLA) Y LA RUTA DE SU IMAGEN ES 0.09
EXISTE LA IMAGEN DEL PRODUCTO BELVEDERE 1 LT (COPA)
EL PARENTESCO ENTRE EL PRODUCTO BELVEDERE 1 LT (COPA) Y LA RUTA DE SU IMAGEN ES 0.10
EXISTE LA IMAGEN DEL PRODUCTO BELVEDERE 1 LT (BOTELLA)
EL PARENTESCO ENTRE EL PRODUCTO BELVEDERE 1 LT (BOTELLA) Y LA RUTA DE SU IMAGEN ES 0.09
EXISTE LA IMAGEN DEL PRODUCTO CIROC (COPA)
EL PARENTESCO ENTRE EL PRODUCTO CIROC (COPA) Y LA RUTA DE SU IMAGEN ES 0.18
EXISTE LA IMAGEN DEL PRODUCTO CIROC (BOTELLA)
EL PARENTESCO ENTRE EL PRODUCTO CIROC (BOTELLA) Y LA RUTA DE SU IMAGEN ES 0.14
EXISTE LA IMAGEN DEL PRODUCTO BLAT (BOTELLA)
EL PARENTESCO ENTRE EL PRODUCTO BLAT (BOTELLA) Y LA RUTA DE SU IMAGEN ES 0.15
EXISTE LA IMAGEN DEL PRODUCTO AREHUCAS (BOTELLA)
EL PARENTESCO ENTRE EL PRODUCTO AREHUCAS (BOTELLA) Y LA RUTA DE SU IMAGEN ES 0.12
EXISTE LA IMAGEN DEL PRODUCTO AREHUCAS ORO (COPA)
EL PARENTESCO ENTRE EL PRODUCTO AREHUCAS ORO (COPA) Y LA RUTA DE SU IMAGEN ES 0.11
EXISTE LA IMAGEN DEL PRODUCTO AREHUCAS ORO (BOTELLA)
EL PARENTESCO ENTRE EL PRODUCTO AREHUCAS ORO (BOTELLA) Y LA RUTA DE SU IMAGEN ES 0.10
EXISTE LA IMAGEN DEL PRODUCTO HAVANA 3 (COPA)
EL PARENTESCO ENTRE EL PRODUCTO HAVANA 3 (COPA) Y LA RUTA DE SU IMAGEN ES 0.14
EXISTE LA IMAGEN DEL PRODUCTO HAVANA 3 (BOTELLA)
EL PARENTESCO ENTRE EL PRODUCTO HAVANA 3 (BOTELLA) Y LA RUTA DE SU IMAGEN ES 0.12
EXISTE LA IMAGEN DEL PRODUCTO HAVANA 7 (COPA)
EL PARENTESCO ENTRE EL PRODUCTO HAVANA 7 (COPA) Y LA RUTA DE SU IMAGEN ES 0.14
EXISTE LA IMAGEN DEL PRODUCTO HAVANA 7 (BOTELLA)
EL PARENTESCO ENTRE EL PRODUCTO HAVANA 7 (BOTELLA) Y LA RUTA DE SU IMAGEN ES 0.12
EXISTE LA IMAGEN DEL PRODUCTO DIPLOMATICO (BOTELLA)
EL PARENTESCO ENTRE EL PRODUCTO DIPLOMATICO (BOTELLA) Y LA RUTA DE SU IMAGEN ES 0.10
EXISTE LA IMAGEN DEL PRODUCTO MATUSALEM 7 (COPA)
EL PARENTESCO ENTRE EL PRODUCTO MATUSALEM 7 (COPA) Y LA RUTA DE SU IMAGEN ES 0.12
EXISTE LA IMAGEN DEL PRODUCTO MATUSALEM 7 (BOTELLA)
EL PARENTESCO ENTRE EL PRODUCTO MATUSALEM 7 (BOTELLA) Y LA RUTA DE SU IMAGEN ES 0.10
EXISTE LA IMAGEN DEL PRODUCTO JAMESON (BOTELLA)
EL PARENTESCO ENTRE EL PRODUCTO JAMESON (BOTELLA) Y LA RUTA DE SU IMAGEN ES 0.12
EXISTE LA IMAGEN DEL PRODUCTO RED LABEL (COPA)
EL PARENTESCO ENTRE EL PRODUCTO RED LABEL (COPA) Y LA RUTA DE SU IMAGEN ES 0.13
EXISTE LA IMAGEN DEL PRODUCTO RED LABEL (BOTELLA)
EL PARENTESCO ENTRE EL PRODUCTO RED LABEL (BOTELLA) Y LA RUTA DE SU IMAGEN ES 0.11
EXISTE LA IMAGEN DEL PRODUCTO BLACK LABEL (BOTELLA)
EL PARENTESCO ENTRE EL PRODUCTO BLACK LABEL (BOTELLA) Y LA RUTA DE SU IMAGEN ES 0.10
EXISTE LA IMAGEN DEL PRODUCTO BLUE LABEL (COPA)
EL PARENTESCO ENTRE EL PRODUCTO BLUE LABEL (COPA) Y LA RUTA DE SU IMAGEN ES 0.12
EXISTE LA IMAGEN DEL PRODUCTO BLUE LABEL (BOTELLA)
EL PARENTESCO ENTRE EL PRODUCTO BLUE LABEL (BOTELLA) Y LA RUTA DE SU IMAGEN ES 0.11
NO EXISTE LA IMAGEN DEL PRODUCTO AMARETTO (BOTELLA)
NO EXISTE LA IMAGEN DEL PRODUCTO JOSE CUERVO 1800 (COPA)
NO EXISTE LA IMAGEN DEL PRODUCTO JOSE CUERVO 1800 (BOTELLA)
NO EXISTE LA IMAGEN DEL PRODUCTO TEQUILA DON JULIO 1942 (COPA)
NO EXISTE LA IMAGEN DEL PRODUCTO TEQUILA DON JULIO 1942 (BOTELLA)
ACTUALIZADA EN CACHE LA FAMILIA DE TEQUILA FRESA AL VALOR VARIOS
EXISTE LA IMAGEN DEL PRODUCTO TEQUILA FRESA
EL PARENTESCO ENTRE EL PRODUCTO TEQUILA FRESA Y LA RUTA DE SU IMAGEN ES 0.14
NO EXISTE LA IMAGEN DEL PRODUCTO TEQUILA SANDÍA
ACTUALIZADA EN CACHE LA FAMILIA DE VODKA CARAMELO AL VALOR VARIOS
EXISTE LA IMAGEN DEL PRODUCTO VODKA CARAMELO
EL PARENTESCO ENTRE EL PRODUCTO VODKA CARAMELO Y LA RUTA DE SU IMAGEN ES 0.13
INSERTADA LA FAMILIA GINEBRAS EN LA BASE DE DATOS
INSERTADA LA FAMILIA PARA PICAR EN LA BASE DE DATOS
INSERTADA LA FAMILIA REFRESCOS EN LA BASE DE DATOS
INSERTADA LA FAMILIA RONES EN LA BASE DE DATOS
INSERTADA LA FAMILIA VARIOS EN LA BASE DE DATOS
INSERTADA LA FAMILIA VODKAS EN LA BASE DE DATOS
INSERTADA LA FAMILIA WHISKIES EN LA BASE DE DATOS
INSERTADO EL TIPO DE PREPARACIÓN Barra EN LA BASE DE DATOS
INSERTADO EL TIPO DE PREPARACIÓN Cocina EN LA BASE DE DATOS
INSERTADO EL ORDEN DE PREPARACIÓN Bebidas EN LA BASE DE DATOS
INSERTADO EL ORDEN DE PREPARACIÓN Marche Y Pase EN LA BASE DE DATOS
INSERTADO EL PRODUCTO BEEFEATER EN LA BASE DE DATOS
INSERTADO EL PRODUCTO BROCKMAN'S EN LA BASE DE DATOS
INSERTADO EL PRODUCTO GIN MARE EN LA BASE DE DATOS
INSERTADO EL PRODUCTO PUERTO DE INDIAS EN LA BASE DE DATOS
INSERTADO EL PRODUCTO TANQUERAY EN LA BASE DE DATOS
INSERTADO EL PRODUCTO TANQUERAY TEN EN LA BASE DE DATOS
INSERTADO EL PRODUCTO ACEITUNAS EN LA BASE DE DATOS
INSERTADO EL PRODUCTO CACAHUETES EN LA BASE DE DATOS
INSERTADO EL PRODUCTO NACHOS EN LA BASE DE DATOS
INSERTADO EL PRODUCTO PAPAS PAJAS EN LA BASE DE DATOS
INSERTADO EL PRODUCTO PISTACHOS EN LA BASE DE DATOS
INSERTADO EL PRODUCTO RITZ-MINI EN LA BASE DE DATOS
INSERTADO EL PRODUCTO AGUA EN LA BASE DE DATOS
INSERTADO EL PRODUCTO AGUA CON GAS EN LA BASE DE DATOS
INSERTADO EL PRODUCTO APPLETISER EN LA BASE DE DATOS
INSERTADO EL PRODUCTO COCA COLA EN LA BASE DE DATOS
INSERTADO EL PRODUCTO COCA COLA 00 EN LA BASE DE DATOS
INSERTADO EL PRODUCTO FANTA LIMÓN EN LA BASE DE DATOS
INSERTADO EL PRODUCTO FANTA NARANJA EN LA BASE DE DATOS
INSERTADO EL PRODUCTO GINGER ALE EN LA BASE DE DATOS
INSERTADO EL PRODUCTO MONSTER EN LA BASE DE DATOS
INSERTADO EL PRODUCTO MONSTER REHAB EN LA BASE DE DATOS
INSERTADO EL PRODUCTO RED BULL EN LA BASE DE DATOS
INSERTADO EL PRODUCTO SPRITE EN LA BASE DE DATOS
INSERTADO EL PRODUCTO TONICA ROYAL BLISS EN LA BASE DE DATOS
INSERTADO EL PRODUCTO AREHUCAS EN LA BASE DE DATOS
INSERTADO EL PRODUCTO AREHUCAS ORO EN LA BASE DE DATOS
INSERTADO EL PRODUCTO DIPLOMATICO EN LA BASE DE DATOS
INSERTADO EL PRODUCTO HAVANA 3 EN LA BASE DE DATOS
INSERTADO EL PRODUCTO HAVANA 7 EN LA BASE DE DATOS
INSERTADO EL PRODUCTO MATUSALEM 7 EN LA BASE DE DATOS
INSERTADO EL PRODUCTO AMARETTO EN LA BASE DE DATOS
INSERTADO EL PRODUCTO JOSE CUERVO 1800 EN LA BASE DE DATOS
INSERTADO EL PRODUCTO TEQUILA DON JULIO 1942 EN LA BASE DE DATOS
INSERTADO EL PRODUCTO TEQUILA FRESA EN LA BASE DE DATOS
INSERTADO EL PRODUCTO TEQUILA MELÓN EN LA BASE DE DATOS
INSERTADO EL PRODUCTO TEQUILA SANDÍA EN LA BASE DE DATOS
INSERTADO EL PRODUCTO VODKA CARAMELO EN LA BASE DE DATOS
INSERTADO EL PRODUCTO ABSOLUT EN LA BASE DE DATOS
INSERTADO EL PRODUCTO BELVEDERE 0,75 EN LA BASE DE DATOS
INSERTADO EL PRODUCTO BELVEDERE 1 LT EN LA BASE DE DATOS
INSERTADO EL PRODUCTO BLAT EN LA BASE DE DATOS
INSERTADO EL PRODUCTO CIROC EN LA BASE DE DATOS
INSERTADO EL PRODUCTO BLACK LABEL EN LA BASE DE DATOS
INSERTADO EL PRODUCTO BLUE LABEL EN LA BASE DE DATOS
INSERTADO EL PRODUCTO JAMESON EN LA BASE DE DATOS
INSERTADO EL PRODUCTO RED LABEL EN LA BASE DE DATOS
