NO EXISTE LA IMAGEN DEL PRODUCTO AGUA
EXISTE LA IMAGEN DEL PRODUCTO AGUA CON GAS
EL PARENTESCO ENTRE EL PRODUCTO AGUA CON GAS Y LA RUTA DE SU IMAGEN ES 0.15
EXISTE LA IMAGEN DEL PRODUCTO COCA COLA
EL PARENTESCO ENTRE EL PRODUCTO COCA COLA Y LA RUTA DE SU IMAGEN ES 0.20
NO EXISTE LA IMAGEN DEL PRODUCTO COCA COLA 00
EXISTE LA IMAGEN DEL PRODUCTO FANTA NARANJA
EL PARENTESCO ENTRE EL PRODUCTO FANTA NARANJA Y LA RUTA DE SU IMAGEN ES 0.14
EXISTE LA IMAGEN DEL PRODUCTO SPRITE
EL PARENTESCO ENTRE EL PRODUCTO SPRITE Y LA RUTA DE SU IMAGEN ES 0.29
ACTUALIZADA EN CACHE LA RUTA DE IMAGEN DE TONICA ROYAL BLISS AL VALOR imagenesAgora\refrescos\royal-bliss-tonica.jpg
EXISTE LA IMAGEN DEL PRODUCTO TONICA ROYAL BLISS
EL PARENTESCO ENTRE EL PRODUCTO TONICA ROYAL BLISS Y LA RUTA DE SU IMAGEN ES 0.11
NO EXISTE LA IMAGEN DEL PRODUCTO MONSTER REHAB
ACTUALIZADA EN CACHE LA FAMILIA DE NACHOS AL VALOR PARA PICAR
ACTUALIZADO EN CACHE EL ORDEN DE PREPARACI흁 DE NACHOS AL VALOR Marche Y Pase
EXISTE LA IMAGEN DEL PRODUCTO NACHOS
EL PARENTESCO ENTRE EL PRODUCTO NACHOS Y LA RUTA DE SU IMAGEN ES 0.29
NO EXISTE LA IMAGEN DEL PRODUCTO PAPAS PAJAS
NO EXISTE LA IMAGEN DEL PRODUCTO PISTACHOS
NO EXISTE LA IMAGEN DEL PRODUCTO RITZ-MINI
EXISTE LA IMAGEN DEL PRODUCTO PUERTO DE INDIAS (BOTELLA)
EL PARENTESCO ENTRE EL PRODUCTO PUERTO DE INDIAS (BOTELLA) Y LA RUTA DE SU IMAGEN ES 0.08
EXISTE LA IMAGEN DEL PRODUCTO BEEFEATER (BOTELLA)
EL PARENTESCO ENTRE EL PRODUCTO BEEFEATER (BOTELLA) Y LA RUTA DE SU IMAGEN ES 0.11
EXISTE LA IMAGEN DEL PRODUCTO TANQUERAY (COPA)
EL PARENTESCO ENTRE EL PRODUCTO TANQUERAY (COPA) Y LA RUTA DE SU IMAGEN ES 0.13
EXISTE LA IMAGEN DEL PRODUCTO TANQUERAY (BOTELLA)
EL PARENTESCO ENTRE EL PRODUCTO TANQUERAY (BOTELLA) Y LA RUTA DE SU IMAGEN ES 0.11
EXISTE LA IMAGEN DEL PRODUCTO BROCKMAN'S (BOTELLA)
EL PARENTESCO ENTRE EL PRODUCTO BROCKMAN'S (BOTELLA) Y LA RUTA DE SU IMAGEN ES 0.11
EXISTE LA IMAGEN DEL PRODUCTO TANQUERAY TEN (COPA)
EL PARENTESCO ENTRE EL PRODUCTO TANQUERAY TEN (COPA) Y LA RUTA DE SU IMAGEN ES 0.11
EXISTE LA IMAGEN DEL PRODUCTO TANQUERAY TEN (BOTELLA)
EL PARENTESCO ENTRE EL PRODUCTO TANQUERAY TEN (BOTELLA) Y LA RUTA DE SU IMAGEN ES 0.09
EXISTE LA IMAGEN DEL PRODUCTO GIN MARE (BOTELLA)
EL PARENTESCO ENTRE EL PRODUCTO GIN MARE (BOTELLA) Y LA RUTA DE SU IMAGEN ES 0.12
EXISTE LA IMAGEN DEL PRODUCTO ABSOLUT (BOTELLA)
EL PARENTESCO ENTRE EL PRODUCTO ABSOLUT (BOTELLA) Y LA RUTA DE SU IMAGEN ES 0.12
EXISTE LA IMAGEN DEL PRODUCTO BELVEDERE 0,75 (COPA)
EL PARENTESCO ENTRE EL PRODUCTO BELVEDERE 0,75 (COPA) Y LA RUTA DE SU IMAGEN ES 0.10
EXISTE LA IMAGEN DEL PRODUCTO BELVEDERE 0,75 (BOTELLA)
EL PARENTESCO ENTRE EL PRODUCTO BELVEDERE 0,75 (BOTELLA) Y LA RUTA DE SU IMAGEN ES 0.09
EXISTE LA IMAGEN DEL PRODUCTO BELVEDERE 1 LT (COPA)
EL PARENTESCO ENTRE EL PRODUCTO BELVEDERE 1 LT (COPA) Y LA RUTA DE SU IMAGEN ES 0.10
EXISTE LA IMAGEN DEL PRODUCTO BELVEDERE 1 LT (BOTELLA)
EL PARENTESCO ENTRE EL PRODUCTO BELVEDERE 1 LT (BOTELLA) Y LA RUTA DE SU IMAGEN ES 0.09
EXISTE LA IMAGEN DEL PRODUCTO CIROC (COPA)
EL PARENTESCO ENTRE EL PRODUCTO CIROC (COPA) Y LA RUTA DE SU IMAGEN ES 0.18
EXISTE LA IMAGEN DEL PRODUCTO CIROC (BOTELLA)
EL PARENTESCO ENTRE EL PRODUCTO CIROC (BOTELLA) Y LA RUTA DE SU IMAGEN ES 0.14
EXISTE LA IMAGEN DEL PRODUCTO BLAT (BOTELLA)
EL PARENTESCO ENTRE EL PRODUCTO BLAT (BOTELLA) Y LA RUTA DE SU IMAGEN ES 0.15
EXISTE LA IMAGEN DEL PRODUCTO AREHUCAS (BOTELLA)
EL PARENTESCO ENTRE EL PRODUCTO AREHUCAS (BOTELLA) Y LA RUTA DE SU IMAGEN ES 0.12
EXISTE LA IMAGEN DEL PRODUCTO AREHUCAS ORO (COPA)
EL PARENTESCO ENTRE EL PRODUCTO AREHUCAS ORO (COPA) Y LA RUTA DE SU IMAGEN ES 0.11
EXISTE LA IMAGEN DEL PRODUCTO AREHUCAS ORO (BOTELLA)
EL PARENTESCO ENTRE EL PRODUCTO AREHUCAS ORO (BOTELLA) Y LA RUTA DE SU IMAGEN ES 0.10
EXISTE LA IMAGEN DEL PRODUCTO HAVANA 3 (COPA)
EL PARENTESCO ENTRE EL PRODUCTO HAVANA 3 (COPA) Y LA RUTA DE SU IMAGEN ES 0.14
EXISTE LA IMAGEN DEL PRODUCTO HAVANA 3 (BOTELLA)
EL PARENTESCO ENTRE EL PRODUCTO HAVANA 3 (BOTELLA) Y LA RUTA DE SU IMAGEN ES 0.12
EXISTE LA IMAGEN DEL PRODUCTO HAVANA 7 (COPA)
EL PARENTESCO ENTRE EL PRODUCTO HAVANA 7 (COPA) Y LA RUTA DE SU IMAGEN ES 0.14
EXISTE LA IMAGEN DEL PRODUCTO HAVANA 7 (BOTELLA)
EL PARENTESCO ENTRE EL PRODUCTO HAVANA 7 (BOTELLA) Y LA RUTA DE SU IMAGEN ES 0.12
EXISTE LA IMAGEN DEL PRODUCTO DIPLOMATICO (BOTELLA)
EL PARENTESCO ENTRE EL PRODUCTO DIPLOMATICO (BOTELLA) Y LA RUTA DE SU IMAGEN ES 0.10
EXISTE LA IMAGEN DEL PRODUCTO MATUSALEM 7 (COPA)
EL PARENTESCO ENTRE EL PRODUCTO MATUSALEM 7 (COPA) Y LA RUTA DE SU IMAGEN ES 0.12
EXISTE LA IMAGEN DEL PRODUCTO MATUSALEM 7 (BOTELLA)
EL PARENTESCO ENTRE EL PRODUCTO MATUSALEM 7 (BOTELLA) Y LA RUTA DE SU IMAGEN ES 0.10
EXISTE LA IMAGEN DEL PRODUCTO JAMESON (BOTELLA)
EL PARENTESCO ENTRE EL PRODUCTO JAMESON (BOTELLA) Y LA RUTA DE SU IMAGEN ES 0.12
EXISTE LA IMAGEN DEL PRODUCTO RED LABEL (COPA)
EL PARENTESCO ENTRE EL PRODUCTO RED LABEL (COPA) Y LA RUTA DE SU IMAGEN ES 0.13
EXISTE LA IMAGEN DEL PRODUCTO RED LABEL (BOTELLA)
EL PARENTESCO ENTRE EL PRODUCTO RED LABEL (BOTELLA) Y LA RUTA DE SU IMAGEN ES 0.11
EXISTE LA IMAGEN DEL PRODUCTO BLACK LABEL (BOTELLA)
EL PARENTESCO ENTRE EL PRODUCTO BLACK LABEL (BOTELLA) Y LA RUTA DE SU IMAGEN ES 0.10
EXISTE LA IMAGEN DEL PRODUCTO BLUE LABEL (COPA)
EL PARENTESCO ENTRE EL PRODUCTO BLUE LABEL (COPA) Y LA RUTA DE SU IMAGEN ES 0.12
EXISTE LA IMAGEN DEL PRODUCTO BLUE LABEL (BOTELLA)
EL PARENTESCO ENTRE EL PRODUCTO BLUE LABEL (BOTELLA) Y LA RUTA DE SU IMAGEN ES 0.11
NO EXISTE LA IMAGEN DEL PRODUCTO AMARETTO (BOTELLA)
NO EXISTE LA IMAGEN DEL PRODUCTO JOSE CUERVO 1800 (COPA)
NO EXISTE LA IMAGEN DEL PRODUCTO JOSE CUERVO 1800 (BOTELLA)
NO EXISTE LA IMAGEN DEL PRODUCTO TEQUILA DON JULIO 1942 (COPA)
NO EXISTE LA IMAGEN DEL PRODUCTO TEQUILA DON JULIO 1942 (BOTELLA)
ACTUALIZADA EN CACHE LA FAMILIA DE TEQUILA FRESA AL VALOR VARIOS
EXISTE LA IMAGEN DEL PRODUCTO TEQUILA FRESA
EL PARENTESCO ENTRE EL PRODUCTO TEQUILA FRESA Y LA RUTA DE SU IMAGEN ES 0.14
NO EXISTE LA IMAGEN DEL PRODUCTO TEQUILA SAND페
ACTUALIZADA EN CACHE LA FAMILIA DE VODKA CARAMELO AL VALOR VARIOS
EXISTE LA IMAGEN DEL PRODUCTO VODKA CARAMELO
EL PARENTESCO ENTRE EL PRODUCTO VODKA CARAMELO Y LA RUTA DE SU IMAGEN ES 0.13
INSERTADA LA FAMILIA GINEBRAS EN LA BASE DE DATOS
INSERTADA LA FAMILIA PARA PICAR EN LA BASE DE DATOS
INSERTADA LA FAMILIA REFRESCOS EN LA BASE DE DATOS
INSERTADA LA FAMILIA RONES EN LA BASE DE DATOS
INSERTADA LA FAMILIA VARIOS EN LA BASE DE DATOS
INSERTADA LA FAMILIA VODKAS EN LA BASE DE DATOS
INSERTADA LA FAMILIA WHISKIES EN LA BASE DE DATOS
INSERTADO EL TIPO DE PREPARACI흁 Barra EN LA BASE DE DATOS
INSERTADO EL TIPO DE PREPARACI흁 Cocina EN LA BASE DE DATOS
INSERTADO EL ORDEN DE PREPARACI흁 Bebidas EN LA BASE DE DATOS
INSERTADO EL ORDEN DE PREPARACI흁 Marche Y Pase EN LA BASE DE DATOS
INSERTADO EL PRODUCTO BEEFEATER EN LA BASE DE DATOS
INSERTADO EL PRODUCTO BROCKMAN'S EN LA BASE DE DATOS
INSERTADO EL PRODUCTO GIN MARE EN LA BASE DE DATOS
INSERTADO EL PRODUCTO PUERTO DE INDIAS EN LA BASE DE DATOS
INSERTADO EL PRODUCTO TANQUERAY EN LA BASE DE DATOS
INSERTADO EL PRODUCTO TANQUERAY TEN EN LA BASE DE DATOS
INSERTADO EL PRODUCTO ACEITUNAS EN LA BASE DE DATOS
INSERTADO EL PRODUCTO CACAHUETES EN LA BASE DE DATOS
INSERTADO EL PRODUCTO NACHOS EN LA BASE DE DATOS
INSERTADO EL PRODUCTO PAPAS PAJAS EN LA BASE DE DATOS
INSERTADO EL PRODUCTO PISTACHOS EN LA BASE DE DATOS
INSERTADO EL PRODUCTO RITZ-MINI EN LA BASE DE DATOS
INSERTADO EL PRODUCTO AGUA EN LA BASE DE DATOS
INSERTADO EL PRODUCTO AGUA CON GAS EN LA BASE DE DATOS
INSERTADO EL PRODUCTO APPLETISER EN LA BASE DE DATOS
INSERTADO EL PRODUCTO COCA COLA EN LA BASE DE DATOS
INSERTADO EL PRODUCTO COCA COLA 00 EN LA BASE DE DATOS
INSERTADO EL PRODUCTO FANTA LIM흁 EN LA BASE DE DATOS
INSERTADO EL PRODUCTO FANTA NARANJA EN LA BASE DE DATOS
INSERTADO EL PRODUCTO GINGER ALE EN LA BASE DE DATOS
INSERTADO EL PRODUCTO MONSTER EN LA BASE DE DATOS
INSERTADO EL PRODUCTO MONSTER REHAB EN LA BASE DE DATOS
INSERTADO EL PRODUCTO RED BULL EN LA BASE DE DATOS
INSERTADO EL PRODUCTO SPRITE EN LA BASE DE DATOS
INSERTADO EL PRODUCTO TONICA ROYAL BLISS EN LA BASE DE DATOS
INSERTADO EL PRODUCTO AREHUCAS EN LA BASE DE DATOS
INSERTADO EL PRODUCTO AREHUCAS ORO EN LA BASE DE DATOS
INSERTADO EL PRODUCTO DIPLOMATICO EN LA BASE DE DATOS
INSERTADO EL PRODUCTO HAVANA 3 EN LA BASE DE DATOS
INSERTADO EL PRODUCTO HAVANA 7 EN LA BASE DE DATOS
INSERTADO EL PRODUCTO MATUSALEM 7 EN LA BASE DE DATOS
INSERTADO EL PRODUCTO AMARETTO EN LA BASE DE DATOS
INSERTADO EL PRODUCTO JOSE CUERVO 1800 EN LA BASE DE DATOS
INSERTADO EL PRODUCTO TEQUILA DON JULIO 1942 EN LA BASE DE DATOS
INSERTADO EL PRODUCTO TEQUILA FRESA EN LA BASE DE DATOS
INSERTADO EL PRODUCTO TEQUILA MEL흁 EN LA BASE DE DATOS
INSERTADO EL PRODUCTO TEQUILA SAND페 EN LA BASE DE DATOS
INSERTADO EL PRODUCTO VODKA CARAMELO EN LA BASE DE DATOS
INSERTADO EL PRODUCTO ABSOLUT EN LA BASE DE DATOS
INSERTADO EL PRODUCTO BELVEDERE 0,75 EN LA BASE DE DATOS
INSERTADO EL PRODUCTO BELVEDERE 1 LT EN LA BASE DE DATOS
INSERTADO EL PRODUCTO BLAT EN LA BASE DE DATOS
INSERTADO EL PRODUCTO CIROC EN LA BASE DE DATOS
INSERTADO EL PRODUCTO BLACK LABEL EN LA BASE DE DATOS
INSERTADO EL PRODUCTO BLUE LABEL EN LA BASE DE DATOS
INSERTADO EL PRODUCTO JAMESON EN LA BASE DE DATOS
INSERTADO EL PRODUCTO RED LABEL EN LA BASE DE DATOS
INSERTADO EL FORMATO DE VENTA BEEFEATER, CON BEEFEATER COMO PRODUCTO PADRE, EN LA BASE DE DATOS
INSERTADO EL FORMATO DE VENTA COPA BEEFEATER, CON BEEFEATER COMO PRODUCTO PADRE, EN LA BASE DE DATOS
INSERTADO EL FORMATO DE VENTA BOTELLA BEEFEATER, CON BEEFEATER COMO PRODUCTO PADRE, EN LA BASE DE DATOS
INSERTADO EL FORMATO DE VENTA BROCKMAN'S, CON BROCKMAN'S COMO PRODUCTO PADRE, EN LA BASE DE DATOS
INSERTADO EL FORMATO DE VENTA COPA BROCKMAN'S, CON BROCKMAN'S COMO PRODUCTO PADRE, EN LA BASE DE DATOS
INSERTADO EL FORMATO DE VENTA BOTELLA BROCKMAN'S, CON BROCKMAN'S COMO PRODUCTO PADRE, EN LA BASE DE DATOS
INSERTADO EL FORMATO DE VENTA GIN MARE, CON GIN MARE COMO PRODUCTO PADRE, EN LA BASE DE DATOS
INSERTADO EL FORMATO DE VENTA COPA GIN MARE, CON GIN MARE COMO PRODUCTO PADRE, EN LA BASE DE DATOS
INSERTADO EL FORMATO DE VENTA BOTELLA GIN MARE, CON GIN MARE COMO PRODUCTO PADRE, EN LA BASE DE DATOS
INSERTADO EL FORMATO DE VENTA PUERTO DE INDIAS, CON PUERTO DE INDIAS COMO PRODUCTO PADRE, EN LA BASE DE DATOS
INSERTADO EL FORMATO DE VENTA COPA PUERTO DE INDIAS, CON PUERTO DE INDIAS COMO PRODUCTO PADRE, EN LA BASE DE DATOS
INSERTADO EL FORMATO DE VENTA BOTELLA PUERTO DE INDIAS, CON PUERTO DE INDIAS COMO PRODUCTO PADRE, EN LA BASE DE DATOS
INSERTADO EL FORMATO DE VENTA TANQUERAY, CON TANQUERAY COMO PRODUCTO PADRE, EN LA BASE DE DATOS
INSERTADO EL FORMATO DE VENTA COPA TANQUERAY, CON TANQUERAY COMO PRODUCTO PADRE, EN LA BASE DE DATOS
INSERTADO EL FORMATO DE VENTA BOTELLA TANQUERAY, CON TANQUERAY COMO PRODUCTO PADRE, EN LA BASE DE DATOS
INSERTADO EL FORMATO DE VENTA TANQUERAY TEN, CON TANQUERAY TEN COMO PRODUCTO PADRE, EN LA BASE DE DATOS
INSERTADO EL FORMATO DE VENTA COPA TANQUERAY TEN, CON TANQUERAY TEN COMO PRODUCTO PADRE, EN LA BASE DE DATOS
INSERTADO EL FORMATO DE VENTA BOTELLA TANQUERAY TEN, CON TANQUERAY TEN COMO PRODUCTO PADRE, EN LA BASE DE DATOS
INSERTADO EL FORMATO DE VENTA ACEITUNAS, CON ACEITUNAS COMO PRODUCTO PADRE, EN LA BASE DE DATOS
INSERTADO EL FORMATO DE VENTA CACAHUETES, CON CACAHUETES COMO PRODUCTO PADRE, EN LA BASE DE DATOS
INSERTADO EL FORMATO DE VENTA NACHOS, CON NACHOS COMO PRODUCTO PADRE, EN LA BASE DE DATOS
INSERTADO EL FORMATO DE VENTA PAPAS PAJAS, CON PAPAS PAJAS COMO PRODUCTO PADRE, EN LA BASE DE DATOS
INSERTADO EL FORMATO DE VENTA PISTACHOS, CON PISTACHOS COMO PRODUCTO PADRE, EN LA BASE DE DATOS
INSERTADO EL FORMATO DE VENTA RITZ-MINI, CON RITZ-MINI COMO PRODUCTO PADRE, EN LA BASE DE DATOS
INSERTADO EL FORMATO DE VENTA AGUA, CON AGUA COMO PRODUCTO PADRE, EN LA BASE DE DATOS
INSERTADO EL FORMATO DE VENTA AGUA CON GAS, CON AGUA CON GAS COMO PRODUCTO PADRE, EN LA BASE DE DATOS
INSERTADO EL FORMATO DE VENTA APPLETISER, CON APPLETISER COMO PRODUCTO PADRE, EN LA BASE DE DATOS
INSERTADO EL FORMATO DE VENTA COCA COLA, CON COCA COLA COMO PRODUCTO PADRE, EN LA BASE DE DATOS
INSERTADO EL FORMATO DE VENTA COCA COLA 00, CON COCA COLA 00 COMO PRODUCTO PADRE, EN LA BASE DE DATOS
INSERTADO EL FORMATO DE VENTA FANTA LIM흁, CON FANTA LIM흁 COMO PRODUCTO PADRE, EN LA BASE DE DATOS
INSERTADO EL FORMATO DE VENTA FANTA NARANJA, CON FANTA NARANJA COMO PRODUCTO PADRE, EN LA BASE DE DATOS
INSERTADO EL FORMATO DE VENTA GINGER ALE, CON GINGER ALE COMO PRODUCTO PADRE, EN LA BASE DE DATOS
INSERTADO EL FORMATO DE VENTA MONSTER, CON MONSTER COMO PRODUCTO PADRE, EN LA BASE DE DATOS
INSERTADO EL FORMATO DE VENTA MONSTER REHAB, CON MONSTER REHAB COMO PRODUCTO PADRE, EN LA BASE DE DATOS
INSERTADO EL FORMATO DE VENTA RED BULL, CON RED BULL COMO PRODUCTO PADRE, EN LA BASE DE DATOS
INSERTADO EL FORMATO DE VENTA SPRITE, CON SPRITE COMO PRODUCTO PADRE, EN LA BASE DE DATOS
INSERTADO EL FORMATO DE VENTA TONICA ROYAL BLISS, CON TONICA ROYAL BLISS COMO PRODUCTO PADRE, EN LA BASE DE DATOS
INSERTADO EL FORMATO DE VENTA AREHUCAS, CON AREHUCAS COMO PRODUCTO PADRE, EN LA BASE DE DATOS
INSERTADO EL FORMATO DE VENTA COPA AREHUCAS, CON AREHUCAS COMO PRODUCTO PADRE, EN LA BASE DE DATOS
INSERTADO EL FORMATO DE VENTA BOTELLA AREHUCAS, CON AREHUCAS COMO PRODUCTO PADRE, EN LA BASE DE DATOS
INSERTADO EL FORMATO DE VENTA AREHUCAS ORO, CON AREHUCAS ORO COMO PRODUCTO PADRE, EN LA BASE DE DATOS
INSERTADO EL FORMATO DE VENTA COPA AREHUCAS ORO, CON AREHUCAS ORO COMO PRODUCTO PADRE, EN LA BASE DE DATOS
INSERTADO EL FORMATO DE VENTA BOTELLA AREHUCAS ORO, CON AREHUCAS ORO COMO PRODUCTO PADRE, EN LA BASE DE DATOS
INSERTADO EL FORMATO DE VENTA DIPLOMATICO, CON DIPLOMATICO COMO PRODUCTO PADRE, EN LA BASE DE DATOS
INSERTADO EL FORMATO DE VENTA COPA DIPLOMATICO, CON DIPLOMATICO COMO PRODUCTO PADRE, EN LA BASE DE DATOS
INSERTADO EL FORMATO DE VENTA BOTELLA DIPLOMATICO, CON DIPLOMATICO COMO PRODUCTO PADRE, EN LA BASE DE DATOS
INSERTADO EL FORMATO DE VENTA HAVANA 3, CON HAVANA 3 COMO PRODUCTO PADRE, EN LA BASE DE DATOS
INSERTADO EL FORMATO DE VENTA COPA HAVANA 3, CON HAVANA 3 COMO PRODUCTO PADRE, EN LA BASE DE DATOS
INSERTADO EL FORMATO DE VENTA BOTELLA HAVANA 3, CON HAVANA 3 COMO PRODUCTO PADRE, EN LA BASE DE DATOS
INSERTADO EL FORMATO DE VENTA HAVANA 7, CON HAVANA 7 COMO PRODUCTO PADRE, EN LA BASE DE DATOS
INSERTADO EL FORMATO DE VENTA COPA HAVANA 7, CON HAVANA 7 COMO PRODUCTO PADRE, EN LA BASE DE DATOS
INSERTADO EL FORMATO DE VENTA BOTELLA HAVANA 7, CON HAVANA 7 COMO PRODUCTO PADRE, EN LA BASE DE DATOS
INSERTADO EL FORMATO DE VENTA MATUSALEM 7, CON MATUSALEM 7 COMO PRODUCTO PADRE, EN LA BASE DE DATOS
INSERTADO EL FORMATO DE VENTA COPA MATUSALEM 7, CON MATUSALEM 7 COMO PRODUCTO PADRE, EN LA BASE DE DATOS
INSERTADO EL FORMATO DE VENTA BOTELLA MATUSALEM 7, CON MATUSALEM 7 COMO PRODUCTO PADRE, EN LA BASE DE DATOS
INSERTADO EL FORMATO DE VENTA AMARETTO, CON AMARETTO COMO PRODUCTO PADRE, EN LA BASE DE DATOS
INSERTADO EL FORMATO DE VENTA COPA AMARETTO, CON AMARETTO COMO PRODUCTO PADRE, EN LA BASE DE DATOS
INSERTADO EL FORMATO DE VENTA BOTELLA AMARETTO, CON AMARETTO COMO PRODUCTO PADRE, EN LA BASE DE DATOS
INSERTADO EL FORMATO DE VENTA JOSE CUERVO 1800, CON JOSE CUERVO 1800 COMO PRODUCTO PADRE, EN LA BASE DE DATOS
INSERTADO EL FORMATO DE VENTA COPA JOSE CUERVO 1800, CON JOSE CUERVO 1800 COMO PRODUCTO PADRE, EN LA BASE DE DATOS
INSERTADO EL FORMATO DE VENTA BOTELLA JOSE CUERVO 1800, CON JOSE CUERVO 1800 COMO PRODUCTO PADRE, EN LA BASE DE DATOS
INSERTADO EL FORMATO DE VENTA TEQUILA DON JULIO 1942, CON TEQUILA DON JULIO 1942 COMO PRODUCTO PADRE, EN LA BASE DE DATOS
INSERTADO EL FORMATO DE VENTA COPA TEQUILA DON JULIO 1942, CON TEQUILA DON JULIO 1942 COMO PRODUCTO PADRE, EN LA BASE DE DATOS
INSERTADO EL FORMATO DE VENTA BOTELLA TEQUILA DON JULIO 1942, CON TEQUILA DON JULIO 1942 COMO PRODUCTO PADRE, EN LA BASE DE DATOS
INSERTADO EL FORMATO DE VENTA TEQUILA FRESA, CON TEQUILA FRESA COMO PRODUCTO PADRE, EN LA BASE DE DATOS
INSERTADO EL FORMATO DE VENTA TEQUILA MEL흁, CON TEQUILA MEL흁 COMO PRODUCTO PADRE, EN LA BASE DE DATOS
INSERTADO EL FORMATO DE VENTA TEQUILA SAND페, CON TEQUILA SAND페 COMO PRODUCTO PADRE, EN LA BASE DE DATOS
INSERTADO EL FORMATO DE VENTA VODKA CARAMELO, CON VODKA CARAMELO COMO PRODUCTO PADRE, EN LA BASE DE DATOS
INSERTADO EL FORMATO DE VENTA ABSOLUT, CON ABSOLUT COMO PRODUCTO PADRE, EN LA BASE DE DATOS
INSERTADO EL FORMATO DE VENTA COPA ABSOLUT, CON ABSOLUT COMO PRODUCTO PADRE, EN LA BASE DE DATOS
INSERTADO EL FORMATO DE VENTA BOTELLA ABSOLUT, CON ABSOLUT COMO PRODUCTO PADRE, EN LA BASE DE DATOS
INSERTADO EL FORMATO DE VENTA BELVEDERE 0,75, CON BELVEDERE 0,75 COMO PRODUCTO PADRE, EN LA BASE DE DATOS
INSERTADO EL FORMATO DE VENTA COPA BELVEDERE 0,75, CON BELVEDERE 0,75 COMO PRODUCTO PADRE, EN LA BASE DE DATOS
INSERTADO EL FORMATO DE VENTA BOTELLA BELVEDERE 0,75, CON BELVEDERE 0,75 COMO PRODUCTO PADRE, EN LA BASE DE DATOS
INSERTADO EL FORMATO DE VENTA BELVEDERE 1 LT, CON BELVEDERE 1 LT COMO PRODUCTO PADRE, EN LA BASE DE DATOS
INSERTADO EL FORMATO DE VENTA COPA BELVEDERE 1 LT, CON BELVEDERE 1 LT COMO PRODUCTO PADRE, EN LA BASE DE DATOS
INSERTADO EL FORMATO DE VENTA BOTELLA BELVEDERE 1 LT, CON BELVEDERE 1 LT COMO PRODUCTO PADRE, EN LA BASE DE DATOS
INSERTADO EL FORMATO DE VENTA BLAT, CON BLAT COMO PRODUCTO PADRE, EN LA BASE DE DATOS
INSERTADO EL FORMATO DE VENTA COPA BLAT, CON BLAT COMO PRODUCTO PADRE, EN LA BASE DE DATOS
INSERTADO EL FORMATO DE VENTA BOTELLA BLAT, CON BLAT COMO PRODUCTO PADRE, EN LA BASE DE DATOS
INSERTADO EL FORMATO DE VENTA CIROC, CON CIROC COMO PRODUCTO PADRE, EN LA BASE DE DATOS
INSERTADO EL FORMATO DE VENTA COPA CIROC, CON CIROC COMO PRODUCTO PADRE, EN LA BASE DE DATOS
INSERTADO EL FORMATO DE VENTA BOTELLA CIROC, CON CIROC COMO PRODUCTO PADRE, EN LA BASE DE DATOS
INSERTADO EL FORMATO DE VENTA BLACK LABEL, CON BLACK LABEL COMO PRODUCTO PADRE, EN LA BASE DE DATOS
INSERTADO EL FORMATO DE VENTA COPA BLACK LABEL, CON BLACK LABEL COMO PRODUCTO PADRE, EN LA BASE DE DATOS
INSERTADO EL FORMATO DE VENTA BOTELLA BLACK LABEL, CON BLACK LABEL COMO PRODUCTO PADRE, EN LA BASE DE DATOS
INSERTADO EL FORMATO DE VENTA BLUE LABEL, CON BLUE LABEL COMO PRODUCTO PADRE, EN LA BASE DE DATOS
INSERTADO EL FORMATO DE VENTA COPA BLUE LABEL, CON BLUE LABEL COMO PRODUCTO PADRE, EN LA BASE DE DATOS
INSERTADO EL FORMATO DE VENTA BOTELLA BLUE LABEL, CON BLUE LABEL COMO PRODUCTO PADRE, EN LA BASE DE DATOS
INSERTADO EL FORMATO DE VENTA JAMESON, CON JAMESON COMO PRODUCTO PADRE, EN LA BASE DE DATOS
INSERTADO EL FORMATO DE VENTA COPA JAMESON, CON JAMESON COMO PRODUCTO PADRE, EN LA BASE DE DATOS
INSERTADO EL FORMATO DE VENTA BOTELLA JAMESON, CON JAMESON COMO PRODUCTO PADRE, EN LA BASE DE DATOS
INSERTADO EL FORMATO DE VENTA RED LABEL, CON RED LABEL COMO PRODUCTO PADRE, EN LA BASE DE DATOS
INSERTADO EL FORMATO DE VENTA COPA RED LABEL, CON RED LABEL COMO PRODUCTO PADRE, EN LA BASE DE DATOS
INSERTADO EL FORMATO DE VENTA BOTELLA RED LABEL, CON RED LABEL COMO PRODUCTO PADRE, EN LA BASE DE DATOS
ASIGNADO EL PRODUCTO COPA PUERTO DE INDIAS COMO A헤DIDO DEL PRODUCTO AGUA EN LA BASE DE DATOS
ASIGNADO EL PRODUCTO COPA BEEFEATER COMO A헤DIDO DEL PRODUCTO AGUA EN LA BASE DE DATOS
ASIGNADO EL PRODUCTO COPA TANQUERAY COMO A헤DIDO DEL PRODUCTO AGUA EN LA BASE DE DATOS
ASIGNADO EL PRODUCTO COPA BROCKMAN'S COMO A헤DIDO DEL PRODUCTO AGUA EN LA BASE DE DATOS
ASIGNADO EL PRODUCTO COPA TANQUERAY TEN COMO A헤DIDO DEL PRODUCTO AGUA EN LA BASE DE DATOS
ASIGNADO EL PRODUCTO COPA GIN MARE COMO A헤DIDO DEL PRODUCTO AGUA EN LA BASE DE DATOS
ASIGNADO EL PRODUCTO COPA ABSOLUT COMO A헤DIDO DEL PRODUCTO AGUA EN LA BASE DE DATOS
ASIGNADO EL PRODUCTO COPA BELVEDERE 0,75 COMO A헤DIDO DEL PRODUCTO AGUA EN LA BASE DE DATOS
ASIGNADO EL PRODUCTO COPA BELVEDERE 1 LT COMO A헤DIDO DEL PRODUCTO AGUA EN LA BASE DE DATOS
ASIGNADO EL PRODUCTO COPA CIROC COMO A헤DIDO DEL PRODUCTO AGUA EN LA BASE DE DATOS
ASIGNADO EL PRODUCTO COPA BLAT COMO A헤DIDO DEL PRODUCTO AGUA EN LA BASE DE DATOS
ASIGNADO EL PRODUCTO COPA AREHUCAS COMO A헤DIDO DEL PRODUCTO AGUA EN LA BASE DE DATOS
ASIGNADO EL PRODUCTO COPA AREHUCAS ORO COMO A헤DIDO DEL PRODUCTO AGUA EN LA BASE DE DATOS
ASIGNADO EL PRODUCTO COPA HAVANA 3 COMO A헤DIDO DEL PRODUCTO AGUA EN LA BASE DE DATOS
ASIGNADO EL PRODUCTO COPA HAVANA 7 COMO A헤DIDO DEL PRODUCTO AGUA EN LA BASE DE DATOS
ASIGNADO EL PRODUCTO COPA DIPLOMATICO COMO A헤DIDO DEL PRODUCTO AGUA EN LA BASE DE DATOS
ASIGNADO EL PRODUCTO COPA MATUSALEM 7 COMO A헤DIDO DEL PRODUCTO AGUA EN LA BASE DE DATOS
ASIGNADO EL PRODUCTO COPA JAMESON COMO A헤DIDO DEL PRODUCTO AGUA EN LA BASE DE DATOS
ASIGNADO EL PRODUCTO COPA RED LABEL COMO A헤DIDO DEL PRODUCTO AGUA EN LA BASE DE DATOS
ASIGNADO EL PRODUCTO COPA BLACK LABEL COMO A헤DIDO DEL PRODUCTO AGUA EN LA BASE DE DATOS
ASIGNADO EL PRODUCTO COPA BLUE LABEL COMO A헤DIDO DEL PRODUCTO AGUA EN LA BASE DE DATOS
ASIGNADO EL PRODUCTO COPA AMARETTO COMO A헤DIDO DEL PRODUCTO AGUA EN LA BASE DE DATOS
ASIGNADO EL PRODUCTO COPA JOSE CUERVO 1800 COMO A헤DIDO DEL PRODUCTO AGUA EN LA BASE DE DATOS
ASIGNADO EL PRODUCTO COPA TEQUILA DON JULIO 1942 COMO A헤DIDO DEL PRODUCTO AGUA EN LA BASE DE DATOS
ASIGNADO EL PRODUCTO COPA PUERTO DE INDIAS COMO A헤DIDO DEL PRODUCTO AGUA CON GAS EN LA BASE DE DATOS
ASIGNADO EL PRODUCTO COPA BEEFEATER COMO A헤DIDO DEL PRODUCTO AGUA CON GAS EN LA BASE DE DATOS
ASIGNADO EL PRODUCTO COPA TANQUERAY COMO A헤DIDO DEL PRODUCTO AGUA CON GAS EN LA BASE DE DATOS
ASIGNADO EL PRODUCTO COPA BROCKMAN'S COMO A헤DIDO DEL PRODUCTO AGUA CON GAS EN LA BASE DE DATOS
ASIGNADO EL PRODUCTO COPA TANQUERAY TEN COMO A헤DIDO DEL PRODUCTO AGUA CON GAS EN LA BASE DE DATOS
ASIGNADO EL PRODUCTO COPA GIN MARE COMO A헤DIDO DEL PRODUCTO AGUA CON GAS EN LA BASE DE DATOS
ASIGNADO EL PRODUCTO COPA ABSOLUT COMO A헤DIDO DEL PRODUCTO AGUA CON GAS EN LA BASE DE DATOS
ASIGNADO EL PRODUCTO COPA BELVEDERE 0,75 COMO A헤DIDO DEL PRODUCTO AGUA CON GAS EN LA BASE DE DATOS
ASIGNADO EL PRODUCTO COPA BELVEDERE 1 LT COMO A헤DIDO DEL PRODUCTO AGUA CON GAS EN LA BASE DE DATOS
ASIGNADO EL PRODUCTO COPA CIROC COMO A헤DIDO DEL PRODUCTO AGUA CON GAS EN LA BASE DE DATOS
ASIGNADO EL PRODUCTO COPA BLAT COMO A헤DIDO DEL PRODUCTO AGUA CON GAS EN LA BASE DE DATOS
ASIGNADO EL PRODUCTO COPA AREHUCAS COMO A헤DIDO DEL PRODUCTO AGUA CON GAS EN LA BASE DE DATOS
ASIGNADO EL PRODUCTO COPA AREHUCAS ORO COMO A헤DIDO DEL PRODUCTO AGUA CON GAS EN LA BASE DE DATOS
ASIGNADO EL PRODUCTO COPA HAVANA 3 COMO A헤DIDO DEL PRODUCTO AGUA CON GAS EN LA BASE DE DATOS
ASIGNADO EL PRODUCTO COPA HAVANA 7 COMO A헤DIDO DEL PRODUCTO AGUA CON GAS EN LA BASE DE DATOS
ASIGNADO EL PRODUCTO COPA DIPLOMATICO COMO A헤DIDO DEL PRODUCTO AGUA CON GAS EN LA BASE DE DATOS
ASIGNADO EL PRODUCTO COPA MATUSALEM 7 COMO A헤DIDO DEL PRODUCTO AGUA CON GAS EN LA BASE DE DATOS
ASIGNADO EL PRODUCTO COPA JAMESON COMO A헤DIDO DEL PRODUCTO AGUA CON GAS EN LA BASE DE DATOS
ASIGNADO EL PRODUCTO COPA RED LABEL COMO A헤DIDO DEL PRODUCTO AGUA CON GAS EN LA BASE DE DATOS
ASIGNADO EL PRODUCTO COPA BLACK LABEL COMO A헤DIDO DEL PRODUCTO AGUA CON GAS EN LA BASE DE DATOS
ASIGNADO EL PRODUCTO COPA BLUE LABEL COMO A헤DIDO DEL PRODUCTO AGUA CON GAS EN LA BASE DE DATOS
ASIGNADO EL PRODUCTO COPA AMARETTO COMO A헤DIDO DEL PRODUCTO AGUA CON GAS EN LA BASE DE DATOS
ASIGNADO EL PRODUCTO COPA JOSE CUERVO 1800 COMO A헤DIDO DEL PRODUCTO AGUA CON GAS EN LA BASE DE DATOS
ASIGNADO EL PRODUCTO COPA TEQUILA DON JULIO 1942 COMO A헤DIDO DEL PRODUCTO AGUA CON GAS EN LA BASE DE DATOS
ASIGNADO EL PRODUCTO COPA PUERTO DE INDIAS COMO A헤DIDO DEL PRODUCTO COCA COLA EN LA BASE DE DATOS
ASIGNADO EL PRODUCTO COPA BEEFEATER COMO A헤DIDO DEL PRODUCTO COCA COLA EN LA BASE DE DATOS
ASIGNADO EL PRODUCTO COPA TANQUERAY COMO A헤DIDO DEL PRODUCTO COCA COLA EN LA BASE DE DATOS
ASIGNADO EL PRODUCTO COPA BROCKMAN'S COMO A헤DIDO DEL PRODUCTO COCA COLA EN LA BASE DE DATOS
ASIGNADO EL PRODUCTO COPA TANQUERAY TEN COMO A헤DIDO DEL PRODUCTO COCA COLA EN LA BASE DE DATOS
ASIGNADO EL PRODUCTO COPA GIN MARE COMO A헤DIDO DEL PRODUCTO COCA COLA EN LA BASE DE DATOS
ASIGNADO EL PRODUCTO COPA ABSOLUT COMO A헤DIDO DEL PRODUCTO COCA COLA EN LA BASE DE DATOS
ASIGNADO EL PRODUCTO COPA BELVEDERE 0,75 COMO A헤DIDO DEL PRODUCTO COCA COLA EN LA BASE DE DATOS
ASIGNADO EL PRODUCTO COPA BELVEDERE 1 LT COMO A헤DIDO DEL PRODUCTO COCA COLA EN LA BASE DE DATOS
ASIGNADO EL PRODUCTO COPA CIROC COMO A헤DIDO DEL PRODUCTO COCA COLA EN LA BASE DE DATOS
ASIGNADO EL PRODUCTO COPA BLAT COMO A헤DIDO DEL PRODUCTO COCA COLA EN LA BASE DE DATOS
ASIGNADO EL PRODUCTO COPA AREHUCAS COMO A헤DIDO DEL PRODUCTO COCA COLA EN LA BASE DE DATOS
ASIGNADO EL PRODUCTO COPA AREHUCAS ORO COMO A헤DIDO DEL PRODUCTO COCA COLA EN LA BASE DE DATOS
ASIGNADO EL PRODUCTO COPA HAVANA 3 COMO A헤DIDO DEL PRODUCTO COCA COLA EN LA BASE DE DATOS
ASIGNADO EL PRODUCTO COPA HAVANA 7 COMO A헤DIDO DEL PRODUCTO COCA COLA EN LA BASE DE DATOS
ASIGNADO EL PRODUCTO COPA DIPLOMATICO COMO A헤DIDO DEL PRODUCTO COCA COLA EN LA BASE DE DATOS
ASIGNADO EL PRODUCTO COPA MATUSALEM 7 COMO A헤DIDO DEL PRODUCTO COCA COLA EN LA BASE DE DATOS
ASIGNADO EL PRODUCTO COPA JAMESON COMO A헤DIDO DEL PRODUCTO COCA COLA EN LA BASE DE DATOS
ASIGNADO EL PRODUCTO COPA RED LABEL COMO A헤DIDO DEL PRODUCTO COCA COLA EN LA BASE DE DATOS
ASIGNADO EL PRODUCTO COPA BLACK LABEL COMO A헤DIDO DEL PRODUCTO COCA COLA EN LA BASE DE DATOS
ASIGNADO EL PRODUCTO COPA BLUE LABEL COMO A헤DIDO DEL PRODUCTO COCA COLA EN LA BASE DE DATOS
ASIGNADO EL PRODUCTO COPA AMARETTO COMO A헤DIDO DEL PRODUCTO COCA COLA EN LA BASE DE DATOS
ASIGNADO EL PRODUCTO COPA JOSE CUERVO 1800 COMO A헤DIDO DEL PRODUCTO COCA COLA EN LA BASE DE DATOS
ASIGNADO EL PRODUCTO COPA TEQUILA DON JULIO 1942 COMO A헤DIDO DEL PRODUCTO COCA COLA EN LA BASE DE DATOS
ASIGNADO EL PRODUCTO COPA PUERTO DE INDIAS COMO A헤DIDO DEL PRODUCTO COCA COLA 00 EN LA BASE DE DATOS
ASIGNADO EL PRODUCTO COPA BEEFEATER COMO A헤DIDO DEL PRODUCTO COCA COLA 00 EN LA BASE DE DATOS
ASIGNADO EL PRODUCTO COPA TANQUERAY COMO A헤DIDO DEL PRODUCTO COCA COLA 00 EN LA BASE DE DATOS
ASIGNADO EL PRODUCTO COPA BROCKMAN'S COMO A헤DIDO DEL PRODUCTO COCA COLA 00 EN LA BASE DE DATOS
ASIGNADO EL PRODUCTO COPA TANQUERAY TEN COMO A헤DIDO DEL PRODUCTO COCA COLA 00 EN LA BASE DE DATOS
ASIGNADO EL PRODUCTO COPA GIN MARE COMO A헤DIDO DEL PRODUCTO COCA COLA 00 EN LA BASE DE DATOS
ASIGNADO EL PRODUCTO COPA ABSOLUT COMO A헤DIDO DEL PRODUCTO COCA COLA 00 EN LA BASE DE DATOS
ASIGNADO EL PRODUCTO COPA BELVEDERE 0,75 COMO A헤DIDO DEL PRODUCTO COCA COLA 00 EN LA BASE DE DATOS
ASIGNADO EL PRODUCTO COPA BELVEDERE 1 LT COMO A헤DIDO DEL PRODUCTO COCA COLA 00 EN LA BASE DE DATOS
ASIGNADO EL PRODUCTO COPA CIROC COMO A헤DIDO DEL PRODUCTO COCA COLA 00 EN LA BASE DE DATOS
ASIGNADO EL PRODUCTO COPA BLAT COMO A헤DIDO DEL PRODUCTO COCA COLA 00 EN LA BASE DE DATOS
ASIGNADO EL PRODUCTO COPA AREHUCAS COMO A헤DIDO DEL PRODUCTO COCA COLA 00 EN LA BASE DE DATOS
ASIGNADO EL PRODUCTO COPA AREHUCAS ORO COMO A헤DIDO DEL PRODUCTO COCA COLA 00 EN LA BASE DE DATOS
ASIGNADO EL PRODUCTO COPA HAVANA 3 COMO A헤DIDO DEL PRODUCTO COCA COLA 00 EN LA BASE DE DATOS
ASIGNADO EL PRODUCTO COPA HAVANA 7 COMO A헤DIDO DEL PRODUCTO COCA COLA 00 EN LA BASE DE DATOS
ASIGNADO EL PRODUCTO COPA DIPLOMATICO COMO A헤DIDO DEL PRODUCTO COCA COLA 00 EN LA BASE DE DATOS
ASIGNADO EL PRODUCTO COPA MATUSALEM 7 COMO A헤DIDO DEL PRODUCTO COCA COLA 00 EN LA BASE DE DATOS
ASIGNADO EL PRODUCTO COPA JAMESON COMO A헤DIDO DEL PRODUCTO COCA COLA 00 EN LA BASE DE DATOS
ASIGNADO EL PRODUCTO COPA RED LABEL COMO A헤DIDO DEL PRODUCTO COCA COLA 00 EN LA BASE DE DATOS
ASIGNADO EL PRODUCTO COPA BLACK LABEL COMO A헤DIDO DEL PRODUCTO COCA COLA 00 EN LA BASE DE DATOS
ASIGNADO EL PRODUCTO COPA BLUE LABEL COMO A헤DIDO DEL PRODUCTO COCA COLA 00 EN LA BASE DE DATOS
ASIGNADO EL PRODUCTO COPA AMARETTO COMO A헤DIDO DEL PRODUCTO COCA COLA 00 EN LA BASE DE DATOS
ASIGNADO EL PRODUCTO COPA JOSE CUERVO 1800 COMO A헤DIDO DEL PRODUCTO COCA COLA 00 EN LA BASE DE DATOS
ASIGNADO EL PRODUCTO COPA TEQUILA DON JULIO 1942 COMO A헤DIDO DEL PRODUCTO COCA COLA 00 EN LA BASE DE DATOS
ASIGNADO EL PRODUCTO COPA PUERTO DE INDIAS COMO A헤DIDO DEL PRODUCTO FANTA NARANJA EN LA BASE DE DATOS
ASIGNADO EL PRODUCTO COPA BEEFEATER COMO A헤DIDO DEL PRODUCTO FANTA NARANJA EN LA BASE DE DATOS
ASIGNADO EL PRODUCTO COPA TANQUERAY COMO A헤DIDO DEL PRODUCTO FANTA NARANJA EN LA BASE DE DATOS
ASIGNADO EL PRODUCTO COPA BROCKMAN'S COMO A헤DIDO DEL PRODUCTO FANTA NARANJA EN LA BASE DE DATOS
ASIGNADO EL PRODUCTO COPA TANQUERAY TEN COMO A헤DIDO DEL PRODUCTO FANTA NARANJA EN LA BASE DE DATOS
ASIGNADO EL PRODUCTO COPA GIN MARE COMO A헤DIDO DEL PRODUCTO FANTA NARANJA EN LA BASE DE DATOS
ASIGNADO EL PRODUCTO COPA ABSOLUT COMO A헤DIDO DEL PRODUCTO FANTA NARANJA EN LA BASE DE DATOS
ASIGNADO EL PRODUCTO COPA BELVEDERE 0,75 COMO A헤DIDO DEL PRODUCTO FANTA NARANJA EN LA BASE DE DATOS
ASIGNADO EL PRODUCTO COPA BELVEDERE 1 LT COMO A헤DIDO DEL PRODUCTO FANTA NARANJA EN LA BASE DE DATOS
ASIGNADO EL PRODUCTO COPA CIROC COMO A헤DIDO DEL PRODUCTO FANTA NARANJA EN LA BASE DE DATOS
ASIGNADO EL PRODUCTO COPA BLAT COMO A헤DIDO DEL PRODUCTO FANTA NARANJA EN LA BASE DE DATOS
ASIGNADO EL PRODUCTO COPA AREHUCAS COMO A헤DIDO DEL PRODUCTO FANTA NARANJA EN LA BASE DE DATOS
ASIGNADO EL PRODUCTO COPA AREHUCAS ORO COMO A헤DIDO DEL PRODUCTO FANTA NARANJA EN LA BASE DE DATOS
ASIGNADO EL PRODUCTO COPA HAVANA 3 COMO A헤DIDO DEL PRODUCTO FANTA NARANJA EN LA BASE DE DATOS
ASIGNADO EL PRODUCTO COPA HAVANA 7 COMO A헤DIDO DEL PRODUCTO FANTA NARANJA EN LA BASE DE DATOS
ASIGNADO EL PRODUCTO COPA DIPLOMATICO COMO A헤DIDO DEL PRODUCTO FANTA NARANJA EN LA BASE DE DATOS
ASIGNADO EL PRODUCTO COPA MATUSALEM 7 COMO A헤DIDO DEL PRODUCTO FANTA NARANJA EN LA BASE DE DATOS
ASIGNADO EL PRODUCTO COPA JAMESON COMO A헤DIDO DEL PRODUCTO FANTA NARANJA EN LA BASE DE DATOS
ASIGNADO EL PRODUCTO COPA RED LABEL COMO A헤DIDO DEL PRODUCTO FANTA NARANJA EN LA BASE DE DATOS
ASIGNADO EL PRODUCTO COPA BLACK LABEL COMO A헤DIDO DEL PRODUCTO FANTA NARANJA EN LA BASE DE DATOS
ASIGNADO EL PRODUCTO COPA BLUE LABEL COMO A헤DIDO DEL PRODUCTO FANTA NARANJA EN LA BASE DE DATOS
ASIGNADO EL PRODUCTO COPA AMARETTO COMO A헤DIDO DEL PRODUCTO FANTA NARANJA EN LA BASE DE DATOS
ASIGNADO EL PRODUCTO COPA JOSE CUERVO 1800 COMO A헤DIDO DEL PRODUCTO FANTA NARANJA EN LA BASE DE DATOS
ASIGNADO EL PRODUCTO COPA TEQUILA DON JULIO 1942 COMO A헤DIDO DEL PRODUCTO FANTA NARANJA EN LA BASE DE DATOS
ASIGNADO EL PRODUCTO COPA PUERTO DE INDIAS COMO A헤DIDO DEL PRODUCTO FANTA LIM흁 EN LA BASE DE DATOS
ASIGNADO EL PRODUCTO COPA BEEFEATER COMO A헤DIDO DEL PRODUCTO FANTA LIM흁 EN LA BASE DE DATOS
ASIGNADO EL PRODUCTO COPA TANQUERAY COMO A헤DIDO DEL PRODUCTO FANTA LIM흁 EN LA BASE DE DATOS
ASIGNADO EL PRODUCTO COPA BROCKMAN'S COMO A헤DIDO DEL PRODUCTO FANTA LIM흁 EN LA BASE DE DATOS
ASIGNADO EL PRODUCTO COPA TANQUERAY TEN COMO A헤DIDO DEL PRODUCTO FANTA LIM흁 EN LA BASE DE DATOS
ASIGNADO EL PRODUCTO COPA GIN MARE COMO A헤DIDO DEL PRODUCTO FANTA LIM흁 EN LA BASE DE DATOS
ASIGNADO EL PRODUCTO COPA ABSOLUT COMO A헤DIDO DEL PRODUCTO FANTA LIM흁 EN LA BASE DE DATOS
ASIGNADO EL PRODUCTO COPA BELVEDERE 0,75 COMO A헤DIDO DEL PRODUCTO FANTA LIM흁 EN LA BASE DE DATOS
ASIGNADO EL PRODUCTO COPA BELVEDERE 1 LT COMO A헤DIDO DEL PRODUCTO FANTA LIM흁 EN LA BASE DE DATOS
ASIGNADO EL PRODUCTO COPA CIROC COMO A헤DIDO DEL PRODUCTO FANTA LIM흁 EN LA BASE DE DATOS
ASIGNADO EL PRODUCTO COPA BLAT COMO A헤DIDO DEL PRODUCTO FANTA LIM흁 EN LA BASE DE DATOS
ASIGNADO EL PRODUCTO COPA AREHUCAS COMO A헤DIDO DEL PRODUCTO FANTA LIM흁 EN LA BASE DE DATOS
ASIGNADO EL PRODUCTO COPA AREHUCAS ORO COMO A헤DIDO DEL PRODUCTO FANTA LIM흁 EN LA BASE DE DATOS
ASIGNADO EL PRODUCTO COPA HAVANA 3 COMO A헤DIDO DEL PRODUCTO FANTA LIM흁 EN LA BASE DE DATOS
ASIGNADO EL PRODUCTO COPA HAVANA 7 COMO A헤DIDO DEL PRODUCTO FANTA LIM흁 EN LA BASE DE DATOS
ASIGNADO EL PRODUCTO COPA DIPLOMATICO COMO A헤DIDO DEL PRODUCTO FANTA LIM흁 EN LA BASE DE DATOS
ASIGNADO EL PRODUCTO COPA MATUSALEM 7 COMO A헤DIDO DEL PRODUCTO FANTA LIM흁 EN LA BASE DE DATOS
ASIGNADO EL PRODUCTO COPA JAMESON COMO A헤DIDO DEL PRODUCTO FANTA LIM흁 EN LA BASE DE DATOS
ASIGNADO EL PRODUCTO COPA RED LABEL COMO A헤DIDO DEL PRODUCTO FANTA LIM흁 EN LA BASE DE DATOS
ASIGNADO EL PRODUCTO COPA BLACK LABEL COMO A헤DIDO DEL PRODUCTO FANTA LIM흁 EN LA BASE DE DATOS
ASIGNADO EL PRODUCTO COPA BLUE LABEL COMO A헤DIDO DEL PRODUCTO FANTA LIM흁 EN LA BASE DE DATOS
ASIGNADO EL PRODUCTO COPA AMARETTO COMO A헤DIDO DEL PRODUCTO FANTA LIM흁 EN LA BASE DE DATOS
ASIGNADO EL PRODUCTO COPA JOSE CUERVO 1800 COMO A헤DIDO DEL PRODUCTO FANTA LIM흁 EN LA BASE DE DATOS
ASIGNADO EL PRODUCTO COPA TEQUILA DON JULIO 1942 COMO A헤DIDO DEL PRODUCTO FANTA LIM흁 EN LA BASE DE DATOS
ASIGNADO EL PRODUCTO COPA PUERTO DE INDIAS COMO A헤DIDO DEL PRODUCTO SPRITE EN LA BASE DE DATOS
ASIGNADO EL PRODUCTO COPA BEEFEATER COMO A헤DIDO DEL PRODUCTO SPRITE EN LA BASE DE DATOS
ASIGNADO EL PRODUCTO COPA TANQUERAY COMO A헤DIDO DEL PRODUCTO SPRITE EN LA BASE DE DATOS
ASIGNADO EL PRODUCTO COPA BROCKMAN'S COMO A헤DIDO DEL PRODUCTO SPRITE EN LA BASE DE DATOS
ASIGNADO EL PRODUCTO COPA TANQUERAY TEN COMO A헤DIDO DEL PRODUCTO SPRITE EN LA BASE DE DATOS
ASIGNADO EL PRODUCTO COPA GIN MARE COMO A헤DIDO DEL PRODUCTO SPRITE EN LA BASE DE DATOS
ASIGNADO EL PRODUCTO COPA ABSOLUT COMO A헤DIDO DEL PRODUCTO SPRITE EN LA BASE DE DATOS
ASIGNADO EL PRODUCTO COPA BELVEDERE 0,75 COMO A헤DIDO DEL PRODUCTO SPRITE EN LA BASE DE DATOS
ASIGNADO EL PRODUCTO COPA BELVEDERE 1 LT COMO A헤DIDO DEL PRODUCTO SPRITE EN LA BASE DE DATOS
ASIGNADO EL PRODUCTO COPA CIROC COMO A헤DIDO DEL PRODUCTO SPRITE EN LA BASE DE DATOS
ASIGNADO EL PRODUCTO COPA BLAT COMO A헤DIDO DEL PRODUCTO SPRITE EN LA BASE DE DATOS
ASIGNADO EL PRODUCTO COPA AREHUCAS COMO A헤DIDO DEL PRODUCTO SPRITE EN LA BASE DE DATOS
ASIGNADO EL PRODUCTO COPA AREHUCAS ORO COMO A헤DIDO DEL PRODUCTO SPRITE EN LA BASE DE DATOS
ASIGNADO EL PRODUCTO COPA HAVANA 3 COMO A헤DIDO DEL PRODUCTO SPRITE EN LA BASE DE DATOS
ASIGNADO EL PRODUCTO COPA HAVANA 7 COMO A헤DIDO DEL PRODUCTO SPRITE EN LA BASE DE DATOS
ASIGNADO EL PRODUCTO COPA DIPLOMATICO COMO A헤DIDO DEL PRODUCTO SPRITE EN LA BASE DE DATOS
ASIGNADO EL PRODUCTO COPA MATUSALEM 7 COMO A헤DIDO DEL PRODUCTO SPRITE EN LA BASE DE DATOS
ASIGNADO EL PRODUCTO COPA JAMESON COMO A헤DIDO DEL PRODUCTO SPRITE EN LA BASE DE DATOS
ASIGNADO EL PRODUCTO COPA RED LABEL COMO A헤DIDO DEL PRODUCTO SPRITE EN LA BASE DE DATOS
ASIGNADO EL PRODUCTO COPA BLACK LABEL COMO A헤DIDO DEL PRODUCTO SPRITE EN LA BASE DE DATOS
ASIGNADO EL PRODUCTO COPA BLUE LABEL COMO A헤DIDO DEL PRODUCTO SPRITE EN LA BASE DE DATOS
ASIGNADO EL PRODUCTO COPA AMARETTO COMO A헤DIDO DEL PRODUCTO SPRITE EN LA BASE DE DATOS
ASIGNADO EL PRODUCTO COPA JOSE CUERVO 1800 COMO A헤DIDO DEL PRODUCTO SPRITE EN LA BASE DE DATOS
ASIGNADO EL PRODUCTO COPA TEQUILA DON JULIO 1942 COMO A헤DIDO DEL PRODUCTO SPRITE EN LA BASE DE DATOS
ASIGNADO EL PRODUCTO COPA PUERTO DE INDIAS COMO A헤DIDO DEL PRODUCTO RED BULL EN LA BASE DE DATOS
ASIGNADO EL PRODUCTO COPA BEEFEATER COMO A헤DIDO DEL PRODUCTO RED BULL EN LA BASE DE DATOS
ASIGNADO EL PRODUCTO COPA TANQUERAY COMO A헤DIDO DEL PRODUCTO RED BULL EN LA BASE DE DATOS
ASIGNADO EL PRODUCTO COPA BROCKMAN'S COMO A헤DIDO DEL PRODUCTO RED BULL EN LA BASE DE DATOS
ASIGNADO EL PRODUCTO COPA TANQUERAY TEN COMO A헤DIDO DEL PRODUCTO RED BULL EN LA BASE DE DATOS
ASIGNADO EL PRODUCTO COPA GIN MARE COMO A헤DIDO DEL PRODUCTO RED BULL EN LA BASE DE DATOS
ASIGNADO EL PRODUCTO COPA ABSOLUT COMO A헤DIDO DEL PRODUCTO RED BULL EN LA BASE DE DATOS
ASIGNADO EL PRODUCTO COPA BELVEDERE 0,75 COMO A헤DIDO DEL PRODUCTO RED BULL EN LA BASE DE DATOS
ASIGNADO EL PRODUCTO COPA BELVEDERE 1 LT COMO A헤DIDO DEL PRODUCTO RED BULL EN LA BASE DE DATOS
ASIGNADO EL PRODUCTO COPA CIROC COMO A헤DIDO DEL PRODUCTO RED BULL EN LA BASE DE DATOS
ASIGNADO EL PRODUCTO COPA BLAT COMO A헤DIDO DEL PRODUCTO RED BULL EN LA BASE DE DATOS
ASIGNADO EL PRODUCTO COPA AREHUCAS COMO A헤DIDO DEL PRODUCTO RED BULL EN LA BASE DE DATOS
ASIGNADO EL PRODUCTO COPA AREHUCAS ORO COMO A헤DIDO DEL PRODUCTO RED BULL EN LA BASE DE DATOS
ASIGNADO EL PRODUCTO COPA HAVANA 3 COMO A헤DIDO DEL PRODUCTO RED BULL EN LA BASE DE DATOS
ASIGNADO EL PRODUCTO COPA HAVANA 7 COMO A헤DIDO DEL PRODUCTO RED BULL EN LA BASE DE DATOS
ASIGNADO EL PRODUCTO COPA DIPLOMATICO COMO A헤DIDO DEL PRODUCTO RED BULL EN LA BASE DE DATOS
ASIGNADO EL PRODUCTO COPA MATUSALEM 7 COMO A헤DIDO DEL PRODUCTO RED BULL EN LA BASE DE DATOS
ASIGNADO EL PRODUCTO COPA JAMESON COMO A헤DIDO DEL PRODUCTO RED BULL EN LA BASE DE DATOS
ASIGNADO EL PRODUCTO COPA RED LABEL COMO A헤DIDO DEL PRODUCTO RED BULL EN LA BASE DE DATOS
ASIGNADO EL PRODUCTO COPA BLACK LABEL COMO A헤DIDO DEL PRODUCTO RED BULL EN LA BASE DE DATOS
ASIGNADO EL PRODUCTO COPA BLUE LABEL COMO A헤DIDO DEL PRODUCTO RED BULL EN LA BASE DE DATOS
ASIGNADO EL PRODUCTO COPA AMARETTO COMO A헤DIDO DEL PRODUCTO RED BULL EN LA BASE DE DATOS
ASIGNADO EL PRODUCTO COPA JOSE CUERVO 1800 COMO A헤DIDO DEL PRODUCTO RED BULL EN LA BASE DE DATOS
ASIGNADO EL PRODUCTO COPA TEQUILA DON JULIO 1942 COMO A헤DIDO DEL PRODUCTO RED BULL EN LA BASE DE DATOS
ASIGNADO EL PRODUCTO COPA PUERTO DE INDIAS COMO A헤DIDO DEL PRODUCTO TONICA ROYAL BLISS EN LA BASE DE DATOS
ASIGNADO EL PRODUCTO COPA BEEFEATER COMO A헤DIDO DEL PRODUCTO TONICA ROYAL BLISS EN LA BASE DE DATOS
ASIGNADO EL PRODUCTO COPA TANQUERAY COMO A헤DIDO DEL PRODUCTO TONICA ROYAL BLISS EN LA BASE DE DATOS
ASIGNADO EL PRODUCTO COPA BROCKMAN'S COMO A헤DIDO DEL PRODUCTO TONICA ROYAL BLISS EN LA BASE DE DATOS
ASIGNADO EL PRODUCTO COPA TANQUERAY TEN COMO A헤DIDO DEL PRODUCTO TONICA ROYAL BLISS EN LA BASE DE DATOS
ASIGNADO EL PRODUCTO COPA GIN MARE COMO A헤DIDO DEL PRODUCTO TONICA ROYAL BLISS EN LA BASE DE DATOS
ASIGNADO EL PRODUCTO COPA ABSOLUT COMO A헤DIDO DEL PRODUCTO TONICA ROYAL BLISS EN LA BASE DE DATOS
ASIGNADO EL PRODUCTO COPA BELVEDERE 0,75 COMO A헤DIDO DEL PRODUCTO TONICA ROYAL BLISS EN LA BASE DE DATOS
ASIGNADO EL PRODUCTO COPA BELVEDERE 1 LT COMO A헤DIDO DEL PRODUCTO TONICA ROYAL BLISS EN LA BASE DE DATOS
ASIGNADO EL PRODUCTO COPA CIROC COMO A헤DIDO DEL PRODUCTO TONICA ROYAL BLISS EN LA BASE DE DATOS
ASIGNADO EL PRODUCTO COPA BLAT COMO A헤DIDO DEL PRODUCTO TONICA ROYAL BLISS EN LA BASE DE DATOS
ASIGNADO EL PRODUCTO COPA AREHUCAS COMO A헤DIDO DEL PRODUCTO TONICA ROYAL BLISS EN LA BASE DE DATOS
ASIGNADO EL PRODUCTO COPA AREHUCAS ORO COMO A헤DIDO DEL PRODUCTO TONICA ROYAL BLISS EN LA BASE DE DATOS
ASIGNADO EL PRODUCTO COPA HAVANA 3 COMO A헤DIDO DEL PRODUCTO TONICA ROYAL BLISS EN LA BASE DE DATOS
ASIGNADO EL PRODUCTO COPA HAVANA 7 COMO A헤DIDO DEL PRODUCTO TONICA ROYAL BLISS EN LA BASE DE DATOS
ASIGNADO EL PRODUCTO COPA DIPLOMATICO COMO A헤DIDO DEL PRODUCTO TONICA ROYAL BLISS EN LA BASE DE DATOS
ASIGNADO EL PRODUCTO COPA MATUSALEM 7 COMO A헤DIDO DEL PRODUCTO TONICA ROYAL BLISS EN LA BASE DE DATOS
ASIGNADO EL PRODUCTO COPA JAMESON COMO A헤DIDO DEL PRODUCTO TONICA ROYAL BLISS EN LA BASE DE DATOS
ASIGNADO EL PRODUCTO COPA RED LABEL COMO A헤DIDO DEL PRODUCTO TONICA ROYAL BLISS EN LA BASE DE DATOS
ASIGNADO EL PRODUCTO COPA BLACK LABEL COMO A헤DIDO DEL PRODUCTO TONICA ROYAL BLISS EN LA BASE DE DATOS
ASIGNADO EL PRODUCTO COPA BLUE LABEL COMO A헤DIDO DEL PRODUCTO TONICA ROYAL BLISS EN LA BASE DE DATOS
ASIGNADO EL PRODUCTO COPA AMARETTO COMO A헤DIDO DEL PRODUCTO TONICA ROYAL BLISS EN LA BASE DE DATOS
ASIGNADO EL PRODUCTO COPA JOSE CUERVO 1800 COMO A헤DIDO DEL PRODUCTO TONICA ROYAL BLISS EN LA BASE DE DATOS
ASIGNADO EL PRODUCTO COPA TEQUILA DON JULIO 1942 COMO A헤DIDO DEL PRODUCTO TONICA ROYAL BLISS EN LA BASE DE DATOS
ASIGNADO EL PRODUCTO COPA PUERTO DE INDIAS COMO A헤DIDO DEL PRODUCTO GINGER ALE EN LA BASE DE DATOS
ASIGNADO EL PRODUCTO COPA BEEFEATER COMO A헤DIDO DEL PRODUCTO GINGER ALE EN LA BASE DE DATOS
ASIGNADO EL PRODUCTO COPA TANQUERAY COMO A헤DIDO DEL PRODUCTO GINGER ALE EN LA BASE DE DATOS
ASIGNADO EL PRODUCTO COPA BROCKMAN'S COMO A헤DIDO DEL PRODUCTO GINGER ALE EN LA BASE DE DATOS
ASIGNADO EL PRODUCTO COPA TANQUERAY TEN COMO A헤DIDO DEL PRODUCTO GINGER ALE EN LA BASE DE DATOS
ASIGNADO EL PRODUCTO COPA GIN MARE COMO A헤DIDO DEL PRODUCTO GINGER ALE EN LA BASE DE DATOS
ASIGNADO EL PRODUCTO COPA ABSOLUT COMO A헤DIDO DEL PRODUCTO GINGER ALE EN LA BASE DE DATOS
ASIGNADO EL PRODUCTO COPA BELVEDERE 0,75 COMO A헤DIDO DEL PRODUCTO GINGER ALE EN LA BASE DE DATOS
ASIGNADO EL PRODUCTO COPA BELVEDERE 1 LT COMO A헤DIDO DEL PRODUCTO GINGER ALE EN LA BASE DE DATOS
ASIGNADO EL PRODUCTO COPA CIROC COMO A헤DIDO DEL PRODUCTO GINGER ALE EN LA BASE DE DATOS
ASIGNADO EL PRODUCTO COPA BLAT COMO A헤DIDO DEL PRODUCTO GINGER ALE EN LA BASE DE DATOS
ASIGNADO EL PRODUCTO COPA AREHUCAS COMO A헤DIDO DEL PRODUCTO GINGER ALE EN LA BASE DE DATOS
ASIGNADO EL PRODUCTO COPA AREHUCAS ORO COMO A헤DIDO DEL PRODUCTO GINGER ALE EN LA BASE DE DATOS
ASIGNADO EL PRODUCTO COPA HAVANA 3 COMO A헤DIDO DEL PRODUCTO GINGER ALE EN LA BASE DE DATOS
ASIGNADO EL PRODUCTO COPA HAVANA 7 COMO A헤DIDO DEL PRODUCTO GINGER ALE EN LA BASE DE DATOS
ASIGNADO EL PRODUCTO COPA DIPLOMATICO COMO A헤DIDO DEL PRODUCTO GINGER ALE EN LA BASE DE DATOS
ASIGNADO EL PRODUCTO COPA MATUSALEM 7 COMO A헤DIDO DEL PRODUCTO GINGER ALE EN LA BASE DE DATOS
ASIGNADO EL PRODUCTO COPA JAMESON COMO A헤DIDO DEL PRODUCTO GINGER ALE EN LA BASE DE DATOS
ASIGNADO EL PRODUCTO COPA RED LABEL COMO A헤DIDO DEL PRODUCTO GINGER ALE EN LA BASE DE DATOS
ASIGNADO EL PRODUCTO COPA BLACK LABEL COMO A헤DIDO DEL PRODUCTO GINGER ALE EN LA BASE DE DATOS
ASIGNADO EL PRODUCTO COPA BLUE LABEL COMO A헤DIDO DEL PRODUCTO GINGER ALE EN LA BASE DE DATOS
ASIGNADO EL PRODUCTO COPA AMARETTO COMO A헤DIDO DEL PRODUCTO GINGER ALE EN LA BASE DE DATOS
ASIGNADO EL PRODUCTO COPA JOSE CUERVO 1800 COMO A헤DIDO DEL PRODUCTO GINGER ALE EN LA BASE DE DATOS
ASIGNADO EL PRODUCTO COPA TEQUILA DON JULIO 1942 COMO A헤DIDO DEL PRODUCTO GINGER ALE EN LA BASE DE DATOS
ASIGNADO EL PRODUCTO COPA PUERTO DE INDIAS COMO A헤DIDO DEL PRODUCTO APPLETISER EN LA BASE DE DATOS
ASIGNADO EL PRODUCTO COPA BEEFEATER COMO A헤DIDO DEL PRODUCTO APPLETISER EN LA BASE DE DATOS
ASIGNADO EL PRODUCTO COPA TANQUERAY COMO A헤DIDO DEL PRODUCTO APPLETISER EN LA BASE DE DATOS
ASIGNADO EL PRODUCTO COPA BROCKMAN'S COMO A헤DIDO DEL PRODUCTO APPLETISER EN LA BASE DE DATOS
ASIGNADO EL PRODUCTO COPA TANQUERAY TEN COMO A헤DIDO DEL PRODUCTO APPLETISER EN LA BASE DE DATOS
ASIGNADO EL PRODUCTO COPA GIN MARE COMO A헤DIDO DEL PRODUCTO APPLETISER EN LA BASE DE DATOS
ASIGNADO EL PRODUCTO COPA ABSOLUT COMO A헤DIDO DEL PRODUCTO APPLETISER EN LA BASE DE DATOS
ASIGNADO EL PRODUCTO COPA BELVEDERE 0,75 COMO A헤DIDO DEL PRODUCTO APPLETISER EN LA BASE DE DATOS
ASIGNADO EL PRODUCTO COPA BELVEDERE 1 LT COMO A헤DIDO DEL PRODUCTO APPLETISER EN LA BASE DE DATOS
ASIGNADO EL PRODUCTO COPA CIROC COMO A헤DIDO DEL PRODUCTO APPLETISER EN LA BASE DE DATOS
ASIGNADO EL PRODUCTO COPA BLAT COMO A헤DIDO DEL PRODUCTO APPLETISER EN LA BASE DE DATOS
ASIGNADO EL PRODUCTO COPA AREHUCAS COMO A헤DIDO DEL PRODUCTO APPLETISER EN LA BASE DE DATOS
ASIGNADO EL PRODUCTO COPA AREHUCAS ORO COMO A헤DIDO DEL PRODUCTO APPLETISER EN LA BASE DE DATOS
ASIGNADO EL PRODUCTO COPA HAVANA 3 COMO A헤DIDO DEL PRODUCTO APPLETISER EN LA BASE DE DATOS
ASIGNADO EL PRODUCTO COPA HAVANA 7 COMO A헤DIDO DEL PRODUCTO APPLETISER EN LA BASE DE DATOS
ASIGNADO EL PRODUCTO COPA DIPLOMATICO COMO A헤DIDO DEL PRODUCTO APPLETISER EN LA BASE DE DATOS
ASIGNADO EL PRODUCTO COPA MATUSALEM 7 COMO A헤DIDO DEL PRODUCTO APPLETISER EN LA BASE DE DATOS
ASIGNADO EL PRODUCTO COPA JAMESON COMO A헤DIDO DEL PRODUCTO APPLETISER EN LA BASE DE DATOS
ASIGNADO EL PRODUCTO COPA RED LABEL COMO A헤DIDO DEL PRODUCTO APPLETISER EN LA BASE DE DATOS
ASIGNADO EL PRODUCTO COPA BLACK LABEL COMO A헤DIDO DEL PRODUCTO APPLETISER EN LA BASE DE DATOS
ASIGNADO EL PRODUCTO COPA BLUE LABEL COMO A헤DIDO DEL PRODUCTO APPLETISER EN LA BASE DE DATOS
ASIGNADO EL PRODUCTO COPA AMARETTO COMO A헤DIDO DEL PRODUCTO APPLETISER EN LA BASE DE DATOS
ASIGNADO EL PRODUCTO COPA JOSE CUERVO 1800 COMO A헤DIDO DEL PRODUCTO APPLETISER EN LA BASE DE DATOS
ASIGNADO EL PRODUCTO COPA TEQUILA DON JULIO 1942 COMO A헤DIDO DEL PRODUCTO APPLETISER EN LA BASE DE DATOS
ASIGNADO EL PRODUCTO COPA PUERTO DE INDIAS COMO A헤DIDO DEL PRODUCTO MONSTER REHAB EN LA BASE DE DATOS
ASIGNADO EL PRODUCTO COPA BEEFEATER COMO A헤DIDO DEL PRODUCTO MONSTER REHAB EN LA BASE DE DATOS
ASIGNADO EL PRODUCTO COPA TANQUERAY COMO A헤DIDO DEL PRODUCTO MONSTER REHAB EN LA BASE DE DATOS
ASIGNADO EL PRODUCTO COPA BROCKMAN'S COMO A헤DIDO DEL PRODUCTO MONSTER REHAB EN LA BASE DE DATOS
ASIGNADO EL PRODUCTO COPA TANQUERAY TEN COMO A헤DIDO DEL PRODUCTO MONSTER REHAB EN LA BASE DE DATOS
ASIGNADO EL PRODUCTO COPA GIN MARE COMO A헤DIDO DEL PRODUCTO MONSTER REHAB EN LA BASE DE DATOS
ASIGNADO EL PRODUCTO COPA ABSOLUT COMO A헤DIDO DEL PRODUCTO MONSTER REHAB EN LA BASE DE DATOS
ASIGNADO EL PRODUCTO COPA BELVEDERE 0,75 COMO A헤DIDO DEL PRODUCTO MONSTER REHAB EN LA BASE DE DATOS
ASIGNADO EL PRODUCTO COPA BELVEDERE 1 LT COMO A헤DIDO DEL PRODUCTO MONSTER REHAB EN LA BASE DE DATOS
ASIGNADO EL PRODUCTO COPA CIROC COMO A헤DIDO DEL PRODUCTO MONSTER REHAB EN LA BASE DE DATOS
ASIGNADO EL PRODUCTO COPA BLAT COMO A헤DIDO DEL PRODUCTO MONSTER REHAB EN LA BASE DE DATOS
ASIGNADO EL PRODUCTO COPA AREHUCAS COMO A헤DIDO DEL PRODUCTO MONSTER REHAB EN LA BASE DE DATOS
ASIGNADO EL PRODUCTO COPA AREHUCAS ORO COMO A헤DIDO DEL PRODUCTO MONSTER REHAB EN LA BASE DE DATOS
ASIGNADO EL PRODUCTO COPA HAVANA 3 COMO A헤DIDO DEL PRODUCTO MONSTER REHAB EN LA BASE DE DATOS
ASIGNADO EL PRODUCTO COPA HAVANA 7 COMO A헤DIDO DEL PRODUCTO MONSTER REHAB EN LA BASE DE DATOS
ASIGNADO EL PRODUCTO COPA DIPLOMATICO COMO A헤DIDO DEL PRODUCTO MONSTER REHAB EN LA BASE DE DATOS
ASIGNADO EL PRODUCTO COPA MATUSALEM 7 COMO A헤DIDO DEL PRODUCTO MONSTER REHAB EN LA BASE DE DATOS
ASIGNADO EL PRODUCTO COPA JAMESON COMO A헤DIDO DEL PRODUCTO MONSTER REHAB EN LA BASE DE DATOS
ASIGNADO EL PRODUCTO COPA RED LABEL COMO A헤DIDO DEL PRODUCTO MONSTER REHAB EN LA BASE DE DATOS
ASIGNADO EL PRODUCTO COPA BLACK LABEL COMO A헤DIDO DEL PRODUCTO MONSTER REHAB EN LA BASE DE DATOS
ASIGNADO EL PRODUCTO COPA BLUE LABEL COMO A헤DIDO DEL PRODUCTO MONSTER REHAB EN LA BASE DE DATOS
ASIGNADO EL PRODUCTO COPA AMARETTO COMO A헤DIDO DEL PRODUCTO MONSTER REHAB EN LA BASE DE DATOS
ASIGNADO EL PRODUCTO COPA JOSE CUERVO 1800 COMO A헤DIDO DEL PRODUCTO MONSTER REHAB EN LA BASE DE DATOS
ASIGNADO EL PRODUCTO COPA TEQUILA DON JULIO 1942 COMO A헤DIDO DEL PRODUCTO MONSTER REHAB EN LA BASE DE DATOS
ASIGNADO EL PRODUCTO COPA PUERTO DE INDIAS COMO A헤DIDO DEL PRODUCTO MONSTER EN LA BASE DE DATOS
ASIGNADO EL PRODUCTO COPA BEEFEATER COMO A헤DIDO DEL PRODUCTO MONSTER EN LA BASE DE DATOS
ASIGNADO EL PRODUCTO COPA TANQUERAY COMO A헤DIDO DEL PRODUCTO MONSTER EN LA BASE DE DATOS
ASIGNADO EL PRODUCTO COPA BROCKMAN'S COMO A헤DIDO DEL PRODUCTO MONSTER EN LA BASE DE DATOS
ASIGNADO EL PRODUCTO COPA TANQUERAY TEN COMO A헤DIDO DEL PRODUCTO MONSTER EN LA BASE DE DATOS
ASIGNADO EL PRODUCTO COPA GIN MARE COMO A헤DIDO DEL PRODUCTO MONSTER EN LA BASE DE DATOS
ASIGNADO EL PRODUCTO COPA ABSOLUT COMO A헤DIDO DEL PRODUCTO MONSTER EN LA BASE DE DATOS
ASIGNADO EL PRODUCTO COPA BELVEDERE 0,75 COMO A헤DIDO DEL PRODUCTO MONSTER EN LA BASE DE DATOS
ASIGNADO EL PRODUCTO COPA BELVEDERE 1 LT COMO A헤DIDO DEL PRODUCTO MONSTER EN LA BASE DE DATOS
ASIGNADO EL PRODUCTO COPA CIROC COMO A헤DIDO DEL PRODUCTO MONSTER EN LA BASE DE DATOS
ASIGNADO EL PRODUCTO COPA BLAT COMO A헤DIDO DEL PRODUCTO MONSTER EN LA BASE DE DATOS
ASIGNADO EL PRODUCTO COPA AREHUCAS COMO A헤DIDO DEL PRODUCTO MONSTER EN LA BASE DE DATOS
ASIGNADO EL PRODUCTO COPA AREHUCAS ORO COMO A헤DIDO DEL PRODUCTO MONSTER EN LA BASE DE DATOS
ASIGNADO EL PRODUCTO COPA HAVANA 3 COMO A헤DIDO DEL PRODUCTO MONSTER EN LA BASE DE DATOS
ASIGNADO EL PRODUCTO COPA HAVANA 7 COMO A헤DIDO DEL PRODUCTO MONSTER EN LA BASE DE DATOS
ASIGNADO EL PRODUCTO COPA DIPLOMATICO COMO A헤DIDO DEL PRODUCTO MONSTER EN LA BASE DE DATOS
ASIGNADO EL PRODUCTO COPA MATUSALEM 7 COMO A헤DIDO DEL PRODUCTO MONSTER EN LA BASE DE DATOS
ASIGNADO EL PRODUCTO COPA JAMESON COMO A헤DIDO DEL PRODUCTO MONSTER EN LA BASE DE DATOS
ASIGNADO EL PRODUCTO COPA RED LABEL COMO A헤DIDO DEL PRODUCTO MONSTER EN LA BASE DE DATOS
ASIGNADO EL PRODUCTO COPA BLACK LABEL COMO A헤DIDO DEL PRODUCTO MONSTER EN LA BASE DE DATOS
ASIGNADO EL PRODUCTO COPA BLUE LABEL COMO A헤DIDO DEL PRODUCTO MONSTER EN LA BASE DE DATOS
ASIGNADO EL PRODUCTO COPA AMARETTO COMO A헤DIDO DEL PRODUCTO MONSTER EN LA BASE DE DATOS
ASIGNADO EL PRODUCTO COPA JOSE CUERVO 1800 COMO A헤DIDO DEL PRODUCTO MONSTER EN LA BASE DE DATOS
ASIGNADO EL PRODUCTO COPA TEQUILA DON JULIO 1942 COMO A헤DIDO DEL PRODUCTO MONSTER EN LA BASE DE DATOS
ASIGNADO EL PRODUCTO BOTELLA PUERTO DE INDIAS COMO A헤DIDO DEL PRODUCTO AGUA EN LA BASE DE DATOS
ASIGNADO EL PRODUCTO BOTELLA BEEFEATER COMO A헤DIDO DEL PRODUCTO AGUA EN LA BASE DE DATOS
ASIGNADO EL PRODUCTO BOTELLA TANQUERAY COMO A헤DIDO DEL PRODUCTO AGUA EN LA BASE DE DATOS
ASIGNADO EL PRODUCTO BOTELLA BROCKMAN'S COMO A헤DIDO DEL PRODUCTO AGUA EN LA BASE DE DATOS
ASIGNADO EL PRODUCTO BOTELLA TANQUERAY TEN COMO A헤DIDO DEL PRODUCTO AGUA EN LA BASE DE DATOS
ASIGNADO EL PRODUCTO BOTELLA GIN MARE COMO A헤DIDO DEL PRODUCTO AGUA EN LA BASE DE DATOS
ASIGNADO EL PRODUCTO BOTELLA ABSOLUT COMO A헤DIDO DEL PRODUCTO AGUA EN LA BASE DE DATOS
ASIGNADO EL PRODUCTO BOTELLA BELVEDERE 0,75 COMO A헤DIDO DEL PRODUCTO AGUA EN LA BASE DE DATOS
ASIGNADO EL PRODUCTO BOTELLA BELVEDERE 1 LT COMO A헤DIDO DEL PRODUCTO AGUA EN LA BASE DE DATOS
ASIGNADO EL PRODUCTO BOTELLA CIROC COMO A헤DIDO DEL PRODUCTO AGUA EN LA BASE DE DATOS
ASIGNADO EL PRODUCTO BOTELLA BLAT COMO A헤DIDO DEL PRODUCTO AGUA EN LA BASE DE DATOS
ASIGNADO EL PRODUCTO BOTELLA AREHUCAS COMO A헤DIDO DEL PRODUCTO AGUA EN LA BASE DE DATOS
ASIGNADO EL PRODUCTO BOTELLA AREHUCAS ORO COMO A헤DIDO DEL PRODUCTO AGUA EN LA BASE DE DATOS
ASIGNADO EL PRODUCTO BOTELLA HAVANA 3 COMO A헤DIDO DEL PRODUCTO AGUA EN LA BASE DE DATOS
ASIGNADO EL PRODUCTO BOTELLA HAVANA 7 COMO A헤DIDO DEL PRODUCTO AGUA EN LA BASE DE DATOS
ASIGNADO EL PRODUCTO BOTELLA DIPLOMATICO COMO A헤DIDO DEL PRODUCTO AGUA EN LA BASE DE DATOS
ASIGNADO EL PRODUCTO BOTELLA MATUSALEM 7 COMO A헤DIDO DEL PRODUCTO AGUA EN LA BASE DE DATOS
ASIGNADO EL PRODUCTO BOTELLA JAMESON COMO A헤DIDO DEL PRODUCTO AGUA EN LA BASE DE DATOS
ASIGNADO EL PRODUCTO BOTELLA RED LABEL COMO A헤DIDO DEL PRODUCTO AGUA EN LA BASE DE DATOS
ASIGNADO EL PRODUCTO BOTELLA BLACK LABEL COMO A헤DIDO DEL PRODUCTO AGUA EN LA BASE DE DATOS
ASIGNADO EL PRODUCTO BOTELLA BLUE LABEL COMO A헤DIDO DEL PRODUCTO AGUA EN LA BASE DE DATOS
ASIGNADO EL PRODUCTO BOTELLA AMARETTO COMO A헤DIDO DEL PRODUCTO AGUA EN LA BASE DE DATOS
ASIGNADO EL PRODUCTO BOTELLA JOSE CUERVO 1800 COMO A헤DIDO DEL PRODUCTO AGUA EN LA BASE DE DATOS
ASIGNADO EL PRODUCTO BOTELLA TEQUILA DON JULIO 1942 COMO A헤DIDO DEL PRODUCTO AGUA EN LA BASE DE DATOS
ASIGNADO EL PRODUCTO BOTELLA PUERTO DE INDIAS COMO A헤DIDO DEL PRODUCTO AGUA CON GAS EN LA BASE DE DATOS
ASIGNADO EL PRODUCTO BOTELLA BEEFEATER COMO A헤DIDO DEL PRODUCTO AGUA CON GAS EN LA BASE DE DATOS
ASIGNADO EL PRODUCTO BOTELLA TANQUERAY COMO A헤DIDO DEL PRODUCTO AGUA CON GAS EN LA BASE DE DATOS
ASIGNADO EL PRODUCTO BOTELLA BROCKMAN'S COMO A헤DIDO DEL PRODUCTO AGUA CON GAS EN LA BASE DE DATOS
ASIGNADO EL PRODUCTO BOTELLA TANQUERAY TEN COMO A헤DIDO DEL PRODUCTO AGUA CON GAS EN LA BASE DE DATOS
ASIGNADO EL PRODUCTO BOTELLA GIN MARE COMO A헤DIDO DEL PRODUCTO AGUA CON GAS EN LA BASE DE DATOS
ASIGNADO EL PRODUCTO BOTELLA ABSOLUT COMO A헤DIDO DEL PRODUCTO AGUA CON GAS EN LA BASE DE DATOS
ASIGNADO EL PRODUCTO BOTELLA BELVEDERE 0,75 COMO A헤DIDO DEL PRODUCTO AGUA CON GAS EN LA BASE DE DATOS
ASIGNADO EL PRODUCTO BOTELLA BELVEDERE 1 LT COMO A헤DIDO DEL PRODUCTO AGUA CON GAS EN LA BASE DE DATOS
ASIGNADO EL PRODUCTO BOTELLA CIROC COMO A헤DIDO DEL PRODUCTO AGUA CON GAS EN LA BASE DE DATOS
ASIGNADO EL PRODUCTO BOTELLA BLAT COMO A헤DIDO DEL PRODUCTO AGUA CON GAS EN LA BASE DE DATOS
ASIGNADO EL PRODUCTO BOTELLA AREHUCAS COMO A헤DIDO DEL PRODUCTO AGUA CON GAS EN LA BASE DE DATOS
ASIGNADO EL PRODUCTO BOTELLA AREHUCAS ORO COMO A헤DIDO DEL PRODUCTO AGUA CON GAS EN LA BASE DE DATOS
ASIGNADO EL PRODUCTO BOTELLA HAVANA 3 COMO A헤DIDO DEL PRODUCTO AGUA CON GAS EN LA BASE DE DATOS
ASIGNADO EL PRODUCTO BOTELLA HAVANA 7 COMO A헤DIDO DEL PRODUCTO AGUA CON GAS EN LA BASE DE DATOS
ASIGNADO EL PRODUCTO BOTELLA DIPLOMATICO COMO A헤DIDO DEL PRODUCTO AGUA CON GAS EN LA BASE DE DATOS
ASIGNADO EL PRODUCTO BOTELLA MATUSALEM 7 COMO A헤DIDO DEL PRODUCTO AGUA CON GAS EN LA BASE DE DATOS
ASIGNADO EL PRODUCTO BOTELLA JAMESON COMO A헤DIDO DEL PRODUCTO AGUA CON GAS EN LA BASE DE DATOS
ASIGNADO EL PRODUCTO BOTELLA RED LABEL COMO A헤DIDO DEL PRODUCTO AGUA CON GAS EN LA BASE DE DATOS
ASIGNADO EL PRODUCTO BOTELLA BLACK LABEL COMO A헤DIDO DEL PRODUCTO AGUA CON GAS EN LA BASE DE DATOS
ASIGNADO EL PRODUCTO BOTELLA BLUE LABEL COMO A헤DIDO DEL PRODUCTO AGUA CON GAS EN LA BASE DE DATOS
ASIGNADO EL PRODUCTO BOTELLA AMARETTO COMO A헤DIDO DEL PRODUCTO AGUA CON GAS EN LA BASE DE DATOS
ASIGNADO EL PRODUCTO BOTELLA JOSE CUERVO 1800 COMO A헤DIDO DEL PRODUCTO AGUA CON GAS EN LA BASE DE DATOS
ASIGNADO EL PRODUCTO BOTELLA TEQUILA DON JULIO 1942 COMO A헤DIDO DEL PRODUCTO AGUA CON GAS EN LA BASE DE DATOS
ASIGNADO EL PRODUCTO BOTELLA PUERTO DE INDIAS COMO A헤DIDO DEL PRODUCTO COCA COLA EN LA BASE DE DATOS
ASIGNADO EL PRODUCTO BOTELLA BEEFEATER COMO A헤DIDO DEL PRODUCTO COCA COLA EN LA BASE DE DATOS
ASIGNADO EL PRODUCTO BOTELLA TANQUERAY COMO A헤DIDO DEL PRODUCTO COCA COLA EN LA BASE DE DATOS
ASIGNADO EL PRODUCTO BOTELLA BROCKMAN'S COMO A헤DIDO DEL PRODUCTO COCA COLA EN LA BASE DE DATOS
ASIGNADO EL PRODUCTO BOTELLA TANQUERAY TEN COMO A헤DIDO DEL PRODUCTO COCA COLA EN LA BASE DE DATOS
ASIGNADO EL PRODUCTO BOTELLA GIN MARE COMO A헤DIDO DEL PRODUCTO COCA COLA EN LA BASE DE DATOS
ASIGNADO EL PRODUCTO BOTELLA ABSOLUT COMO A헤DIDO DEL PRODUCTO COCA COLA EN LA BASE DE DATOS
ASIGNADO EL PRODUCTO BOTELLA BELVEDERE 0,75 COMO A헤DIDO DEL PRODUCTO COCA COLA EN LA BASE DE DATOS
ASIGNADO EL PRODUCTO BOTELLA BELVEDERE 1 LT COMO A헤DIDO DEL PRODUCTO COCA COLA EN LA BASE DE DATOS
ASIGNADO EL PRODUCTO BOTELLA CIROC COMO A헤DIDO DEL PRODUCTO COCA COLA EN LA BASE DE DATOS
ASIGNADO EL PRODUCTO BOTELLA BLAT COMO A헤DIDO DEL PRODUCTO COCA COLA EN LA BASE DE DATOS
ASIGNADO EL PRODUCTO BOTELLA AREHUCAS COMO A헤DIDO DEL PRODUCTO COCA COLA EN LA BASE DE DATOS
ASIGNADO EL PRODUCTO BOTELLA AREHUCAS ORO COMO A헤DIDO DEL PRODUCTO COCA COLA EN LA BASE DE DATOS
ASIGNADO EL PRODUCTO BOTELLA HAVANA 3 COMO A헤DIDO DEL PRODUCTO COCA COLA EN LA BASE DE DATOS
ASIGNADO EL PRODUCTO BOTELLA HAVANA 7 COMO A헤DIDO DEL PRODUCTO COCA COLA EN LA BASE DE DATOS
ASIGNADO EL PRODUCTO BOTELLA DIPLOMATICO COMO A헤DIDO DEL PRODUCTO COCA COLA EN LA BASE DE DATOS
ASIGNADO EL PRODUCTO BOTELLA MATUSALEM 7 COMO A헤DIDO DEL PRODUCTO COCA COLA EN LA BASE DE DATOS
ASIGNADO EL PRODUCTO BOTELLA JAMESON COMO A헤DIDO DEL PRODUCTO COCA COLA EN LA BASE DE DATOS
ASIGNADO EL PRODUCTO BOTELLA RED LABEL COMO A헤DIDO DEL PRODUCTO COCA COLA EN LA BASE DE DATOS
ASIGNADO EL PRODUCTO BOTELLA BLACK LABEL COMO A헤DIDO DEL PRODUCTO COCA COLA EN LA BASE DE DATOS
ASIGNADO EL PRODUCTO BOTELLA BLUE LABEL COMO A헤DIDO DEL PRODUCTO COCA COLA EN LA BASE DE DATOS
ASIGNADO EL PRODUCTO BOTELLA AMARETTO COMO A헤DIDO DEL PRODUCTO COCA COLA EN LA BASE DE DATOS
ASIGNADO EL PRODUCTO BOTELLA JOSE CUERVO 1800 COMO A헤DIDO DEL PRODUCTO COCA COLA EN LA BASE DE DATOS
ASIGNADO EL PRODUCTO BOTELLA TEQUILA DON JULIO 1942 COMO A헤DIDO DEL PRODUCTO COCA COLA EN LA BASE DE DATOS
ASIGNADO EL PRODUCTO BOTELLA PUERTO DE INDIAS COMO A헤DIDO DEL PRODUCTO COCA COLA 00 EN LA BASE DE DATOS
ASIGNADO EL PRODUCTO BOTELLA BEEFEATER COMO A헤DIDO DEL PRODUCTO COCA COLA 00 EN LA BASE DE DATOS
ASIGNADO EL PRODUCTO BOTELLA TANQUERAY COMO A헤DIDO DEL PRODUCTO COCA COLA 00 EN LA BASE DE DATOS
ASIGNADO EL PRODUCTO BOTELLA BROCKMAN'S COMO A헤DIDO DEL PRODUCTO COCA COLA 00 EN LA BASE DE DATOS
ASIGNADO EL PRODUCTO BOTELLA TANQUERAY TEN COMO A헤DIDO DEL PRODUCTO COCA COLA 00 EN LA BASE DE DATOS
ASIGNADO EL PRODUCTO BOTELLA GIN MARE COMO A헤DIDO DEL PRODUCTO COCA COLA 00 EN LA BASE DE DATOS
ASIGNADO EL PRODUCTO BOTELLA ABSOLUT COMO A헤DIDO DEL PRODUCTO COCA COLA 00 EN LA BASE DE DATOS
ASIGNADO EL PRODUCTO BOTELLA BELVEDERE 0,75 COMO A헤DIDO DEL PRODUCTO COCA COLA 00 EN LA BASE DE DATOS
ASIGNADO EL PRODUCTO BOTELLA BELVEDERE 1 LT COMO A헤DIDO DEL PRODUCTO COCA COLA 00 EN LA BASE DE DATOS
ASIGNADO EL PRODUCTO BOTELLA CIROC COMO A헤DIDO DEL PRODUCTO COCA COLA 00 EN LA BASE DE DATOS
ASIGNADO EL PRODUCTO BOTELLA BLAT COMO A헤DIDO DEL PRODUCTO COCA COLA 00 EN LA BASE DE DATOS
ASIGNADO EL PRODUCTO BOTELLA AREHUCAS COMO A헤DIDO DEL PRODUCTO COCA COLA 00 EN LA BASE DE DATOS
ASIGNADO EL PRODUCTO BOTELLA AREHUCAS ORO COMO A헤DIDO DEL PRODUCTO COCA COLA 00 EN LA BASE DE DATOS
ASIGNADO EL PRODUCTO BOTELLA HAVANA 3 COMO A헤DIDO DEL PRODUCTO COCA COLA 00 EN LA BASE DE DATOS
ASIGNADO EL PRODUCTO BOTELLA HAVANA 7 COMO A헤DIDO DEL PRODUCTO COCA COLA 00 EN LA BASE DE DATOS
ASIGNADO EL PRODUCTO BOTELLA DIPLOMATICO COMO A헤DIDO DEL PRODUCTO COCA COLA 00 EN LA BASE DE DATOS
ASIGNADO EL PRODUCTO BOTELLA MATUSALEM 7 COMO A헤DIDO DEL PRODUCTO COCA COLA 00 EN LA BASE DE DATOS
ASIGNADO EL PRODUCTO BOTELLA JAMESON COMO A헤DIDO DEL PRODUCTO COCA COLA 00 EN LA BASE DE DATOS
ASIGNADO EL PRODUCTO BOTELLA RED LABEL COMO A헤DIDO DEL PRODUCTO COCA COLA 00 EN LA BASE DE DATOS
ASIGNADO EL PRODUCTO BOTELLA BLACK LABEL COMO A헤DIDO DEL PRODUCTO COCA COLA 00 EN LA BASE DE DATOS
ASIGNADO EL PRODUCTO BOTELLA BLUE LABEL COMO A헤DIDO DEL PRODUCTO COCA COLA 00 EN LA BASE DE DATOS
ASIGNADO EL PRODUCTO BOTELLA AMARETTO COMO A헤DIDO DEL PRODUCTO COCA COLA 00 EN LA BASE DE DATOS
ASIGNADO EL PRODUCTO BOTELLA JOSE CUERVO 1800 COMO A헤DIDO DEL PRODUCTO COCA COLA 00 EN LA BASE DE DATOS
ASIGNADO EL PRODUCTO BOTELLA TEQUILA DON JULIO 1942 COMO A헤DIDO DEL PRODUCTO COCA COLA 00 EN LA BASE DE DATOS
ASIGNADO EL PRODUCTO BOTELLA PUERTO DE INDIAS COMO A헤DIDO DEL PRODUCTO FANTA NARANJA EN LA BASE DE DATOS
ASIGNADO EL PRODUCTO BOTELLA BEEFEATER COMO A헤DIDO DEL PRODUCTO FANTA NARANJA EN LA BASE DE DATOS
ASIGNADO EL PRODUCTO BOTELLA TANQUERAY COMO A헤DIDO DEL PRODUCTO FANTA NARANJA EN LA BASE DE DATOS
ASIGNADO EL PRODUCTO BOTELLA BROCKMAN'S COMO A헤DIDO DEL PRODUCTO FANTA NARANJA EN LA BASE DE DATOS
ASIGNADO EL PRODUCTO BOTELLA TANQUERAY TEN COMO A헤DIDO DEL PRODUCTO FANTA NARANJA EN LA BASE DE DATOS
ASIGNADO EL PRODUCTO BOTELLA GIN MARE COMO A헤DIDO DEL PRODUCTO FANTA NARANJA EN LA BASE DE DATOS
ASIGNADO EL PRODUCTO BOTELLA ABSOLUT COMO A헤DIDO DEL PRODUCTO FANTA NARANJA EN LA BASE DE DATOS
ASIGNADO EL PRODUCTO BOTELLA BELVEDERE 0,75 COMO A헤DIDO DEL PRODUCTO FANTA NARANJA EN LA BASE DE DATOS
ASIGNADO EL PRODUCTO BOTELLA BELVEDERE 1 LT COMO A헤DIDO DEL PRODUCTO FANTA NARANJA EN LA BASE DE DATOS
ASIGNADO EL PRODUCTO BOTELLA CIROC COMO A헤DIDO DEL PRODUCTO FANTA NARANJA EN LA BASE DE DATOS
ASIGNADO EL PRODUCTO BOTELLA BLAT COMO A헤DIDO DEL PRODUCTO FANTA NARANJA EN LA BASE DE DATOS
ASIGNADO EL PRODUCTO BOTELLA AREHUCAS COMO A헤DIDO DEL PRODUCTO FANTA NARANJA EN LA BASE DE DATOS
ASIGNADO EL PRODUCTO BOTELLA AREHUCAS ORO COMO A헤DIDO DEL PRODUCTO FANTA NARANJA EN LA BASE DE DATOS
ASIGNADO EL PRODUCTO BOTELLA HAVANA 3 COMO A헤DIDO DEL PRODUCTO FANTA NARANJA EN LA BASE DE DATOS
ASIGNADO EL PRODUCTO BOTELLA HAVANA 7 COMO A헤DIDO DEL PRODUCTO FANTA NARANJA EN LA BASE DE DATOS
ASIGNADO EL PRODUCTO BOTELLA DIPLOMATICO COMO A헤DIDO DEL PRODUCTO FANTA NARANJA EN LA BASE DE DATOS
ASIGNADO EL PRODUCTO BOTELLA MATUSALEM 7 COMO A헤DIDO DEL PRODUCTO FANTA NARANJA EN LA BASE DE DATOS
ASIGNADO EL PRODUCTO BOTELLA JAMESON COMO A헤DIDO DEL PRODUCTO FANTA NARANJA EN LA BASE DE DATOS
ASIGNADO EL PRODUCTO BOTELLA RED LABEL COMO A헤DIDO DEL PRODUCTO FANTA NARANJA EN LA BASE DE DATOS
ASIGNADO EL PRODUCTO BOTELLA BLACK LABEL COMO A헤DIDO DEL PRODUCTO FANTA NARANJA EN LA BASE DE DATOS
ASIGNADO EL PRODUCTO BOTELLA BLUE LABEL COMO A헤DIDO DEL PRODUCTO FANTA NARANJA EN LA BASE DE DATOS
ASIGNADO EL PRODUCTO BOTELLA AMARETTO COMO A헤DIDO DEL PRODUCTO FANTA NARANJA EN LA BASE DE DATOS
ASIGNADO EL PRODUCTO BOTELLA JOSE CUERVO 1800 COMO A헤DIDO DEL PRODUCTO FANTA NARANJA EN LA BASE DE DATOS
ASIGNADO EL PRODUCTO BOTELLA TEQUILA DON JULIO 1942 COMO A헤DIDO DEL PRODUCTO FANTA NARANJA EN LA BASE DE DATOS
ASIGNADO EL PRODUCTO BOTELLA PUERTO DE INDIAS COMO A헤DIDO DEL PRODUCTO FANTA LIM흁 EN LA BASE DE DATOS
ASIGNADO EL PRODUCTO BOTELLA BEEFEATER COMO A헤DIDO DEL PRODUCTO FANTA LIM흁 EN LA BASE DE DATOS
ASIGNADO EL PRODUCTO BOTELLA TANQUERAY COMO A헤DIDO DEL PRODUCTO FANTA LIM흁 EN LA BASE DE DATOS
ASIGNADO EL PRODUCTO BOTELLA BROCKMAN'S COMO A헤DIDO DEL PRODUCTO FANTA LIM흁 EN LA BASE DE DATOS
ASIGNADO EL PRODUCTO BOTELLA TANQUERAY TEN COMO A헤DIDO DEL PRODUCTO FANTA LIM흁 EN LA BASE DE DATOS
ASIGNADO EL PRODUCTO BOTELLA GIN MARE COMO A헤DIDO DEL PRODUCTO FANTA LIM흁 EN LA BASE DE DATOS
ASIGNADO EL PRODUCTO BOTELLA ABSOLUT COMO A헤DIDO DEL PRODUCTO FANTA LIM흁 EN LA BASE DE DATOS
ASIGNADO EL PRODUCTO BOTELLA BELVEDERE 0,75 COMO A헤DIDO DEL PRODUCTO FANTA LIM흁 EN LA BASE DE DATOS
ASIGNADO EL PRODUCTO BOTELLA BELVEDERE 1 LT COMO A헤DIDO DEL PRODUCTO FANTA LIM흁 EN LA BASE DE DATOS
ASIGNADO EL PRODUCTO BOTELLA CIROC COMO A헤DIDO DEL PRODUCTO FANTA LIM흁 EN LA BASE DE DATOS
ASIGNADO EL PRODUCTO BOTELLA BLAT COMO A헤DIDO DEL PRODUCTO FANTA LIM흁 EN LA BASE DE DATOS
ASIGNADO EL PRODUCTO BOTELLA AREHUCAS COMO A헤DIDO DEL PRODUCTO FANTA LIM흁 EN LA BASE DE DATOS
ASIGNADO EL PRODUCTO BOTELLA AREHUCAS ORO COMO A헤DIDO DEL PRODUCTO FANTA LIM흁 EN LA BASE DE DATOS
ASIGNADO EL PRODUCTO BOTELLA HAVANA 3 COMO A헤DIDO DEL PRODUCTO FANTA LIM흁 EN LA BASE DE DATOS
ASIGNADO EL PRODUCTO BOTELLA HAVANA 7 COMO A헤DIDO DEL PRODUCTO FANTA LIM흁 EN LA BASE DE DATOS
ASIGNADO EL PRODUCTO BOTELLA DIPLOMATICO COMO A헤DIDO DEL PRODUCTO FANTA LIM흁 EN LA BASE DE DATOS
ASIGNADO EL PRODUCTO BOTELLA MATUSALEM 7 COMO A헤DIDO DEL PRODUCTO FANTA LIM흁 EN LA BASE DE DATOS
ASIGNADO EL PRODUCTO BOTELLA JAMESON COMO A헤DIDO DEL PRODUCTO FANTA LIM흁 EN LA BASE DE DATOS
ASIGNADO EL PRODUCTO BOTELLA RED LABEL COMO A헤DIDO DEL PRODUCTO FANTA LIM흁 EN LA BASE DE DATOS
ASIGNADO EL PRODUCTO BOTELLA BLACK LABEL COMO A헤DIDO DEL PRODUCTO FANTA LIM흁 EN LA BASE DE DATOS
ASIGNADO EL PRODUCTO BOTELLA BLUE LABEL COMO A헤DIDO DEL PRODUCTO FANTA LIM흁 EN LA BASE DE DATOS
ASIGNADO EL PRODUCTO BOTELLA AMARETTO COMO A헤DIDO DEL PRODUCTO FANTA LIM흁 EN LA BASE DE DATOS
ASIGNADO EL PRODUCTO BOTELLA JOSE CUERVO 1800 COMO A헤DIDO DEL PRODUCTO FANTA LIM흁 EN LA BASE DE DATOS
ASIGNADO EL PRODUCTO BOTELLA TEQUILA DON JULIO 1942 COMO A헤DIDO DEL PRODUCTO FANTA LIM흁 EN LA BASE DE DATOS
ASIGNADO EL PRODUCTO BOTELLA PUERTO DE INDIAS COMO A헤DIDO DEL PRODUCTO SPRITE EN LA BASE DE DATOS
ASIGNADO EL PRODUCTO BOTELLA BEEFEATER COMO A헤DIDO DEL PRODUCTO SPRITE EN LA BASE DE DATOS
ASIGNADO EL PRODUCTO BOTELLA TANQUERAY COMO A헤DIDO DEL PRODUCTO SPRITE EN LA BASE DE DATOS
ASIGNADO EL PRODUCTO BOTELLA BROCKMAN'S COMO A헤DIDO DEL PRODUCTO SPRITE EN LA BASE DE DATOS
ASIGNADO EL PRODUCTO BOTELLA TANQUERAY TEN COMO A헤DIDO DEL PRODUCTO SPRITE EN LA BASE DE DATOS
ASIGNADO EL PRODUCTO BOTELLA GIN MARE COMO A헤DIDO DEL PRODUCTO SPRITE EN LA BASE DE DATOS
ASIGNADO EL PRODUCTO BOTELLA ABSOLUT COMO A헤DIDO DEL PRODUCTO SPRITE EN LA BASE DE DATOS
ASIGNADO EL PRODUCTO BOTELLA BELVEDERE 0,75 COMO A헤DIDO DEL PRODUCTO SPRITE EN LA BASE DE DATOS
ASIGNADO EL PRODUCTO BOTELLA BELVEDERE 1 LT COMO A헤DIDO DEL PRODUCTO SPRITE EN LA BASE DE DATOS
ASIGNADO EL PRODUCTO BOTELLA CIROC COMO A헤DIDO DEL PRODUCTO SPRITE EN LA BASE DE DATOS
ASIGNADO EL PRODUCTO BOTELLA BLAT COMO A헤DIDO DEL PRODUCTO SPRITE EN LA BASE DE DATOS
ASIGNADO EL PRODUCTO BOTELLA AREHUCAS COMO A헤DIDO DEL PRODUCTO SPRITE EN LA BASE DE DATOS
ASIGNADO EL PRODUCTO BOTELLA AREHUCAS ORO COMO A헤DIDO DEL PRODUCTO SPRITE EN LA BASE DE DATOS
ASIGNADO EL PRODUCTO BOTELLA HAVANA 3 COMO A헤DIDO DEL PRODUCTO SPRITE EN LA BASE DE DATOS
ASIGNADO EL PRODUCTO BOTELLA HAVANA 7 COMO A헤DIDO DEL PRODUCTO SPRITE EN LA BASE DE DATOS
ASIGNADO EL PRODUCTO BOTELLA DIPLOMATICO COMO A헤DIDO DEL PRODUCTO SPRITE EN LA BASE DE DATOS
ASIGNADO EL PRODUCTO BOTELLA MATUSALEM 7 COMO A헤DIDO DEL PRODUCTO SPRITE EN LA BASE DE DATOS
ASIGNADO EL PRODUCTO BOTELLA JAMESON COMO A헤DIDO DEL PRODUCTO SPRITE EN LA BASE DE DATOS
ASIGNADO EL PRODUCTO BOTELLA RED LABEL COMO A헤DIDO DEL PRODUCTO SPRITE EN LA BASE DE DATOS
ASIGNADO EL PRODUCTO BOTELLA BLACK LABEL COMO A헤DIDO DEL PRODUCTO SPRITE EN LA BASE DE DATOS
ASIGNADO EL PRODUCTO BOTELLA BLUE LABEL COMO A헤DIDO DEL PRODUCTO SPRITE EN LA BASE DE DATOS
ASIGNADO EL PRODUCTO BOTELLA AMARETTO COMO A헤DIDO DEL PRODUCTO SPRITE EN LA BASE DE DATOS
ASIGNADO EL PRODUCTO BOTELLA JOSE CUERVO 1800 COMO A헤DIDO DEL PRODUCTO SPRITE EN LA BASE DE DATOS
ASIGNADO EL PRODUCTO BOTELLA TEQUILA DON JULIO 1942 COMO A헤DIDO DEL PRODUCTO SPRITE EN LA BASE DE DATOS
ASIGNADO EL PRODUCTO BOTELLA PUERTO DE INDIAS COMO A헤DIDO DEL PRODUCTO RED BULL EN LA BASE DE DATOS
ASIGNADO EL PRODUCTO BOTELLA BEEFEATER COMO A헤DIDO DEL PRODUCTO RED BULL EN LA BASE DE DATOS
ASIGNADO EL PRODUCTO BOTELLA TANQUERAY COMO A헤DIDO DEL PRODUCTO RED BULL EN LA BASE DE DATOS
ASIGNADO EL PRODUCTO BOTELLA BROCKMAN'S COMO A헤DIDO DEL PRODUCTO RED BULL EN LA BASE DE DATOS
ASIGNADO EL PRODUCTO BOTELLA TANQUERAY TEN COMO A헤DIDO DEL PRODUCTO RED BULL EN LA BASE DE DATOS
ASIGNADO EL PRODUCTO BOTELLA GIN MARE COMO A헤DIDO DEL PRODUCTO RED BULL EN LA BASE DE DATOS
ASIGNADO EL PRODUCTO BOTELLA ABSOLUT COMO A헤DIDO DEL PRODUCTO RED BULL EN LA BASE DE DATOS
ASIGNADO EL PRODUCTO BOTELLA BELVEDERE 0,75 COMO A헤DIDO DEL PRODUCTO RED BULL EN LA BASE DE DATOS
ASIGNADO EL PRODUCTO BOTELLA BELVEDERE 1 LT COMO A헤DIDO DEL PRODUCTO RED BULL EN LA BASE DE DATOS
ASIGNADO EL PRODUCTO BOTELLA CIROC COMO A헤DIDO DEL PRODUCTO RED BULL EN LA BASE DE DATOS
ASIGNADO EL PRODUCTO BOTELLA BLAT COMO A헤DIDO DEL PRODUCTO RED BULL EN LA BASE DE DATOS
ASIGNADO EL PRODUCTO BOTELLA AREHUCAS COMO A헤DIDO DEL PRODUCTO RED BULL EN LA BASE DE DATOS
ASIGNADO EL PRODUCTO BOTELLA AREHUCAS ORO COMO A헤DIDO DEL PRODUCTO RED BULL EN LA BASE DE DATOS
ASIGNADO EL PRODUCTO BOTELLA HAVANA 3 COMO A헤DIDO DEL PRODUCTO RED BULL EN LA BASE DE DATOS
ASIGNADO EL PRODUCTO BOTELLA HAVANA 7 COMO A헤DIDO DEL PRODUCTO RED BULL EN LA BASE DE DATOS
ASIGNADO EL PRODUCTO BOTELLA DIPLOMATICO COMO A헤DIDO DEL PRODUCTO RED BULL EN LA BASE DE DATOS
ASIGNADO EL PRODUCTO BOTELLA MATUSALEM 7 COMO A헤DIDO DEL PRODUCTO RED BULL EN LA BASE DE DATOS
ASIGNADO EL PRODUCTO BOTELLA JAMESON COMO A헤DIDO DEL PRODUCTO RED BULL EN LA BASE DE DATOS
ASIGNADO EL PRODUCTO BOTELLA RED LABEL COMO A헤DIDO DEL PRODUCTO RED BULL EN LA BASE DE DATOS
ASIGNADO EL PRODUCTO BOTELLA BLACK LABEL COMO A헤DIDO DEL PRODUCTO RED BULL EN LA BASE DE DATOS
ASIGNADO EL PRODUCTO BOTELLA BLUE LABEL COMO A헤DIDO DEL PRODUCTO RED BULL EN LA BASE DE DATOS
ASIGNADO EL PRODUCTO BOTELLA AMARETTO COMO A헤DIDO DEL PRODUCTO RED BULL EN LA BASE DE DATOS
ASIGNADO EL PRODUCTO BOTELLA JOSE CUERVO 1800 COMO A헤DIDO DEL PRODUCTO RED BULL EN LA BASE DE DATOS
ASIGNADO EL PRODUCTO BOTELLA TEQUILA DON JULIO 1942 COMO A헤DIDO DEL PRODUCTO RED BULL EN LA BASE DE DATOS
ASIGNADO EL PRODUCTO BOTELLA PUERTO DE INDIAS COMO A헤DIDO DEL PRODUCTO TONICA ROYAL BLISS EN LA BASE DE DATOS
ASIGNADO EL PRODUCTO BOTELLA BEEFEATER COMO A헤DIDO DEL PRODUCTO TONICA ROYAL BLISS EN LA BASE DE DATOS
ASIGNADO EL PRODUCTO BOTELLA TANQUERAY COMO A헤DIDO DEL PRODUCTO TONICA ROYAL BLISS EN LA BASE DE DATOS
ASIGNADO EL PRODUCTO BOTELLA BROCKMAN'S COMO A헤DIDO DEL PRODUCTO TONICA ROYAL BLISS EN LA BASE DE DATOS
ASIGNADO EL PRODUCTO BOTELLA TANQUERAY TEN COMO A헤DIDO DEL PRODUCTO TONICA ROYAL BLISS EN LA BASE DE DATOS
ASIGNADO EL PRODUCTO BOTELLA GIN MARE COMO A헤DIDO DEL PRODUCTO TONICA ROYAL BLISS EN LA BASE DE DATOS
ASIGNADO EL PRODUCTO BOTELLA ABSOLUT COMO A헤DIDO DEL PRODUCTO TONICA ROYAL BLISS EN LA BASE DE DATOS
ASIGNADO EL PRODUCTO BOTELLA BELVEDERE 0,75 COMO A헤DIDO DEL PRODUCTO TONICA ROYAL BLISS EN LA BASE DE DATOS
ASIGNADO EL PRODUCTO BOTELLA BELVEDERE 1 LT COMO A헤DIDO DEL PRODUCTO TONICA ROYAL BLISS EN LA BASE DE DATOS
ASIGNADO EL PRODUCTO BOTELLA CIROC COMO A헤DIDO DEL PRODUCTO TONICA ROYAL BLISS EN LA BASE DE DATOS
ASIGNADO EL PRODUCTO BOTELLA BLAT COMO A헤DIDO DEL PRODUCTO TONICA ROYAL BLISS EN LA BASE DE DATOS
ASIGNADO EL PRODUCTO BOTELLA AREHUCAS COMO A헤DIDO DEL PRODUCTO TONICA ROYAL BLISS EN LA BASE DE DATOS
ASIGNADO EL PRODUCTO BOTELLA AREHUCAS ORO COMO A헤DIDO DEL PRODUCTO TONICA ROYAL BLISS EN LA BASE DE DATOS
ASIGNADO EL PRODUCTO BOTELLA HAVANA 3 COMO A헤DIDO DEL PRODUCTO TONICA ROYAL BLISS EN LA BASE DE DATOS
ASIGNADO EL PRODUCTO BOTELLA HAVANA 7 COMO A헤DIDO DEL PRODUCTO TONICA ROYAL BLISS EN LA BASE DE DATOS
ASIGNADO EL PRODUCTO BOTELLA DIPLOMATICO COMO A헤DIDO DEL PRODUCTO TONICA ROYAL BLISS EN LA BASE DE DATOS
ASIGNADO EL PRODUCTO BOTELLA MATUSALEM 7 COMO A헤DIDO DEL PRODUCTO TONICA ROYAL BLISS EN LA BASE DE DATOS
ASIGNADO EL PRODUCTO BOTELLA JAMESON COMO A헤DIDO DEL PRODUCTO TONICA ROYAL BLISS EN LA BASE DE DATOS
ASIGNADO EL PRODUCTO BOTELLA RED LABEL COMO A헤DIDO DEL PRODUCTO TONICA ROYAL BLISS EN LA BASE DE DATOS
ASIGNADO EL PRODUCTO BOTELLA BLACK LABEL COMO A헤DIDO DEL PRODUCTO TONICA ROYAL BLISS EN LA BASE DE DATOS
ASIGNADO EL PRODUCTO BOTELLA BLUE LABEL COMO A헤DIDO DEL PRODUCTO TONICA ROYAL BLISS EN LA BASE DE DATOS
ASIGNADO EL PRODUCTO BOTELLA AMARETTO COMO A헤DIDO DEL PRODUCTO TONICA ROYAL BLISS EN LA BASE DE DATOS
ASIGNADO EL PRODUCTO BOTELLA JOSE CUERVO 1800 COMO A헤DIDO DEL PRODUCTO TONICA ROYAL BLISS EN LA BASE DE DATOS
ASIGNADO EL PRODUCTO BOTELLA TEQUILA DON JULIO 1942 COMO A헤DIDO DEL PRODUCTO TONICA ROYAL BLISS EN LA BASE DE DATOS
ASIGNADO EL PRODUCTO BOTELLA PUERTO DE INDIAS COMO A헤DIDO DEL PRODUCTO GINGER ALE EN LA BASE DE DATOS
ASIGNADO EL PRODUCTO BOTELLA BEEFEATER COMO A헤DIDO DEL PRODUCTO GINGER ALE EN LA BASE DE DATOS
ASIGNADO EL PRODUCTO BOTELLA TANQUERAY COMO A헤DIDO DEL PRODUCTO GINGER ALE EN LA BASE DE DATOS
ASIGNADO EL PRODUCTO BOTELLA BROCKMAN'S COMO A헤DIDO DEL PRODUCTO GINGER ALE EN LA BASE DE DATOS
ASIGNADO EL PRODUCTO BOTELLA TANQUERAY TEN COMO A헤DIDO DEL PRODUCTO GINGER ALE EN LA BASE DE DATOS
ASIGNADO EL PRODUCTO BOTELLA GIN MARE COMO A헤DIDO DEL PRODUCTO GINGER ALE EN LA BASE DE DATOS
ASIGNADO EL PRODUCTO BOTELLA ABSOLUT COMO A헤DIDO DEL PRODUCTO GINGER ALE EN LA BASE DE DATOS
ASIGNADO EL PRODUCTO BOTELLA BELVEDERE 0,75 COMO A헤DIDO DEL PRODUCTO GINGER ALE EN LA BASE DE DATOS
ASIGNADO EL PRODUCTO BOTELLA BELVEDERE 1 LT COMO A헤DIDO DEL PRODUCTO GINGER ALE EN LA BASE DE DATOS
ASIGNADO EL PRODUCTO BOTELLA CIROC COMO A헤DIDO DEL PRODUCTO GINGER ALE EN LA BASE DE DATOS
ASIGNADO EL PRODUCTO BOTELLA BLAT COMO A헤DIDO DEL PRODUCTO GINGER ALE EN LA BASE DE DATOS
ASIGNADO EL PRODUCTO BOTELLA AREHUCAS COMO A헤DIDO DEL PRODUCTO GINGER ALE EN LA BASE DE DATOS
ASIGNADO EL PRODUCTO BOTELLA AREHUCAS ORO COMO A헤DIDO DEL PRODUCTO GINGER ALE EN LA BASE DE DATOS
ASIGNADO EL PRODUCTO BOTELLA HAVANA 3 COMO A헤DIDO DEL PRODUCTO GINGER ALE EN LA BASE DE DATOS
ASIGNADO EL PRODUCTO BOTELLA HAVANA 7 COMO A헤DIDO DEL PRODUCTO GINGER ALE EN LA BASE DE DATOS
ASIGNADO EL PRODUCTO BOTELLA DIPLOMATICO COMO A헤DIDO DEL PRODUCTO GINGER ALE EN LA BASE DE DATOS
ASIGNADO EL PRODUCTO BOTELLA MATUSALEM 7 COMO A헤DIDO DEL PRODUCTO GINGER ALE EN LA BASE DE DATOS
ASIGNADO EL PRODUCTO BOTELLA JAMESON COMO A헤DIDO DEL PRODUCTO GINGER ALE EN LA BASE DE DATOS
ASIGNADO EL PRODUCTO BOTELLA RED LABEL COMO A헤DIDO DEL PRODUCTO GINGER ALE EN LA BASE DE DATOS
ASIGNADO EL PRODUCTO BOTELLA BLACK LABEL COMO A헤DIDO DEL PRODUCTO GINGER ALE EN LA BASE DE DATOS
ASIGNADO EL PRODUCTO BOTELLA BLUE LABEL COMO A헤DIDO DEL PRODUCTO GINGER ALE EN LA BASE DE DATOS
ASIGNADO EL PRODUCTO BOTELLA AMARETTO COMO A헤DIDO DEL PRODUCTO GINGER ALE EN LA BASE DE DATOS
ASIGNADO EL PRODUCTO BOTELLA JOSE CUERVO 1800 COMO A헤DIDO DEL PRODUCTO GINGER ALE EN LA BASE DE DATOS
ASIGNADO EL PRODUCTO BOTELLA TEQUILA DON JULIO 1942 COMO A헤DIDO DEL PRODUCTO GINGER ALE EN LA BASE DE DATOS
ASIGNADO EL PRODUCTO BOTELLA PUERTO DE INDIAS COMO A헤DIDO DEL PRODUCTO APPLETISER EN LA BASE DE DATOS
ASIGNADO EL PRODUCTO BOTELLA BEEFEATER COMO A헤DIDO DEL PRODUCTO APPLETISER EN LA BASE DE DATOS
ASIGNADO EL PRODUCTO BOTELLA TANQUERAY COMO A헤DIDO DEL PRODUCTO APPLETISER EN LA BASE DE DATOS
ASIGNADO EL PRODUCTO BOTELLA BROCKMAN'S COMO A헤DIDO DEL PRODUCTO APPLETISER EN LA BASE DE DATOS
ASIGNADO EL PRODUCTO BOTELLA TANQUERAY TEN COMO A헤DIDO DEL PRODUCTO APPLETISER EN LA BASE DE DATOS
ASIGNADO EL PRODUCTO BOTELLA GIN MARE COMO A헤DIDO DEL PRODUCTO APPLETISER EN LA BASE DE DATOS
ASIGNADO EL PRODUCTO BOTELLA ABSOLUT COMO A헤DIDO DEL PRODUCTO APPLETISER EN LA BASE DE DATOS
ASIGNADO EL PRODUCTO BOTELLA BELVEDERE 0,75 COMO A헤DIDO DEL PRODUCTO APPLETISER EN LA BASE DE DATOS
ASIGNADO EL PRODUCTO BOTELLA BELVEDERE 1 LT COMO A헤DIDO DEL PRODUCTO APPLETISER EN LA BASE DE DATOS
ASIGNADO EL PRODUCTO BOTELLA CIROC COMO A헤DIDO DEL PRODUCTO APPLETISER EN LA BASE DE DATOS
ASIGNADO EL PRODUCTO BOTELLA BLAT COMO A헤DIDO DEL PRODUCTO APPLETISER EN LA BASE DE DATOS
ASIGNADO EL PRODUCTO BOTELLA AREHUCAS COMO A헤DIDO DEL PRODUCTO APPLETISER EN LA BASE DE DATOS
ASIGNADO EL PRODUCTO BOTELLA AREHUCAS ORO COMO A헤DIDO DEL PRODUCTO APPLETISER EN LA BASE DE DATOS
ASIGNADO EL PRODUCTO BOTELLA HAVANA 3 COMO A헤DIDO DEL PRODUCTO APPLETISER EN LA BASE DE DATOS
ASIGNADO EL PRODUCTO BOTELLA HAVANA 7 COMO A헤DIDO DEL PRODUCTO APPLETISER EN LA BASE DE DATOS
ASIGNADO EL PRODUCTO BOTELLA DIPLOMATICO COMO A헤DIDO DEL PRODUCTO APPLETISER EN LA BASE DE DATOS
ASIGNADO EL PRODUCTO BOTELLA MATUSALEM 7 COMO A헤DIDO DEL PRODUCTO APPLETISER EN LA BASE DE DATOS
ASIGNADO EL PRODUCTO BOTELLA JAMESON COMO A헤DIDO DEL PRODUCTO APPLETISER EN LA BASE DE DATOS
ASIGNADO EL PRODUCTO BOTELLA RED LABEL COMO A헤DIDO DEL PRODUCTO APPLETISER EN LA BASE DE DATOS
ASIGNADO EL PRODUCTO BOTELLA BLACK LABEL COMO A헤DIDO DEL PRODUCTO APPLETISER EN LA BASE DE DATOS
ASIGNADO EL PRODUCTO BOTELLA BLUE LABEL COMO A헤DIDO DEL PRODUCTO APPLETISER EN LA BASE DE DATOS
ASIGNADO EL PRODUCTO BOTELLA AMARETTO COMO A헤DIDO DEL PRODUCTO APPLETISER EN LA BASE DE DATOS
ASIGNADO EL PRODUCTO BOTELLA JOSE CUERVO 1800 COMO A헤DIDO DEL PRODUCTO APPLETISER EN LA BASE DE DATOS
ASIGNADO EL PRODUCTO BOTELLA TEQUILA DON JULIO 1942 COMO A헤DIDO DEL PRODUCTO APPLETISER EN LA BASE DE DATOS
ASIGNADO EL PRODUCTO BOTELLA PUERTO DE INDIAS COMO A헤DIDO DEL PRODUCTO MONSTER REHAB EN LA BASE DE DATOS
ASIGNADO EL PRODUCTO BOTELLA BEEFEATER COMO A헤DIDO DEL PRODUCTO MONSTER REHAB EN LA BASE DE DATOS
ASIGNADO EL PRODUCTO BOTELLA TANQUERAY COMO A헤DIDO DEL PRODUCTO MONSTER REHAB EN LA BASE DE DATOS
ASIGNADO EL PRODUCTO BOTELLA BROCKMAN'S COMO A헤DIDO DEL PRODUCTO MONSTER REHAB EN LA BASE DE DATOS
ASIGNADO EL PRODUCTO BOTELLA TANQUERAY TEN COMO A헤DIDO DEL PRODUCTO MONSTER REHAB EN LA BASE DE DATOS
ASIGNADO EL PRODUCTO BOTELLA GIN MARE COMO A헤DIDO DEL PRODUCTO MONSTER REHAB EN LA BASE DE DATOS
ASIGNADO EL PRODUCTO BOTELLA ABSOLUT COMO A헤DIDO DEL PRODUCTO MONSTER REHAB EN LA BASE DE DATOS
ASIGNADO EL PRODUCTO BOTELLA BELVEDERE 0,75 COMO A헤DIDO DEL PRODUCTO MONSTER REHAB EN LA BASE DE DATOS
ASIGNADO EL PRODUCTO BOTELLA BELVEDERE 1 LT COMO A헤DIDO DEL PRODUCTO MONSTER REHAB EN LA BASE DE DATOS
ASIGNADO EL PRODUCTO BOTELLA CIROC COMO A헤DIDO DEL PRODUCTO MONSTER REHAB EN LA BASE DE DATOS
ASIGNADO EL PRODUCTO BOTELLA BLAT COMO A헤DIDO DEL PRODUCTO MONSTER REHAB EN LA BASE DE DATOS
ASIGNADO EL PRODUCTO BOTELLA AREHUCAS COMO A헤DIDO DEL PRODUCTO MONSTER REHAB EN LA BASE DE DATOS
ASIGNADO EL PRODUCTO BOTELLA AREHUCAS ORO COMO A헤DIDO DEL PRODUCTO MONSTER REHAB EN LA BASE DE DATOS
ASIGNADO EL PRODUCTO BOTELLA HAVANA 3 COMO A헤DIDO DEL PRODUCTO MONSTER REHAB EN LA BASE DE DATOS
ASIGNADO EL PRODUCTO BOTELLA HAVANA 7 COMO A헤DIDO DEL PRODUCTO MONSTER REHAB EN LA BASE DE DATOS
ASIGNADO EL PRODUCTO BOTELLA DIPLOMATICO COMO A헤DIDO DEL PRODUCTO MONSTER REHAB EN LA BASE DE DATOS
ASIGNADO EL PRODUCTO BOTELLA MATUSALEM 7 COMO A헤DIDO DEL PRODUCTO MONSTER REHAB EN LA BASE DE DATOS
ASIGNADO EL PRODUCTO BOTELLA JAMESON COMO A헤DIDO DEL PRODUCTO MONSTER REHAB EN LA BASE DE DATOS
ASIGNADO EL PRODUCTO BOTELLA RED LABEL COMO A헤DIDO DEL PRODUCTO MONSTER REHAB EN LA BASE DE DATOS
ASIGNADO EL PRODUCTO BOTELLA BLACK LABEL COMO A헤DIDO DEL PRODUCTO MONSTER REHAB EN LA BASE DE DATOS
ASIGNADO EL PRODUCTO BOTELLA BLUE LABEL COMO A헤DIDO DEL PRODUCTO MONSTER REHAB EN LA BASE DE DATOS
ASIGNADO EL PRODUCTO BOTELLA AMARETTO COMO A헤DIDO DEL PRODUCTO MONSTER REHAB EN LA BASE DE DATOS
ASIGNADO EL PRODUCTO BOTELLA JOSE CUERVO 1800 COMO A헤DIDO DEL PRODUCTO MONSTER REHAB EN LA BASE DE DATOS
ASIGNADO EL PRODUCTO BOTELLA TEQUILA DON JULIO 1942 COMO A헤DIDO DEL PRODUCTO MONSTER REHAB EN LA BASE DE DATOS
ASIGNADO EL PRODUCTO BOTELLA PUERTO DE INDIAS COMO A헤DIDO DEL PRODUCTO MONSTER EN LA BASE DE DATOS
ASIGNADO EL PRODUCTO BOTELLA BEEFEATER COMO A헤DIDO DEL PRODUCTO MONSTER EN LA BASE DE DATOS
ASIGNADO EL PRODUCTO BOTELLA TANQUERAY COMO A헤DIDO DEL PRODUCTO MONSTER EN LA BASE DE DATOS
ASIGNADO EL PRODUCTO BOTELLA BROCKMAN'S COMO A헤DIDO DEL PRODUCTO MONSTER EN LA BASE DE DATOS
ASIGNADO EL PRODUCTO BOTELLA TANQUERAY TEN COMO A헤DIDO DEL PRODUCTO MONSTER EN LA BASE DE DATOS
ASIGNADO EL PRODUCTO BOTELLA GIN MARE COMO A헤DIDO DEL PRODUCTO MONSTER EN LA BASE DE DATOS
ASIGNADO EL PRODUCTO BOTELLA ABSOLUT COMO A헤DIDO DEL PRODUCTO MONSTER EN LA BASE DE DATOS
ASIGNADO EL PRODUCTO BOTELLA BELVEDERE 0,75 COMO A헤DIDO DEL PRODUCTO MONSTER EN LA BASE DE DATOS
ASIGNADO EL PRODUCTO BOTELLA BELVEDERE 1 LT COMO A헤DIDO DEL PRODUCTO MONSTER EN LA BASE DE DATOS
ASIGNADO EL PRODUCTO BOTELLA CIROC COMO A헤DIDO DEL PRODUCTO MONSTER EN LA BASE DE DATOS
ASIGNADO EL PRODUCTO BOTELLA BLAT COMO A헤DIDO DEL PRODUCTO MONSTER EN LA BASE DE DATOS
ASIGNADO EL PRODUCTO BOTELLA AREHUCAS COMO A헤DIDO DEL PRODUCTO MONSTER EN LA BASE DE DATOS
ASIGNADO EL PRODUCTO BOTELLA AREHUCAS ORO COMO A헤DIDO DEL PRODUCTO MONSTER EN LA BASE DE DATOS
ASIGNADO EL PRODUCTO BOTELLA HAVANA 3 COMO A헤DIDO DEL PRODUCTO MONSTER EN LA BASE DE DATOS
ASIGNADO EL PRODUCTO BOTELLA HAVANA 7 COMO A헤DIDO DEL PRODUCTO MONSTER EN LA BASE DE DATOS
ASIGNADO EL PRODUCTO BOTELLA DIPLOMATICO COMO A헤DIDO DEL PRODUCTO MONSTER EN LA BASE DE DATOS
ASIGNADO EL PRODUCTO BOTELLA MATUSALEM 7 COMO A헤DIDO DEL PRODUCTO MONSTER EN LA BASE DE DATOS
ASIGNADO EL PRODUCTO BOTELLA JAMESON COMO A헤DIDO DEL PRODUCTO MONSTER EN LA BASE DE DATOS
ASIGNADO EL PRODUCTO BOTELLA RED LABEL COMO A헤DIDO DEL PRODUCTO MONSTER EN LA BASE DE DATOS
ASIGNADO EL PRODUCTO BOTELLA BLACK LABEL COMO A헤DIDO DEL PRODUCTO MONSTER EN LA BASE DE DATOS
ASIGNADO EL PRODUCTO BOTELLA BLUE LABEL COMO A헤DIDO DEL PRODUCTO MONSTER EN LA BASE DE DATOS
ASIGNADO EL PRODUCTO BOTELLA AMARETTO COMO A헤DIDO DEL PRODUCTO MONSTER EN LA BASE DE DATOS
ASIGNADO EL PRODUCTO BOTELLA JOSE CUERVO 1800 COMO A헤DIDO DEL PRODUCTO MONSTER EN LA BASE DE DATOS
ASIGNADO EL PRODUCTO BOTELLA TEQUILA DON JULIO 1942 COMO A헤DIDO DEL PRODUCTO MONSTER EN LA BASE DE DATOS
