EXISTE LA IMAGEN DEL PRODUCTO AGUA SIN
EL PARENTESCO ENTRE EL PRODUCTO AGUA SIN Y LA RUTA DE SU IMAGEN ES 0.22
INSERTADO EN CACHE EL PRODUCTO AGUA SIN, FILA 3249, VALORES: BEBIDAS, Barra, Bebidas, imagenesAgora\aguas\agua-sin-gas-plastico.jpg, None
ACTUALIZADO EN CACHE EL TEXTO DE BOTÓN DE AGUA SIN AL VALOR AGUA SIN
ACTUALIZADO EN CACHE EL TEXTO DE TICKET DE AGUA SIN AL VALOR AGUA SIN
NO EXISTE LA IMAGEN DEL PRODUCTO AGUA CON
INSERTADO EN CACHE EL PRODUCTO AGUA CON, FILA 3250, VALORES: BEBIDAS, Barra, Bebidas, imagenesAgora\aguas\aguaFirgasPequeña.jpg, None
ACTUALIZADO EN CACHE EL TEXTO DE BOTÓN DE AGUA CON AL VALOR AGUA CON
ACTUALIZADO EN CACHE EL TEXTO DE TICKET DE AGUA CON AL VALOR AGUA CON
ACTUALIZADA EN CACHE LA FAMILIA DE COCA COLA ZERO AL VALOR BEBIDAS
ACTUALIZADA EN CACHE LA RUTA DE IMAGEN DE COCA COLA ZERO AL VALOR imagenesAgora\refrescos\coca-cola-zero.jpg
NO EXISTE LA IMAGEN DEL PRODUCTO COCA COLA ZERO
ACTUALIZADA EN CACHE LA FAMILIA DE SPRITE AL VALOR BEBIDAS
EXISTE LA IMAGEN DEL PRODUCTO SPRITE
EL PARENTESCO ENTRE EL PRODUCTO SPRITE Y LA RUTA DE SU IMAGEN ES 0.29
ACTUALIZADA EN CACHE LA FAMILIA DE FANTA NARANJA AL VALOR BEBIDAS
ACTUALIZADA EN CACHE LA RUTA DE IMAGEN DE FANTA NARANJA AL VALOR imagenesAgora\refrescos\fanta.jpg
NO EXISTE LA IMAGEN DEL PRODUCTO FANTA NARANJA
ACTUALIZADA EN CACHE LA FAMILIA DE APPLETISER AL VALOR BEBIDAS
ACTUALIZADA EN CACHE LA RUTA DE IMAGEN DE APPLETISER AL VALOR imagenesAgora\refrescos\appletiser.jpg
NO EXISTE LA IMAGEN DEL PRODUCTO APPLETISER
ACTUALIZADA EN CACHE LA RUTA DE IMAGEN DE AQUARIUS AL VALOR imagenesAgora\refrescos\aquariusLimon.jpg
NO EXISTE LA IMAGEN DEL PRODUCTO AQUARIUS
EXISTE LA IMAGEN DEL PRODUCTO TÓNICA
EL PARENTESCO ENTRE EL PRODUCTO TÓNICA Y LA RUTA DE SU IMAGEN ES 0.29
INSERTADO EN CACHE EL PRODUCTO TÓNICA, FILA 3251, VALORES: BEBIDAS, Barra, Bebidas, imagenesAgora\refrescos\schweppes.jpg, None
ACTUALIZADO EN CACHE EL TEXTO DE BOTÓN DE TÓNICA AL VALOR TÓNICA
ACTUALIZADO EN CACHE EL TEXTO DE TICKET DE TÓNICA AL VALOR TÓNICA
NO EXISTE LA IMAGEN DEL PRODUCTO POWERADE
INSERTADO EN CACHE EL PRODUCTO POWERADE, FILA 3252, VALORES: BEBIDAS, Barra, Bebidas, imagenesAgora\refrescos\powerade.jpg, None
ACTUALIZADO EN CACHE EL TEXTO DE BOTÓN DE POWERADE AL VALOR POWERADE
ACTUALIZADO EN CACHE EL TEXTO DE TICKET DE POWERADE AL VALOR POWERADE
ACTUALIZADA EN CACHE LA FAMILIA DE ZUMO PIÑA AL VALOR BEBIDAS
ACTUALIZADO EN CACHE EL TIPO DE PREPARACIÓN DE ZUMO PIÑA AL VALOR Barra
ACTUALIZADO EN CACHE EL ORDEN DE PREPARACIÓN DE ZUMO PIÑA AL VALOR Bebidas
ACTUALIZADA EN CACHE LA RUTA DE IMAGEN DE ZUMO PIÑA AL VALOR imagenesAgora\zumos\zumo-de-pina.jpg
NO EXISTE LA IMAGEN DEL PRODUCTO ZUMO PIÑA
EXISTE LA IMAGEN DEL PRODUCTO ZUMO TOMATE
EL PARENTESCO ENTRE EL PRODUCTO ZUMO TOMATE Y LA RUTA DE SU IMAGEN ES 0.17
INSERTADO EN CACHE EL PRODUCTO ZUMO TOMATE, FILA 3253, VALORES: BEBIDAS, Barra, Bebidas, imagenesAgora\zumos\zumo-de-tomate.jpg, None
ACTUALIZADO EN CACHE EL TEXTO DE BOTÓN DE ZUMO TOMATE AL VALOR Z. TOMATE
ACTUALIZADO EN CACHE EL TEXTO DE TICKET DE ZUMO TOMATE AL VALOR ZUMO TOMATE
EXISTE LA IMAGEN DEL PRODUCTO ESPRESSO MACCHIATO
EL PARENTESCO ENTRE EL PRODUCTO ESPRESSO MACCHIATO Y LA RUTA DE SU IMAGEN ES 0.11
INSERTADO EN CACHE EL PRODUCTO ESPRESSO MACCHIATO, FILA 3254, VALORES: CAFÉ, Barra, Bebidas, imagenesAgora\cafe\expressoMacchiato.jpg, None
ACTUALIZADO EN CACHE EL TEXTO DE BOTÓN DE ESPRESSO MACCHIATO AL VALOR EM
ACTUALIZADO EN CACHE EL TEXTO DE TICKET DE ESPRESSO MACCHIATO AL VALOR ESPRESSO MACCHIATO
ACTUALIZADA EN CACHE LA FAMILIA DE LATTE MACCHIATO AL VALOR CAFÉ
ACTUALIZADA EN CACHE LA RUTA DE IMAGEN DE LATTE MACCHIATO AL VALOR imagenesAgora\cafe\latteMacchiato.jpg
NO EXISTE LA IMAGEN DEL PRODUCTO LATTE MACCHIATO
ACTUALIZADA EN CACHE LA RUTA DE IMAGEN DE DOBLE ESPRESSO AL VALOR imagenesAgora\cafe\espresso-doble.jpg
NO EXISTE LA IMAGEN DEL PRODUCTO DOBLE ESPRESSO
ACTUALIZADA EN CACHE LA RUTA DE IMAGEN DE CARAJILLO AL VALOR imagenesAgora\cafe\carajilloOK2.jpg
NO EXISTE LA IMAGEN DEL PRODUCTO CARAJILLO
NO EXISTE LA IMAGEN DEL PRODUCTO AFFOGATO
INSERTADO EN CACHE EL PRODUCTO AFFOGATO, FILA 3255, VALORES: CAFÉ, Barra, Bebidas, imagenesAgora\cafe\affogato.jpg, None
ACTUALIZADO EN CACHE EL TEXTO DE BOTÓN DE AFFOGATO AL VALOR AFFOGATO
ACTUALIZADO EN CACHE EL TEXTO DE TICKET DE AFFOGATO AL VALOR AFFOGATO
EXISTE LA IMAGEN DEL PRODUCTO DESCAFEINADO
EL PARENTESCO ENTRE EL PRODUCTO DESCAFEINADO Y LA RUTA DE SU IMAGEN ES 0.15
INSERTADO EN CACHE EL PRODUCTO DESCAFEINADO, FILA 3256, VALORES: CAFÉ, Barra, Bebidas, imagenesAgora\cafe\desc-l&l.jpg, None
ACTUALIZADO EN CACHE EL TEXTO DE BOTÓN DE DESCAFEINADO AL VALOR DESC.
ACTUALIZADO EN CACHE EL TEXTO DE TICKET DE DESCAFEINADO AL VALOR DESCAFEINADO
ACTUALIZADA EN CACHE LA FAMILIA DE TILA AL VALOR TÉ E INFUSIONES
ACTUALIZADA EN CACHE LA RUTA DE IMAGEN DE TILA AL VALOR imagenesAgora\te\tilaOk.jpg
NO EXISTE LA IMAGEN DEL PRODUCTO TILA
ACTUALIZADA EN CACHE LA FAMILIA DE TÉ VERDE AL VALOR TÉ E INFUSIONES
ACTUALIZADA EN CACHE LA RUTA DE IMAGEN DE TÉ VERDE AL VALOR imagenesAgora\te\te-verde.jpg
EXISTE LA IMAGEN DEL PRODUCTO TÉ VERDE
EL PARENTESCO ENTRE EL PRODUCTO TÉ VERDE Y LA RUTA DE SU IMAGEN ES 0.22
EXISTE LA IMAGEN DEL PRODUCTO JENGIBRE CÚRCUMA
EL PARENTESCO ENTRE EL PRODUCTO JENGIBRE CÚRCUMA Y LA RUTA DE SU IMAGEN ES 0.12
INSERTADO EN CACHE EL PRODUCTO JENGIBRE CÚRCUMA, FILA 3257, VALORES: TÉ E INFUSIONES, Barra, Bebidas, imagenesAgora\te\teBlanco.jpg, None
ACTUALIZADO EN CACHE EL TEXTO DE BOTÓN DE JENGIBRE CÚRCUMA AL VALOR J. CÚRCUMA
ACTUALIZADO EN CACHE EL TEXTO DE TICKET DE JENGIBRE CÚRCUMA AL VALOR JENGIBRE CÚRCUMA
NO EXISTE LA IMAGEN DEL PRODUCTO CAÑA CERVEZA BARRIL
INSERTADO EN CACHE EL PRODUCTO CAÑA CERVEZA BARRIL, FILA 3258, VALORES: CERVEZAS, Barra, Bebidas, imagenesAgora\cervezas\caña.jpg, None
