EXISTE LA IMAGEN DEL PRODUCTO AGUA SIN
EL PARENTESCO ENTRE EL PRODUCTO AGUA SIN Y LA RUTA DE SU IMAGEN ES 0.22
INSERTADO EN CACHE EL PRODUCTO AGUA SIN, FILA 3249, VALORES: BEBIDAS, Barra, Bebidas, None, None
ACTUALIZADO EN CACHE EL TEXTO DE BOTÓN DE AGUA SIN AL VALOR AGUA SIN
ACTUALIZADO EN CACHE EL TEXTO DE TICKET DE AGUA SIN AL VALOR AGUA SIN
NO EXISTE LA IMAGEN DEL PRODUCTO AGUA CON
INSERTADO EN CACHE EL PRODUCTO AGUA CON, FILA 3250, VALORES: BEBIDAS, Barra, Bebidas, None, None
ACTUALIZADO EN CACHE EL TEXTO DE BOTÓN DE AGUA CON AL VALOR AGUA CON
ACTUALIZADO EN CACHE EL TEXTO DE TICKET DE AGUA CON AL VALOR AGUA CON
ACTUALIZADA EN CACHE LA FAMILIA DE COCA COLA ZERO AL VALOR BEBIDAS
EXISTE LA IMAGEN DEL PRODUCTO COCA COLA ZERO
EL PARENTESCO ENTRE EL PRODUCTO COCA COLA ZERO Y LA RUTA DE SU IMAGEN ES 0.13
ACTUALIZADA EN CACHE LA FAMILIA DE SPRITE AL VALOR BEBIDAS
EXISTE LA IMAGEN DEL PRODUCTO SPRITE
EL PARENTESCO ENTRE EL PRODUCTO SPRITE Y LA RUTA DE SU IMAGEN ES 0.29
ACTUALIZADA EN CACHE LA FAMILIA DE FANTA NARANJA AL VALOR BEBIDAS
EXISTE LA IMAGEN DEL PRODUCTO FANTA NARANJA
EL PARENTESCO ENTRE EL PRODUCTO FANTA NARANJA Y LA RUTA DE SU IMAGEN ES 0.14
ACTUALIZADA EN CACHE LA FAMILIA DE APPLETISER AL VALOR BEBIDAS
EXISTE LA IMAGEN DEL PRODUCTO APPLETISER
EL PARENTESCO ENTRE EL PRODUCTO APPLETISER Y LA RUTA DE SU IMAGEN ES 0.18
EXISTE LA IMAGEN DEL PRODUCTO AQUARIUS
EL PARENTESCO ENTRE EL PRODUCTO AQUARIUS Y LA RUTA DE SU IMAGEN ES 0.22
EXISTE LA IMAGEN DEL PRODUCTO TÓNICA
EL PARENTESCO ENTRE EL PRODUCTO TÓNICA Y LA RUTA DE SU IMAGEN ES 0.29
INSERTADO EN CACHE EL PRODUCTO TÓNICA, FILA 3251, VALORES: BEBIDAS, Barra, Bebidas, imagenesAgora\refrescos\tonica-sch.jpg, None
ACTUALIZADO EN CACHE EL TEXTO DE BOTÓN DE TÓNICA AL VALOR TÓNICA
ACTUALIZADO EN CACHE EL TEXTO DE TICKET DE TÓNICA AL VALOR TÓNICA
EXISTE LA IMAGEN DEL PRODUCTO POWERADE
EL PARENTESCO ENTRE EL PRODUCTO POWERADE Y LA RUTA DE SU IMAGEN ES 0.22
INSERTADO EN CACHE EL PRODUCTO POWERADE, FILA 3252, VALORES: BEBIDAS, Barra, Bebidas, imagenesAgora\refrescos\powerade.jpg, None
ACTUALIZADO EN CACHE EL TEXTO DE BOTÓN DE POWERADE AL VALOR POWERADE
ACTUALIZADO EN CACHE EL TEXTO DE TICKET DE POWERADE AL VALOR POWERADE
ACTUALIZADA EN CACHE LA FAMILIA DE ZUMO PIÑA AL VALOR BEBIDAS
ACTUALIZADO EN CACHE EL TIPO DE PREPARACIÓN DE ZUMO PIÑA AL VALOR Barra
ACTUALIZADO EN CACHE EL ORDEN DE PREPARACIÓN DE ZUMO PIÑA AL VALOR Bebidas
NO EXISTE LA IMAGEN DEL PRODUCTO ZUMO PIÑA
EXISTE LA IMAGEN DEL PRODUCTO ZUMO TOMATE
EL PARENTESCO ENTRE EL PRODUCTO ZUMO TOMATE Y LA RUTA DE SU IMAGEN ES 0.17
INSERTADO EN CACHE EL PRODUCTO ZUMO TOMATE, FILA 3253, VALORES: BEBIDAS, Barra, Bebidas, None, None
ACTUALIZADO EN CACHE EL TEXTO DE BOTÓN DE ZUMO TOMATE AL VALOR Z. TOMATE
ACTUALIZADO EN CACHE EL TEXTO DE TICKET DE ZUMO TOMATE AL VALOR ZUMO TOMATE
EXISTE LA IMAGEN DEL PRODUCTO ESPRESSO MACCHIATO
EL PARENTESCO ENTRE EL PRODUCTO ESPRESSO MACCHIATO Y LA RUTA DE SU IMAGEN ES 0.11
INSERTADO EN CACHE EL PRODUCTO ESPRESSO MACCHIATO, FILA 3254, VALORES: CAFÉ, Barra, Bebidas, None, None
ACTUALIZADO EN CACHE EL TEXTO DE BOTÓN DE ESPRESSO MACCHIATO AL VALOR EM
ACTUALIZADO EN CACHE EL TEXTO DE TICKET DE ESPRESSO MACCHIATO AL VALOR ESPRESSO MACCHIATO
ACTUALIZADA EN CACHE LA FAMILIA DE LATTE MACCHIATO AL VALOR CAFÉ
EXISTE LA IMAGEN DEL PRODUCTO LATTE MACCHIATO
EL PARENTESCO ENTRE EL PRODUCTO LATTE MACCHIATO Y LA RUTA DE SU IMAGEN ES 0.12
NO EXISTE LA IMAGEN DEL PRODUCTO DOBLE ESPRESSO
EXISTE LA IMAGEN DEL PRODUCTO CARAJILLO
EL PARENTESCO ENTRE EL PRODUCTO CARAJILLO Y LA RUTA DE SU IMAGEN ES 0.20
EXISTE LA IMAGEN DEL PRODUCTO AFFOGATO
EL PARENTESCO ENTRE EL PRODUCTO AFFOGATO Y LA RUTA DE SU IMAGEN ES 0.22
INSERTADO EN CACHE EL PRODUCTO AFFOGATO, FILA 3255, VALORES: CAFÉ, Barra, Bebidas, imagenesAgora\cafe\affogato.jpg, None
ACTUALIZADO EN CACHE EL TEXTO DE BOTÓN DE AFFOGATO AL VALOR AFFOGATO
ACTUALIZADO EN CACHE EL TEXTO DE TICKET DE AFFOGATO AL VALOR AFFOGATO
EXISTE LA IMAGEN DEL PRODUCTO DESCAFEINADO
EL PARENTESCO ENTRE EL PRODUCTO DESCAFEINADO Y LA RUTA DE SU IMAGEN ES 0.15
INSERTADO EN CACHE EL PRODUCTO DESCAFEINADO, FILA 3256, VALORES: CAFÉ, Barra, Bebidas, imagenesAgora\cafe\desc-l&l.jpg, None
ACTUALIZADO EN CACHE EL TEXTO DE BOTÓN DE DESCAFEINADO AL VALOR DESC.
ACTUALIZADO EN CACHE EL TEXTO DE TICKET DE DESCAFEINADO AL VALOR DESCAFEINADO
ACTUALIZADA EN CACHE LA FAMILIA DE TILA AL VALOR TÉ E INFUSIONES
EXISTE LA IMAGEN DEL PRODUCTO TILA
EL PARENTESCO ENTRE EL PRODUCTO TILA Y LA RUTA DE SU IMAGEN ES 0.40
ACTUALIZADA EN CACHE LA FAMILIA DE TÉ VERDE AL VALOR TÉ E INFUSIONES
ACTUALIZADA EN CACHE LA RUTA DE IMAGEN DE TÉ VERDE AL VALOR imagenesAgora\te\te-verde.jpg
EXISTE LA IMAGEN DEL PRODUCTO TÉ VERDE
EL PARENTESCO ENTRE EL PRODUCTO TÉ VERDE Y LA RUTA DE SU IMAGEN ES 0.22
EXISTE LA IMAGEN DEL PRODUCTO JENGIBRE CÚRCUMA
EL PARENTESCO ENTRE EL PRODUCTO JENGIBRE CÚRCUMA Y LA RUTA DE SU IMAGEN ES 0.12
INSERTADO EN CACHE EL PRODUCTO JENGIBRE CÚRCUMA, FILA 3257, VALORES: TÉ E INFUSIONES, Barra, Bebidas, None, None
ACTUALIZADO EN CACHE EL TEXTO DE BOTÓN DE JENGIBRE CÚRCUMA AL VALOR J. CÚRCUMA
ACTUALIZADO EN CACHE EL TEXTO DE TICKET DE JENGIBRE CÚRCUMA AL VALOR JENGIBRE CÚRCUMA
NO EXISTE LA IMAGEN DEL PRODUCTO CERVEZA BARRIL (CAÑA)
INSERTADO EN CACHE EL PRODUCTO CERVEZA BARRIL (CAÑA), FILA 3258, VALORES: CERVEZAS, Barra, Bebidas, imagenesAgora\cervezas\caña.jpg, None
ACTUALIZADO EN CACHE EL TEXTO DE BOTÓN DE CERVEZA BARRIL (CAÑA) AL VALOR CAÑA
ACTUALIZADO EN CACHE EL TEXTO DE TICKET DE CERVEZA BARRIL (CAÑA) AL VALOR CAÑA CERVEZA BARRIL
INSERTADO EN CACHE EL PRODUCTO None, FILA 3259, VALORES: None, None, None, None, None
NO EXISTE LA IMAGEN DEL PRODUCTO CERVEZA BARRIL (JARRA)
INSERTADO EN CACHE EL PRODUCTO CERVEZA BARRIL (JARRA), FILA 3260, VALORES: CERVEZAS, Barra, Bebidas, imagenesAgora\cervezas\jarraOK.jpg, None
ACTUALIZADO EN CACHE EL TEXTO DE BOTÓN DE CERVEZA BARRIL (JARRA) AL VALOR JARRA
ACTUALIZADO EN CACHE EL TEXTO DE TICKET DE CERVEZA BARRIL (JARRA) AL VALOR JARRA CERVEZA BARRIL
NO EXISTE LA IMAGEN DEL PRODUCTO DORADA SIN GLUTEN
INSERTADO EN CACHE EL PRODUCTO DORADA SIN GLUTEN, FILA 3261, VALORES: CERVEZAS, Barra, Bebidas, imagenesAgora\cervezas\dorada-sin-gluten.jpg, None
ACTUALIZADO EN CACHE EL TEXTO DE BOTÓN DE DORADA SIN GLUTEN AL VALOR D. s/GLUT.
ACTUALIZADO EN CACHE EL TEXTO DE TICKET DE DORADA SIN GLUTEN AL VALOR DORADA SIN GLUTEN
EXISTE LA IMAGEN DEL PRODUCTO STELLA ARTOIS
EL PARENTESCO ENTRE EL PRODUCTO STELLA ARTOIS Y LA RUTA DE SU IMAGEN ES 0.14
INSERTADO EN CACHE EL PRODUCTO STELLA ARTOIS, FILA 3262, VALORES: CERVEZAS, Barra, Bebidas, imagenesAgora\cervezas\stellaArtois.jpg, None
ACTUALIZADO EN CACHE EL TEXTO DE BOTÓN DE STELLA ARTOIS AL VALOR ST. ARTOIS
ACTUALIZADO EN CACHE EL TEXTO DE TICKET DE STELLA ARTOIS AL VALOR STELLA ARTOIS
NO EXISTE LA IMAGEN DEL PRODUCTO FRANZISKANER
INSERTADO EN CACHE EL PRODUCTO FRANZISKANER, FILA 3263, VALORES: CERVEZAS, Barra, Bebidas, imagenesAgora\cervezas\franziskaner.jpg, None
ACTUALIZADO EN CACHE EL TEXTO DE BOTÓN DE FRANZISKANER AL VALOR FRAN.
ACTUALIZADO EN CACHE EL TEXTO DE TICKET DE FRANZISKANER AL VALOR FRANZISKANER
EXISTE LA IMAGEN DEL PRODUCTO LEFFE
EL PARENTESCO ENTRE EL PRODUCTO LEFFE Y LA RUTA DE SU IMAGEN ES 0.33
INSERTADO EN CACHE EL PRODUCTO LEFFE, FILA 3264, VALORES: CERVEZAS, Barra, Bebidas, imagenesAgora\cervezas\leffe.jpg, None
ACTUALIZADO EN CACHE EL TEXTO DE BOTÓN DE LEFFE AL VALOR LEFFE
ACTUALIZADO EN CACHE EL TEXTO DE TICKET DE LEFFE AL VALOR LEFFE
EXISTE LA IMAGEN DEL PRODUCTO BECK´S
EL PARENTESCO ENTRE EL PRODUCTO BECK´S Y LA RUTA DE SU IMAGEN ES 0.29
INSERTADO EN CACHE EL PRODUCTO BECK´S, FILA 3265, VALORES: CERVEZAS, Barra, Bebidas, imagenesAgora\cervezas\becks.jpg, None
ACTUALIZADO EN CACHE EL TEXTO DE BOTÓN DE BECK´S AL VALOR BECK´S
ACTUALIZADO EN CACHE EL TEXTO DE TICKET DE BECK´S AL VALOR BECK´S
EXISTE LA IMAGEN DEL PRODUCTO KOPPARBERG
EL PARENTESCO ENTRE EL PRODUCTO KOPPARBERG Y LA RUTA DE SU IMAGEN ES 0.18
INSERTADO EN CACHE EL PRODUCTO KOPPARBERG, FILA 3266, VALORES: CERVEZAS, Barra, Bebidas, imagenesAgora\cervezas\kopparbergFresaLima.jpg, None
ACTUALIZADO EN CACHE EL TEXTO DE BOTÓN DE KOPPARBERG AL VALOR KOPPARBERG
ACTUALIZADO EN CACHE EL TEXTO DE TICKET DE KOPPARBERG AL VALOR KOPPARBERG
NO EXISTE LA IMAGEN DEL PRODUCTO COPA ESPUMOSO
INSERTADO EN CACHE EL PRODUCTO COPA ESPUMOSO, FILA 3267, VALORES: VINO, Barra, Bebidas, None, None
ACTUALIZADO EN CACHE EL TEXTO DE BOTÓN DE COPA ESPUMOSO AL VALOR COPA ESP.
ACTUALIZADO EN CACHE EL TEXTO DE TICKET DE COPA ESPUMOSO AL VALOR COPA ESPUMOSO
NO EXISTE LA IMAGEN DEL PRODUCTO COPA BLANCO CANARIO
INSERTADO EN CACHE EL PRODUCTO COPA BLANCO CANARIO, FILA 3268, VALORES: VINO, Barra, Bebidas, None, None
ACTUALIZADO EN CACHE EL TEXTO DE BOTÓN DE COPA BLANCO CANARIO AL VALOR CB CANARIO
ACTUALIZADO EN CACHE EL TEXTO DE TICKET DE COPA BLANCO CANARIO AL VALOR COPA BLANCO CANARIO
NO EXISTE LA IMAGEN DEL PRODUCTO COPA TINTO RIOJA
INSERTADO EN CACHE EL PRODUCTO COPA TINTO RIOJA, FILA 3269, VALORES: VINO, Barra, Bebidas, None, None
ACTUALIZADO EN CACHE EL TEXTO DE BOTÓN DE COPA TINTO RIOJA AL VALOR CT RIOJA
ACTUALIZADO EN CACHE EL TEXTO DE TICKET DE COPA TINTO RIOJA AL VALOR COPA TINTO RIOJA
NO EXISTE LA IMAGEN DEL PRODUCTO COPA TINTO RIBERA
INSERTADO EN CACHE EL PRODUCTO COPA TINTO RIBERA, FILA 3270, VALORES: VINO, Barra, Bebidas, None, None
ACTUALIZADO EN CACHE EL TEXTO DE BOTÓN DE COPA TINTO RIBERA AL VALOR CT RIBERA
ACTUALIZADO EN CACHE EL TEXTO DE TICKET DE COPA TINTO RIBERA AL VALOR COPA TINTO RIBERA
NO EXISTE LA IMAGEN DEL PRODUCTO RON
INSERTADO EN CACHE EL PRODUCTO RON, FILA 3271, VALORES: DESTILADOS, Barra, Bebidas, imagenesAgora\rones\copa.jpg, None
ACTUALIZADO EN CACHE EL TEXTO DE BOTÓN DE RON AL VALOR RON
ACTUALIZADO EN CACHE EL TEXTO DE TICKET DE RON AL VALOR RON
EXISTE LA IMAGEN DEL PRODUCTO VODKA
EL PARENTESCO ENTRE EL PRODUCTO VODKA Y LA RUTA DE SU IMAGEN ES 0.33
INSERTADO EN CACHE EL PRODUCTO VODKA, FILA 3272, VALORES: DESTILADOS, Barra, Bebidas, imagenesAgora\vodkas\copa.jpg, None
ACTUALIZADO EN CACHE EL TEXTO DE BOTÓN DE VODKA AL VALOR VODKA
ACTUALIZADO EN CACHE EL TEXTO DE TICKET DE VODKA AL VALOR VODKA
EXISTE LA IMAGEN DEL PRODUCTO GINEBRA
EL PARENTESCO ENTRE EL PRODUCTO GINEBRA Y LA RUTA DE SU IMAGEN ES 0.25
INSERTADO EN CACHE EL PRODUCTO GINEBRA, FILA 3273, VALORES: DESTILADOS, Barra, Bebidas, imagenesAgora\ginebras\copa.jpg, None
ACTUALIZADO EN CACHE EL TEXTO DE BOTÓN DE GINEBRA AL VALOR GINEBRA
ACTUALIZADO EN CACHE EL TEXTO DE TICKET DE GINEBRA AL VALOR GINEBRA
EXISTE LA IMAGEN DEL PRODUCTO WHISKY
EL PARENTESCO ENTRE EL PRODUCTO WHISKY Y LA RUTA DE SU IMAGEN ES 0.29
INSERTADO EN CACHE EL PRODUCTO WHISKY, FILA 3274, VALORES: DESTILADOS, Barra, Bebidas, imagenesAgora\whiskies\copa.jpg, None
ACTUALIZADO EN CACHE EL TEXTO DE BOTÓN DE WHISKY AL VALOR WHISKY
ACTUALIZADO EN CACHE EL TEXTO DE TICKET DE WHISKY AL VALOR WHISKY
EXISTE LA IMAGEN DEL PRODUCTO TEQUILA MEZCAL
EL PARENTESCO ENTRE EL PRODUCTO TEQUILA MEZCAL Y LA RUTA DE SU IMAGEN ES 0.13
INSERTADO EN CACHE EL PRODUCTO TEQUILA MEZCAL, FILA 3275, VALORES: DESTILADOS, Barra, Bebidas, None, None
ACTUALIZADO EN CACHE EL TEXTO DE BOTÓN DE TEQUILA MEZCAL AL VALOR TEQUILA M.
ACTUALIZADO EN CACHE EL TEXTO DE TICKET DE TEQUILA MEZCAL AL VALOR TEQUILA MEZCAL
NO EXISTE LA IMAGEN DEL PRODUCTO VERMUT
INSERTADO EN CACHE EL PRODUCTO VERMUT, FILA 3276, VALORES: DESTILADOS, Barra, Bebidas, None, None
ACTUALIZADO EN CACHE EL TEXTO DE BOTÓN DE VERMUT AL VALOR VERMUT
ACTUALIZADO EN CACHE EL TEXTO DE TICKET DE VERMUT AL VALOR VERMUT
NO EXISTE LA IMAGEN DEL PRODUCTO LICORES
INSERTADO EN CACHE EL PRODUCTO LICORES, FILA 3277, VALORES: DESTILADOS, Barra, Bebidas, None, None
ACTUALIZADO EN CACHE EL TEXTO DE BOTÓN DE LICORES AL VALOR LICORES
ACTUALIZADO EN CACHE EL TEXTO DE TICKET DE LICORES AL VALOR LICORES
NO EXISTE LA IMAGEN DEL PRODUCTO ANCHOA SOBRE PAN BRIOCHE
INSERTADO EN CACHE EL PRODUCTO ANCHOA SOBRE PAN BRIOCHE, FILA 3278, VALORES: BARRA, Cocina, Marche y pase, None, None
ACTUALIZADO EN CACHE EL TEXTO DE BOTÓN DE ANCHOA SOBRE PAN BRIOCHE AL VALOR AS PAN BR.
ACTUALIZADO EN CACHE EL TEXTO DE TICKET DE ANCHOA SOBRE PAN BRIOCHE AL VALOR A. SOBRE PAN BRIOCHE
NO EXISTE LA IMAGEN DEL PRODUCTO TORTILLA DE PAPAS
INSERTADO EN CACHE EL PRODUCTO TORTILLA DE PAPAS, FILA 3279, VALORES: BARRA, Cocina, Marche y pase, None, None
ACTUALIZADO EN CACHE EL TEXTO DE BOTÓN DE TORTILLA DE PAPAS AL VALOR TOR. PAPAS
ACTUALIZADO EN CACHE EL TEXTO DE TICKET DE TORTILLA DE PAPAS AL VALOR TORTILLA DE PAPAS
NO EXISTE LA IMAGEN DEL PRODUCTO TABLA DE QUESOS
INSERTADO EN CACHE EL PRODUCTO TABLA DE QUESOS, FILA 3280, VALORES: BARRA, Cocina, Marche y pase, None, None
ACTUALIZADO EN CACHE EL TEXTO DE BOTÓN DE TABLA DE QUESOS AL VALOR T. QUESOS
ACTUALIZADO EN CACHE EL TEXTO DE TICKET DE TABLA DE QUESOS AL VALOR TABLA DE QUESOS
EXISTE LA IMAGEN DEL PRODUCTO ENSALADILLA AL ESTILO REVÉS
EL PARENTESCO ENTRE EL PRODUCTO ENSALADILLA AL ESTILO REVÉS Y LA RUTA DE SU IMAGEN ES 0.07
INSERTADO EN CACHE EL PRODUCTO ENSALADILLA AL ESTILO REVÉS, FILA 3281, VALORES: BARRA, Cocina, Marche y pase, None, None
ACTUALIZADO EN CACHE EL TEXTO DE BOTÓN DE ENSALADILLA AL ESTILO REVÉS AL VALOR E. a/E. R.
ACTUALIZADO EN CACHE EL TEXTO DE TICKET DE ENSALADILLA AL ESTILO REVÉS AL VALOR ENS. a/ESTILO REVÉS
NO EXISTE LA IMAGEN DEL PRODUCTO BOCATA DE PASTRAMI
INSERTADO EN CACHE EL PRODUCTO BOCATA DE PASTRAMI, FILA 3282, VALORES: BARRA, Cocina, Marche y pase, None, None
ACTUALIZADO EN CACHE EL TEXTO DE BOTÓN DE BOCATA DE PASTRAMI AL VALOR BOCATA P.
ACTUALIZADO EN CACHE EL TEXTO DE TICKET DE BOCATA DE PASTRAMI AL VALOR BOCATA DE PASTRAMI
NO EXISTE LA IMAGEN DEL PRODUCTO CALAMARES EN SU TINTA
INSERTADO EN CACHE EL PRODUCTO CALAMARES EN SU TINTA, FILA 3283, VALORES: BARRA, Cocina, Marche y pase, None, None
ACTUALIZADO EN CACHE EL TEXTO DE BOTÓN DE CALAMARES EN SU TINTA AL VALOR C. SU TIN.
ACTUALIZADO EN CACHE EL TEXTO DE TICKET DE CALAMARES EN SU TINTA AL VALOR CALAMARES SU TINTA
NO EXISTE LA IMAGEN DEL PRODUCTO ALBONDIGAS CASERAS
INSERTADO EN CACHE EL PRODUCTO ALBONDIGAS CASERAS, FILA 3284, VALORES: BARRA, Cocina, Marche y pase, None, None
ACTUALIZADO EN CACHE EL TEXTO DE BOTÓN DE ALBONDIGAS CASERAS AL VALOR A. CASERAS
ACTUALIZADO EN CACHE EL TEXTO DE TICKET DE ALBONDIGAS CASERAS AL VALOR ALBONDIGAS CASERAS
NO EXISTE LA IMAGEN DEL PRODUCTO CROQUETAS AL ESTILO REVÉS
INSERTADO EN CACHE EL PRODUCTO CROQUETAS AL ESTILO REVÉS, FILA 3285, VALORES: ENTRANTES, Cocina, Marche y pase, None, None
ACTUALIZADO EN CACHE EL TEXTO DE BOTÓN DE CROQUETAS AL ESTILO REVÉS AL VALOR C. a/E. R.
ACTUALIZADO EN CACHE EL TEXTO DE TICKET DE CROQUETAS AL ESTILO REVÉS AL VALOR CROQUETAS a/E. REVÉS
NO EXISTE LA IMAGEN DEL PRODUCTO ALCACHOFA A LA BRASA
INSERTADO EN CACHE EL PRODUCTO ALCACHOFA A LA BRASA, FILA 3286, VALORES: ENTRANTES, Cocina, Marche y pase, None, None
ACTUALIZADO EN CACHE EL TEXTO DE BOTÓN DE ALCACHOFA A LA BRASA AL VALOR A. a/BRASA
ACTUALIZADO EN CACHE EL TEXTO DE TICKET DE ALCACHOFA A LA BRASA AL VALOR ALCACHOFA A LA BRASA
NO EXISTE LA IMAGEN DEL PRODUCTO AJO BLANCO
INSERTADO EN CACHE EL PRODUCTO AJO BLANCO, FILA 3287, VALORES: ENTRANTES, Cocina, Marche y pase, None, None
ACTUALIZADO EN CACHE EL TEXTO DE BOTÓN DE AJO BLANCO AL VALOR AJO BLANCO
ACTUALIZADO EN CACHE EL TEXTO DE TICKET DE AJO BLANCO AL VALOR AJO BLANCO
NO EXISTE LA IMAGEN DEL PRODUCTO KATSU-SANDO PRESA IBÉRICA
INSERTADO EN CACHE EL PRODUCTO KATSU-SANDO PRESA IBÉRICA, FILA 3288, VALORES: ENTRANTES, Cocina, Marche y pase, None, None
ACTUALIZADO EN CACHE EL TEXTO DE BOTÓN DE KATSU-SANDO PRESA IBÉRICA AL VALOR KS PR. IB.
ACTUALIZADO EN CACHE EL TEXTO DE TICKET DE KATSU-SANDO PRESA IBÉRICA AL VALOR KATSU SANDO PRESA I.
NO EXISTE LA IMAGEN DEL PRODUCTO ENSALADA DE TOMATE
INSERTADO EN CACHE EL PRODUCTO ENSALADA DE TOMATE, FILA 3289, VALORES: ENTRANTES, Cocina, Marche y pase, None, None
ACTUALIZADO EN CACHE EL TEXTO DE BOTÓN DE ENSALADA DE TOMATE AL VALOR EN. TOMATE
ACTUALIZADO EN CACHE EL TEXTO DE TICKET DE ENSALADA DE TOMATE AL VALOR ENSALADA DE TOMATE
NO EXISTE LA IMAGEN DEL PRODUCTO ROPA VIEJA AL ESTILO REVÉS
INSERTADO EN CACHE EL PRODUCTO ROPA VIEJA AL ESTILO REVÉS, FILA 3290, VALORES: CUCHARA, Cocina, Marche y pase, None, None
ACTUALIZADO EN CACHE EL TEXTO DE BOTÓN DE ROPA VIEJA AL ESTILO REVÉS AL VALOR RV a/E. R.
ACTUALIZADO EN CACHE EL TEXTO DE TICKET DE ROPA VIEJA AL ESTILO REVÉS AL VALOR RV a/ESTILO REVÉS
NO EXISTE LA IMAGEN DEL PRODUCTO ARROZ DE GAMBA Y CALAMAR
INSERTADO EN CACHE EL PRODUCTO ARROZ DE GAMBA Y CALAMAR, FILA 3291, VALORES: CUCHARA, Cocina, Marche y pase, None, None
ACTUALIZADO EN CACHE EL TEXTO DE BOTÓN DE ARROZ DE GAMBA Y CALAMAR AL VALOR ARROZ G&C
ACTUALIZADO EN CACHE EL TEXTO DE TICKET DE ARROZ DE GAMBA Y CALAMAR AL VALOR ARROZ G&C
NO EXISTE LA IMAGEN DEL PRODUCTO VIEJA
INSERTADO EN CACHE EL PRODUCTO VIEJA, FILA 3292, VALORES: PESCADOS, Cocina, Marche y pase, None, None
ACTUALIZADO EN CACHE EL TEXTO DE BOTÓN DE VIEJA AL VALOR VIEJA
ACTUALIZADO EN CACHE EL TEXTO DE TICKET DE VIEJA AL VALOR VIEJA
NO EXISTE LA IMAGEN DEL PRODUCTO CANELÓN DE CABRA
INSERTADO EN CACHE EL PRODUCTO CANELÓN DE CABRA, FILA 3293, VALORES: CARNES, Cocina, Marche y pase, None, None
ACTUALIZADO EN CACHE EL TEXTO DE BOTÓN DE CANELÓN DE CABRA AL VALOR CANELÓN DE CABRA
ACTUALIZADO EN CACHE EL TEXTO DE TICKET DE CANELÓN DE CABRA AL VALOR CANELÓN DE CABRA
NO EXISTE LA IMAGEN DEL PRODUCTO COCHINO NEGRO
INSERTADO EN CACHE EL PRODUCTO COCHINO NEGRO, FILA 3294, VALORES: CARNES, Cocina, Marche y pase, None, None
ACTUALIZADO EN CACHE EL TEXTO DE BOTÓN DE COCHINO NEGRO AL VALOR COCHINO NEGRO
ACTUALIZADO EN CACHE EL TEXTO DE TICKET DE COCHINO NEGRO AL VALOR COCHINO NEGRO
EXISTE LA IMAGEN DEL PRODUCTO SOUFFLÉ DE CHOCOLATE
EL PARENTESCO ENTRE EL PRODUCTO SOUFFLÉ DE CHOCOLATE Y LA RUTA DE SU IMAGEN ES 0.10
INSERTADO EN CACHE EL PRODUCTO SOUFFLÉ DE CHOCOLATE, FILA 3295, VALORES: POSTRES, Cocina, Marche y pase, imagenesAgora\postres\mousse-de-chocolate.jpg, None
ACTUALIZADO EN CACHE EL TEXTO DE BOTÓN DE SOUFFLÉ DE CHOCOLATE AL VALOR SOUFFLÉ C.
ACTUALIZADO EN CACHE EL TEXTO DE TICKET DE SOUFFLÉ DE CHOCOLATE AL VALOR SOUFFLÉ DE CHOCOLATE
NO EXISTE LA IMAGEN DEL PRODUCTO TORRIJA
INSERTADO EN CACHE EL PRODUCTO TORRIJA, FILA 3296, VALORES: POSTRES, Cocina, Marche y pase, imagenesAgora\postres\Torrijas.jpg, None
ACTUALIZADO EN CACHE EL TEXTO DE BOTÓN DE TORRIJA AL VALOR TORRIJA
ACTUALIZADO EN CACHE EL TEXTO DE TICKET DE TORRIJA AL VALOR TORRIJA
EXISTE LA IMAGEN DEL PRODUCTO HUEVOS BENEDICTINOS
EL PARENTESCO ENTRE EL PRODUCTO HUEVOS BENEDICTINOS Y LA RUTA DE SU IMAGEN ES 0.10
INSERTADO EN CACHE EL PRODUCTO HUEVOS BENEDICTINOS, FILA 3297, VALORES: DESAYUNOS, Cocina, Marche y pase, None, None
ACTUALIZADO EN CACHE EL TEXTO DE BOTÓN DE HUEVOS BENEDICTINOS AL VALOR HUEVOS B.
ACTUALIZADO EN CACHE EL TEXTO DE TICKET DE HUEVOS BENEDICTINOS AL VALOR HUEVOS BENEDICTINOS
NO EXISTE LA IMAGEN DEL PRODUCTO BIKINI PLANCHADO JAMON Y QUESO
INSERTADO EN CACHE EL PRODUCTO BIKINI PLANCHADO JAMON Y QUESO, FILA 3298, VALORES: DESAYUNOS, Cocina, Marche y pase, None, None
ACTUALIZADO EN CACHE EL TEXTO DE BOTÓN DE BIKINI PLANCHADO JAMON Y QUESO AL VALOR BP J&Q
ACTUALIZADO EN CACHE EL TEXTO DE TICKET DE BIKINI PLANCHADO JAMON Y QUESO AL VALOR BIKINI PLANCHADO J&Q
NO EXISTE LA IMAGEN DEL PRODUCTO CROQUE MONSIEUR
INSERTADO EN CACHE EL PRODUCTO CROQUE MONSIEUR, FILA 3299, VALORES: DESAYUNOS, Cocina, Marche y pase, None, None
ACTUALIZADO EN CACHE EL TEXTO DE BOTÓN DE CROQUE MONSIEUR AL VALOR CROQUE M.
ACTUALIZADO EN CACHE EL TEXTO DE TICKET DE CROQUE MONSIEUR AL VALOR CROQUE MONSIEUR
NO EXISTE LA IMAGEN DEL PRODUCTO PULGITA DE JAMÓN IBÉRICO
INSERTADO EN CACHE EL PRODUCTO PULGITA DE JAMÓN IBÉRICO, FILA 3300, VALORES: DESAYUNOS, Cocina, Marche y pase, None, None
ACTUALIZADO EN CACHE EL TEXTO DE BOTÓN DE PULGITA DE JAMÓN IBÉRICO AL VALOR PJ IBÉRICO
ACTUALIZADO EN CACHE EL TEXTO DE TICKET DE PULGITA DE JAMÓN IBÉRICO AL VALOR PULGITA JAM. IBÉRICO
EXISTE LA IMAGEN DEL PRODUCTO NAPOLITANA DE CHOCOLATE
EL PARENTESCO ENTRE EL PRODUCTO NAPOLITANA DE CHOCOLATE Y LA RUTA DE SU IMAGEN ES 0.08
INSERTADO EN CACHE EL PRODUCTO NAPOLITANA DE CHOCOLATE, FILA 3301, VALORES: DESAYUNOS, Cocina, Marche y pase, None, None
ACTUALIZADO EN CACHE EL TEXTO DE BOTÓN DE NAPOLITANA DE CHOCOLATE AL VALOR NC
ACTUALIZADO EN CACHE EL TEXTO DE TICKET DE NAPOLITANA DE CHOCOLATE AL VALOR NAPOLITANA CHOCOLATE
EXISTE LA IMAGEN DEL PRODUCTO ALDEA 8 BARRICAS
EL PARENTESCO ENTRE EL PRODUCTO ALDEA 8 BARRICAS Y LA RUTA DE SU IMAGEN ES 0.12
INSERTADO EN CACHE EL PRODUCTO ALDEA 8 BARRICAS, FILA 3302, VALORES: DESTILADOS, Barra, Bebidas, imagenesAgora\rones\aldea-8-anos.jpg, None
ACTUALIZADO EN CACHE EL TEXTO DE BOTÓN DE ALDEA 8 BARRICAS AL VALOR ALDEA 8 B.
ACTUALIZADO EN CACHE EL TEXTO DE TICKET DE ALDEA 8 BARRICAS AL VALOR ALDEA 8 BARRICAS
ACTUALIZADA EN CACHE LA FAMILIA DE ZACAPA 23 AL VALOR DESTILADOS
ACTUALIZADA EN CACHE LA RUTA DE IMAGEN DE ZACAPA 23 AL VALOR imagenesAgora\rones\zacapa-23-anos.jpg
NO EXISTE LA IMAGEN DEL PRODUCTO ZACAPA 23
NO EXISTE LA IMAGEN DEL PRODUCTO RUSSIAN ORIGINAL
INSERTADO EN CACHE EL PRODUCTO RUSSIAN ORIGINAL, FILA 3303, VALORES: DESTILADOS, Barra, Bebidas, imagenesAgora\vodkas\russianStand.jpg, None
ACTUALIZADO EN CACHE EL TEXTO DE BOTÓN DE RUSSIAN ORIGINAL AL VALOR RUSSIAN O.
ACTUALIZADO EN CACHE EL TEXTO DE TICKET DE RUSSIAN ORIGINAL AL VALOR RUSSIAN ORIGINAL
EXISTE LA IMAGEN DEL PRODUCTO PUERTO DE INDIAS
EL PARENTESCO ENTRE EL PRODUCTO PUERTO DE INDIAS Y LA RUTA DE SU IMAGEN ES 0.12
INSERTADO EN CACHE EL PRODUCTO PUERTO DE INDIAS, FILA 3304, VALORES: DESTILADOS, Barra, Bebidas, imagenesAgora\ginebras\puertoIndiasStrawberry.jpg, None
ACTUALIZADO EN CACHE EL TEXTO DE BOTÓN DE PUERTO DE INDIAS AL VALOR PUERTO IN.
ACTUALIZADO EN CACHE EL TEXTO DE TICKET DE PUERTO DE INDIAS AL VALOR PUERTO DE INDIAS
ACTUALIZADA EN CACHE LA FAMILIA DE BOMBAY SAPPHIRE AL VALOR DESTILADOS
ACTUALIZADA EN CACHE LA RUTA DE IMAGEN DE BOMBAY SAPPHIRE AL VALOR imagenesAgora\ginebras\bombaySapphireBot.jpg
NO EXISTE LA IMAGEN DEL PRODUCTO BOMBAY SAPPHIRE
NO EXISTE LA IMAGEN DEL PRODUCTO ROKU
INSERTADO EN CACHE EL PRODUCTO ROKU, FILA 3305, VALORES: DESTILADOS, Barra, Bebidas, imagenesAgora\ginebras\rokuGin.jpg, None
ACTUALIZADO EN CACHE EL TEXTO DE BOTÓN DE ROKU AL VALOR ROKU
ACTUALIZADO EN CACHE EL TEXTO DE TICKET DE ROKU AL VALOR ROKU
ACTUALIZADA EN CACHE LA FAMILIA DE HENDRICKS AL VALOR DESTILADOS
EXISTE LA IMAGEN DEL PRODUCTO HENDRICKS
EL PARENTESCO ENTRE EL PRODUCTO HENDRICKS Y LA RUTA DE SU IMAGEN ES 0.20
EXISTE LA IMAGEN DEL PRODUCTO TANQUERAY 0,0
EL PARENTESCO ENTRE EL PRODUCTO TANQUERAY 0,0 Y LA RUTA DE SU IMAGEN ES 0.14
ACTUALIZADA EN CACHE LA FAMILIA DE JOHNNIE WALKER RED AL VALOR DESTILADOS
ACTUALIZADA EN CACHE LA RUTA DE IMAGEN DE JOHNNIE WALKER RED AL VALOR imagenesAgora\whiskies\johnnie-walker-red-label.jpg
EXISTE LA IMAGEN DEL PRODUCTO JOHNNIE WALKER RED
EL PARENTESCO ENTRE EL PRODUCTO JOHNNIE WALKER RED Y LA RUTA DE SU IMAGEN ES 0.11
ACTUALIZADA EN CACHE LA FAMILIA DE JIM BEAM AL VALOR DESTILADOS
ACTUALIZADA EN CACHE LA RUTA DE IMAGEN DE JIM BEAM AL VALOR imagenesAgora\whiskies\jim-beam-bourbon.jpg
NO EXISTE LA IMAGEN DEL PRODUCTO JIM BEAM
EXISTE LA IMAGEN DEL PRODUCTO CHIVAS 12
EL PARENTESCO ENTRE EL PRODUCTO CHIVAS 12 Y LA RUTA DE SU IMAGEN ES 0.20
INSERTADO EN CACHE EL PRODUCTO CHIVAS 12, FILA 3306, VALORES: DESTILADOS, Barra, Bebidas, imagenesAgora\whiskies\chivas-regal-12-anos.jpg, None
ACTUALIZADO EN CACHE EL TEXTO DE BOTÓN DE CHIVAS 12 AL VALOR CHIVAS 12
ACTUALIZADO EN CACHE EL TEXTO DE TICKET DE CHIVAS 12 AL VALOR CHIVAS 12
NO EXISTE LA IMAGEN DEL PRODUCTO JOSE CUERVO SILVER
INSERTADO EN CACHE EL PRODUCTO JOSE CUERVO SILVER, FILA 3307, VALORES: DESTILADOS, Barra, Bebidas, imagenesAgora\tequilas\jose-cuervo-blanco.jpg, None
ACTUALIZADO EN CACHE EL TEXTO DE BOTÓN DE JOSE CUERVO SILVER AL VALOR JC SILVER
ACTUALIZADO EN CACHE EL TEXTO DE TICKET DE JOSE CUERVO SILVER AL VALOR JOSE CUERVO SILVER
NO EXISTE LA IMAGEN DEL PRODUCTO JOSE CUERVO REPOSADO
INSERTADO EN CACHE EL PRODUCTO JOSE CUERVO REPOSADO, FILA 3308, VALORES: DESTILADOS, Barra, Bebidas, imagenesAgora\tequilas\jose-cuervo-oro.jpg, None
ACTUALIZADO EN CACHE EL TEXTO DE BOTÓN DE JOSE CUERVO REPOSADO AL VALOR JOSE CR
ACTUALIZADO EN CACHE EL TEXTO DE TICKET DE JOSE CUERVO REPOSADO AL VALOR JOSE CUERVO REPOSADO
NO EXISTE LA IMAGEN DEL PRODUCTO VERMUT BLANCO
INSERTADO EN CACHE EL PRODUCTO VERMUT BLANCO, FILA 3309, VALORES: DESTILADOS, Barra, Bebidas, imagenesAgora\vinos\vermutPrimoLNZBlanco.jpg, None
ACTUALIZADO EN CACHE EL TEXTO DE BOTÓN DE VERMUT BLANCO AL VALOR VERMUT BL.
ACTUALIZADO EN CACHE EL TEXTO DE TICKET DE VERMUT BLANCO AL VALOR VERMUT BLANCO
NO EXISTE LA IMAGEN DEL PRODUCTO VERMUT TINTO
INSERTADO EN CACHE EL PRODUCTO VERMUT TINTO, FILA 3310, VALORES: DESTILADOS, Barra, Bebidas, imagenesAgora\vinos\vermutPrimoLNZRojo.jpg, None
ACTUALIZADO EN CACHE EL TEXTO DE BOTÓN DE VERMUT TINTO AL VALOR VER. TINTO
ACTUALIZADO EN CACHE EL TEXTO DE TICKET DE VERMUT TINTO AL VALOR VERMUT TINTO
ACTUALIZADA EN CACHE LA FAMILIA DE AMARETTO AL VALOR DESTILADOS
ACTUALIZADA EN CACHE LA RUTA DE IMAGEN DE AMARETTO AL VALOR imagenesAgora\licores\amaretto.jpg
EXISTE LA IMAGEN DEL PRODUCTO AMARETTO
EL PARENTESCO ENTRE EL PRODUCTO AMARETTO Y LA RUTA DE SU IMAGEN ES 0.22
ACTUALIZADA EN CACHE LA FAMILIA DE FRANGELICO AL VALOR DESTILADOS
ACTUALIZADA EN CACHE LA RUTA DE IMAGEN DE FRANGELICO AL VALOR imagenesAgora\licores\frangelico3.jpg
NO EXISTE LA IMAGEN DEL PRODUCTO FRANGELICO
NO EXISTE LA IMAGEN DEL PRODUCTO RON MIEL LICOR
INSERTADO EN CACHE EL PRODUCTO RON MIEL LICOR, FILA 3311, VALORES: DESTILADOS, Barra, Bebidas, imagenesAgora\licores\ronMielShot.jpg, None
ACTUALIZADO EN CACHE EL TEXTO DE BOTÓN DE RON MIEL LICOR AL VALOR RM LICOR
ACTUALIZADO EN CACHE EL TEXTO DE TICKET DE RON MIEL LICOR AL VALOR RON MIEL LICOR
ACTUALIZADA EN CACHE LA FAMILIA DE CAMPARI AL VALOR DESTILADOS
ACTUALIZADA EN CACHE LA RUTA DE IMAGEN DE CAMPARI AL VALOR imagenesAgora\licores\campari.jpg
NO EXISTE LA IMAGEN DEL PRODUCTO CAMPARI
NO EXISTE LA IMAGEN DEL PRODUCTO MESTRES COQUET
INSERTADO EN CACHE EL PRODUCTO MESTRES COQUET, FILA 3312, VALORES: VINO, Barra, Bebidas, None, None
ACTUALIZADO EN CACHE EL TEXTO DE BOTÓN DE MESTRES COQUET AL VALOR MESTRES C.
ACTUALIZADO EN CACHE EL TEXTO DE TICKET DE MESTRES COQUET AL VALOR MESTRES COQUET
NO EXISTE LA IMAGEN DEL PRODUCTO MAURICE CHOPPIN LES ARPENTS
INSERTADO EN CACHE EL PRODUCTO MAURICE CHOPPIN LES ARPENTS, FILA 3313, VALORES: VINO, Barra, Bebidas, None, None
ACTUALIZADO EN CACHE EL TEXTO DE BOTÓN DE MAURICE CHOPPIN LES ARPENTS AL VALOR MC LES AR.
ACTUALIZADO EN CACHE EL TEXTO DE TICKET DE MAURICE CHOPPIN LES ARPENTS AL VALOR MAURICE CL ARPENTS
NO EXISTE LA IMAGEN DEL PRODUCTO CALSAC L´ECHAPEÉ BELLE, BLANC DE BLANCS
INSERTADO EN CACHE EL PRODUCTO CALSAC L´ECHAPEÉ BELLE, BLANC DE BLANCS, FILA 3314, VALORES: VINO, Barra, Bebidas, None, None
