NO EXISTE LA IMAGEN DEL PRODUCTO AGUA SIN
NO EXISTE LA IMAGEN DEL PRODUCTO AGUA CON
EXISTE LA IMAGEN DEL PRODUCTO COCA COLA ZERO
EL PARENTESCO ENTRE EL PRODUCTO COCA COLA ZERO Y LA RUTA DE SU IMAGEN ES 0.13
EXISTE LA IMAGEN DEL PRODUCTO SPRITE
EL PARENTESCO ENTRE EL PRODUCTO SPRITE Y LA RUTA DE SU IMAGEN ES 0.29
EXISTE LA IMAGEN DEL PRODUCTO FANTA NARANJA
EL PARENTESCO ENTRE EL PRODUCTO FANTA NARANJA Y LA RUTA DE SU IMAGEN ES 0.14
EXISTE LA IMAGEN DEL PRODUCTO APPLETISER
EL PARENTESCO ENTRE EL PRODUCTO APPLETISER Y LA RUTA DE SU IMAGEN ES 0.18
EXISTE LA IMAGEN DEL PRODUCTO AQUARIUS
EL PARENTESCO ENTRE EL PRODUCTO AQUARIUS Y LA RUTA DE SU IMAGEN ES 0.22
EXISTE LA IMAGEN DEL PRODUCTO TÓNICA
EL PARENTESCO ENTRE EL PRODUCTO TÓNICA Y LA RUTA DE SU IMAGEN ES 0.29
EXISTE LA IMAGEN DEL PRODUCTO POWERADE
EL PARENTESCO ENTRE EL PRODUCTO POWERADE Y LA RUTA DE SU IMAGEN ES 0.22
NO EXISTE LA IMAGEN DEL PRODUCTO ZUMO PIÑA
NO EXISTE LA IMAGEN DEL PRODUCTO ZUMO TOMATE
NO EXISTE LA IMAGEN DEL PRODUCTO ESPRESSO MACCHIATO
EXISTE LA IMAGEN DEL PRODUCTO LATTE MACCHIATO
EL PARENTESCO ENTRE EL PRODUCTO LATTE MACCHIATO Y LA RUTA DE SU IMAGEN ES 0.12
NO EXISTE LA IMAGEN DEL PRODUCTO DOBLE ESPRESSO
EXISTE LA IMAGEN DEL PRODUCTO CARAJILLO
EL PARENTESCO ENTRE EL PRODUCTO CARAJILLO Y LA RUTA DE SU IMAGEN ES 0.20
EXISTE LA IMAGEN DEL PRODUCTO AFFOGATO
EL PARENTESCO ENTRE EL PRODUCTO AFFOGATO Y LA RUTA DE SU IMAGEN ES 0.22
EXISTE LA IMAGEN DEL PRODUCTO DESCAFEINADO
EL PARENTESCO ENTRE EL PRODUCTO DESCAFEINADO Y LA RUTA DE SU IMAGEN ES 0.15
EXISTE LA IMAGEN DEL PRODUCTO TILA
EL PARENTESCO ENTRE EL PRODUCTO TILA Y LA RUTA DE SU IMAGEN ES 0.40
EXISTE LA IMAGEN DEL PRODUCTO TÉ VERDE
EL PARENTESCO ENTRE EL PRODUCTO TÉ VERDE Y LA RUTA DE SU IMAGEN ES 0.22
NO EXISTE LA IMAGEN DEL PRODUCTO JENGIBRE CÚRCUMA
EXISTE LA IMAGEN DEL PRODUCTO CERVEZA BARRIL (CAÑA)
EL PARENTESCO ENTRE EL PRODUCTO CERVEZA BARRIL (CAÑA) Y LA RUTA DE SU IMAGEN ES 0.10
EXISTE LA IMAGEN DEL PRODUCTO CERVEZA BARRIL (JARRA)
EL PARENTESCO ENTRE EL PRODUCTO CERVEZA BARRIL (JARRA) Y LA RUTA DE SU IMAGEN ES 0.10
EXISTE LA IMAGEN DEL PRODUCTO DORADA SIN GLUTEN
EL PARENTESCO ENTRE EL PRODUCTO DORADA SIN GLUTEN Y LA RUTA DE SU IMAGEN ES 0.11
NO EXISTE LA IMAGEN DEL PRODUCTO STELLA ARTOIS
EXISTE LA IMAGEN DEL PRODUCTO FRANZISKANER
EL PARENTESCO ENTRE EL PRODUCTO FRANZISKANER Y LA RUTA DE SU IMAGEN ES 0.15
EXISTE LA IMAGEN DEL PRODUCTO LEFFE
EL PARENTESCO ENTRE EL PRODUCTO LEFFE Y LA RUTA DE SU IMAGEN ES 0.33
EXISTE LA IMAGEN DEL PRODUCTO BECK´S
EL PARENTESCO ENTRE EL PRODUCTO BECK´S Y LA RUTA DE SU IMAGEN ES 0.29
NO EXISTE LA IMAGEN DEL PRODUCTO KOPPARBERG
NO EXISTE LA IMAGEN DEL PRODUCTO COPA ESPUMOSO
NO EXISTE LA IMAGEN DEL PRODUCTO COPA BLANCO CANARIO
NO EXISTE LA IMAGEN DEL PRODUCTO COPA TINTO RIOJA
NO EXISTE LA IMAGEN DEL PRODUCTO COPA TINTO RIBERA
EXISTE LA IMAGEN DEL PRODUCTO RON
EL PARENTESCO ENTRE EL PRODUCTO RON Y LA RUTA DE SU IMAGEN ES 0.50
EXISTE LA IMAGEN DEL PRODUCTO VODKA
EL PARENTESCO ENTRE EL PRODUCTO VODKA Y LA RUTA DE SU IMAGEN ES 0.33
EXISTE LA IMAGEN DEL PRODUCTO GINEBRA
EL PARENTESCO ENTRE EL PRODUCTO GINEBRA Y LA RUTA DE SU IMAGEN ES 0.25
EXISTE LA IMAGEN DEL PRODUCTO WHISKY
EL PARENTESCO ENTRE EL PRODUCTO WHISKY Y LA RUTA DE SU IMAGEN ES 0.29
NO EXISTE LA IMAGEN DEL PRODUCTO TEQUILA MEZCAL
NO EXISTE LA IMAGEN DEL PRODUCTO VERMUT
NO EXISTE LA IMAGEN DEL PRODUCTO LICORES
NO EXISTE LA IMAGEN DEL PRODUCTO ANCHOA SOBRE PAN BRIOCHE
NO EXISTE LA IMAGEN DEL PRODUCTO TORTILLA DE PAPAS
EXISTE LA IMAGEN DEL PRODUCTO TABLA DE QUESOS
EL PARENTESCO ENTRE EL PRODUCTO TABLA DE QUESOS Y LA RUTA DE SU IMAGEN ES 0.12
NO EXISTE LA IMAGEN DEL PRODUCTO ENSALADILLA AL ESTILO REVÉS
NO EXISTE LA IMAGEN DEL PRODUCTO BOCATA DE PASTRAMI
NO EXISTE LA IMAGEN DEL PRODUCTO CALAMARES EN SU TINTA
NO EXISTE LA IMAGEN DEL PRODUCTO ALBONDIGAS CASERAS
NO EXISTE LA IMAGEN DEL PRODUCTO CROQUETAS AL ESTILO REVÉS
NO EXISTE LA IMAGEN DEL PRODUCTO ALCACHOFA A LA BRASA
NO EXISTE LA IMAGEN DEL PRODUCTO AJO BLANCO
NO EXISTE LA IMAGEN DEL PRODUCTO KATSU-SANDO PRESA IBÉRICA
NO EXISTE LA IMAGEN DEL PRODUCTO ENSALADA DE TOMATE
NO EXISTE LA IMAGEN DEL PRODUCTO ROPA VIEJA AL ESTILO REVÉS
NO EXISTE LA IMAGEN DEL PRODUCTO ARROZ DE GAMBA Y CALAMAR
NO EXISTE LA IMAGEN DEL PRODUCTO VIEJA
NO EXISTE LA IMAGEN DEL PRODUCTO CANELÓN DE CABRA
NO EXISTE LA IMAGEN DEL PRODUCTO COCHINO NEGRO
NO EXISTE LA IMAGEN DEL PRODUCTO SOUFFLÉ DE CHOCOLATE
EXISTE LA IMAGEN DEL PRODUCTO TORRIJA
EL PARENTESCO ENTRE EL PRODUCTO TORRIJA Y LA RUTA DE SU IMAGEN ES 0.25
NO EXISTE LA IMAGEN DEL PRODUCTO HUEVOS BENEDICTINOS
NO EXISTE LA IMAGEN DEL PRODUCTO BIKINI PLANCHADO JAMON Y QUESO
NO EXISTE LA IMAGEN DEL PRODUCTO CROQUE MONSIEUR
NO EXISTE LA IMAGEN DEL PRODUCTO PULGITA DE JAMÓN IBÉRICO
NO EXISTE LA IMAGEN DEL PRODUCTO NAPOLITANA DE CHOCOLATE
NO EXISTE LA IMAGEN DEL PRODUCTO ALDEA 8 BARRICAS
EXISTE LA IMAGEN DEL PRODUCTO ZACAPA 23
EL PARENTESCO ENTRE EL PRODUCTO ZACAPA 23 Y LA RUTA DE SU IMAGEN ES 0.20
NO EXISTE LA IMAGEN DEL PRODUCTO RUSSIAN ORIGINAL
NO EXISTE LA IMAGEN DEL PRODUCTO PUERTO DE INDIAS
EXISTE LA IMAGEN DEL PRODUCTO BOMBAY SAPPHIRE
EL PARENTESCO ENTRE EL PRODUCTO BOMBAY SAPPHIRE Y LA RUTA DE SU IMAGEN ES 0.12
NO EXISTE LA IMAGEN DEL PRODUCTO ROKU
EXISTE LA IMAGEN DEL PRODUCTO BROCKMANS
EL PARENTESCO ENTRE EL PRODUCTO BROCKMANS Y LA RUTA DE SU IMAGEN ES 0.20
EXISTE LA IMAGEN DEL PRODUCTO HENDRICKS
EL PARENTESCO ENTRE EL PRODUCTO HENDRICKS Y LA RUTA DE SU IMAGEN ES 0.20
EXISTE LA IMAGEN DEL PRODUCTO HENDRICKS
EL PARENTESCO ENTRE EL PRODUCTO HENDRICKS Y LA RUTA DE SU IMAGEN ES 0.20
EXISTE LA IMAGEN DEL PRODUCTO TANQUERAY 0,0
EL PARENTESCO ENTRE EL PRODUCTO TANQUERAY 0,0 Y LA RUTA DE SU IMAGEN ES 0.14
EXISTE LA IMAGEN DEL PRODUCTO JOHNNIE WALKER RED
EL PARENTESCO ENTRE EL PRODUCTO JOHNNIE WALKER RED Y LA RUTA DE SU IMAGEN ES 0.11
EXISTE LA IMAGEN DEL PRODUCTO BALLANTINES
EL PARENTESCO ENTRE EL PRODUCTO BALLANTINES Y LA RUTA DE SU IMAGEN ES 0.17
EXISTE LA IMAGEN DEL PRODUCTO JIM BEAM
EL PARENTESCO ENTRE EL PRODUCTO JIM BEAM Y LA RUTA DE SU IMAGEN ES 0.22
EXISTE LA IMAGEN DEL PRODUCTO JACK DANIELS
EL PARENTESCO ENTRE EL PRODUCTO JACK DANIELS Y LA RUTA DE SU IMAGEN ES 0.15
NO EXISTE LA IMAGEN DEL PRODUCTO CHIVAS 12
NO EXISTE LA IMAGEN DEL PRODUCTO JOSE CUERVO SILVER
NO EXISTE LA IMAGEN DEL PRODUCTO JOSE CUERVO REPOSADO
NO EXISTE LA IMAGEN DEL PRODUCTO VERMUT BLANCO
NO EXISTE LA IMAGEN DEL PRODUCTO VERMUT TINTO
EXISTE LA IMAGEN DEL PRODUCTO BAILEYS
EL PARENTESCO ENTRE EL PRODUCTO BAILEYS Y LA RUTA DE SU IMAGEN ES 0.25
EXISTE LA IMAGEN DEL PRODUCTO AMARETTO
EL PARENTESCO ENTRE EL PRODUCTO AMARETTO Y LA RUTA DE SU IMAGEN ES 0.22
EXISTE LA IMAGEN DEL PRODUCTO FRANGELICO
EL PARENTESCO ENTRE EL PRODUCTO FRANGELICO Y LA RUTA DE SU IMAGEN ES 0.18
NO EXISTE LA IMAGEN DEL PRODUCTO RON MIEL LICOR
EXISTE LA IMAGEN DEL PRODUCTO CAMPARI
EL PARENTESCO ENTRE EL PRODUCTO CAMPARI Y LA RUTA DE SU IMAGEN ES 0.25
NO EXISTE LA IMAGEN DEL PRODUCTO MESTRES COQUET
NO EXISTE LA IMAGEN DEL PRODUCTO MAURICE CHOPPIN LES ARPENTS
NO EXISTE LA IMAGEN DEL PRODUCTO CALSAC L'ECHAPEÉ BELLE, BLANC DE BLANCS
NO EXISTE LA IMAGEN DEL PRODUCTO TAMERÁN, VIJARIEGO BLANCO
NO EXISTE LA IMAGEN DEL PRODUCTO TRENZADO, LISTÁN BLANCO
NO EXISTE LA IMAGEN DEL PRODUCTO JUAN ESCUDERO, MARMAJUELO
NO EXISTE LA IMAGEN DEL PRODUCTO LOS LOROS, ALBILLO CRIOLLO
NO EXISTE LA IMAGEN DEL PRODUCTO BHILAR, VIURA Y GARNACHA BLANCA
NO EXISTE LA IMAGEN DEL PRODUCTO PALO BLANCO, LISTÁN BLANCO
NO EXISTE LA IMAGEN DEL PRODUCTO MONOPOLE CLÁSICO, VIURA
NO EXISTE LA IMAGEN DEL PRODUCTO LOURO, GODELLO
NO EXISTE LA IMAGEN DEL PRODUCTO VALOUTA, ALBARIÑO
NO EXISTE LA IMAGEN DEL PRODUCTO XIS, MALVASÍA FINA, GOUVEIO, RABIGATO, OTRAS
NO EXISTE LA IMAGEN DEL PRODUCTO PARAJE PINO PALOIS, LISTÁN NEGRO
NO EXISTE LA IMAGEN DEL PRODUCTO PACO GARCÍA SEIS
NO EXISTE LA IMAGEN DEL PRODUCTO LAVA, LISTÁN NEGRO, VIJARIEGO, OTRAS
NO EXISTE LA IMAGEN DEL PRODUCTO IKEWEN, LISTÁN NEGRO
NO EXISTE LA IMAGEN DEL PRODUCTO LAVA LOMO LOS INGLESES
NO EXISTE LA IMAGEN DEL PRODUCTO SEMELE, TINTA FINA, MERLOT
NO EXISTE LA IMAGEN DEL PRODUCTO BOSQUE DE MATASNOS
NO EXISTE LA IMAGEN DEL PRODUCTO CM BY CARLOS MORO
NO EXISTE LA IMAGEN DEL PRODUCTO CM PRESTIGIO BY CARLOS MORO
NO EXISTE LA IMAGEN DEL PRODUCTO CONTINO, GARNACHA
NO EXISTE LA IMAGEN DEL PRODUCTO PESQUERA ORIGINAL
NO EXISTE LA IMAGEN DEL PRODUCTO VIÑA PEDROSA CEPA GAVILÁN
INSERTADA LA FAMILIA BARRA EN LA BASE DE DATOS
INSERTADA LA FAMILIA BEBIDAS EN LA BASE DE DATOS
INSERTADA LA FAMILIA CAFÉ EN LA BASE DE DATOS
INSERTADA LA FAMILIA CARNES EN LA BASE DE DATOS
INSERTADA LA FAMILIA CERVEZAS EN LA BASE DE DATOS
INSERTADA LA FAMILIA CUCHARA EN LA BASE DE DATOS
INSERTADA LA FAMILIA DESAYUNOS EN LA BASE DE DATOS
INSERTADA LA FAMILIA DESTILADOS EN LA BASE DE DATOS
INSERTADA LA FAMILIA ENTRANTES EN LA BASE DE DATOS
INSERTADA LA FAMILIA PESCADOS EN LA BASE DE DATOS
INSERTADA LA FAMILIA POSTRES EN LA BASE DE DATOS
INSERTADA LA FAMILIA TÉ E INFUSIONES EN LA BASE DE DATOS
INSERTADA LA FAMILIA VINO EN LA BASE DE DATOS
INSERTADO EL TIPO DE PREPARACIÓN Cocina EN LA BASE DE DATOS
INSERTADO EL TIPO DE PREPARACIÓN Barra EN LA BASE DE DATOS
INSERTADO EL ORDEN DE PREPARACIÓN Marche y pase EN LA BASE DE DATOS
INSERTADO EL ORDEN DE PREPARACIÓN Bebidas EN LA BASE DE DATOS
INSERTADO EL PRODUCTO ALBONDIGAS CASERAS EN LA BASE DE DATOS
INSERTADO EL PRODUCTO ANCHOA SOBRE PAN BRIOCHE EN LA BASE DE DATOS
INSERTADO EL PRODUCTO BOCATA DE PASTRAMI EN LA BASE DE DATOS
INSERTADO EL PRODUCTO CALAMARES EN SU TINTA EN LA BASE DE DATOS
INSERTADO EL PRODUCTO CROQUETAS EN LA BASE DE DATOS
INSERTADO EL PRODUCTO ENSALADILLA AL ESTILO REVÉS EN LA BASE DE DATOS
INSERTADO EL PRODUCTO TABLA DE QUESOS EN LA BASE DE DATOS
INSERTADO EL PRODUCTO TORTILLA DE PAPAS EN LA BASE DE DATOS
INSERTADO EL PRODUCTO AGUA CON EN LA BASE DE DATOS
INSERTADO EL PRODUCTO AGUA SIN EN LA BASE DE DATOS
INSERTADO EL PRODUCTO APPLETISER EN LA BASE DE DATOS
INSERTADO EL PRODUCTO AQUARIUS EN LA BASE DE DATOS
INSERTADO EL PRODUCTO COCA COLA EN LA BASE DE DATOS
INSERTADO EL PRODUCTO COCA COLA ZERO EN LA BASE DE DATOS
INSERTADO EL PRODUCTO FANTA LIMÓN EN LA BASE DE DATOS
INSERTADO EL PRODUCTO FANTA NARANJA EN LA BASE DE DATOS
INSERTADO EL PRODUCTO NESTEA EN LA BASE DE DATOS
INSERTADO EL PRODUCTO POWERADE EN LA BASE DE DATOS
INSERTADO EL PRODUCTO RED BULL EN LA BASE DE DATOS
INSERTADO EL PRODUCTO SPRITE EN LA BASE DE DATOS
INSERTADO EL PRODUCTO TÓNICA EN LA BASE DE DATOS
INSERTADO EL PRODUCTO ZUMO MELOCOTÓN EN LA BASE DE DATOS
INSERTADO EL PRODUCTO ZUMO NARANJA NATURAL EN LA BASE DE DATOS
INSERTADO EL PRODUCTO ZUMO PIÑA EN LA BASE DE DATOS
INSERTADO EL PRODUCTO ZUMO TOMATE EN LA BASE DE DATOS
INSERTADO EL PRODUCTO AFFOGATO EN LA BASE DE DATOS
INSERTADO EL PRODUCTO AMERICANO EN LA BASE DE DATOS
INSERTADO EL PRODUCTO CAFÉ CON LECHE EN LA BASE DE DATOS
INSERTADO EL PRODUCTO CARAJILLO EN LA BASE DE DATOS
INSERTADO EL PRODUCTO CORTADO EN LA BASE DE DATOS
INSERTADO EL PRODUCTO DESCAFEINADO EN LA BASE DE DATOS
INSERTADO EL PRODUCTO DOBLE ESPRESSO EN LA BASE DE DATOS
INSERTADO EL PRODUCTO ESPRESSO EN LA BASE DE DATOS
INSERTADO EL PRODUCTO ESPRESSO MACCHIATO EN LA BASE DE DATOS
INSERTADO EL PRODUCTO LATTE MACCHIATO EN LA BASE DE DATOS
INSERTADO EL PRODUCTO CANELÓN DE CABRA EN LA BASE DE DATOS
INSERTADO EL PRODUCTO COCHINO NEGRO EN LA BASE DE DATOS
INSERTADO EL PRODUCTO 0,0 TOSTADA EN LA BASE DE DATOS
INSERTADO EL PRODUCTO BECK´S EN LA BASE DE DATOS
INSERTADO EL PRODUCTO CERVEZA BARRIL EN LA BASE DE DATOS
INSERTADO EL PRODUCTO CORONA EN LA BASE DE DATOS
INSERTADO EL PRODUCTO DORADA SIN GLUTEN EN LA BASE DE DATOS
INSERTADO EL PRODUCTO FRANZISKANER EN LA BASE DE DATOS
INSERTADO EL PRODUCTO KOPPARBERG EN LA BASE DE DATOS
INSERTADO EL PRODUCTO LEFFE EN LA BASE DE DATOS
INSERTADO EL PRODUCTO STELLA ARTOIS EN LA BASE DE DATOS
INSERTADO EL PRODUCTO ARROZ DE GAMBA Y CALAMAR EN LA BASE DE DATOS
INSERTADO EL PRODUCTO ROPA VIEJA AL ESTILO REVÉS EN LA BASE DE DATOS
INSERTADO EL PRODUCTO BIKINI PLANCHADO JAMON Y QUESO EN LA BASE DE DATOS
INSERTADO EL PRODUCTO CROISSANT EN LA BASE DE DATOS
INSERTADO EL PRODUCTO CROQUE MONSIEUR EN LA BASE DE DATOS
INSERTADO EL PRODUCTO HUEVOS BENEDICTINOS EN LA BASE DE DATOS
INSERTADO EL PRODUCTO NAPOLITANA DE CHOCOLATE EN LA BASE DE DATOS
INSERTADO EL PRODUCTO PULGITA DE JAMÓN IBÉRICO EN LA BASE DE DATOS
INSERTADO EL PRODUCTO ALDEA 8 BARRICAS EN LA BASE DE DATOS
INSERTADO EL PRODUCTO AMARETTO EN LA BASE DE DATOS
INSERTADO EL PRODUCTO APEROL EN LA BASE DE DATOS
INSERTADO EL PRODUCTO AREHUCAS BLANCO EN LA BASE DE DATOS
INSERTADO EL PRODUCTO AREHUCAS ORO EN LA BASE DE DATOS
INSERTADO EL PRODUCTO BAILEYS EN LA BASE DE DATOS
INSERTADO EL PRODUCTO BALLANTINES EN LA BASE DE DATOS
INSERTADO EL PRODUCTO BEEFEATER EN LA BASE DE DATOS
INSERTADO EL PRODUCTO BOMBAY SAPPHIRE EN LA BASE DE DATOS
INSERTADO EL PRODUCTO BROCKMANS EN LA BASE DE DATOS
INSERTADO EL PRODUCTO BRUGAL AÑEJO EN LA BASE DE DATOS
INSERTADO EL PRODUCTO CAMPARI EN LA BASE DE DATOS
INSERTADO EL PRODUCTO CHIVAS 12 EN LA BASE DE DATOS
INSERTADO EL PRODUCTO FRANGELICO EN LA BASE DE DATOS
INSERTADO EL PRODUCTO GIN MARE EN LA BASE DE DATOS
INSERTADO EL PRODUCTO GINEBRA EN LA BASE DE DATOS
INSERTADO EL PRODUCTO HENDRICKS EN LA BASE DE DATOS
INSERTADO EL PRODUCTO JACK DANIELS EN LA BASE DE DATOS
INSERTADO EL PRODUCTO JIM BEAM EN LA BASE DE DATOS
INSERTADO EL PRODUCTO JOHNNIE WALKER BLACK EN LA BASE DE DATOS
INSERTADO EL PRODUCTO JOHNNIE WALKER RED EN LA BASE DE DATOS
INSERTADO EL PRODUCTO JOSE CUERVO REPOSADO EN LA BASE DE DATOS
INSERTADO EL PRODUCTO JOSE CUERVO SILVER EN LA BASE DE DATOS
INSERTADO EL PRODUCTO LICOR DE HIERBAS EN LA BASE DE DATOS
INSERTADO EL PRODUCTO LICORES EN LA BASE DE DATOS
INSERTADO EL PRODUCTO LIMONCELLO EN LA BASE DE DATOS
INSERTADO EL PRODUCTO PACHARÁN EN LA BASE DE DATOS
INSERTADO EL PRODUCTO PUERTO DE INDIAS EN LA BASE DE DATOS
INSERTADO EL PRODUCTO ROKU EN LA BASE DE DATOS
INSERTADO EL PRODUCTO RON EN LA BASE DE DATOS
INSERTADO EL PRODUCTO RON MIEL EN LA BASE DE DATOS
INSERTADO EL PRODUCTO RON MIEL LICOR EN LA BASE DE DATOS
INSERTADO EL PRODUCTO RUSSIAN ORIGINAL EN LA BASE DE DATOS
INSERTADO EL PRODUCTO SEAGRAMS EN LA BASE DE DATOS
INSERTADO EL PRODUCTO TANQUERAY 0,0 EN LA BASE DE DATOS
INSERTADO EL PRODUCTO TEQUILA MEZCAL EN LA BASE DE DATOS
INSERTADO EL PRODUCTO VERMUT EN LA BASE DE DATOS
INSERTADO EL PRODUCTO VERMUT BLANCO EN LA BASE DE DATOS
INSERTADO EL PRODUCTO VERMUT TINTO EN LA BASE DE DATOS
INSERTADO EL PRODUCTO VODKA EN LA BASE DE DATOS
INSERTADO EL PRODUCTO WHISKY EN LA BASE DE DATOS
INSERTADO EL PRODUCTO ZACAPA 23 EN LA BASE DE DATOS
INSERTADO EL PRODUCTO AJO BLANCO EN LA BASE DE DATOS
INSERTADO EL PRODUCTO ALCACHOFA A LA BRASA EN LA BASE DE DATOS
INSERTADO EL PRODUCTO CROQUETAS AL ESTILO REVÉS EN LA BASE DE DATOS
INSERTADO EL PRODUCTO ENSALADA DE TOMATE EN LA BASE DE DATOS
INSERTADO EL PRODUCTO KATSU-SANDO PRESA IBÉRICA EN LA BASE DE DATOS
INSERTADO EL PRODUCTO SAMA EN LA BASE DE DATOS
INSERTADO EL PRODUCTO VIEJA EN LA BASE DE DATOS
INSERTADO EL PRODUCTO SOUFFLÉ DE CHOCOLATE EN LA BASE DE DATOS
INSERTADO EL PRODUCTO TARTA DE QUESO EN LA BASE DE DATOS
INSERTADO EL PRODUCTO TORRIJA EN LA BASE DE DATOS
INSERTADO EL PRODUCTO JENGIBRE CÚRCUMA EN LA BASE DE DATOS
INSERTADO EL PRODUCTO MANZANILLA EN LA BASE DE DATOS
INSERTADO EL PRODUCTO MENTA POLEO EN LA BASE DE DATOS
INSERTADO EL PRODUCTO TILA EN LA BASE DE DATOS
INSERTADO EL PRODUCTO TÉ NEGRO EN LA BASE DE DATOS
INSERTADO EL PRODUCTO TÉ VERDE EN LA BASE DE DATOS
INSERTADO EL PRODUCTO BHILAR, VIURA Y GARNACHA BLANCA EN LA BASE DE DATOS
INSERTADO EL PRODUCTO BOSQUE DE MATASNOS EN LA BASE DE DATOS
INSERTADO EL PRODUCTO CALSAC L'ECHAPEÉ BELLE, BLANC DE BLANCS EN LA BASE DE DATOS
INSERTADO EL PRODUCTO CM BY CARLOS MORO EN LA BASE DE DATOS
INSERTADO EL PRODUCTO CM PRESTIGIO BY CARLOS MORO EN LA BASE DE DATOS
INSERTADO EL PRODUCTO CONTINO, GARNACHA EN LA BASE DE DATOS
INSERTADO EL PRODUCTO COPA BLANCO EN LA BASE DE DATOS
INSERTADO EL PRODUCTO COPA BLANCO CANARIO EN LA BASE DE DATOS
INSERTADO EL PRODUCTO COPA ESPUMOSO EN LA BASE DE DATOS
INSERTADO EL PRODUCTO COPA ROSADO EN LA BASE DE DATOS
INSERTADO EL PRODUCTO COPA TINTO RIBERA EN LA BASE DE DATOS
INSERTADO EL PRODUCTO COPA TINTO RIOJA EN LA BASE DE DATOS
INSERTADO EL PRODUCTO IKEWEN, LISTÁN NEGRO EN LA BASE DE DATOS
INSERTADO EL PRODUCTO JUAN ESCUDERO, MARMAJUELO EN LA BASE DE DATOS
INSERTADO EL PRODUCTO LAVA LOMO LOS INGLESES EN LA BASE DE DATOS
INSERTADO EL PRODUCTO LAVA, LISTÁN NEGRO, VIJARIEGO, OTRAS EN LA BASE DE DATOS
INSERTADO EL PRODUCTO LOCARTAS, MARMAJUELO EN LA BASE DE DATOS
INSERTADO EL PRODUCTO LOS LOROS, ALBILLO CRIOLLO EN LA BASE DE DATOS
INSERTADO EL PRODUCTO LOURO, GODELLO EN LA BASE DE DATOS
INSERTADO EL PRODUCTO MAURICE CHOPPIN LES ARPENTS EN LA BASE DE DATOS
INSERTADO EL PRODUCTO MESTRES COQUET EN LA BASE DE DATOS
INSERTADO EL PRODUCTO MONOPOLE CLÁSICO, VIURA EN LA BASE DE DATOS
INSERTADO EL PRODUCTO PACO GARCÍA SEIS EN LA BASE DE DATOS
INSERTADO EL PRODUCTO PALO BLANCO, LISTÁN BLANCO EN LA BASE DE DATOS
INSERTADO EL PRODUCTO PARAJE PINO PALOIS, LISTÁN NEGRO EN LA BASE DE DATOS
INSERTADO EL PRODUCTO PESQUERA ORIGINAL EN LA BASE DE DATOS
INSERTADO EL PRODUCTO SEMELE, TINTA FINA, MERLOT EN LA BASE DE DATOS
INSERTADO EL PRODUCTO TAMERÁN, VIJARIEGO BLANCO EN LA BASE DE DATOS
INSERTADO EL PRODUCTO TRENZADO, LISTÁN BLANCO EN LA BASE DE DATOS
INSERTADO EL PRODUCTO VALOUTA, ALBARIÑO EN LA BASE DE DATOS
INSERTADO EL PRODUCTO VIÑA PEDROSA CEPA GAVILÁN EN LA BASE DE DATOS
INSERTADO EL PRODUCTO XIS, MALVASÍA FINA, GOUVEIO, RABIGATO, OTRAS EN LA BASE DE DATOS
