NO EXISTE LA IMAGEN DEL PRODUCTO AGUA SIN
ACTUALIZADA EN CACHE LA FAMILIA DE COCA COLA AL VALOR BEBIDAS
ACTUALIZADA EN CACHE LA RUTA DE IMAGEN DE COCA COLA AL VALOR imagenesAgora\refrescos\coca-cola.jpg
EXISTE LA IMAGEN DEL PRODUCTO COCA COLA
EL PARENTESCO ENTRE EL PRODUCTO COCA COLA Y LA RUTA DE SU IMAGEN ES 0.20
ACTUALIZADA EN CACHE LA FAMILIA DE COCA COLA AL VALOR BEBIDAS
ACTUALIZADA EN CACHE LA RUTA DE IMAGEN DE COCA COLA AL VALOR imagenesAgora\refrescos\coca-cola.jpg
EXISTE LA IMAGEN DEL PRODUCTO COCA COLA
EL PARENTESCO ENTRE EL PRODUCTO COCA COLA Y LA RUTA DE SU IMAGEN ES 0.20
ACTUALIZADA EN CACHE LA FAMILIA DE COCA COLA ZERO AL VALOR BEBIDAS
EXISTE LA IMAGEN DEL PRODUCTO COCA COLA ZERO
EL PARENTESCO ENTRE EL PRODUCTO COCA COLA ZERO Y LA RUTA DE SU IMAGEN ES 0.13
ACTUALIZADA EN CACHE LA FAMILIA DE SPRITE AL VALOR BEBIDAS
EXISTE LA IMAGEN DEL PRODUCTO SPRITE
EL PARENTESCO ENTRE EL PRODUCTO SPRITE Y LA RUTA DE SU IMAGEN ES 0.29
ACTUALIZADA EN CACHE LA FAMILIA DE SPRITE AL VALOR BEBIDAS
EXISTE LA IMAGEN DEL PRODUCTO SPRITE
EL PARENTESCO ENTRE EL PRODUCTO SPRITE Y LA RUTA DE SU IMAGEN ES 0.29
ACTUALIZADA EN CACHE LA FAMILIA DE RED BULL AL VALOR BEBIDAS
EXISTE LA IMAGEN DEL PRODUCTO RED BULL
EL PARENTESCO ENTRE EL PRODUCTO RED BULL Y LA RUTA DE SU IMAGEN ES 0.22
EXISTE LA IMAGEN DEL PRODUCTO AQUARIUS
EL PARENTESCO ENTRE EL PRODUCTO AQUARIUS Y LA RUTA DE SU IMAGEN ES 0.22
EXISTE LA IMAGEN DEL PRODUCTO NESTEA
EL PARENTESCO ENTRE EL PRODUCTO NESTEA Y LA RUTA DE SU IMAGEN ES 0.29
EXISTE LA IMAGEN DEL PRODUCTO TÓNICA
EL PARENTESCO ENTRE EL PRODUCTO TÓNICA Y LA RUTA DE SU IMAGEN ES 0.29
ACTUALIZADA EN CACHE LA FAMILIA DE ZUMO NARANJA NATURAL AL VALOR BEBIDAS
EXISTE LA IMAGEN DEL PRODUCTO ZUMO NARANJA NATURAL
EL PARENTESCO ENTRE EL PRODUCTO ZUMO NARANJA NATURAL Y LA RUTA DE SU IMAGEN ES 0.10
ACTUALIZADA EN CACHE LA FAMILIA DE ZUMO PIÑA AL VALOR BEBIDAS
NO EXISTE LA IMAGEN DEL PRODUCTO ZUMO PIÑA
NO EXISTE LA IMAGEN DEL PRODUCTO ZUMO TOMATE
NO EXISTE LA IMAGEN DEL PRODUCTO ESPRESSO MACCHIATO
EXISTE LA IMAGEN DEL PRODUCTO LATTE MACCHIATO
EL PARENTESCO ENTRE EL PRODUCTO LATTE MACCHIATO Y LA RUTA DE SU IMAGEN ES 0.12
NO EXISTE LA IMAGEN DEL PRODUCTO DOBLE ESPRESSO
EXISTE LA IMAGEN DEL PRODUCTO DESCAFEINADO
EL PARENTESCO ENTRE EL PRODUCTO DESCAFEINADO Y LA RUTA DE SU IMAGEN ES 0.15
ACTUALIZADA EN CACHE LA FAMILIA DE MENTA POLEO AL VALOR TÉ E INFUSIONES
EXISTE LA IMAGEN DEL PRODUCTO MENTA POLEO
EL PARENTESCO ENTRE EL PRODUCTO MENTA POLEO Y LA RUTA DE SU IMAGEN ES 0.17
EXISTE LA IMAGEN DEL PRODUCTO TILA
EL PARENTESCO ENTRE EL PRODUCTO TILA Y LA RUTA DE SU IMAGEN ES 0.40
EXISTE LA IMAGEN DEL PRODUCTO TÉ VERDE
EL PARENTESCO ENTRE EL PRODUCTO TÉ VERDE Y LA RUTA DE SU IMAGEN ES 0.22
EXISTE LA IMAGEN DEL PRODUCTO CERVEZA BARRIL (JARRA)
EL PARENTESCO ENTRE EL PRODUCTO CERVEZA BARRIL (JARRA) Y LA RUTA DE SU IMAGEN ES 0.10
EXISTE LA IMAGEN DEL PRODUCTO DORADA SIN GLUTEN
EL PARENTESCO ENTRE EL PRODUCTO DORADA SIN GLUTEN Y LA RUTA DE SU IMAGEN ES 0.11
EXISTE LA IMAGEN DEL PRODUCTO CORONA
EL PARENTESCO ENTRE EL PRODUCTO CORONA Y LA RUTA DE SU IMAGEN ES 0.29
NO EXISTE LA IMAGEN DEL PRODUCTO STELLA ARTOIS
EXISTE LA IMAGEN DEL PRODUCTO LEFFE
EL PARENTESCO ENTRE EL PRODUCTO LEFFE Y LA RUTA DE SU IMAGEN ES 0.33
EXISTE LA IMAGEN DEL PRODUCTO KOPPARBERG
EL PARENTESCO ENTRE EL PRODUCTO KOPPARBERG Y LA RUTA DE SU IMAGEN ES 0.18
NO EXISTE LA IMAGEN DEL PRODUCTO KOPPARBERG
NO EXISTE LA IMAGEN DEL PRODUCTO COPA BLANCO CANARIO
ACTUALIZADA EN CACHE LA FAMILIA DE COPA ROSADO AL VALOR VINO
NO EXISTE LA IMAGEN DEL PRODUCTO COPA ROSADO
NO EXISTE LA IMAGEN DEL PRODUCTO COPA TINTO RIOJA
EXISTE LA IMAGEN DEL PRODUCTO RON
EL PARENTESCO ENTRE EL PRODUCTO RON Y LA RUTA DE SU IMAGEN ES 0.50
EXISTE LA IMAGEN DEL PRODUCTO VODKA
EL PARENTESCO ENTRE EL PRODUCTO VODKA Y LA RUTA DE SU IMAGEN ES 0.33
EXISTE LA IMAGEN DEL PRODUCTO WHISKY
EL PARENTESCO ENTRE EL PRODUCTO WHISKY Y LA RUTA DE SU IMAGEN ES 0.29
NO EXISTE LA IMAGEN DEL PRODUCTO VERMUT
NO EXISTE LA IMAGEN DEL PRODUCTO TORTILLA DE PAPAS
NO EXISTE LA IMAGEN DEL PRODUCTO ENSALADILLA AL ESTILO REVÉS
NO EXISTE LA IMAGEN DEL PRODUCTO CALAMARES EN SU TINTA
NO EXISTE LA IMAGEN DEL PRODUCTO CROQUETAS AL ESTILO REVÉS
NO EXISTE LA IMAGEN DEL PRODUCTO KATSU-SANDO PRESA IBÉRICA
NO EXISTE LA IMAGEN DEL PRODUCTO ROPA VIEJA AL ESTILO REVÉS
ACTUALIZADA EN CACHE LA FAMILIA DE SAMA AL VALOR PESCADOS
ACTUALIZADO EN CACHE EL ORDEN DE PREPARACIÓN DE SAMA AL VALOR Marche y pase
NO EXISTE LA IMAGEN DEL PRODUCTO SAMA
NO EXISTE LA IMAGEN DEL PRODUCTO VIEJA
NO EXISTE LA IMAGEN DEL PRODUCTO COCHINO NEGRO
ACTUALIZADO EN CACHE EL ORDEN DE PREPARACIÓN DE TARTA DE QUESO AL VALOR Marche y pase
ACTUALIZADA EN CACHE LA RUTA DE IMAGEN DE TARTA DE QUESO AL VALOR imagenesAgora\postres\cheesecake.jpg
EXISTE LA IMAGEN DEL PRODUCTO TARTA DE QUESO
EL PARENTESCO ENTRE EL PRODUCTO TARTA DE QUESO Y LA RUTA DE SU IMAGEN ES 0.13
EXISTE LA IMAGEN DEL PRODUCTO TORRIJA
EL PARENTESCO ENTRE EL PRODUCTO TORRIJA Y LA RUTA DE SU IMAGEN ES 0.25
NO EXISTE LA IMAGEN DEL PRODUCTO CROQUE MONSIEUR
NO EXISTE LA IMAGEN DEL PRODUCTO PULGITA DE JAMÓN IBÉRICO
NO EXISTE LA IMAGEN DEL PRODUCTO NAPOLITANA DE CHOCOLATE
ACTUALIZADA EN CACHE LA FAMILIA DE RON MIEL AL VALOR DESTILADOS
ACTUALIZADA EN CACHE LA RUTA DE IMAGEN DE RON MIEL AL VALOR imagenesAgora\rones\ron-Miel.jpg
EXISTE LA IMAGEN DEL PRODUCTO RON MIEL
EL PARENTESCO ENTRE EL PRODUCTO RON MIEL Y LA RUTA DE SU IMAGEN ES 0.22
ACTUALIZADA EN CACHE LA FAMILIA DE BRUGAL AÑEJO AL VALOR DESTILADOS
EXISTE LA IMAGEN DEL PRODUCTO BRUGAL AÑEJO
EL PARENTESCO ENTRE EL PRODUCTO BRUGAL AÑEJO Y LA RUTA DE SU IMAGEN ES 0.15
EXISTE LA IMAGEN DEL PRODUCTO ZACAPA 23
EL PARENTESCO ENTRE EL PRODUCTO ZACAPA 23 Y LA RUTA DE SU IMAGEN ES 0.20
ACTUALIZADA EN CACHE LA FAMILIA DE PUERTO DE INDIAS AL VALOR DESTILADOS
EXISTE LA IMAGEN DEL PRODUCTO PUERTO DE INDIAS
EL PARENTESCO ENTRE EL PRODUCTO PUERTO DE INDIAS Y LA RUTA DE SU IMAGEN ES 0.12
ACTUALIZADA EN CACHE LA FAMILIA DE PUERTO DE INDIAS AL VALOR DESTILADOS
EXISTE LA IMAGEN DEL PRODUCTO PUERTO DE INDIAS
EL PARENTESCO ENTRE EL PRODUCTO PUERTO DE INDIAS Y LA RUTA DE SU IMAGEN ES 0.12
ACTUALIZADA EN CACHE LA FAMILIA DE SEAGRAMS AL VALOR DESTILADOS
EXISTE LA IMAGEN DEL PRODUCTO SEAGRAMS
EL PARENTESCO ENTRE EL PRODUCTO SEAGRAMS Y LA RUTA DE SU IMAGEN ES 0.22
NO EXISTE LA IMAGEN DEL PRODUCTO ROKU
EXISTE LA IMAGEN DEL PRODUCTO HENDRICKS
EL PARENTESCO ENTRE EL PRODUCTO HENDRICKS Y LA RUTA DE SU IMAGEN ES 0.20
EXISTE LA IMAGEN DEL PRODUCTO TANQUERAY 0,0
EL PARENTESCO ENTRE EL PRODUCTO TANQUERAY 0,0 Y LA RUTA DE SU IMAGEN ES 0.14
EXISTE LA IMAGEN DEL PRODUCTO JIM BEAM
EL PARENTESCO ENTRE EL PRODUCTO JIM BEAM Y LA RUTA DE SU IMAGEN ES 0.22
ACTUALIZADA EN CACHE LA FAMILIA DE JIM BEAM AL VALOR DESTILADOS
ACTUALIZADA EN CACHE LA RUTA DE IMAGEN DE JIM BEAM AL VALOR imagenesAgora\whiskies\jimbean-bourbon.jpg
EXISTE LA IMAGEN DEL PRODUCTO JIM BEAM
EL PARENTESCO ENTRE EL PRODUCTO JIM BEAM Y LA RUTA DE SU IMAGEN ES 0.22
NO EXISTE LA IMAGEN DEL PRODUCTO JOSE CUERVO SILVER
NO EXISTE LA IMAGEN DEL PRODUCTO VERMUT BLANCO
NO EXISTE LA IMAGEN DEL PRODUCTO VERMUT TINTO
ACTUALIZADA EN CACHE LA FAMILIA DE LIMONCELLO AL VALOR DESTILADOS
EXISTE LA IMAGEN DEL PRODUCTO LIMONCELLO
EL PARENTESCO ENTRE EL PRODUCTO LIMONCELLO Y LA RUTA DE SU IMAGEN ES 0.18
EXISTE LA IMAGEN DEL PRODUCTO FRANGELICO
EL PARENTESCO ENTRE EL PRODUCTO FRANGELICO Y LA RUTA DE SU IMAGEN ES 0.18
NO EXISTE LA IMAGEN DEL PRODUCTO RON MIEL LICOR
NO EXISTE LA IMAGEN DEL PRODUCTO MESTRES COQUET
NO EXISTE LA IMAGEN DEL PRODUCTO LOCARTAS, MARMAJUELO
NO EXISTE LA IMAGEN DEL PRODUCTO TAMERÁN, VIJARIEGO BLANCO
NO EXISTE LA IMAGEN DEL PRODUCTO TRENZADO, LISTÁN BLANCO
NO EXISTE LA IMAGEN DEL PRODUCTO LOS LOROS, ALBILLO CRIOLLO
NO EXISTE LA IMAGEN DEL PRODUCTO PALO BLANCO, LISTÁN BLANCO
NO EXISTE LA IMAGEN DEL PRODUCTO VALOUTA, ALBARIÑO
NO EXISTE LA IMAGEN DEL PRODUCTO XIS, MALVASÍA FINA, GOUVEIO, RABIGATO, OTRAS
NO EXISTE LA IMAGEN DEL PRODUCTO LAVA LOMO LOS INGLESES
NO EXISTE LA IMAGEN DEL PRODUCTO SEMELE, TINTA FINA, MERLOT
NO EXISTE LA IMAGEN DEL PRODUCTO CM BY CARLOS MORO
NO EXISTE LA IMAGEN DEL PRODUCTO CM PRESTIGIO BY CARLOS MORO
NO EXISTE LA IMAGEN DEL PRODUCTO CONTINO, GARNACHA
NO EXISTE LA IMAGEN DEL PRODUCTO PESQUERA ORIGINAL
NO EXISTE LA IMAGEN DEL PRODUCTO VIÑA PEDROSA CEPA GAVILÁN
INSERTADA LA FAMILIA BARRA EN LA BASE DE DATOS
INSERTADA LA FAMILIA BEBIDAS EN LA BASE DE DATOS
INSERTADA LA FAMILIA CAFÉ EN LA BASE DE DATOS
INSERTADA LA FAMILIA CARNES EN LA BASE DE DATOS
INSERTADA LA FAMILIA CERVEZAS EN LA BASE DE DATOS
INSERTADA LA FAMILIA CUCHARA EN LA BASE DE DATOS
INSERTADA LA FAMILIA DESAYUNOS EN LA BASE DE DATOS
INSERTADA LA FAMILIA DESTILADOS EN LA BASE DE DATOS
INSERTADA LA FAMILIA ENTRANTES EN LA BASE DE DATOS
INSERTADA LA FAMILIA PESCADOS EN LA BASE DE DATOS
INSERTADA LA FAMILIA POSTRES EN LA BASE DE DATOS
INSERTADA LA FAMILIA TÉ E INFUSIONES EN LA BASE DE DATOS
INSERTADA LA FAMILIA VINO EN LA BASE DE DATOS
INSERTADO EL TIPO DE PREPARACIÓN Cocina EN LA BASE DE DATOS
INSERTADO EL TIPO DE PREPARACIÓN Barra EN LA BASE DE DATOS
INSERTADO EL ORDEN DE PREPARACIÓN Marche y pase EN LA BASE DE DATOS
INSERTADO EL ORDEN DE PREPARACIÓN Bebidas EN LA BASE DE DATOS
INSERTADO EL PRODUCTO ALBONDIGAS CASERAS EN LA BASE DE DATOS
INSERTADO EL PRODUCTO ANCHOA SOBRE PAN BRIOCHE EN LA BASE DE DATOS
INSERTADO EL PRODUCTO BOCATA DE PASTRAMI EN LA BASE DE DATOS
INSERTADO EL PRODUCTO CALAMARES EN SU TINTA EN LA BASE DE DATOS
INSERTADO EL PRODUCTO CROQUETAS EN LA BASE DE DATOS
INSERTADO EL PRODUCTO ENSALADILLA AL ESTILO REVÉS EN LA BASE DE DATOS
INSERTADO EL PRODUCTO TABLA DE QUESOS EN LA BASE DE DATOS
INSERTADO EL PRODUCTO TORTILLA DE PAPAS EN LA BASE DE DATOS
INSERTADO EL PRODUCTO AGUA CON EN LA BASE DE DATOS
INSERTADO EL PRODUCTO AGUA SIN EN LA BASE DE DATOS
INSERTADO EL PRODUCTO APPLETISER EN LA BASE DE DATOS
INSERTADO EL PRODUCTO AQUARIUS EN LA BASE DE DATOS
INSERTADO EL PRODUCTO COCA COLA EN LA BASE DE DATOS
INSERTADO EL PRODUCTO COCA COLA ZERO EN LA BASE DE DATOS
INSERTADO EL PRODUCTO FANTA LIMÓN EN LA BASE DE DATOS
INSERTADO EL PRODUCTO FANTA NARANJA EN LA BASE DE DATOS
INSERTADO EL PRODUCTO NESTEA EN LA BASE DE DATOS
INSERTADO EL PRODUCTO POWERADE EN LA BASE DE DATOS
INSERTADO EL PRODUCTO RED BULL EN LA BASE DE DATOS
INSERTADO EL PRODUCTO SPRITE EN LA BASE DE DATOS
INSERTADO EL PRODUCTO TÓNICA EN LA BASE DE DATOS
INSERTADO EL PRODUCTO ZUMO MELOCOTÓN EN LA BASE DE DATOS
INSERTADO EL PRODUCTO ZUMO NARANJA NATURAL EN LA BASE DE DATOS
INSERTADO EL PRODUCTO ZUMO PIÑA EN LA BASE DE DATOS
INSERTADO EL PRODUCTO ZUMO TOMATE EN LA BASE DE DATOS
INSERTADO EL PRODUCTO AFFOGATO EN LA BASE DE DATOS
INSERTADO EL PRODUCTO AMERICANO EN LA BASE DE DATOS
INSERTADO EL PRODUCTO CAFÉ CON LECHE EN LA BASE DE DATOS
INSERTADO EL PRODUCTO CARAJILLO EN LA BASE DE DATOS
INSERTADO EL PRODUCTO CORTADO EN LA BASE DE DATOS
INSERTADO EL PRODUCTO DESCAFEINADO EN LA BASE DE DATOS
INSERTADO EL PRODUCTO DOBLE ESPRESSO EN LA BASE DE DATOS
INSERTADO EL PRODUCTO ESPRESSO EN LA BASE DE DATOS
INSERTADO EL PRODUCTO ESPRESSO MACCHIATO EN LA BASE DE DATOS
INSERTADO EL PRODUCTO LATTE MACCHIATO EN LA BASE DE DATOS
INSERTADO EL PRODUCTO CANELÓN DE CABRA EN LA BASE DE DATOS
INSERTADO EL PRODUCTO COCHINO NEGRO EN LA BASE DE DATOS
INSERTADO EL PRODUCTO 0,0 TOSTADA EN LA BASE DE DATOS
INSERTADO EL PRODUCTO BECK´S EN LA BASE DE DATOS
INSERTADO EL PRODUCTO CERVEZA BARRIL EN LA BASE DE DATOS
INSERTADO EL PRODUCTO CORONA EN LA BASE DE DATOS
INSERTADO EL PRODUCTO DORADA SIN GLUTEN EN LA BASE DE DATOS
INSERTADO EL PRODUCTO FRANZISKANER EN LA BASE DE DATOS
INSERTADO EL PRODUCTO KOPPARBERG EN LA BASE DE DATOS
INSERTADO EL PRODUCTO LEFFE EN LA BASE DE DATOS
INSERTADO EL PRODUCTO STELLA ARTOIS EN LA BASE DE DATOS
INSERTADO EL PRODUCTO ARROZ DE GAMBA Y CALAMAR EN LA BASE DE DATOS
INSERTADO EL PRODUCTO ROPA VIEJA AL ESTILO REVÉS EN LA BASE DE DATOS
INSERTADO EL PRODUCTO BIKINI PLANCHADO JAMON Y QUESO EN LA BASE DE DATOS
INSERTADO EL PRODUCTO CROISSANT EN LA BASE DE DATOS
INSERTADO EL PRODUCTO CROQUE MONSIEUR EN LA BASE DE DATOS
INSERTADO EL PRODUCTO HUEVOS BENEDICTINOS EN LA BASE DE DATOS
INSERTADO EL PRODUCTO NAPOLITANA DE CHOCOLATE EN LA BASE DE DATOS
INSERTADO EL PRODUCTO PULGITA DE JAMÓN IBÉRICO EN LA BASE DE DATOS
INSERTADO EL PRODUCTO ALDEA 8 BARRICAS EN LA BASE DE DATOS
INSERTADO EL PRODUCTO AMARETTO EN LA BASE DE DATOS
INSERTADO EL PRODUCTO APEROL EN LA BASE DE DATOS
INSERTADO EL PRODUCTO AREHUCAS BLANCO EN LA BASE DE DATOS
INSERTADO EL PRODUCTO AREHUCAS ORO EN LA BASE DE DATOS
INSERTADO EL PRODUCTO BAILEYS EN LA BASE DE DATOS
INSERTADO EL PRODUCTO BALLANTINES EN LA BASE DE DATOS
INSERTADO EL PRODUCTO BEEFEATER EN LA BASE DE DATOS
INSERTADO EL PRODUCTO BOMBAY SAPPHIRE EN LA BASE DE DATOS
INSERTADO EL PRODUCTO BROCKMANS EN LA BASE DE DATOS
INSERTADO EL PRODUCTO BRUGAL AÑEJO EN LA BASE DE DATOS
INSERTADO EL PRODUCTO CAMPARI EN LA BASE DE DATOS
INSERTADO EL PRODUCTO CHIVAS 12 EN LA BASE DE DATOS
INSERTADO EL PRODUCTO FRANGELICO EN LA BASE DE DATOS
INSERTADO EL PRODUCTO GIN MARE EN LA BASE DE DATOS
INSERTADO EL PRODUCTO GINEBRA EN LA BASE DE DATOS
INSERTADO EL PRODUCTO HENDRICKS EN LA BASE DE DATOS
INSERTADO EL PRODUCTO JACK DANIELS EN LA BASE DE DATOS
INSERTADO EL PRODUCTO JIM BEAM EN LA BASE DE DATOS
INSERTADO EL PRODUCTO JOHNNIE WALKER BLACK EN LA BASE DE DATOS
INSERTADO EL PRODUCTO JOHNNIE WALKER RED EN LA BASE DE DATOS
INSERTADO EL PRODUCTO JOSE CUERVO REPOSADO EN LA BASE DE DATOS
INSERTADO EL PRODUCTO JOSE CUERVO SILVER EN LA BASE DE DATOS
INSERTADO EL PRODUCTO LICOR DE HIERBAS EN LA BASE DE DATOS
INSERTADO EL PRODUCTO LICORES EN LA BASE DE DATOS
INSERTADO EL PRODUCTO LIMONCELLO EN LA BASE DE DATOS
INSERTADO EL PRODUCTO PACHARÁN EN LA BASE DE DATOS
INSERTADO EL PRODUCTO PUERTO DE INDIAS EN LA BASE DE DATOS
INSERTADO EL PRODUCTO ROKU EN LA BASE DE DATOS
INSERTADO EL PRODUCTO RON EN LA BASE DE DATOS
INSERTADO EL PRODUCTO RON MIEL EN LA BASE DE DATOS
INSERTADO EL PRODUCTO RON MIEL LICOR EN LA BASE DE DATOS
INSERTADO EL PRODUCTO RUSSIAN ORIGINAL EN LA BASE DE DATOS
INSERTADO EL PRODUCTO SEAGRAMS EN LA BASE DE DATOS
INSERTADO EL PRODUCTO TANQUERAY 0,0 EN LA BASE DE DATOS
INSERTADO EL PRODUCTO TEQUILA MEZCAL EN LA BASE DE DATOS
INSERTADO EL PRODUCTO VERMUT EN LA BASE DE DATOS
INSERTADO EL PRODUCTO VERMUT BLANCO EN LA BASE DE DATOS
INSERTADO EL PRODUCTO VERMUT TINTO EN LA BASE DE DATOS
INSERTADO EL PRODUCTO VODKA EN LA BASE DE DATOS
INSERTADO EL PRODUCTO WHISKY EN LA BASE DE DATOS
INSERTADO EL PRODUCTO ZACAPA 23 EN LA BASE DE DATOS
INSERTADO EL PRODUCTO AJO BLANCO EN LA BASE DE DATOS
INSERTADO EL PRODUCTO ALCACHOFA A LA BRASA EN LA BASE DE DATOS
INSERTADO EL PRODUCTO CROQUETAS AL ESTILO REVÉS EN LA BASE DE DATOS
INSERTADO EL PRODUCTO ENSALADA DE TOMATE EN LA BASE DE DATOS
INSERTADO EL PRODUCTO KATSU-SANDO PRESA IBÉRICA EN LA BASE DE DATOS
INSERTADO EL PRODUCTO SAMA EN LA BASE DE DATOS
INSERTADO EL PRODUCTO VIEJA EN LA BASE DE DATOS
INSERTADO EL PRODUCTO SOUFFLÉ DE CHOCOLATE EN LA BASE DE DATOS
INSERTADO EL PRODUCTO TARTA DE QUESO EN LA BASE DE DATOS
INSERTADO EL PRODUCTO TORRIJA EN LA BASE DE DATOS
INSERTADO EL PRODUCTO JENGIBRE CÚRCUMA EN LA BASE DE DATOS
INSERTADO EL PRODUCTO MANZANILLA EN LA BASE DE DATOS
INSERTADO EL PRODUCTO MENTA POLEO EN LA BASE DE DATOS
INSERTADO EL PRODUCTO TILA EN LA BASE DE DATOS
INSERTADO EL PRODUCTO TÉ NEGRO EN LA BASE DE DATOS
INSERTADO EL PRODUCTO TÉ VERDE EN LA BASE DE DATOS
INSERTADO EL PRODUCTO BHILAR, VIURA Y GARNACHA BLANCA EN LA BASE DE DATOS
INSERTADO EL PRODUCTO BOSQUE DE MATASNOS EN LA BASE DE DATOS
INSERTADO EL PRODUCTO CALSAC L'ECHAPEÉ BELLE, BLANC DE BLANCS EN LA BASE DE DATOS
INSERTADO EL PRODUCTO CM BY CARLOS MORO EN LA BASE DE DATOS
INSERTADO EL PRODUCTO CM PRESTIGIO BY CARLOS MORO EN LA BASE DE DATOS
INSERTADO EL PRODUCTO CONTINO, GARNACHA EN LA BASE DE DATOS
INSERTADO EL PRODUCTO COPA BLANCO EN LA BASE DE DATOS
INSERTADO EL PRODUCTO COPA BLANCO CANARIO EN LA BASE DE DATOS
INSERTADO EL PRODUCTO COPA ESPUMOSO EN LA BASE DE DATOS
INSERTADO EL PRODUCTO COPA ROSADO EN LA BASE DE DATOS
INSERTADO EL PRODUCTO COPA TINTO RIBERA EN LA BASE DE DATOS
INSERTADO EL PRODUCTO COPA TINTO RIOJA EN LA BASE DE DATOS
INSERTADO EL PRODUCTO IKEWEN, LISTÁN NEGRO EN LA BASE DE DATOS
INSERTADO EL PRODUCTO JUAN ESCUDERO, MARMAJUELO EN LA BASE DE DATOS
INSERTADO EL PRODUCTO LAVA LOMO LOS INGLESES EN LA BASE DE DATOS
INSERTADO EL PRODUCTO LAVA, LISTÁN NEGRO, VIJARIEGO, OTRAS EN LA BASE DE DATOS
INSERTADO EL PRODUCTO LOCARTAS, MARMAJUELO EN LA BASE DE DATOS
INSERTADO EL PRODUCTO LOS LOROS, ALBILLO CRIOLLO EN LA BASE DE DATOS
INSERTADO EL PRODUCTO LOURO, GODELLO EN LA BASE DE DATOS
INSERTADO EL PRODUCTO MAURICE CHOPPIN LES ARPENTS EN LA BASE DE DATOS
INSERTADO EL PRODUCTO MESTRES COQUET EN LA BASE DE DATOS
INSERTADO EL PRODUCTO MONOPOLE CLÁSICO, VIURA EN LA BASE DE DATOS
INSERTADO EL PRODUCTO PACO GARCÍA SEIS EN LA BASE DE DATOS
INSERTADO EL PRODUCTO PALO BLANCO, LISTÁN BLANCO EN LA BASE DE DATOS
INSERTADO EL PRODUCTO PARAJE PINO PALOIS, LISTÁN NEGRO EN LA BASE DE DATOS
INSERTADO EL PRODUCTO PESQUERA ORIGINAL EN LA BASE DE DATOS
INSERTADO EL PRODUCTO SEMELE, TINTA FINA, MERLOT EN LA BASE DE DATOS
INSERTADO EL PRODUCTO TAMERÁN, VIJARIEGO BLANCO EN LA BASE DE DATOS
INSERTADO EL PRODUCTO TRENZADO, LISTÁN BLANCO EN LA BASE DE DATOS
INSERTADO EL PRODUCTO VALOUTA, ALBARIÑO EN LA BASE DE DATOS
INSERTADO EL PRODUCTO VIÑA PEDROSA CEPA GAVILÁN EN LA BASE DE DATOS
INSERTADO EL PRODUCTO XIS, MALVASÍA FINA, GOUVEIO, RABIGATO, OTRAS EN LA BASE DE DATOS
INSERTADO EL FORMATO DE VENTA ALBONDIGAS CASERAS, CON ALBONDIGAS CASERAS COMO PRODUCTO PADRE, EN LA BASE DE DATOS
INSERTADO EL FORMATO DE VENTA ANCHOA SOBRE PAN BRIOCHE, CON ANCHOA SOBRE PAN BRIOCHE COMO PRODUCTO PADRE, EN LA BASE DE DATOS
INSERTADO EL FORMATO DE VENTA BOCATA DE PASTRAMI, CON BOCATA DE PASTRAMI COMO PRODUCTO PADRE, EN LA BASE DE DATOS
INSERTADO EL FORMATO DE VENTA CALAMARES EN SU TINTA, CON CALAMARES EN SU TINTA COMO PRODUCTO PADRE, EN LA BASE DE DATOS
INSERTADO EL FORMATO DE VENTA CROQUETAS, CON CROQUETAS COMO PRODUCTO PADRE, EN LA BASE DE DATOS
INSERTADO EL FORMATO DE VENTA ENSALADILLA AL ESTILO REVÉS, CON ENSALADILLA AL ESTILO REVÉS COMO PRODUCTO PADRE, EN LA BASE DE DATOS
INSERTADO EL FORMATO DE VENTA TABLA DE QUESOS, CON TABLA DE QUESOS COMO PRODUCTO PADRE, EN LA BASE DE DATOS
INSERTADO EL FORMATO DE VENTA TORTILLA DE PAPAS, CON TORTILLA DE PAPAS COMO PRODUCTO PADRE, EN LA BASE DE DATOS
INSERTADO EL FORMATO DE VENTA AGUA CON, CON AGUA CON COMO PRODUCTO PADRE, EN LA BASE DE DATOS
INSERTADO EL FORMATO DE VENTA AGUA SIN, CON AGUA SIN COMO PRODUCTO PADRE, EN LA BASE DE DATOS
INSERTADO EL FORMATO DE VENTA APPLETISER, CON APPLETISER COMO PRODUCTO PADRE, EN LA BASE DE DATOS
INSERTADO EL FORMATO DE VENTA AQUARIUS, CON AQUARIUS COMO PRODUCTO PADRE, EN LA BASE DE DATOS
INSERTADO EL FORMATO DE VENTA COCA COLA, CON COCA COLA COMO PRODUCTO PADRE, EN LA BASE DE DATOS
INSERTADO EL FORMATO DE VENTA COCA COLA ZERO, CON COCA COLA ZERO COMO PRODUCTO PADRE, EN LA BASE DE DATOS
INSERTADO EL FORMATO DE VENTA FANTA LIMÓN, CON FANTA LIMÓN COMO PRODUCTO PADRE, EN LA BASE DE DATOS
INSERTADO EL FORMATO DE VENTA FANTA NARANJA, CON FANTA NARANJA COMO PRODUCTO PADRE, EN LA BASE DE DATOS
INSERTADO EL FORMATO DE VENTA NESTEA, CON NESTEA COMO PRODUCTO PADRE, EN LA BASE DE DATOS
INSERTADO EL FORMATO DE VENTA POWERADE, CON POWERADE COMO PRODUCTO PADRE, EN LA BASE DE DATOS
INSERTADO EL FORMATO DE VENTA RED BULL, CON RED BULL COMO PRODUCTO PADRE, EN LA BASE DE DATOS
INSERTADO EL FORMATO DE VENTA SPRITE, CON SPRITE COMO PRODUCTO PADRE, EN LA BASE DE DATOS
INSERTADO EL FORMATO DE VENTA TÓNICA, CON TÓNICA COMO PRODUCTO PADRE, EN LA BASE DE DATOS
INSERTADO EL FORMATO DE VENTA ZUMO MELOCOTÓN, CON ZUMO MELOCOTÓN COMO PRODUCTO PADRE, EN LA BASE DE DATOS
INSERTADO EL FORMATO DE VENTA ZUMO NARANJA NATURAL, CON ZUMO NARANJA NATURAL COMO PRODUCTO PADRE, EN LA BASE DE DATOS
INSERTADO EL FORMATO DE VENTA ZUMO PIÑA, CON ZUMO PIÑA COMO PRODUCTO PADRE, EN LA BASE DE DATOS
INSERTADO EL FORMATO DE VENTA ZUMO TOMATE, CON ZUMO TOMATE COMO PRODUCTO PADRE, EN LA BASE DE DATOS
INSERTADO EL FORMATO DE VENTA AFFOGATO, CON AFFOGATO COMO PRODUCTO PADRE, EN LA BASE DE DATOS
INSERTADO EL FORMATO DE VENTA AMERICANO, CON AMERICANO COMO PRODUCTO PADRE, EN LA BASE DE DATOS
INSERTADO EL FORMATO DE VENTA CAFÉ CON LECHE, CON CAFÉ CON LECHE COMO PRODUCTO PADRE, EN LA BASE DE DATOS
INSERTADO EL FORMATO DE VENTA CARAJILLO, CON CARAJILLO COMO PRODUCTO PADRE, EN LA BASE DE DATOS
INSERTADO EL FORMATO DE VENTA CORTADO, CON CORTADO COMO PRODUCTO PADRE, EN LA BASE DE DATOS
INSERTADO EL FORMATO DE VENTA DESCAFEINADO, CON DESCAFEINADO COMO PRODUCTO PADRE, EN LA BASE DE DATOS
INSERTADO EL FORMATO DE VENTA DOBLE ESPRESSO, CON DOBLE ESPRESSO COMO PRODUCTO PADRE, EN LA BASE DE DATOS
INSERTADO EL FORMATO DE VENTA ESPRESSO, CON ESPRESSO COMO PRODUCTO PADRE, EN LA BASE DE DATOS
INSERTADO EL FORMATO DE VENTA ESPRESSO MACCHIATO, CON ESPRESSO MACCHIATO COMO PRODUCTO PADRE, EN LA BASE DE DATOS
INSERTADO EL FORMATO DE VENTA LATTE MACCHIATO, CON LATTE MACCHIATO COMO PRODUCTO PADRE, EN LA BASE DE DATOS
INSERTADO EL FORMATO DE VENTA CANELÓN DE CABRA, CON CANELÓN DE CABRA COMO PRODUCTO PADRE, EN LA BASE DE DATOS
INSERTADO EL FORMATO DE VENTA COCHINO NEGRO, CON COCHINO NEGRO COMO PRODUCTO PADRE, EN LA BASE DE DATOS
INSERTADO EL FORMATO DE VENTA 0,0 TOSTADA, CON 0,0 TOSTADA COMO PRODUCTO PADRE, EN LA BASE DE DATOS
INSERTADO EL FORMATO DE VENTA BECK´S, CON BECK´S COMO PRODUCTO PADRE, EN LA BASE DE DATOS
INSERTADO EL FORMATO DE VENTA CERVEZA BARRIL, CON CERVEZA BARRIL COMO PRODUCTO PADRE, EN LA BASE DE DATOS
INSERTADO EL FORMATO DE VENTA CAÑA CERVEZA BARRIL, CON CERVEZA BARRIL COMO PRODUCTO PADRE, EN LA BASE DE DATOS
INSERTADO EL FORMATO DE VENTA JARRA CERVEZA BARRIL, CON CERVEZA BARRIL COMO PRODUCTO PADRE, EN LA BASE DE DATOS
INSERTADO EL FORMATO DE VENTA CORONA, CON CORONA COMO PRODUCTO PADRE, EN LA BASE DE DATOS
INSERTADO EL FORMATO DE VENTA DORADA SIN GLUTEN, CON DORADA SIN GLUTEN COMO PRODUCTO PADRE, EN LA BASE DE DATOS
INSERTADO EL FORMATO DE VENTA FRANZISKANER, CON FRANZISKANER COMO PRODUCTO PADRE, EN LA BASE DE DATOS
INSERTADO EL FORMATO DE VENTA KOPPARBERG, CON KOPPARBERG COMO PRODUCTO PADRE, EN LA BASE DE DATOS
INSERTADO EL FORMATO DE VENTA LEFFE, CON LEFFE COMO PRODUCTO PADRE, EN LA BASE DE DATOS
INSERTADO EL FORMATO DE VENTA STELLA ARTOIS, CON STELLA ARTOIS COMO PRODUCTO PADRE, EN LA BASE DE DATOS
INSERTADO EL FORMATO DE VENTA ARROZ DE GAMBA Y CALAMAR, CON ARROZ DE GAMBA Y CALAMAR COMO PRODUCTO PADRE, EN LA BASE DE DATOS
INSERTADO EL FORMATO DE VENTA ROPA VIEJA AL ESTILO REVÉS, CON ROPA VIEJA AL ESTILO REVÉS COMO PRODUCTO PADRE, EN LA BASE DE DATOS
INSERTADO EL FORMATO DE VENTA BIKINI PLANCHADO JAMON Y QUESO, CON BIKINI PLANCHADO JAMON Y QUESO COMO PRODUCTO PADRE, EN LA BASE DE DATOS
INSERTADO EL FORMATO DE VENTA CROISSANT, CON CROISSANT COMO PRODUCTO PADRE, EN LA BASE DE DATOS
INSERTADO EL FORMATO DE VENTA CROQUE MONSIEUR, CON CROQUE MONSIEUR COMO PRODUCTO PADRE, EN LA BASE DE DATOS
INSERTADO EL FORMATO DE VENTA HUEVOS BENEDICTINOS, CON HUEVOS BENEDICTINOS COMO PRODUCTO PADRE, EN LA BASE DE DATOS
INSERTADO EL FORMATO DE VENTA NAPOLITANA DE CHOCOLATE, CON NAPOLITANA DE CHOCOLATE COMO PRODUCTO PADRE, EN LA BASE DE DATOS
INSERTADO EL FORMATO DE VENTA PULGITA DE JAMÓN IBÉRICO, CON PULGITA DE JAMÓN IBÉRICO COMO PRODUCTO PADRE, EN LA BASE DE DATOS
INSERTADO EL FORMATO DE VENTA ALDEA 8 BARRICAS, CON ALDEA 8 BARRICAS COMO PRODUCTO PADRE, EN LA BASE DE DATOS
INSERTADO EL FORMATO DE VENTA AMARETTO, CON AMARETTO COMO PRODUCTO PADRE, EN LA BASE DE DATOS
INSERTADO EL FORMATO DE VENTA APEROL, CON APEROL COMO PRODUCTO PADRE, EN LA BASE DE DATOS
INSERTADO EL FORMATO DE VENTA AREHUCAS BLANCO, CON AREHUCAS BLANCO COMO PRODUCTO PADRE, EN LA BASE DE DATOS
INSERTADO EL FORMATO DE VENTA AREHUCAS ORO, CON AREHUCAS ORO COMO PRODUCTO PADRE, EN LA BASE DE DATOS
INSERTADO EL FORMATO DE VENTA BAILEYS, CON BAILEYS COMO PRODUCTO PADRE, EN LA BASE DE DATOS
INSERTADO EL FORMATO DE VENTA BALLANTINES, CON BALLANTINES COMO PRODUCTO PADRE, EN LA BASE DE DATOS
INSERTADO EL FORMATO DE VENTA BEEFEATER, CON BEEFEATER COMO PRODUCTO PADRE, EN LA BASE DE DATOS
INSERTADO EL FORMATO DE VENTA BOMBAY SAPPHIRE, CON BOMBAY SAPPHIRE COMO PRODUCTO PADRE, EN LA BASE DE DATOS
INSERTADO EL FORMATO DE VENTA BROCKMANS, CON BROCKMANS COMO PRODUCTO PADRE, EN LA BASE DE DATOS
INSERTADO EL FORMATO DE VENTA BRUGAL AÑEJO, CON BRUGAL AÑEJO COMO PRODUCTO PADRE, EN LA BASE DE DATOS
INSERTADO EL FORMATO DE VENTA CAMPARI, CON CAMPARI COMO PRODUCTO PADRE, EN LA BASE DE DATOS
INSERTADO EL FORMATO DE VENTA CHIVAS 12, CON CHIVAS 12 COMO PRODUCTO PADRE, EN LA BASE DE DATOS
INSERTADO EL FORMATO DE VENTA FRANGELICO, CON FRANGELICO COMO PRODUCTO PADRE, EN LA BASE DE DATOS
INSERTADO EL FORMATO DE VENTA GIN MARE, CON GIN MARE COMO PRODUCTO PADRE, EN LA BASE DE DATOS
INSERTADO EL FORMATO DE VENTA GINEBRA, CON GINEBRA COMO PRODUCTO PADRE, EN LA BASE DE DATOS
INSERTADO EL FORMATO DE VENTA HENDRICKS, CON HENDRICKS COMO PRODUCTO PADRE, EN LA BASE DE DATOS
INSERTADO EL FORMATO DE VENTA JACK DANIELS, CON JACK DANIELS COMO PRODUCTO PADRE, EN LA BASE DE DATOS
INSERTADO EL FORMATO DE VENTA JIM BEAM, CON JIM BEAM COMO PRODUCTO PADRE, EN LA BASE DE DATOS
INSERTADO EL FORMATO DE VENTA JOHNNIE WALKER BLACK, CON JOHNNIE WALKER BLACK COMO PRODUCTO PADRE, EN LA BASE DE DATOS
INSERTADO EL FORMATO DE VENTA JOHNNIE WALKER RED, CON JOHNNIE WALKER RED COMO PRODUCTO PADRE, EN LA BASE DE DATOS
INSERTADO EL FORMATO DE VENTA JOSE CUERVO REPOSADO, CON JOSE CUERVO REPOSADO COMO PRODUCTO PADRE, EN LA BASE DE DATOS
INSERTADO EL FORMATO DE VENTA JOSE CUERVO SILVER, CON JOSE CUERVO SILVER COMO PRODUCTO PADRE, EN LA BASE DE DATOS
INSERTADO EL FORMATO DE VENTA LICOR DE HIERBAS, CON LICOR DE HIERBAS COMO PRODUCTO PADRE, EN LA BASE DE DATOS
INSERTADO EL FORMATO DE VENTA LICORES, CON LICORES COMO PRODUCTO PADRE, EN LA BASE DE DATOS
INSERTADO EL FORMATO DE VENTA LIMONCELLO, CON LIMONCELLO COMO PRODUCTO PADRE, EN LA BASE DE DATOS
INSERTADO EL FORMATO DE VENTA PACHARÁN, CON PACHARÁN COMO PRODUCTO PADRE, EN LA BASE DE DATOS
INSERTADO EL FORMATO DE VENTA PUERTO DE INDIAS, CON PUERTO DE INDIAS COMO PRODUCTO PADRE, EN LA BASE DE DATOS
INSERTADO EL FORMATO DE VENTA ROKU, CON ROKU COMO PRODUCTO PADRE, EN LA BASE DE DATOS
INSERTADO EL FORMATO DE VENTA RON, CON RON COMO PRODUCTO PADRE, EN LA BASE DE DATOS
INSERTADO EL FORMATO DE VENTA RON MIEL, CON RON MIEL COMO PRODUCTO PADRE, EN LA BASE DE DATOS
INSERTADO EL FORMATO DE VENTA RON MIEL LICOR, CON RON MIEL LICOR COMO PRODUCTO PADRE, EN LA BASE DE DATOS
INSERTADO EL FORMATO DE VENTA RUSSIAN ORIGINAL, CON RUSSIAN ORIGINAL COMO PRODUCTO PADRE, EN LA BASE DE DATOS
INSERTADO EL FORMATO DE VENTA SEAGRAMS, CON SEAGRAMS COMO PRODUCTO PADRE, EN LA BASE DE DATOS
INSERTADO EL FORMATO DE VENTA TANQUERAY 0,0, CON TANQUERAY 0,0 COMO PRODUCTO PADRE, EN LA BASE DE DATOS
INSERTADO EL FORMATO DE VENTA TEQUILA MEZCAL, CON TEQUILA MEZCAL COMO PRODUCTO PADRE, EN LA BASE DE DATOS
INSERTADO EL FORMATO DE VENTA VERMUT, CON VERMUT COMO PRODUCTO PADRE, EN LA BASE DE DATOS
INSERTADO EL FORMATO DE VENTA VERMUT BLANCO, CON VERMUT BLANCO COMO PRODUCTO PADRE, EN LA BASE DE DATOS
INSERTADO EL FORMATO DE VENTA VERMUT TINTO, CON VERMUT TINTO COMO PRODUCTO PADRE, EN LA BASE DE DATOS
INSERTADO EL FORMATO DE VENTA VODKA, CON VODKA COMO PRODUCTO PADRE, EN LA BASE DE DATOS
INSERTADO EL FORMATO DE VENTA WHISKY, CON WHISKY COMO PRODUCTO PADRE, EN LA BASE DE DATOS
INSERTADO EL FORMATO DE VENTA ZACAPA 23, CON ZACAPA 23 COMO PRODUCTO PADRE, EN LA BASE DE DATOS
INSERTADO EL FORMATO DE VENTA AJO BLANCO, CON AJO BLANCO COMO PRODUCTO PADRE, EN LA BASE DE DATOS
INSERTADO EL FORMATO DE VENTA ALCACHOFA A LA BRASA, CON ALCACHOFA A LA BRASA COMO PRODUCTO PADRE, EN LA BASE DE DATOS
INSERTADO EL FORMATO DE VENTA CROQUETAS AL ESTILO REVÉS, CON CROQUETAS AL ESTILO REVÉS COMO PRODUCTO PADRE, EN LA BASE DE DATOS
INSERTADO EL FORMATO DE VENTA ENSALADA DE TOMATE, CON ENSALADA DE TOMATE COMO PRODUCTO PADRE, EN LA BASE DE DATOS
INSERTADO EL FORMATO DE VENTA KATSU-SANDO PRESA IBÉRICA, CON KATSU-SANDO PRESA IBÉRICA COMO PRODUCTO PADRE, EN LA BASE DE DATOS
INSERTADO EL FORMATO DE VENTA SAMA, CON SAMA COMO PRODUCTO PADRE, EN LA BASE DE DATOS
INSERTADO EL FORMATO DE VENTA VIEJA, CON VIEJA COMO PRODUCTO PADRE, EN LA BASE DE DATOS
INSERTADO EL FORMATO DE VENTA SOUFFLÉ DE CHOCOLATE, CON SOUFFLÉ DE CHOCOLATE COMO PRODUCTO PADRE, EN LA BASE DE DATOS
INSERTADO EL FORMATO DE VENTA TARTA DE QUESO, CON TARTA DE QUESO COMO PRODUCTO PADRE, EN LA BASE DE DATOS
INSERTADO EL FORMATO DE VENTA TORRIJA, CON TORRIJA COMO PRODUCTO PADRE, EN LA BASE DE DATOS
INSERTADO EL FORMATO DE VENTA JENGIBRE CÚRCUMA, CON JENGIBRE CÚRCUMA COMO PRODUCTO PADRE, EN LA BASE DE DATOS
INSERTADO EL FORMATO DE VENTA MANZANILLA, CON MANZANILLA COMO PRODUCTO PADRE, EN LA BASE DE DATOS
INSERTADO EL FORMATO DE VENTA MENTA POLEO, CON MENTA POLEO COMO PRODUCTO PADRE, EN LA BASE DE DATOS
INSERTADO EL FORMATO DE VENTA TILA, CON TILA COMO PRODUCTO PADRE, EN LA BASE DE DATOS
INSERTADO EL FORMATO DE VENTA TÉ NEGRO, CON TÉ NEGRO COMO PRODUCTO PADRE, EN LA BASE DE DATOS
INSERTADO EL FORMATO DE VENTA TÉ VERDE, CON TÉ VERDE COMO PRODUCTO PADRE, EN LA BASE DE DATOS
INSERTADO EL FORMATO DE VENTA BHILAR, VIURA Y GARNACHA BLANCA, CON BHILAR, VIURA Y GARNACHA BLANCA COMO PRODUCTO PADRE, EN LA BASE DE DATOS
INSERTADO EL FORMATO DE VENTA BOSQUE DE MATASNOS, CON BOSQUE DE MATASNOS COMO PRODUCTO PADRE, EN LA BASE DE DATOS
INSERTADO EL FORMATO DE VENTA CALSAC L'ECHAPEÉ BELLE, BLANC DE BLANCS, CON CALSAC L'ECHAPEÉ BELLE, BLANC DE BLANCS COMO PRODUCTO PADRE, EN LA BASE DE DATOS
INSERTADO EL FORMATO DE VENTA CM BY CARLOS MORO, CON CM BY CARLOS MORO COMO PRODUCTO PADRE, EN LA BASE DE DATOS
INSERTADO EL FORMATO DE VENTA CM PRESTIGIO BY CARLOS MORO, CON CM PRESTIGIO BY CARLOS MORO COMO PRODUCTO PADRE, EN LA BASE DE DATOS
INSERTADO EL FORMATO DE VENTA CONTINO, GARNACHA, CON CONTINO, GARNACHA COMO PRODUCTO PADRE, EN LA BASE DE DATOS
INSERTADO EL FORMATO DE VENTA COPA BLANCO, CON COPA BLANCO COMO PRODUCTO PADRE, EN LA BASE DE DATOS
INSERTADO EL FORMATO DE VENTA COPA BLANCO CANARIO, CON COPA BLANCO CANARIO COMO PRODUCTO PADRE, EN LA BASE DE DATOS
INSERTADO EL FORMATO DE VENTA COPA ESPUMOSO, CON COPA ESPUMOSO COMO PRODUCTO PADRE, EN LA BASE DE DATOS
INSERTADO EL FORMATO DE VENTA COPA ROSADO, CON COPA ROSADO COMO PRODUCTO PADRE, EN LA BASE DE DATOS
INSERTADO EL FORMATO DE VENTA COPA TINTO RIBERA, CON COPA TINTO RIBERA COMO PRODUCTO PADRE, EN LA BASE DE DATOS
INSERTADO EL FORMATO DE VENTA COPA TINTO RIOJA, CON COPA TINTO RIOJA COMO PRODUCTO PADRE, EN LA BASE DE DATOS
INSERTADO EL FORMATO DE VENTA IKEWEN, LISTÁN NEGRO, CON IKEWEN, LISTÁN NEGRO COMO PRODUCTO PADRE, EN LA BASE DE DATOS
INSERTADO EL FORMATO DE VENTA JUAN ESCUDERO, MARMAJUELO, CON JUAN ESCUDERO, MARMAJUELO COMO PRODUCTO PADRE, EN LA BASE DE DATOS
INSERTADO EL FORMATO DE VENTA LAVA LOMO LOS INGLESES, CON LAVA LOMO LOS INGLESES COMO PRODUCTO PADRE, EN LA BASE DE DATOS
INSERTADO EL FORMATO DE VENTA LAVA, LISTÁN NEGRO, VIJARIEGO, OTRAS, CON LAVA, LISTÁN NEGRO, VIJARIEGO, OTRAS COMO PRODUCTO PADRE, EN LA BASE DE DATOS
INSERTADO EL FORMATO DE VENTA LOCARTAS, MARMAJUELO, CON LOCARTAS, MARMAJUELO COMO PRODUCTO PADRE, EN LA BASE DE DATOS
INSERTADO EL FORMATO DE VENTA LOS LOROS, ALBILLO CRIOLLO, CON LOS LOROS, ALBILLO CRIOLLO COMO PRODUCTO PADRE, EN LA BASE DE DATOS
INSERTADO EL FORMATO DE VENTA LOURO, GODELLO, CON LOURO, GODELLO COMO PRODUCTO PADRE, EN LA BASE DE DATOS
INSERTADO EL FORMATO DE VENTA MAURICE CHOPPIN LES ARPENTS, CON MAURICE CHOPPIN LES ARPENTS COMO PRODUCTO PADRE, EN LA BASE DE DATOS
INSERTADO EL FORMATO DE VENTA MESTRES COQUET, CON MESTRES COQUET COMO PRODUCTO PADRE, EN LA BASE DE DATOS
INSERTADO EL FORMATO DE VENTA MONOPOLE CLÁSICO, VIURA, CON MONOPOLE CLÁSICO, VIURA COMO PRODUCTO PADRE, EN LA BASE DE DATOS
INSERTADO EL FORMATO DE VENTA PACO GARCÍA SEIS, CON PACO GARCÍA SEIS COMO PRODUCTO PADRE, EN LA BASE DE DATOS
INSERTADO EL FORMATO DE VENTA PALO BLANCO, LISTÁN BLANCO, CON PALO BLANCO, LISTÁN BLANCO COMO PRODUCTO PADRE, EN LA BASE DE DATOS
INSERTADO EL FORMATO DE VENTA PARAJE PINO PALOIS, LISTÁN NEGRO, CON PARAJE PINO PALOIS, LISTÁN NEGRO COMO PRODUCTO PADRE, EN LA BASE DE DATOS
INSERTADO EL FORMATO DE VENTA PESQUERA ORIGINAL, CON PESQUERA ORIGINAL COMO PRODUCTO PADRE, EN LA BASE DE DATOS
INSERTADO EL FORMATO DE VENTA SEMELE, TINTA FINA, MERLOT, CON SEMELE, TINTA FINA, MERLOT COMO PRODUCTO PADRE, EN LA BASE DE DATOS
INSERTADO EL FORMATO DE VENTA TAMERÁN, VIJARIEGO BLANCO, CON TAMERÁN, VIJARIEGO BLANCO COMO PRODUCTO PADRE, EN LA BASE DE DATOS
INSERTADO EL FORMATO DE VENTA TRENZADO, LISTÁN BLANCO, CON TRENZADO, LISTÁN BLANCO COMO PRODUCTO PADRE, EN LA BASE DE DATOS
INSERTADO EL FORMATO DE VENTA VALOUTA, ALBARIÑO, CON VALOUTA, ALBARIÑO COMO PRODUCTO PADRE, EN LA BASE DE DATOS
INSERTADO EL FORMATO DE VENTA VIÑA PEDROSA CEPA GAVILÁN, CON VIÑA PEDROSA CEPA GAVILÁN COMO PRODUCTO PADRE, EN LA BASE DE DATOS
INSERTADO EL FORMATO DE VENTA XIS, MALVASÍA FINA, GOUVEIO, RABIGATO, OTRAS, CON XIS, MALVASÍA FINA, GOUVEIO, RABIGATO, OTRAS COMO PRODUCTO PADRE, EN LA BASE DE DATOS
ASIGNADO EL PRODUCTO COCA COLA COMO AÑADIDO DEL PRODUCTO RON MIEL EN LA BASE DE DATOS
ASIGNADO EL PRODUCTO COCA COLA ZERO COMO AÑADIDO DEL PRODUCTO RON MIEL EN LA BASE DE DATOS
ASIGNADO EL PRODUCTO SPRITE COMO AÑADIDO DEL PRODUCTO RON MIEL EN LA BASE DE DATOS
ASIGNADO EL PRODUCTO FANTA NARANJA COMO AÑADIDO DEL PRODUCTO RON MIEL EN LA BASE DE DATOS
ASIGNADO EL PRODUCTO FANTA LIMÓN COMO AÑADIDO DEL PRODUCTO RON MIEL EN LA BASE DE DATOS
ASIGNADO EL PRODUCTO RED BULL COMO AÑADIDO DEL PRODUCTO RON MIEL EN LA BASE DE DATOS
ASIGNADO EL PRODUCTO APPLETISER COMO AÑADIDO DEL PRODUCTO RON MIEL EN LA BASE DE DATOS
ASIGNADO EL PRODUCTO AQUARIUS COMO AÑADIDO DEL PRODUCTO RON MIEL EN LA BASE DE DATOS
ASIGNADO EL PRODUCTO NESTEA COMO AÑADIDO DEL PRODUCTO RON MIEL EN LA BASE DE DATOS
ASIGNADO EL PRODUCTO TÓNICA COMO AÑADIDO DEL PRODUCTO RON MIEL EN LA BASE DE DATOS
ASIGNADO EL PRODUCTO POWERADE COMO AÑADIDO DEL PRODUCTO RON MIEL EN LA BASE DE DATOS
ASIGNADO EL PRODUCTO COCA COLA COMO AÑADIDO DEL PRODUCTO AREHUCAS ORO EN LA BASE DE DATOS
ASIGNADO EL PRODUCTO COCA COLA ZERO COMO AÑADIDO DEL PRODUCTO AREHUCAS ORO EN LA BASE DE DATOS
ASIGNADO EL PRODUCTO SPRITE COMO AÑADIDO DEL PRODUCTO AREHUCAS ORO EN LA BASE DE DATOS
ASIGNADO EL PRODUCTO FANTA NARANJA COMO AÑADIDO DEL PRODUCTO AREHUCAS ORO EN LA BASE DE DATOS
ASIGNADO EL PRODUCTO FANTA LIMÓN COMO AÑADIDO DEL PRODUCTO AREHUCAS ORO EN LA BASE DE DATOS
ASIGNADO EL PRODUCTO RED BULL COMO AÑADIDO DEL PRODUCTO AREHUCAS ORO EN LA BASE DE DATOS
ASIGNADO EL PRODUCTO APPLETISER COMO AÑADIDO DEL PRODUCTO AREHUCAS ORO EN LA BASE DE DATOS
ASIGNADO EL PRODUCTO AQUARIUS COMO AÑADIDO DEL PRODUCTO AREHUCAS ORO EN LA BASE DE DATOS
ASIGNADO EL PRODUCTO NESTEA COMO AÑADIDO DEL PRODUCTO AREHUCAS ORO EN LA BASE DE DATOS
ASIGNADO EL PRODUCTO TÓNICA COMO AÑADIDO DEL PRODUCTO AREHUCAS ORO EN LA BASE DE DATOS
ASIGNADO EL PRODUCTO POWERADE COMO AÑADIDO DEL PRODUCTO AREHUCAS ORO EN LA BASE DE DATOS
ASIGNADO EL PRODUCTO COCA COLA COMO AÑADIDO DEL PRODUCTO AREHUCAS BLANCO EN LA BASE DE DATOS
ASIGNADO EL PRODUCTO COCA COLA ZERO COMO AÑADIDO DEL PRODUCTO AREHUCAS BLANCO EN LA BASE DE DATOS
ASIGNADO EL PRODUCTO SPRITE COMO AÑADIDO DEL PRODUCTO AREHUCAS BLANCO EN LA BASE DE DATOS
ASIGNADO EL PRODUCTO FANTA NARANJA COMO AÑADIDO DEL PRODUCTO AREHUCAS BLANCO EN LA BASE DE DATOS
ASIGNADO EL PRODUCTO FANTA LIMÓN COMO AÑADIDO DEL PRODUCTO AREHUCAS BLANCO EN LA BASE DE DATOS
ASIGNADO EL PRODUCTO RED BULL COMO AÑADIDO DEL PRODUCTO AREHUCAS BLANCO EN LA BASE DE DATOS
ASIGNADO EL PRODUCTO APPLETISER COMO AÑADIDO DEL PRODUCTO AREHUCAS BLANCO EN LA BASE DE DATOS
ASIGNADO EL PRODUCTO AQUARIUS COMO AÑADIDO DEL PRODUCTO AREHUCAS BLANCO EN LA BASE DE DATOS
ASIGNADO EL PRODUCTO NESTEA COMO AÑADIDO DEL PRODUCTO AREHUCAS BLANCO EN LA BASE DE DATOS
ASIGNADO EL PRODUCTO TÓNICA COMO AÑADIDO DEL PRODUCTO AREHUCAS BLANCO EN LA BASE DE DATOS
ASIGNADO EL PRODUCTO POWERADE COMO AÑADIDO DEL PRODUCTO AREHUCAS BLANCO EN LA BASE DE DATOS
ASIGNADO EL PRODUCTO COCA COLA COMO AÑADIDO DEL PRODUCTO ALDEA 8 BARRICAS EN LA BASE DE DATOS
ASIGNADO EL PRODUCTO COCA COLA ZERO COMO AÑADIDO DEL PRODUCTO ALDEA 8 BARRICAS EN LA BASE DE DATOS
ASIGNADO EL PRODUCTO SPRITE COMO AÑADIDO DEL PRODUCTO ALDEA 8 BARRICAS EN LA BASE DE DATOS
ASIGNADO EL PRODUCTO FANTA NARANJA COMO AÑADIDO DEL PRODUCTO ALDEA 8 BARRICAS EN LA BASE DE DATOS
ASIGNADO EL PRODUCTO FANTA LIMÓN COMO AÑADIDO DEL PRODUCTO ALDEA 8 BARRICAS EN LA BASE DE DATOS
ASIGNADO EL PRODUCTO RED BULL COMO AÑADIDO DEL PRODUCTO ALDEA 8 BARRICAS EN LA BASE DE DATOS
ASIGNADO EL PRODUCTO APPLETISER COMO AÑADIDO DEL PRODUCTO ALDEA 8 BARRICAS EN LA BASE DE DATOS
ASIGNADO EL PRODUCTO AQUARIUS COMO AÑADIDO DEL PRODUCTO ALDEA 8 BARRICAS EN LA BASE DE DATOS
ASIGNADO EL PRODUCTO NESTEA COMO AÑADIDO DEL PRODUCTO ALDEA 8 BARRICAS EN LA BASE DE DATOS
ASIGNADO EL PRODUCTO TÓNICA COMO AÑADIDO DEL PRODUCTO ALDEA 8 BARRICAS EN LA BASE DE DATOS
ASIGNADO EL PRODUCTO POWERADE COMO AÑADIDO DEL PRODUCTO ALDEA 8 BARRICAS EN LA BASE DE DATOS
ASIGNADO EL PRODUCTO COCA COLA COMO AÑADIDO DEL PRODUCTO BRUGAL AÑEJO EN LA BASE DE DATOS
ASIGNADO EL PRODUCTO COCA COLA ZERO COMO AÑADIDO DEL PRODUCTO BRUGAL AÑEJO EN LA BASE DE DATOS
ASIGNADO EL PRODUCTO SPRITE COMO AÑADIDO DEL PRODUCTO BRUGAL AÑEJO EN LA BASE DE DATOS
ASIGNADO EL PRODUCTO FANTA NARANJA COMO AÑADIDO DEL PRODUCTO BRUGAL AÑEJO EN LA BASE DE DATOS
ASIGNADO EL PRODUCTO FANTA LIMÓN COMO AÑADIDO DEL PRODUCTO BRUGAL AÑEJO EN LA BASE DE DATOS
ASIGNADO EL PRODUCTO RED BULL COMO AÑADIDO DEL PRODUCTO BRUGAL AÑEJO EN LA BASE DE DATOS
ASIGNADO EL PRODUCTO APPLETISER COMO AÑADIDO DEL PRODUCTO BRUGAL AÑEJO EN LA BASE DE DATOS
ASIGNADO EL PRODUCTO AQUARIUS COMO AÑADIDO DEL PRODUCTO BRUGAL AÑEJO EN LA BASE DE DATOS
ASIGNADO EL PRODUCTO NESTEA COMO AÑADIDO DEL PRODUCTO BRUGAL AÑEJO EN LA BASE DE DATOS
ASIGNADO EL PRODUCTO TÓNICA COMO AÑADIDO DEL PRODUCTO BRUGAL AÑEJO EN LA BASE DE DATOS
ASIGNADO EL PRODUCTO POWERADE COMO AÑADIDO DEL PRODUCTO BRUGAL AÑEJO EN LA BASE DE DATOS
ASIGNADO EL PRODUCTO COCA COLA COMO AÑADIDO DEL PRODUCTO ZACAPA 23 EN LA BASE DE DATOS
ASIGNADO EL PRODUCTO COCA COLA ZERO COMO AÑADIDO DEL PRODUCTO ZACAPA 23 EN LA BASE DE DATOS
ASIGNADO EL PRODUCTO SPRITE COMO AÑADIDO DEL PRODUCTO ZACAPA 23 EN LA BASE DE DATOS
ASIGNADO EL PRODUCTO FANTA NARANJA COMO AÑADIDO DEL PRODUCTO ZACAPA 23 EN LA BASE DE DATOS
ASIGNADO EL PRODUCTO FANTA LIMÓN COMO AÑADIDO DEL PRODUCTO ZACAPA 23 EN LA BASE DE DATOS
ASIGNADO EL PRODUCTO RED BULL COMO AÑADIDO DEL PRODUCTO ZACAPA 23 EN LA BASE DE DATOS
ASIGNADO EL PRODUCTO APPLETISER COMO AÑADIDO DEL PRODUCTO ZACAPA 23 EN LA BASE DE DATOS
ASIGNADO EL PRODUCTO AQUARIUS COMO AÑADIDO DEL PRODUCTO ZACAPA 23 EN LA BASE DE DATOS
ASIGNADO EL PRODUCTO NESTEA COMO AÑADIDO DEL PRODUCTO ZACAPA 23 EN LA BASE DE DATOS
ASIGNADO EL PRODUCTO TÓNICA COMO AÑADIDO DEL PRODUCTO ZACAPA 23 EN LA BASE DE DATOS
ASIGNADO EL PRODUCTO POWERADE COMO AÑADIDO DEL PRODUCTO ZACAPA 23 EN LA BASE DE DATOS
ASIGNADO EL PRODUCTO COCA COLA COMO AÑADIDO DEL PRODUCTO RUSSIAN ORIGINAL EN LA BASE DE DATOS
ASIGNADO EL PRODUCTO COCA COLA ZERO COMO AÑADIDO DEL PRODUCTO RUSSIAN ORIGINAL EN LA BASE DE DATOS
ASIGNADO EL PRODUCTO SPRITE COMO AÑADIDO DEL PRODUCTO RUSSIAN ORIGINAL EN LA BASE DE DATOS
ASIGNADO EL PRODUCTO FANTA NARANJA COMO AÑADIDO DEL PRODUCTO RUSSIAN ORIGINAL EN LA BASE DE DATOS
ASIGNADO EL PRODUCTO FANTA LIMÓN COMO AÑADIDO DEL PRODUCTO RUSSIAN ORIGINAL EN LA BASE DE DATOS
ASIGNADO EL PRODUCTO RED BULL COMO AÑADIDO DEL PRODUCTO RUSSIAN ORIGINAL EN LA BASE DE DATOS
ASIGNADO EL PRODUCTO APPLETISER COMO AÑADIDO DEL PRODUCTO RUSSIAN ORIGINAL EN LA BASE DE DATOS
ASIGNADO EL PRODUCTO AQUARIUS COMO AÑADIDO DEL PRODUCTO RUSSIAN ORIGINAL EN LA BASE DE DATOS
ASIGNADO EL PRODUCTO NESTEA COMO AÑADIDO DEL PRODUCTO RUSSIAN ORIGINAL EN LA BASE DE DATOS
ASIGNADO EL PRODUCTO TÓNICA COMO AÑADIDO DEL PRODUCTO RUSSIAN ORIGINAL EN LA BASE DE DATOS
ASIGNADO EL PRODUCTO POWERADE COMO AÑADIDO DEL PRODUCTO RUSSIAN ORIGINAL EN LA BASE DE DATOS
ASIGNADO EL PRODUCTO COCA COLA COMO AÑADIDO DEL PRODUCTO BEEFEATER EN LA BASE DE DATOS
ASIGNADO EL PRODUCTO COCA COLA ZERO COMO AÑADIDO DEL PRODUCTO BEEFEATER EN LA BASE DE DATOS
ASIGNADO EL PRODUCTO SPRITE COMO AÑADIDO DEL PRODUCTO BEEFEATER EN LA BASE DE DATOS
ASIGNADO EL PRODUCTO FANTA NARANJA COMO AÑADIDO DEL PRODUCTO BEEFEATER EN LA BASE DE DATOS
ASIGNADO EL PRODUCTO FANTA LIMÓN COMO AÑADIDO DEL PRODUCTO BEEFEATER EN LA BASE DE DATOS
ASIGNADO EL PRODUCTO RED BULL COMO AÑADIDO DEL PRODUCTO BEEFEATER EN LA BASE DE DATOS
ASIGNADO EL PRODUCTO APPLETISER COMO AÑADIDO DEL PRODUCTO BEEFEATER EN LA BASE DE DATOS
ASIGNADO EL PRODUCTO AQUARIUS COMO AÑADIDO DEL PRODUCTO BEEFEATER EN LA BASE DE DATOS
ASIGNADO EL PRODUCTO NESTEA COMO AÑADIDO DEL PRODUCTO BEEFEATER EN LA BASE DE DATOS
ASIGNADO EL PRODUCTO TÓNICA COMO AÑADIDO DEL PRODUCTO BEEFEATER EN LA BASE DE DATOS
ASIGNADO EL PRODUCTO POWERADE COMO AÑADIDO DEL PRODUCTO BEEFEATER EN LA BASE DE DATOS
ASIGNADO EL PRODUCTO COCA COLA COMO AÑADIDO DEL PRODUCTO PUERTO DE INDIAS EN LA BASE DE DATOS
ASIGNADO EL PRODUCTO COCA COLA ZERO COMO AÑADIDO DEL PRODUCTO PUERTO DE INDIAS EN LA BASE DE DATOS
ASIGNADO EL PRODUCTO SPRITE COMO AÑADIDO DEL PRODUCTO PUERTO DE INDIAS EN LA BASE DE DATOS
ASIGNADO EL PRODUCTO FANTA NARANJA COMO AÑADIDO DEL PRODUCTO PUERTO DE INDIAS EN LA BASE DE DATOS
ASIGNADO EL PRODUCTO FANTA LIMÓN COMO AÑADIDO DEL PRODUCTO PUERTO DE INDIAS EN LA BASE DE DATOS
ASIGNADO EL PRODUCTO RED BULL COMO AÑADIDO DEL PRODUCTO PUERTO DE INDIAS EN LA BASE DE DATOS
ASIGNADO EL PRODUCTO APPLETISER COMO AÑADIDO DEL PRODUCTO PUERTO DE INDIAS EN LA BASE DE DATOS
ASIGNADO EL PRODUCTO AQUARIUS COMO AÑADIDO DEL PRODUCTO PUERTO DE INDIAS EN LA BASE DE DATOS
ASIGNADO EL PRODUCTO NESTEA COMO AÑADIDO DEL PRODUCTO PUERTO DE INDIAS EN LA BASE DE DATOS
ASIGNADO EL PRODUCTO TÓNICA COMO AÑADIDO DEL PRODUCTO PUERTO DE INDIAS EN LA BASE DE DATOS
ASIGNADO EL PRODUCTO POWERADE COMO AÑADIDO DEL PRODUCTO PUERTO DE INDIAS EN LA BASE DE DATOS
ASIGNADO EL PRODUCTO COCA COLA COMO AÑADIDO DEL PRODUCTO SEAGRAMS EN LA BASE DE DATOS
ASIGNADO EL PRODUCTO COCA COLA ZERO COMO AÑADIDO DEL PRODUCTO SEAGRAMS EN LA BASE DE DATOS
ASIGNADO EL PRODUCTO SPRITE COMO AÑADIDO DEL PRODUCTO SEAGRAMS EN LA BASE DE DATOS
ASIGNADO EL PRODUCTO FANTA NARANJA COMO AÑADIDO DEL PRODUCTO SEAGRAMS EN LA BASE DE DATOS
ASIGNADO EL PRODUCTO FANTA LIMÓN COMO AÑADIDO DEL PRODUCTO SEAGRAMS EN LA BASE DE DATOS
ASIGNADO EL PRODUCTO RED BULL COMO AÑADIDO DEL PRODUCTO SEAGRAMS EN LA BASE DE DATOS
ASIGNADO EL PRODUCTO APPLETISER COMO AÑADIDO DEL PRODUCTO SEAGRAMS EN LA BASE DE DATOS
ASIGNADO EL PRODUCTO AQUARIUS COMO AÑADIDO DEL PRODUCTO SEAGRAMS EN LA BASE DE DATOS
ASIGNADO EL PRODUCTO NESTEA COMO AÑADIDO DEL PRODUCTO SEAGRAMS EN LA BASE DE DATOS
ASIGNADO EL PRODUCTO TÓNICA COMO AÑADIDO DEL PRODUCTO SEAGRAMS EN LA BASE DE DATOS
ASIGNADO EL PRODUCTO POWERADE COMO AÑADIDO DEL PRODUCTO SEAGRAMS EN LA BASE DE DATOS
ASIGNADO EL PRODUCTO COCA COLA COMO AÑADIDO DEL PRODUCTO BOMBAY SAPPHIRE EN LA BASE DE DATOS
ASIGNADO EL PRODUCTO COCA COLA ZERO COMO AÑADIDO DEL PRODUCTO BOMBAY SAPPHIRE EN LA BASE DE DATOS
ASIGNADO EL PRODUCTO SPRITE COMO AÑADIDO DEL PRODUCTO BOMBAY SAPPHIRE EN LA BASE DE DATOS
ASIGNADO EL PRODUCTO FANTA NARANJA COMO AÑADIDO DEL PRODUCTO BOMBAY SAPPHIRE EN LA BASE DE DATOS
ASIGNADO EL PRODUCTO FANTA LIMÓN COMO AÑADIDO DEL PRODUCTO BOMBAY SAPPHIRE EN LA BASE DE DATOS
ASIGNADO EL PRODUCTO RED BULL COMO AÑADIDO DEL PRODUCTO BOMBAY SAPPHIRE EN LA BASE DE DATOS
ASIGNADO EL PRODUCTO APPLETISER COMO AÑADIDO DEL PRODUCTO BOMBAY SAPPHIRE EN LA BASE DE DATOS
ASIGNADO EL PRODUCTO AQUARIUS COMO AÑADIDO DEL PRODUCTO BOMBAY SAPPHIRE EN LA BASE DE DATOS
ASIGNADO EL PRODUCTO NESTEA COMO AÑADIDO DEL PRODUCTO BOMBAY SAPPHIRE EN LA BASE DE DATOS
ASIGNADO EL PRODUCTO TÓNICA COMO AÑADIDO DEL PRODUCTO BOMBAY SAPPHIRE EN LA BASE DE DATOS
ASIGNADO EL PRODUCTO POWERADE COMO AÑADIDO DEL PRODUCTO BOMBAY SAPPHIRE EN LA BASE DE DATOS
ASIGNADO EL PRODUCTO COCA COLA COMO AÑADIDO DEL PRODUCTO ROKU EN LA BASE DE DATOS
ASIGNADO EL PRODUCTO COCA COLA ZERO COMO AÑADIDO DEL PRODUCTO ROKU EN LA BASE DE DATOS
ASIGNADO EL PRODUCTO SPRITE COMO AÑADIDO DEL PRODUCTO ROKU EN LA BASE DE DATOS
ASIGNADO EL PRODUCTO FANTA NARANJA COMO AÑADIDO DEL PRODUCTO ROKU EN LA BASE DE DATOS
ASIGNADO EL PRODUCTO FANTA LIMÓN COMO AÑADIDO DEL PRODUCTO ROKU EN LA BASE DE DATOS
ASIGNADO EL PRODUCTO RED BULL COMO AÑADIDO DEL PRODUCTO ROKU EN LA BASE DE DATOS
ASIGNADO EL PRODUCTO APPLETISER COMO AÑADIDO DEL PRODUCTO ROKU EN LA BASE DE DATOS
ASIGNADO EL PRODUCTO AQUARIUS COMO AÑADIDO DEL PRODUCTO ROKU EN LA BASE DE DATOS
ASIGNADO EL PRODUCTO NESTEA COMO AÑADIDO DEL PRODUCTO ROKU EN LA BASE DE DATOS
ASIGNADO EL PRODUCTO TÓNICA COMO AÑADIDO DEL PRODUCTO ROKU EN LA BASE DE DATOS
ASIGNADO EL PRODUCTO POWERADE COMO AÑADIDO DEL PRODUCTO ROKU EN LA BASE DE DATOS
ASIGNADO EL PRODUCTO COCA COLA COMO AÑADIDO DEL PRODUCTO GIN MARE EN LA BASE DE DATOS
ASIGNADO EL PRODUCTO COCA COLA ZERO COMO AÑADIDO DEL PRODUCTO GIN MARE EN LA BASE DE DATOS
ASIGNADO EL PRODUCTO SPRITE COMO AÑADIDO DEL PRODUCTO GIN MARE EN LA BASE DE DATOS
ASIGNADO EL PRODUCTO FANTA NARANJA COMO AÑADIDO DEL PRODUCTO GIN MARE EN LA BASE DE DATOS
ASIGNADO EL PRODUCTO FANTA LIMÓN COMO AÑADIDO DEL PRODUCTO GIN MARE EN LA BASE DE DATOS
ASIGNADO EL PRODUCTO RED BULL COMO AÑADIDO DEL PRODUCTO GIN MARE EN LA BASE DE DATOS
ASIGNADO EL PRODUCTO APPLETISER COMO AÑADIDO DEL PRODUCTO GIN MARE EN LA BASE DE DATOS
ASIGNADO EL PRODUCTO AQUARIUS COMO AÑADIDO DEL PRODUCTO GIN MARE EN LA BASE DE DATOS
ASIGNADO EL PRODUCTO NESTEA COMO AÑADIDO DEL PRODUCTO GIN MARE EN LA BASE DE DATOS
ASIGNADO EL PRODUCTO TÓNICA COMO AÑADIDO DEL PRODUCTO GIN MARE EN LA BASE DE DATOS
ASIGNADO EL PRODUCTO POWERADE COMO AÑADIDO DEL PRODUCTO GIN MARE EN LA BASE DE DATOS
ASIGNADO EL PRODUCTO COCA COLA COMO AÑADIDO DEL PRODUCTO BROCKMANS EN LA BASE DE DATOS
ASIGNADO EL PRODUCTO COCA COLA ZERO COMO AÑADIDO DEL PRODUCTO BROCKMANS EN LA BASE DE DATOS
ASIGNADO EL PRODUCTO SPRITE COMO AÑADIDO DEL PRODUCTO BROCKMANS EN LA BASE DE DATOS
ASIGNADO EL PRODUCTO FANTA NARANJA COMO AÑADIDO DEL PRODUCTO BROCKMANS EN LA BASE DE DATOS
ASIGNADO EL PRODUCTO FANTA LIMÓN COMO AÑADIDO DEL PRODUCTO BROCKMANS EN LA BASE DE DATOS
ASIGNADO EL PRODUCTO RED BULL COMO AÑADIDO DEL PRODUCTO BROCKMANS EN LA BASE DE DATOS
ASIGNADO EL PRODUCTO APPLETISER COMO AÑADIDO DEL PRODUCTO BROCKMANS EN LA BASE DE DATOS
ASIGNADO EL PRODUCTO AQUARIUS COMO AÑADIDO DEL PRODUCTO BROCKMANS EN LA BASE DE DATOS
ASIGNADO EL PRODUCTO NESTEA COMO AÑADIDO DEL PRODUCTO BROCKMANS EN LA BASE DE DATOS
ASIGNADO EL PRODUCTO TÓNICA COMO AÑADIDO DEL PRODUCTO BROCKMANS EN LA BASE DE DATOS
ASIGNADO EL PRODUCTO POWERADE COMO AÑADIDO DEL PRODUCTO BROCKMANS EN LA BASE DE DATOS
ASIGNADO EL PRODUCTO COCA COLA COMO AÑADIDO DEL PRODUCTO HENDRICKS EN LA BASE DE DATOS
ASIGNADO EL PRODUCTO COCA COLA ZERO COMO AÑADIDO DEL PRODUCTO HENDRICKS EN LA BASE DE DATOS
ASIGNADO EL PRODUCTO SPRITE COMO AÑADIDO DEL PRODUCTO HENDRICKS EN LA BASE DE DATOS
ASIGNADO EL PRODUCTO FANTA NARANJA COMO AÑADIDO DEL PRODUCTO HENDRICKS EN LA BASE DE DATOS
ASIGNADO EL PRODUCTO FANTA LIMÓN COMO AÑADIDO DEL PRODUCTO HENDRICKS EN LA BASE DE DATOS
ASIGNADO EL PRODUCTO RED BULL COMO AÑADIDO DEL PRODUCTO HENDRICKS EN LA BASE DE DATOS
ASIGNADO EL PRODUCTO APPLETISER COMO AÑADIDO DEL PRODUCTO HENDRICKS EN LA BASE DE DATOS
ASIGNADO EL PRODUCTO AQUARIUS COMO AÑADIDO DEL PRODUCTO HENDRICKS EN LA BASE DE DATOS
ASIGNADO EL PRODUCTO NESTEA COMO AÑADIDO DEL PRODUCTO HENDRICKS EN LA BASE DE DATOS
ASIGNADO EL PRODUCTO TÓNICA COMO AÑADIDO DEL PRODUCTO HENDRICKS EN LA BASE DE DATOS
ASIGNADO EL PRODUCTO POWERADE COMO AÑADIDO DEL PRODUCTO HENDRICKS EN LA BASE DE DATOS
ASIGNADO EL PRODUCTO COCA COLA COMO AÑADIDO DEL PRODUCTO TANQUERAY 0,0 EN LA BASE DE DATOS
ASIGNADO EL PRODUCTO COCA COLA ZERO COMO AÑADIDO DEL PRODUCTO TANQUERAY 0,0 EN LA BASE DE DATOS
ASIGNADO EL PRODUCTO SPRITE COMO AÑADIDO DEL PRODUCTO TANQUERAY 0,0 EN LA BASE DE DATOS
ASIGNADO EL PRODUCTO FANTA NARANJA COMO AÑADIDO DEL PRODUCTO TANQUERAY 0,0 EN LA BASE DE DATOS
ASIGNADO EL PRODUCTO FANTA LIMÓN COMO AÑADIDO DEL PRODUCTO TANQUERAY 0,0 EN LA BASE DE DATOS
ASIGNADO EL PRODUCTO RED BULL COMO AÑADIDO DEL PRODUCTO TANQUERAY 0,0 EN LA BASE DE DATOS
ASIGNADO EL PRODUCTO APPLETISER COMO AÑADIDO DEL PRODUCTO TANQUERAY 0,0 EN LA BASE DE DATOS
ASIGNADO EL PRODUCTO AQUARIUS COMO AÑADIDO DEL PRODUCTO TANQUERAY 0,0 EN LA BASE DE DATOS
ASIGNADO EL PRODUCTO NESTEA COMO AÑADIDO DEL PRODUCTO TANQUERAY 0,0 EN LA BASE DE DATOS
ASIGNADO EL PRODUCTO TÓNICA COMO AÑADIDO DEL PRODUCTO TANQUERAY 0,0 EN LA BASE DE DATOS
ASIGNADO EL PRODUCTO POWERADE COMO AÑADIDO DEL PRODUCTO TANQUERAY 0,0 EN LA BASE DE DATOS
ASIGNADO EL PRODUCTO COCA COLA COMO AÑADIDO DEL PRODUCTO JOHNNIE WALKER RED EN LA BASE DE DATOS
ASIGNADO EL PRODUCTO COCA COLA ZERO COMO AÑADIDO DEL PRODUCTO JOHNNIE WALKER RED EN LA BASE DE DATOS
ASIGNADO EL PRODUCTO SPRITE COMO AÑADIDO DEL PRODUCTO JOHNNIE WALKER RED EN LA BASE DE DATOS
ASIGNADO EL PRODUCTO FANTA NARANJA COMO AÑADIDO DEL PRODUCTO JOHNNIE WALKER RED EN LA BASE DE DATOS
ASIGNADO EL PRODUCTO FANTA LIMÓN COMO AÑADIDO DEL PRODUCTO JOHNNIE WALKER RED EN LA BASE DE DATOS
ASIGNADO EL PRODUCTO RED BULL COMO AÑADIDO DEL PRODUCTO JOHNNIE WALKER RED EN LA BASE DE DATOS
ASIGNADO EL PRODUCTO APPLETISER COMO AÑADIDO DEL PRODUCTO JOHNNIE WALKER RED EN LA BASE DE DATOS
ASIGNADO EL PRODUCTO AQUARIUS COMO AÑADIDO DEL PRODUCTO JOHNNIE WALKER RED EN LA BASE DE DATOS
ASIGNADO EL PRODUCTO NESTEA COMO AÑADIDO DEL PRODUCTO JOHNNIE WALKER RED EN LA BASE DE DATOS
ASIGNADO EL PRODUCTO TÓNICA COMO AÑADIDO DEL PRODUCTO JOHNNIE WALKER RED EN LA BASE DE DATOS
ASIGNADO EL PRODUCTO POWERADE COMO AÑADIDO DEL PRODUCTO JOHNNIE WALKER RED EN LA BASE DE DATOS
ASIGNADO EL PRODUCTO COCA COLA COMO AÑADIDO DEL PRODUCTO JOHNNIE WALKER BLACK EN LA BASE DE DATOS
ASIGNADO EL PRODUCTO COCA COLA ZERO COMO AÑADIDO DEL PRODUCTO JOHNNIE WALKER BLACK EN LA BASE DE DATOS
ASIGNADO EL PRODUCTO SPRITE COMO AÑADIDO DEL PRODUCTO JOHNNIE WALKER BLACK EN LA BASE DE DATOS
ASIGNADO EL PRODUCTO FANTA NARANJA COMO AÑADIDO DEL PRODUCTO JOHNNIE WALKER BLACK EN LA BASE DE DATOS
ASIGNADO EL PRODUCTO FANTA LIMÓN COMO AÑADIDO DEL PRODUCTO JOHNNIE WALKER BLACK EN LA BASE DE DATOS
ASIGNADO EL PRODUCTO RED BULL COMO AÑADIDO DEL PRODUCTO JOHNNIE WALKER BLACK EN LA BASE DE DATOS
ASIGNADO EL PRODUCTO APPLETISER COMO AÑADIDO DEL PRODUCTO JOHNNIE WALKER BLACK EN LA BASE DE DATOS
ASIGNADO EL PRODUCTO AQUARIUS COMO AÑADIDO DEL PRODUCTO JOHNNIE WALKER BLACK EN LA BASE DE DATOS
ASIGNADO EL PRODUCTO NESTEA COMO AÑADIDO DEL PRODUCTO JOHNNIE WALKER BLACK EN LA BASE DE DATOS
ASIGNADO EL PRODUCTO TÓNICA COMO AÑADIDO DEL PRODUCTO JOHNNIE WALKER BLACK EN LA BASE DE DATOS
ASIGNADO EL PRODUCTO POWERADE COMO AÑADIDO DEL PRODUCTO JOHNNIE WALKER BLACK EN LA BASE DE DATOS
ASIGNADO EL PRODUCTO COCA COLA COMO AÑADIDO DEL PRODUCTO BALLANTINES EN LA BASE DE DATOS
ASIGNADO EL PRODUCTO COCA COLA ZERO COMO AÑADIDO DEL PRODUCTO BALLANTINES EN LA BASE DE DATOS
ASIGNADO EL PRODUCTO SPRITE COMO AÑADIDO DEL PRODUCTO BALLANTINES EN LA BASE DE DATOS
ASIGNADO EL PRODUCTO FANTA NARANJA COMO AÑADIDO DEL PRODUCTO BALLANTINES EN LA BASE DE DATOS
ASIGNADO EL PRODUCTO FANTA LIMÓN COMO AÑADIDO DEL PRODUCTO BALLANTINES EN LA BASE DE DATOS
ASIGNADO EL PRODUCTO RED BULL COMO AÑADIDO DEL PRODUCTO BALLANTINES EN LA BASE DE DATOS
ASIGNADO EL PRODUCTO APPLETISER COMO AÑADIDO DEL PRODUCTO BALLANTINES EN LA BASE DE DATOS
ASIGNADO EL PRODUCTO AQUARIUS COMO AÑADIDO DEL PRODUCTO BALLANTINES EN LA BASE DE DATOS
ASIGNADO EL PRODUCTO NESTEA COMO AÑADIDO DEL PRODUCTO BALLANTINES EN LA BASE DE DATOS
ASIGNADO EL PRODUCTO TÓNICA COMO AÑADIDO DEL PRODUCTO BALLANTINES EN LA BASE DE DATOS
ASIGNADO EL PRODUCTO POWERADE COMO AÑADIDO DEL PRODUCTO BALLANTINES EN LA BASE DE DATOS
ASIGNADO EL PRODUCTO COCA COLA COMO AÑADIDO DEL PRODUCTO JIM BEAM EN LA BASE DE DATOS
ASIGNADO EL PRODUCTO COCA COLA ZERO COMO AÑADIDO DEL PRODUCTO JIM BEAM EN LA BASE DE DATOS
ASIGNADO EL PRODUCTO SPRITE COMO AÑADIDO DEL PRODUCTO JIM BEAM EN LA BASE DE DATOS
ASIGNADO EL PRODUCTO FANTA NARANJA COMO AÑADIDO DEL PRODUCTO JIM BEAM EN LA BASE DE DATOS
ASIGNADO EL PRODUCTO FANTA LIMÓN COMO AÑADIDO DEL PRODUCTO JIM BEAM EN LA BASE DE DATOS
ASIGNADO EL PRODUCTO RED BULL COMO AÑADIDO DEL PRODUCTO JIM BEAM EN LA BASE DE DATOS
ASIGNADO EL PRODUCTO APPLETISER COMO AÑADIDO DEL PRODUCTO JIM BEAM EN LA BASE DE DATOS
ASIGNADO EL PRODUCTO AQUARIUS COMO AÑADIDO DEL PRODUCTO JIM BEAM EN LA BASE DE DATOS
ASIGNADO EL PRODUCTO NESTEA COMO AÑADIDO DEL PRODUCTO JIM BEAM EN LA BASE DE DATOS
ASIGNADO EL PRODUCTO TÓNICA COMO AÑADIDO DEL PRODUCTO JIM BEAM EN LA BASE DE DATOS
ASIGNADO EL PRODUCTO POWERADE COMO AÑADIDO DEL PRODUCTO JIM BEAM EN LA BASE DE DATOS
ASIGNADO EL PRODUCTO COCA COLA COMO AÑADIDO DEL PRODUCTO JACK DANIELS EN LA BASE DE DATOS
ASIGNADO EL PRODUCTO COCA COLA ZERO COMO AÑADIDO DEL PRODUCTO JACK DANIELS EN LA BASE DE DATOS
ASIGNADO EL PRODUCTO SPRITE COMO AÑADIDO DEL PRODUCTO JACK DANIELS EN LA BASE DE DATOS
ASIGNADO EL PRODUCTO FANTA NARANJA COMO AÑADIDO DEL PRODUCTO JACK DANIELS EN LA BASE DE DATOS
ASIGNADO EL PRODUCTO FANTA LIMÓN COMO AÑADIDO DEL PRODUCTO JACK DANIELS EN LA BASE DE DATOS
ASIGNADO EL PRODUCTO RED BULL COMO AÑADIDO DEL PRODUCTO JACK DANIELS EN LA BASE DE DATOS
ASIGNADO EL PRODUCTO APPLETISER COMO AÑADIDO DEL PRODUCTO JACK DANIELS EN LA BASE DE DATOS
ASIGNADO EL PRODUCTO AQUARIUS COMO AÑADIDO DEL PRODUCTO JACK DANIELS EN LA BASE DE DATOS
ASIGNADO EL PRODUCTO NESTEA COMO AÑADIDO DEL PRODUCTO JACK DANIELS EN LA BASE DE DATOS
ASIGNADO EL PRODUCTO TÓNICA COMO AÑADIDO DEL PRODUCTO JACK DANIELS EN LA BASE DE DATOS
ASIGNADO EL PRODUCTO POWERADE COMO AÑADIDO DEL PRODUCTO JACK DANIELS EN LA BASE DE DATOS
ASIGNADO EL PRODUCTO COCA COLA COMO AÑADIDO DEL PRODUCTO CHIVAS 12 EN LA BASE DE DATOS
ASIGNADO EL PRODUCTO COCA COLA ZERO COMO AÑADIDO DEL PRODUCTO CHIVAS 12 EN LA BASE DE DATOS
ASIGNADO EL PRODUCTO SPRITE COMO AÑADIDO DEL PRODUCTO CHIVAS 12 EN LA BASE DE DATOS
ASIGNADO EL PRODUCTO FANTA NARANJA COMO AÑADIDO DEL PRODUCTO CHIVAS 12 EN LA BASE DE DATOS
ASIGNADO EL PRODUCTO FANTA LIMÓN COMO AÑADIDO DEL PRODUCTO CHIVAS 12 EN LA BASE DE DATOS
ASIGNADO EL PRODUCTO RED BULL COMO AÑADIDO DEL PRODUCTO CHIVAS 12 EN LA BASE DE DATOS
ASIGNADO EL PRODUCTO APPLETISER COMO AÑADIDO DEL PRODUCTO CHIVAS 12 EN LA BASE DE DATOS
ASIGNADO EL PRODUCTO AQUARIUS COMO AÑADIDO DEL PRODUCTO CHIVAS 12 EN LA BASE DE DATOS
ASIGNADO EL PRODUCTO NESTEA COMO AÑADIDO DEL PRODUCTO CHIVAS 12 EN LA BASE DE DATOS
ASIGNADO EL PRODUCTO TÓNICA COMO AÑADIDO DEL PRODUCTO CHIVAS 12 EN LA BASE DE DATOS
ASIGNADO EL PRODUCTO POWERADE COMO AÑADIDO DEL PRODUCTO CHIVAS 12 EN LA BASE DE DATOS
ASIGNADO EL PRODUCTO COCA COLA COMO AÑADIDO DEL PRODUCTO JOSE CUERVO SILVER EN LA BASE DE DATOS
ASIGNADO EL PRODUCTO COCA COLA ZERO COMO AÑADIDO DEL PRODUCTO JOSE CUERVO SILVER EN LA BASE DE DATOS
ASIGNADO EL PRODUCTO SPRITE COMO AÑADIDO DEL PRODUCTO JOSE CUERVO SILVER EN LA BASE DE DATOS
ASIGNADO EL PRODUCTO FANTA NARANJA COMO AÑADIDO DEL PRODUCTO JOSE CUERVO SILVER EN LA BASE DE DATOS
ASIGNADO EL PRODUCTO FANTA LIMÓN COMO AÑADIDO DEL PRODUCTO JOSE CUERVO SILVER EN LA BASE DE DATOS
ASIGNADO EL PRODUCTO RED BULL COMO AÑADIDO DEL PRODUCTO JOSE CUERVO SILVER EN LA BASE DE DATOS
ASIGNADO EL PRODUCTO APPLETISER COMO AÑADIDO DEL PRODUCTO JOSE CUERVO SILVER EN LA BASE DE DATOS
ASIGNADO EL PRODUCTO AQUARIUS COMO AÑADIDO DEL PRODUCTO JOSE CUERVO SILVER EN LA BASE DE DATOS
ASIGNADO EL PRODUCTO NESTEA COMO AÑADIDO DEL PRODUCTO JOSE CUERVO SILVER EN LA BASE DE DATOS
ASIGNADO EL PRODUCTO TÓNICA COMO AÑADIDO DEL PRODUCTO JOSE CUERVO SILVER EN LA BASE DE DATOS
ASIGNADO EL PRODUCTO POWERADE COMO AÑADIDO DEL PRODUCTO JOSE CUERVO SILVER EN LA BASE DE DATOS
ASIGNADO EL PRODUCTO COCA COLA COMO AÑADIDO DEL PRODUCTO JOSE CUERVO REPOSADO EN LA BASE DE DATOS
ASIGNADO EL PRODUCTO COCA COLA ZERO COMO AÑADIDO DEL PRODUCTO JOSE CUERVO REPOSADO EN LA BASE DE DATOS
ASIGNADO EL PRODUCTO SPRITE COMO AÑADIDO DEL PRODUCTO JOSE CUERVO REPOSADO EN LA BASE DE DATOS
ASIGNADO EL PRODUCTO FANTA NARANJA COMO AÑADIDO DEL PRODUCTO JOSE CUERVO REPOSADO EN LA BASE DE DATOS
ASIGNADO EL PRODUCTO FANTA LIMÓN COMO AÑADIDO DEL PRODUCTO JOSE CUERVO REPOSADO EN LA BASE DE DATOS
ASIGNADO EL PRODUCTO RED BULL COMO AÑADIDO DEL PRODUCTO JOSE CUERVO REPOSADO EN LA BASE DE DATOS
ASIGNADO EL PRODUCTO APPLETISER COMO AÑADIDO DEL PRODUCTO JOSE CUERVO REPOSADO EN LA BASE DE DATOS
ASIGNADO EL PRODUCTO AQUARIUS COMO AÑADIDO DEL PRODUCTO JOSE CUERVO REPOSADO EN LA BASE DE DATOS
ASIGNADO EL PRODUCTO NESTEA COMO AÑADIDO DEL PRODUCTO JOSE CUERVO REPOSADO EN LA BASE DE DATOS
ASIGNADO EL PRODUCTO TÓNICA COMO AÑADIDO DEL PRODUCTO JOSE CUERVO REPOSADO EN LA BASE DE DATOS
ASIGNADO EL PRODUCTO POWERADE COMO AÑADIDO DEL PRODUCTO JOSE CUERVO REPOSADO EN LA BASE DE DATOS
ASIGNADO EL PRODUCTO COCA COLA COMO AÑADIDO DEL PRODUCTO VERMUT BLANCO EN LA BASE DE DATOS
ASIGNADO EL PRODUCTO COCA COLA ZERO COMO AÑADIDO DEL PRODUCTO VERMUT BLANCO EN LA BASE DE DATOS
ASIGNADO EL PRODUCTO SPRITE COMO AÑADIDO DEL PRODUCTO VERMUT BLANCO EN LA BASE DE DATOS
ASIGNADO EL PRODUCTO FANTA NARANJA COMO AÑADIDO DEL PRODUCTO VERMUT BLANCO EN LA BASE DE DATOS
ASIGNADO EL PRODUCTO FANTA LIMÓN COMO AÑADIDO DEL PRODUCTO VERMUT BLANCO EN LA BASE DE DATOS
ASIGNADO EL PRODUCTO RED BULL COMO AÑADIDO DEL PRODUCTO VERMUT BLANCO EN LA BASE DE DATOS
ASIGNADO EL PRODUCTO APPLETISER COMO AÑADIDO DEL PRODUCTO VERMUT BLANCO EN LA BASE DE DATOS
ASIGNADO EL PRODUCTO AQUARIUS COMO AÑADIDO DEL PRODUCTO VERMUT BLANCO EN LA BASE DE DATOS
ASIGNADO EL PRODUCTO NESTEA COMO AÑADIDO DEL PRODUCTO VERMUT BLANCO EN LA BASE DE DATOS
ASIGNADO EL PRODUCTO TÓNICA COMO AÑADIDO DEL PRODUCTO VERMUT BLANCO EN LA BASE DE DATOS
ASIGNADO EL PRODUCTO POWERADE COMO AÑADIDO DEL PRODUCTO VERMUT BLANCO EN LA BASE DE DATOS
ASIGNADO EL PRODUCTO COCA COLA COMO AÑADIDO DEL PRODUCTO VERMUT TINTO EN LA BASE DE DATOS
ASIGNADO EL PRODUCTO COCA COLA ZERO COMO AÑADIDO DEL PRODUCTO VERMUT TINTO EN LA BASE DE DATOS
ASIGNADO EL PRODUCTO SPRITE COMO AÑADIDO DEL PRODUCTO VERMUT TINTO EN LA BASE DE DATOS
ASIGNADO EL PRODUCTO FANTA NARANJA COMO AÑADIDO DEL PRODUCTO VERMUT TINTO EN LA BASE DE DATOS
ASIGNADO EL PRODUCTO FANTA LIMÓN COMO AÑADIDO DEL PRODUCTO VERMUT TINTO EN LA BASE DE DATOS
ASIGNADO EL PRODUCTO RED BULL COMO AÑADIDO DEL PRODUCTO VERMUT TINTO EN LA BASE DE DATOS
ASIGNADO EL PRODUCTO APPLETISER COMO AÑADIDO DEL PRODUCTO VERMUT TINTO EN LA BASE DE DATOS
ASIGNADO EL PRODUCTO AQUARIUS COMO AÑADIDO DEL PRODUCTO VERMUT TINTO EN LA BASE DE DATOS
ASIGNADO EL PRODUCTO NESTEA COMO AÑADIDO DEL PRODUCTO VERMUT TINTO EN LA BASE DE DATOS
ASIGNADO EL PRODUCTO TÓNICA COMO AÑADIDO DEL PRODUCTO VERMUT TINTO EN LA BASE DE DATOS
ASIGNADO EL PRODUCTO POWERADE COMO AÑADIDO DEL PRODUCTO VERMUT TINTO EN LA BASE DE DATOS
ASIGNADO EL PRODUCTO COCA COLA COMO AÑADIDO DEL PRODUCTO APEROL EN LA BASE DE DATOS
ASIGNADO EL PRODUCTO COCA COLA ZERO COMO AÑADIDO DEL PRODUCTO APEROL EN LA BASE DE DATOS
ASIGNADO EL PRODUCTO SPRITE COMO AÑADIDO DEL PRODUCTO APEROL EN LA BASE DE DATOS
ASIGNADO EL PRODUCTO FANTA NARANJA COMO AÑADIDO DEL PRODUCTO APEROL EN LA BASE DE DATOS
ASIGNADO EL PRODUCTO FANTA LIMÓN COMO AÑADIDO DEL PRODUCTO APEROL EN LA BASE DE DATOS
ASIGNADO EL PRODUCTO RED BULL COMO AÑADIDO DEL PRODUCTO APEROL EN LA BASE DE DATOS
ASIGNADO EL PRODUCTO APPLETISER COMO AÑADIDO DEL PRODUCTO APEROL EN LA BASE DE DATOS
ASIGNADO EL PRODUCTO AQUARIUS COMO AÑADIDO DEL PRODUCTO APEROL EN LA BASE DE DATOS
ASIGNADO EL PRODUCTO NESTEA COMO AÑADIDO DEL PRODUCTO APEROL EN LA BASE DE DATOS
ASIGNADO EL PRODUCTO TÓNICA COMO AÑADIDO DEL PRODUCTO APEROL EN LA BASE DE DATOS
ASIGNADO EL PRODUCTO POWERADE COMO AÑADIDO DEL PRODUCTO APEROL EN LA BASE DE DATOS
ASIGNADO EL PRODUCTO COCA COLA COMO AÑADIDO DEL PRODUCTO LIMONCELLO EN LA BASE DE DATOS
ASIGNADO EL PRODUCTO COCA COLA ZERO COMO AÑADIDO DEL PRODUCTO LIMONCELLO EN LA BASE DE DATOS
ASIGNADO EL PRODUCTO SPRITE COMO AÑADIDO DEL PRODUCTO LIMONCELLO EN LA BASE DE DATOS
ASIGNADO EL PRODUCTO FANTA NARANJA COMO AÑADIDO DEL PRODUCTO LIMONCELLO EN LA BASE DE DATOS
ASIGNADO EL PRODUCTO FANTA LIMÓN COMO AÑADIDO DEL PRODUCTO LIMONCELLO EN LA BASE DE DATOS
ASIGNADO EL PRODUCTO RED BULL COMO AÑADIDO DEL PRODUCTO LIMONCELLO EN LA BASE DE DATOS
ASIGNADO EL PRODUCTO APPLETISER COMO AÑADIDO DEL PRODUCTO LIMONCELLO EN LA BASE DE DATOS
ASIGNADO EL PRODUCTO AQUARIUS COMO AÑADIDO DEL PRODUCTO LIMONCELLO EN LA BASE DE DATOS
ASIGNADO EL PRODUCTO NESTEA COMO AÑADIDO DEL PRODUCTO LIMONCELLO EN LA BASE DE DATOS
ASIGNADO EL PRODUCTO TÓNICA COMO AÑADIDO DEL PRODUCTO LIMONCELLO EN LA BASE DE DATOS
ASIGNADO EL PRODUCTO POWERADE COMO AÑADIDO DEL PRODUCTO LIMONCELLO EN LA BASE DE DATOS
ASIGNADO EL PRODUCTO COCA COLA COMO AÑADIDO DEL PRODUCTO BAILEYS EN LA BASE DE DATOS
ASIGNADO EL PRODUCTO COCA COLA ZERO COMO AÑADIDO DEL PRODUCTO BAILEYS EN LA BASE DE DATOS
ASIGNADO EL PRODUCTO SPRITE COMO AÑADIDO DEL PRODUCTO BAILEYS EN LA BASE DE DATOS
ASIGNADO EL PRODUCTO FANTA NARANJA COMO AÑADIDO DEL PRODUCTO BAILEYS EN LA BASE DE DATOS
ASIGNADO EL PRODUCTO FANTA LIMÓN COMO AÑADIDO DEL PRODUCTO BAILEYS EN LA BASE DE DATOS
ASIGNADO EL PRODUCTO RED BULL COMO AÑADIDO DEL PRODUCTO BAILEYS EN LA BASE DE DATOS
ASIGNADO EL PRODUCTO APPLETISER COMO AÑADIDO DEL PRODUCTO BAILEYS EN LA BASE DE DATOS
ASIGNADO EL PRODUCTO AQUARIUS COMO AÑADIDO DEL PRODUCTO BAILEYS EN LA BASE DE DATOS
ASIGNADO EL PRODUCTO NESTEA COMO AÑADIDO DEL PRODUCTO BAILEYS EN LA BASE DE DATOS
ASIGNADO EL PRODUCTO TÓNICA COMO AÑADIDO DEL PRODUCTO BAILEYS EN LA BASE DE DATOS
ASIGNADO EL PRODUCTO POWERADE COMO AÑADIDO DEL PRODUCTO BAILEYS EN LA BASE DE DATOS
ASIGNADO EL PRODUCTO COCA COLA COMO AÑADIDO DEL PRODUCTO AMARETTO EN LA BASE DE DATOS
ASIGNADO EL PRODUCTO COCA COLA ZERO COMO AÑADIDO DEL PRODUCTO AMARETTO EN LA BASE DE DATOS
ASIGNADO EL PRODUCTO SPRITE COMO AÑADIDO DEL PRODUCTO AMARETTO EN LA BASE DE DATOS
ASIGNADO EL PRODUCTO FANTA NARANJA COMO AÑADIDO DEL PRODUCTO AMARETTO EN LA BASE DE DATOS
ASIGNADO EL PRODUCTO FANTA LIMÓN COMO AÑADIDO DEL PRODUCTO AMARETTO EN LA BASE DE DATOS
ASIGNADO EL PRODUCTO RED BULL COMO AÑADIDO DEL PRODUCTO AMARETTO EN LA BASE DE DATOS
ASIGNADO EL PRODUCTO APPLETISER COMO AÑADIDO DEL PRODUCTO AMARETTO EN LA BASE DE DATOS
ASIGNADO EL PRODUCTO AQUARIUS COMO AÑADIDO DEL PRODUCTO AMARETTO EN LA BASE DE DATOS
ASIGNADO EL PRODUCTO NESTEA COMO AÑADIDO DEL PRODUCTO AMARETTO EN LA BASE DE DATOS
ASIGNADO EL PRODUCTO TÓNICA COMO AÑADIDO DEL PRODUCTO AMARETTO EN LA BASE DE DATOS
ASIGNADO EL PRODUCTO POWERADE COMO AÑADIDO DEL PRODUCTO AMARETTO EN LA BASE DE DATOS
ASIGNADO EL PRODUCTO COCA COLA COMO AÑADIDO DEL PRODUCTO FRANGELICO EN LA BASE DE DATOS
ASIGNADO EL PRODUCTO COCA COLA ZERO COMO AÑADIDO DEL PRODUCTO FRANGELICO EN LA BASE DE DATOS
ASIGNADO EL PRODUCTO SPRITE COMO AÑADIDO DEL PRODUCTO FRANGELICO EN LA BASE DE DATOS
ASIGNADO EL PRODUCTO FANTA NARANJA COMO AÑADIDO DEL PRODUCTO FRANGELICO EN LA BASE DE DATOS
ASIGNADO EL PRODUCTO FANTA LIMÓN COMO AÑADIDO DEL PRODUCTO FRANGELICO EN LA BASE DE DATOS
ASIGNADO EL PRODUCTO RED BULL COMO AÑADIDO DEL PRODUCTO FRANGELICO EN LA BASE DE DATOS
ASIGNADO EL PRODUCTO APPLETISER COMO AÑADIDO DEL PRODUCTO FRANGELICO EN LA BASE DE DATOS
ASIGNADO EL PRODUCTO AQUARIUS COMO AÑADIDO DEL PRODUCTO FRANGELICO EN LA BASE DE DATOS
ASIGNADO EL PRODUCTO NESTEA COMO AÑADIDO DEL PRODUCTO FRANGELICO EN LA BASE DE DATOS
ASIGNADO EL PRODUCTO TÓNICA COMO AÑADIDO DEL PRODUCTO FRANGELICO EN LA BASE DE DATOS
ASIGNADO EL PRODUCTO POWERADE COMO AÑADIDO DEL PRODUCTO FRANGELICO EN LA BASE DE DATOS
ASIGNADO EL PRODUCTO COCA COLA COMO AÑADIDO DEL PRODUCTO RON MIEL LICOR EN LA BASE DE DATOS
ASIGNADO EL PRODUCTO COCA COLA ZERO COMO AÑADIDO DEL PRODUCTO RON MIEL LICOR EN LA BASE DE DATOS
ASIGNADO EL PRODUCTO SPRITE COMO AÑADIDO DEL PRODUCTO RON MIEL LICOR EN LA BASE DE DATOS
ASIGNADO EL PRODUCTO FANTA NARANJA COMO AÑADIDO DEL PRODUCTO RON MIEL LICOR EN LA BASE DE DATOS
ASIGNADO EL PRODUCTO FANTA LIMÓN COMO AÑADIDO DEL PRODUCTO RON MIEL LICOR EN LA BASE DE DATOS
ASIGNADO EL PRODUCTO RED BULL COMO AÑADIDO DEL PRODUCTO RON MIEL LICOR EN LA BASE DE DATOS
ASIGNADO EL PRODUCTO APPLETISER COMO AÑADIDO DEL PRODUCTO RON MIEL LICOR EN LA BASE DE DATOS
ASIGNADO EL PRODUCTO AQUARIUS COMO AÑADIDO DEL PRODUCTO RON MIEL LICOR EN LA BASE DE DATOS
ASIGNADO EL PRODUCTO NESTEA COMO AÑADIDO DEL PRODUCTO RON MIEL LICOR EN LA BASE DE DATOS
ASIGNADO EL PRODUCTO TÓNICA COMO AÑADIDO DEL PRODUCTO RON MIEL LICOR EN LA BASE DE DATOS
ASIGNADO EL PRODUCTO POWERADE COMO AÑADIDO DEL PRODUCTO RON MIEL LICOR EN LA BASE DE DATOS
ASIGNADO EL PRODUCTO COCA COLA COMO AÑADIDO DEL PRODUCTO PACHARÁN EN LA BASE DE DATOS
ASIGNADO EL PRODUCTO COCA COLA ZERO COMO AÑADIDO DEL PRODUCTO PACHARÁN EN LA BASE DE DATOS
ASIGNADO EL PRODUCTO SPRITE COMO AÑADIDO DEL PRODUCTO PACHARÁN EN LA BASE DE DATOS
ASIGNADO EL PRODUCTO FANTA NARANJA COMO AÑADIDO DEL PRODUCTO PACHARÁN EN LA BASE DE DATOS
ASIGNADO EL PRODUCTO FANTA LIMÓN COMO AÑADIDO DEL PRODUCTO PACHARÁN EN LA BASE DE DATOS
ASIGNADO EL PRODUCTO RED BULL COMO AÑADIDO DEL PRODUCTO PACHARÁN EN LA BASE DE DATOS
ASIGNADO EL PRODUCTO APPLETISER COMO AÑADIDO DEL PRODUCTO PACHARÁN EN LA BASE DE DATOS
ASIGNADO EL PRODUCTO AQUARIUS COMO AÑADIDO DEL PRODUCTO PACHARÁN EN LA BASE DE DATOS
ASIGNADO EL PRODUCTO NESTEA COMO AÑADIDO DEL PRODUCTO PACHARÁN EN LA BASE DE DATOS
ASIGNADO EL PRODUCTO TÓNICA COMO AÑADIDO DEL PRODUCTO PACHARÁN EN LA BASE DE DATOS
ASIGNADO EL PRODUCTO POWERADE COMO AÑADIDO DEL PRODUCTO PACHARÁN EN LA BASE DE DATOS
ASIGNADO EL PRODUCTO COCA COLA COMO AÑADIDO DEL PRODUCTO LICOR DE HIERBAS EN LA BASE DE DATOS
ASIGNADO EL PRODUCTO COCA COLA ZERO COMO AÑADIDO DEL PRODUCTO LICOR DE HIERBAS EN LA BASE DE DATOS
ASIGNADO EL PRODUCTO SPRITE COMO AÑADIDO DEL PRODUCTO LICOR DE HIERBAS EN LA BASE DE DATOS
ASIGNADO EL PRODUCTO FANTA NARANJA COMO AÑADIDO DEL PRODUCTO LICOR DE HIERBAS EN LA BASE DE DATOS
ASIGNADO EL PRODUCTO FANTA LIMÓN COMO AÑADIDO DEL PRODUCTO LICOR DE HIERBAS EN LA BASE DE DATOS
ASIGNADO EL PRODUCTO RED BULL COMO AÑADIDO DEL PRODUCTO LICOR DE HIERBAS EN LA BASE DE DATOS
ASIGNADO EL PRODUCTO APPLETISER COMO AÑADIDO DEL PRODUCTO LICOR DE HIERBAS EN LA BASE DE DATOS
ASIGNADO EL PRODUCTO AQUARIUS COMO AÑADIDO DEL PRODUCTO LICOR DE HIERBAS EN LA BASE DE DATOS
ASIGNADO EL PRODUCTO NESTEA COMO AÑADIDO DEL PRODUCTO LICOR DE HIERBAS EN LA BASE DE DATOS
ASIGNADO EL PRODUCTO TÓNICA COMO AÑADIDO DEL PRODUCTO LICOR DE HIERBAS EN LA BASE DE DATOS
ASIGNADO EL PRODUCTO POWERADE COMO AÑADIDO DEL PRODUCTO LICOR DE HIERBAS EN LA BASE DE DATOS
ASIGNADO EL PRODUCTO COCA COLA COMO AÑADIDO DEL PRODUCTO CAMPARI EN LA BASE DE DATOS
ASIGNADO EL PRODUCTO COCA COLA ZERO COMO AÑADIDO DEL PRODUCTO CAMPARI EN LA BASE DE DATOS
ASIGNADO EL PRODUCTO SPRITE COMO AÑADIDO DEL PRODUCTO CAMPARI EN LA BASE DE DATOS
ASIGNADO EL PRODUCTO FANTA NARANJA COMO AÑADIDO DEL PRODUCTO CAMPARI EN LA BASE DE DATOS
ASIGNADO EL PRODUCTO FANTA LIMÓN COMO AÑADIDO DEL PRODUCTO CAMPARI EN LA BASE DE DATOS
ASIGNADO EL PRODUCTO RED BULL COMO AÑADIDO DEL PRODUCTO CAMPARI EN LA BASE DE DATOS
ASIGNADO EL PRODUCTO APPLETISER COMO AÑADIDO DEL PRODUCTO CAMPARI EN LA BASE DE DATOS
ASIGNADO EL PRODUCTO AQUARIUS COMO AÑADIDO DEL PRODUCTO CAMPARI EN LA BASE DE DATOS
ASIGNADO EL PRODUCTO NESTEA COMO AÑADIDO DEL PRODUCTO CAMPARI EN LA BASE DE DATOS
ASIGNADO EL PRODUCTO TÓNICA COMO AÑADIDO DEL PRODUCTO CAMPARI EN LA BASE DE DATOS
ASIGNADO EL PRODUCTO POWERADE COMO AÑADIDO DEL PRODUCTO CAMPARI EN LA BASE DE DATOS
