NO EXISTE LA IMAGEN DEL PRODUCTO AGUA SIN
NO EXISTE LA IMAGEN DEL PRODUCTO AGUA CON
EXISTE LA IMAGEN DEL PRODUCTO COCA COLA ZERO
EL PARENTESCO ENTRE EL PRODUCTO COCA COLA ZERO Y LA RUTA DE SU IMAGEN ES 0.13
EXISTE LA IMAGEN DEL PRODUCTO SPRITE
EL PARENTESCO ENTRE EL PRODUCTO SPRITE Y LA RUTA DE SU IMAGEN ES 0.29
EXISTE LA IMAGEN DEL PRODUCTO FANTA NARANJA
EL PARENTESCO ENTRE EL PRODUCTO FANTA NARANJA Y LA RUTA DE SU IMAGEN ES 0.14
EXISTE LA IMAGEN DEL PRODUCTO APPLETISER
EL PARENTESCO ENTRE EL PRODUCTO APPLETISER Y LA RUTA DE SU IMAGEN ES 0.18
EXISTE LA IMAGEN DEL PRODUCTO AQUARIUS
EL PARENTESCO ENTRE EL PRODUCTO AQUARIUS Y LA RUTA DE SU IMAGEN ES 0.22
EXISTE LA IMAGEN DEL PRODUCTO TÓNICA
EL PARENTESCO ENTRE EL PRODUCTO TÓNICA Y LA RUTA DE SU IMAGEN ES 0.29
EXISTE LA IMAGEN DEL PRODUCTO POWERADE
EL PARENTESCO ENTRE EL PRODUCTO POWERADE Y LA RUTA DE SU IMAGEN ES 0.22
NO EXISTE LA IMAGEN DEL PRODUCTO ZUMO PIÑA
NO EXISTE LA IMAGEN DEL PRODUCTO ZUMO TOMATE
NO EXISTE LA IMAGEN DEL PRODUCTO ESPRESSO MACCHIATO
EXISTE LA IMAGEN DEL PRODUCTO LATTE MACCHIATO
EL PARENTESCO ENTRE EL PRODUCTO LATTE MACCHIATO Y LA RUTA DE SU IMAGEN ES 0.12
NO EXISTE LA IMAGEN DEL PRODUCTO DOBLE ESPRESSO
EXISTE LA IMAGEN DEL PRODUCTO CARAJILLO
EL PARENTESCO ENTRE EL PRODUCTO CARAJILLO Y LA RUTA DE SU IMAGEN ES 0.20
EXISTE LA IMAGEN DEL PRODUCTO AFFOGATO
EL PARENTESCO ENTRE EL PRODUCTO AFFOGATO Y LA RUTA DE SU IMAGEN ES 0.22
EXISTE LA IMAGEN DEL PRODUCTO DESCAFEINADO
EL PARENTESCO ENTRE EL PRODUCTO DESCAFEINADO Y LA RUTA DE SU IMAGEN ES 0.15
EXISTE LA IMAGEN DEL PRODUCTO TILA
EL PARENTESCO ENTRE EL PRODUCTO TILA Y LA RUTA DE SU IMAGEN ES 0.40
EXISTE LA IMAGEN DEL PRODUCTO TÉ VERDE
EL PARENTESCO ENTRE EL PRODUCTO TÉ VERDE Y LA RUTA DE SU IMAGEN ES 0.22
NO EXISTE LA IMAGEN DEL PRODUCTO JENGIBRE CÚRCUMA
EXISTE LA IMAGEN DEL PRODUCTO CERVEZA BARRIL (CAÑA)
EL PARENTESCO ENTRE EL PRODUCTO CERVEZA BARRIL (CAÑA) Y LA RUTA DE SU IMAGEN ES 0.10
EXISTE LA IMAGEN DEL PRODUCTO CERVEZA BARRIL (JARRA)
EL PARENTESCO ENTRE EL PRODUCTO CERVEZA BARRIL (JARRA) Y LA RUTA DE SU IMAGEN ES 0.10
EXISTE LA IMAGEN DEL PRODUCTO DORADA SIN GLUTEN
EL PARENTESCO ENTRE EL PRODUCTO DORADA SIN GLUTEN Y LA RUTA DE SU IMAGEN ES 0.11
NO EXISTE LA IMAGEN DEL PRODUCTO STELLA ARTOIS
EXISTE LA IMAGEN DEL PRODUCTO FRANZISKANER
EL PARENTESCO ENTRE EL PRODUCTO FRANZISKANER Y LA RUTA DE SU IMAGEN ES 0.15
EXISTE LA IMAGEN DEL PRODUCTO LEFFE
EL PARENTESCO ENTRE EL PRODUCTO LEFFE Y LA RUTA DE SU IMAGEN ES 0.33
EXISTE LA IMAGEN DEL PRODUCTO BECK´S
EL PARENTESCO ENTRE EL PRODUCTO BECK´S Y LA RUTA DE SU IMAGEN ES 0.29
NO EXISTE LA IMAGEN DEL PRODUCTO KOPPARBERG
NO EXISTE LA IMAGEN DEL PRODUCTO COPA ESPUMOSO
NO EXISTE LA IMAGEN DEL PRODUCTO COPA BLANCO CANARIO
NO EXISTE LA IMAGEN DEL PRODUCTO COPA TINTO RIOJA
NO EXISTE LA IMAGEN DEL PRODUCTO COPA TINTO RIBERA
EXISTE LA IMAGEN DEL PRODUCTO RON
EL PARENTESCO ENTRE EL PRODUCTO RON Y LA RUTA DE SU IMAGEN ES 0.50
EXISTE LA IMAGEN DEL PRODUCTO VODKA
EL PARENTESCO ENTRE EL PRODUCTO VODKA Y LA RUTA DE SU IMAGEN ES 0.33
EXISTE LA IMAGEN DEL PRODUCTO GINEBRA
EL PARENTESCO ENTRE EL PRODUCTO GINEBRA Y LA RUTA DE SU IMAGEN ES 0.25
EXISTE LA IMAGEN DEL PRODUCTO WHISKY
EL PARENTESCO ENTRE EL PRODUCTO WHISKY Y LA RUTA DE SU IMAGEN ES 0.29
NO EXISTE LA IMAGEN DEL PRODUCTO TEQUILA MEZCAL
NO EXISTE LA IMAGEN DEL PRODUCTO VERMUT
NO EXISTE LA IMAGEN DEL PRODUCTO LICORES
NO EXISTE LA IMAGEN DEL PRODUCTO ANCHOA SOBRE PAN BRIOCHE
NO EXISTE LA IMAGEN DEL PRODUCTO TORTILLA DE PAPAS
EXISTE LA IMAGEN DEL PRODUCTO TABLA DE QUESOS
EL PARENTESCO ENTRE EL PRODUCTO TABLA DE QUESOS Y LA RUTA DE SU IMAGEN ES 0.12
NO EXISTE LA IMAGEN DEL PRODUCTO ENSALADILLA AL ESTILO REVÉS
NO EXISTE LA IMAGEN DEL PRODUCTO BOCATA DE PASTRAMI
NO EXISTE LA IMAGEN DEL PRODUCTO CALAMARES EN SU TINTA
NO EXISTE LA IMAGEN DEL PRODUCTO ALBONDIGAS CASERAS
NO EXISTE LA IMAGEN DEL PRODUCTO CROQUETAS AL ESTILO REVÉS
NO EXISTE LA IMAGEN DEL PRODUCTO ALCACHOFA A LA BRASA
NO EXISTE LA IMAGEN DEL PRODUCTO AJO BLANCO
NO EXISTE LA IMAGEN DEL PRODUCTO KATSU-SANDO PRESA IBÉRICA
NO EXISTE LA IMAGEN DEL PRODUCTO ENSALADA DE TOMATE
NO EXISTE LA IMAGEN DEL PRODUCTO ROPA VIEJA AL ESTILO REVÉS
NO EXISTE LA IMAGEN DEL PRODUCTO ARROZ DE GAMBA Y CALAMAR
NO EXISTE LA IMAGEN DEL PRODUCTO VIEJA
NO EXISTE LA IMAGEN DEL PRODUCTO CANELÓN DE CABRA
NO EXISTE LA IMAGEN DEL PRODUCTO COCHINO NEGRO
NO EXISTE LA IMAGEN DEL PRODUCTO SOUFFLÉ DE CHOCOLATE
EXISTE LA IMAGEN DEL PRODUCTO TORRIJA
EL PARENTESCO ENTRE EL PRODUCTO TORRIJA Y LA RUTA DE SU IMAGEN ES 0.25
NO EXISTE LA IMAGEN DEL PRODUCTO HUEVOS BENEDICTINOS
NO EXISTE LA IMAGEN DEL PRODUCTO BIKINI PLANCHADO JAMON Y QUESO
NO EXISTE LA IMAGEN DEL PRODUCTO CROQUE MONSIEUR
NO EXISTE LA IMAGEN DEL PRODUCTO PULGITA DE JAMÓN IBÉRICO
NO EXISTE LA IMAGEN DEL PRODUCTO NAPOLITANA DE CHOCOLATE
NO EXISTE LA IMAGEN DEL PRODUCTO ALDEA 8 BARRICAS
EXISTE LA IMAGEN DEL PRODUCTO ZACAPA 23
EL PARENTESCO ENTRE EL PRODUCTO ZACAPA 23 Y LA RUTA DE SU IMAGEN ES 0.20
NO EXISTE LA IMAGEN DEL PRODUCTO RUSSIAN ORIGINAL
NO EXISTE LA IMAGEN DEL PRODUCTO PUERTO DE INDIAS
EXISTE LA IMAGEN DEL PRODUCTO BOMBAY SAPPHIRE
EL PARENTESCO ENTRE EL PRODUCTO BOMBAY SAPPHIRE Y LA RUTA DE SU IMAGEN ES 0.12
NO EXISTE LA IMAGEN DEL PRODUCTO ROKU
EXISTE LA IMAGEN DEL PRODUCTO HENDRICKS
EL PARENTESCO ENTRE EL PRODUCTO HENDRICKS Y LA RUTA DE SU IMAGEN ES 0.20
EXISTE LA IMAGEN DEL PRODUCTO TANQUERAY 0,0
EL PARENTESCO ENTRE EL PRODUCTO TANQUERAY 0,0 Y LA RUTA DE SU IMAGEN ES 0.14
EXISTE LA IMAGEN DEL PRODUCTO JOHNNIE WALKER RED
EL PARENTESCO ENTRE EL PRODUCTO JOHNNIE WALKER RED Y LA RUTA DE SU IMAGEN ES 0.11
EXISTE LA IMAGEN DEL PRODUCTO JIM BEAM
EL PARENTESCO ENTRE EL PRODUCTO JIM BEAM Y LA RUTA DE SU IMAGEN ES 0.22
NO EXISTE LA IMAGEN DEL PRODUCTO CHIVAS 12
NO EXISTE LA IMAGEN DEL PRODUCTO JOSE CUERVO SILVER
NO EXISTE LA IMAGEN DEL PRODUCTO JOSE CUERVO REPOSADO
NO EXISTE LA IMAGEN DEL PRODUCTO VERMUT BLANCO
NO EXISTE LA IMAGEN DEL PRODUCTO VERMUT TINTO
EXISTE LA IMAGEN DEL PRODUCTO AMARETTO
EL PARENTESCO ENTRE EL PRODUCTO AMARETTO Y LA RUTA DE SU IMAGEN ES 0.22
EXISTE LA IMAGEN DEL PRODUCTO FRANGELICO
EL PARENTESCO ENTRE EL PRODUCTO FRANGELICO Y LA RUTA DE SU IMAGEN ES 0.18
NO EXISTE LA IMAGEN DEL PRODUCTO RON MIEL LICOR
EXISTE LA IMAGEN DEL PRODUCTO CAMPARI
EL PARENTESCO ENTRE EL PRODUCTO CAMPARI Y LA RUTA DE SU IMAGEN ES 0.25
NO EXISTE LA IMAGEN DEL PRODUCTO MESTRES COQUET
NO EXISTE LA IMAGEN DEL PRODUCTO MAURICE CHOPPIN LES ARPENTS
NO EXISTE LA IMAGEN DEL PRODUCTO CALSAC L'ECHAPEÉ BELLE, BLANC DE BLANCS
NO EXISTE LA IMAGEN DEL PRODUCTO LOCARTAS, MARMAJUELO
NO EXISTE LA IMAGEN DEL PRODUCTO TAMERÁN, VIJARIEGO BLANCO
NO EXISTE LA IMAGEN DEL PRODUCTO TRENZADO, LISTÁN BLANCO
NO EXISTE LA IMAGEN DEL PRODUCTO JUAN ESCUDERO, MARMAJUELO
NO EXISTE LA IMAGEN DEL PRODUCTO LOS LOROS, ALBILLO CRIOLLO
NO EXISTE LA IMAGEN DEL PRODUCTO BHILAR, VIURA Y GARNACHA BLANCA
NO EXISTE LA IMAGEN DEL PRODUCTO PALO BLANCO, LISTÁN BLANCO
NO EXISTE LA IMAGEN DEL PRODUCTO MONOPOLE CLÁSICO, VIURA
NO EXISTE LA IMAGEN DEL PRODUCTO LOURO, GODELLO
NO EXISTE LA IMAGEN DEL PRODUCTO VALOUTA, ALBARIÑO
NO EXISTE LA IMAGEN DEL PRODUCTO XIS, MALVASÍA FINA, GOUVEIO, RABIGATO, OTRAS
NO EXISTE LA IMAGEN DEL PRODUCTO PARAJE PINO PALOIS, LISTÁN NEGRO
NO EXISTE LA IMAGEN DEL PRODUCTO PACO GARCÍA SEIS
NO EXISTE LA IMAGEN DEL PRODUCTO LAVA, LISTÁN NEGRO, VIJARIEGO, OTRAS
NO EXISTE LA IMAGEN DEL PRODUCTO IKEWEN, LISTÁN NEGRO
NO EXISTE LA IMAGEN DEL PRODUCTO LAVA LOMO LOS INGLESES
NO EXISTE LA IMAGEN DEL PRODUCTO SEMELE, TINTA FINA, MERLOT
NO EXISTE LA IMAGEN DEL PRODUCTO BOSQUE DE MATASNOS
NO EXISTE LA IMAGEN DEL PRODUCTO CM BY CARLOS MORO
NO EXISTE LA IMAGEN DEL PRODUCTO CM PRESTIGIO BY CARLOS MORO
NO EXISTE LA IMAGEN DEL PRODUCTO CONTINO, GARNACHA
NO EXISTE LA IMAGEN DEL PRODUCTO PESQUERA ORIGINAL
NO EXISTE LA IMAGEN DEL PRODUCTO VIÑA PEDROSA CEPA GAVILÁN
