EXISTE LA IMAGEN DEL PRODUCTO COCA COLA
EL PARENTESCO ENTRE EL PRODUCTO COCA COLA Y LA RUTA DE SU IMAGEN ES 0.20
EXISTE LA IMAGEN DEL PRODUCTO COCA COLA ZERO
EL PARENTESCO ENTRE EL PRODUCTO COCA COLA ZERO Y LA RUTA DE SU IMAGEN ES 0.13
EXISTE LA IMAGEN DEL PRODUCTO FANTA NARANJA
EL PARENTESCO ENTRE EL PRODUCTO FANTA NARANJA Y LA RUTA DE SU IMAGEN ES 0.14
EXISTE LA IMAGEN DEL PRODUCTO FANTA LIMÓN
EL PARENTESCO ENTRE EL PRODUCTO FANTA LIMÓN Y LA RUTA DE SU IMAGEN ES 0.17
EXISTE LA IMAGEN DEL PRODUCTO NESTEA LIMÓN
EL PARENTESCO ENTRE EL PRODUCTO NESTEA LIMÓN Y LA RUTA DE SU IMAGEN ES 0.15
EXISTE LA IMAGEN DEL PRODUCTO NESTEA MANGO-PIÑA
EL PARENTESCO ENTRE EL PRODUCTO NESTEA MANGO-PIÑA Y LA RUTA DE SU IMAGEN ES 0.11
EXISTE LA IMAGEN DEL PRODUCTO PEPSI
EL PARENTESCO ENTRE EL PRODUCTO PEPSI Y LA RUTA DE SU IMAGEN ES 0.33
INSERTADO EN CACHE EL PRODUCTO PEPSI, FILA 3249, VALORES: REFRESCOS, Barra, Bebidas, imagenesAgora\refrescos\pepsi-normal.jpg, None
ACTUALIZADO EN CACHE EL TEXTO DE BOTÓN DE PEPSI AL VALOR PEPSI
ACTUALIZADO EN CACHE EL TEXTO DE TICKET DE PEPSI AL VALOR PEPSI
EXISTE LA IMAGEN DEL PRODUCTO PEPSI MAX
EL PARENTESCO ENTRE EL PRODUCTO PEPSI MAX Y LA RUTA DE SU IMAGEN ES 0.20
EXISTE LA IMAGEN DEL PRODUCTO RED BULL
EL PARENTESCO ENTRE EL PRODUCTO RED BULL Y LA RUTA DE SU IMAGEN ES 0.22
EXISTE LA IMAGEN DEL PRODUCTO AQUARIUS LIMÓN
EL PARENTESCO ENTRE EL PRODUCTO AQUARIUS LIMÓN Y LA RUTA DE SU IMAGEN ES 0.13
EXISTE LA IMAGEN DEL PRODUCTO AQUARIUS NARANJA
EL PARENTESCO ENTRE EL PRODUCTO AQUARIUS NARANJA Y LA RUTA DE SU IMAGEN ES 0.12
EXISTE LA IMAGEN DEL PRODUCTO GINGER ALE
EL PARENTESCO ENTRE EL PRODUCTO GINGER ALE Y LA RUTA DE SU IMAGEN ES 0.18
EXISTE LA IMAGEN DEL PRODUCTO AGUA CON GAS
EL PARENTESCO ENTRE EL PRODUCTO AGUA CON GAS Y LA RUTA DE SU IMAGEN ES 0.15
EXISTE LA IMAGEN DEL PRODUCTO AGUA SIN GAS
EL PARENTESCO ENTRE EL PRODUCTO AGUA SIN GAS Y LA RUTA DE SU IMAGEN ES 0.15
EXISTE LA IMAGEN DEL PRODUCTO SOLO
EL PARENTESCO ENTRE EL PRODUCTO SOLO Y LA RUTA DE SU IMAGEN ES 0.40
INSERTADO EN CACHE EL PRODUCTO SOLO, FILA 3250, VALORES: CAFÉ, Barra, Bebidas, imagenesAgora\cafe\cafe-solo-3.jpg, None
ACTUALIZADO EN CACHE EL TEXTO DE BOTÓN DE SOLO AL VALOR SOLO
ACTUALIZADO EN CACHE EL TEXTO DE TICKET DE SOLO AL VALOR SOLO
EXISTE LA IMAGEN DEL PRODUCTO CORTADO CORTO
EL PARENTESCO ENTRE EL PRODUCTO CORTADO CORTO Y LA RUTA DE SU IMAGEN ES 0.14
ACTUALIZADA EN CACHE LA FAMILIA DE CORTADO LARGO AL VALOR CAFES
EXISTE LA IMAGEN DEL PRODUCTO CORTADO LARGO
EL PARENTESCO ENTRE EL PRODUCTO CORTADO LARGO Y LA RUTA DE SU IMAGEN ES 0.14
EXISTE LA IMAGEN DEL PRODUCTO LECHE Y LECHE
EL PARENTESCO ENTRE EL PRODUCTO LECHE Y LECHE Y LA RUTA DE SU IMAGEN ES 0.14
EXISTE LA IMAGEN DEL PRODUCTO BOMBÓN
EL PARENTESCO ENTRE EL PRODUCTO BOMBÓN Y LA RUTA DE SU IMAGEN ES 0.29
INSERTADO EN CACHE EL PRODUCTO BOMBÓN, FILA 3251, VALORES: CAFÉ, Barra, Bebidas, imagenesAgora\cafe\bombon-c.jpg, None
ACTUALIZADO EN CACHE EL TEXTO DE BOTÓN DE BOMBÓN AL VALOR BOMBÓN
ACTUALIZADO EN CACHE EL TEXTO DE TICKET DE BOMBÓN AL VALOR BOMBÓN
EXISTE LA IMAGEN DEL PRODUCTO CARAJILLO
EL PARENTESCO ENTRE EL PRODUCTO CARAJILLO Y LA RUTA DE SU IMAGEN ES 0.20
EXISTE LA IMAGEN DEL PRODUCTO CAFÉ IRLANDÉS
EL PARENTESCO ENTRE EL PRODUCTO CAFÉ IRLANDÉS Y LA RUTA DE SU IMAGEN ES 0.14
INSERTADO EN CACHE EL PRODUCTO CAFÉ IRLANDÉS, FILA 3252, VALORES: CAFÉ, Barra, Bebidas, imagenesAgora\cafe\irish-coffe.jpg, None
ACTUALIZADO EN CACHE EL TEXTO DE BOTÓN DE CAFÉ IRLANDÉS AL VALOR CAFÉ IRL.
ACTUALIZADO EN CACHE EL TEXTO DE TICKET DE CAFÉ IRLANDÉS AL VALOR CAFÉ IRLANDÉS
EXISTE LA IMAGEN DEL PRODUCTO CAFÉ JAMAICANO
EL PARENTESCO ENTRE EL PRODUCTO CAFÉ JAMAICANO Y LA RUTA DE SU IMAGEN ES 0.13
INSERTADO EN CACHE EL PRODUCTO CAFÉ JAMAICANO, FILA 3253, VALORES: CAFÉ, Barra, Bebidas, imagenesAgora\cafe\cafe-jamaica.jpg, None
ACTUALIZADO EN CACHE EL TEXTO DE BOTÓN DE CAFÉ JAMAICANO AL VALOR CAFÉ JAM.
ACTUALIZADO EN CACHE EL TEXTO DE TICKET DE CAFÉ JAMAICANO AL VALOR CAFÉ JAMAICANO
EXISTE LA IMAGEN DEL PRODUCTO HEINEKEN (CAÑA)
EL PARENTESCO ENTRE EL PRODUCTO HEINEKEN (CAÑA) Y LA RUTA DE SU IMAGEN ES 0.14
INSERTADO EN CACHE EL PRODUCTO HEINEKEN (CAÑA), FILA 3254, VALORES: CERVEZAS, Barra, Bebidas, imagenesAgora\cervezas\cana.jpg, None
ACTUALIZADO EN CACHE EL TEXTO DE BOTÓN DE HEINEKEN (CAÑA) AL VALOR CAÑA
ACTUALIZADO EN CACHE EL TEXTO DE TICKET DE HEINEKEN (CAÑA) AL VALOR CAÑA HEINEKEN
EXISTE LA IMAGEN DEL PRODUCTO HEINEKEN (JARRA)
EL PARENTESCO ENTRE EL PRODUCTO HEINEKEN (JARRA) Y LA RUTA DE SU IMAGEN ES 0.13
INSERTADO EN CACHE EL PRODUCTO HEINEKEN (JARRA), FILA 3255, VALORES: CERVEZAS, Barra, Bebidas, imagenesAgora\cervezas\jarra.jpg, None
ACTUALIZADO EN CACHE EL TEXTO DE BOTÓN DE HEINEKEN (JARRA) AL VALOR JARRA
ACTUALIZADO EN CACHE EL TEXTO DE TICKET DE HEINEKEN (JARRA) AL VALOR JARRA HEINEKEN
EXISTE LA IMAGEN DEL PRODUCTO HEINEKEN 0,0 (CAÑA)
EL PARENTESCO ENTRE EL PRODUCTO HEINEKEN 0,0 (CAÑA) Y LA RUTA DE SU IMAGEN ES 0.11
INSERTADO EN CACHE EL PRODUCTO HEINEKEN 0,0 (CAÑA), FILA 3256, VALORES: CERVEZAS, Barra, Bebidas, imagenesAgora\cervezas\cana.jpg, None
ACTUALIZADO EN CACHE EL TEXTO DE BOTÓN DE HEINEKEN 0,0 (CAÑA) AL VALOR CAÑA
ACTUALIZADO EN CACHE EL TEXTO DE TICKET DE HEINEKEN 0,0 (CAÑA) AL VALOR CAÑA HEINEKEN 0,0
INSERTADO EN CACHE EL PRODUCTO None, FILA 3257, VALORES: None, None, None, None, None
NO EXISTE LA IMAGEN DEL PRODUCTO HEINEKEN 0,0 (JARRA)
INSERTADO EN CACHE EL PRODUCTO HEINEKEN 0,0 (JARRA), FILA 3258, VALORES: CERVEZAS, Barra, Bebidas, imagenesAgora\cervezas\jarra.jpg, None
ACTUALIZADO EN CACHE EL TEXTO DE BOTÓN DE HEINEKEN 0,0 (JARRA) AL VALOR JARRA
ACTUALIZADO EN CACHE EL TEXTO DE TICKET DE HEINEKEN 0,0 (JARRA) AL VALOR JARRA HEINEKEN 0,0
NO EXISTE LA IMAGEN DEL PRODUCTO ALHAMBRA VERDE
INSERTADO EN CACHE EL PRODUCTO ALHAMBRA VERDE, FILA 3259, VALORES: CERVEZAS, Barra, Bebidas, imagenesAgora\cervezas\alhambra-verde-2.jpg, None
ACTUALIZADO EN CACHE EL TEXTO DE BOTÓN DE ALHAMBRA VERDE AL VALOR ALH. VERDE
ACTUALIZADO EN CACHE EL TEXTO DE TICKET DE ALHAMBRA VERDE AL VALOR ALHAMBRA VERDE
EXISTE LA IMAGEN DEL PRODUCTO ALHAMBRA ROJA
EL PARENTESCO ENTRE EL PRODUCTO ALHAMBRA ROJA Y LA RUTA DE SU IMAGEN ES 0.14
INSERTADO EN CACHE EL PRODUCTO ALHAMBRA ROJA, FILA 3260, VALORES: CERVEZAS, Barra, Bebidas, imagenesAgora\cervezas\alhambra-roja-2.jpg, None
ACTUALIZADO EN CACHE EL TEXTO DE BOTÓN DE ALHAMBRA ROJA AL VALOR ALH. ROJA
ACTUALIZADO EN CACHE EL TEXTO DE TICKET DE ALHAMBRA ROJA AL VALOR ALHAMBRA ROJA
EXISTE LA IMAGEN DEL PRODUCTO CRUZCAMPO (CAÑA)
EL PARENTESCO ENTRE EL PRODUCTO CRUZCAMPO (CAÑA) Y LA RUTA DE SU IMAGEN ES 0.13
INSERTADO EN CACHE EL PRODUCTO CRUZCAMPO (CAÑA), FILA 3261, VALORES: CERVEZAS, Barra, Bebidas, imagenesAgora\cervezas\cana.jpg, None
ACTUALIZADO EN CACHE EL TEXTO DE BOTÓN DE CRUZCAMPO (CAÑA) AL VALOR CAÑA
ACTUALIZADO EN CACHE EL TEXTO DE TICKET DE CRUZCAMPO (CAÑA) AL VALOR CAÑA CRUZCAMPO
INSERTADO EN CACHE EL PRODUCTO None, FILA 3262, VALORES: None, None, None, None, None
EXISTE LA IMAGEN DEL PRODUCTO CRUZCAMPO (JARRA)
EL PARENTESCO ENTRE EL PRODUCTO CRUZCAMPO (JARRA) Y LA RUTA DE SU IMAGEN ES 0.12
INSERTADO EN CACHE EL PRODUCTO CRUZCAMPO (JARRA), FILA 3263, VALORES: CERVEZAS, Barra, Bebidas, imagenesAgora\cervezas\jarra.jpg, None
ACTUALIZADO EN CACHE EL TEXTO DE BOTÓN DE CRUZCAMPO (JARRA) AL VALOR JARRA
ACTUALIZADO EN CACHE EL TEXTO DE TICKET DE CRUZCAMPO (JARRA) AL VALOR JARRA CRUZCAMPO
EXISTE LA IMAGEN DEL PRODUCTO CRUZCAMPO RADLER
EL PARENTESCO ENTRE EL PRODUCTO CRUZCAMPO RADLER Y LA RUTA DE SU IMAGEN ES 0.12
INSERTADO EN CACHE EL PRODUCTO CRUZCAMPO RADLER, FILA 3264, VALORES: CERVEZAS, Barra, Bebidas, imagenesAgora\cervezas\cruzcampo-radler.jpg, None
ACTUALIZADO EN CACHE EL TEXTO DE BOTÓN DE CRUZCAMPO RADLER AL VALOR CR. RADLER
ACTUALIZADO EN CACHE EL TEXTO DE TICKET DE CRUZCAMPO RADLER AL VALOR CRUZCAMPO RADLER
EXISTE LA IMAGEN DEL PRODUCTO MAHOU
EL PARENTESCO ENTRE EL PRODUCTO MAHOU Y LA RUTA DE SU IMAGEN ES 0.33
EXISTE LA IMAGEN DEL PRODUCTO MAHOU 0,0 TOSTADA
EL PARENTESCO ENTRE EL PRODUCTO MAHOU 0,0 TOSTADA Y LA RUTA DE SU IMAGEN ES 0.11
EXISTE LA IMAGEN DEL PRODUCTO TABLA DE QUESOS
EL PARENTESCO ENTRE EL PRODUCTO TABLA DE QUESOS Y LA RUTA DE SU IMAGEN ES 0.12
INSERTADO EN CACHE EL PRODUCTO TABLA DE QUESOS, FILA 3265, VALORES: ENTRANTES, Cocina, Primeros, imagenesAgora\entrantes\tabla-quesos-ok.jpg, None
ACTUALIZADO EN CACHE EL TEXTO DE BOTÓN DE TABLA DE QUESOS AL VALOR T. QUESOS
ACTUALIZADO EN CACHE EL TEXTO DE TICKET DE TABLA DE QUESOS AL VALOR TABLA DE QUESOS
EXISTE LA IMAGEN DEL PRODUCTO CROQUETAS DE ATÚN (TAPA)
EL PARENTESCO ENTRE EL PRODUCTO CROQUETAS DE ATÚN (TAPA) Y LA RUTA DE SU IMAGEN ES 0.09
INSERTADO EN CACHE EL PRODUCTO CROQUETAS DE ATÚN (TAPA), FILA 3266, VALORES: ENTRANTES, Cocina, Primeros, imagenesAgora\entrantes\tapa.jpg, None
ACTUALIZADO EN CACHE EL TEXTO DE BOTÓN DE CROQUETAS DE ATÚN (TAPA) AL VALOR TAPA
ACTUALIZADO EN CACHE EL TEXTO DE TICKET DE CROQUETAS DE ATÚN (TAPA) AL VALOR TAPA CROQUETAS ATÚN
INSERTADO EN CACHE EL PRODUCTO None, FILA 3267, VALORES: None, None, None, None, None
NO EXISTE LA IMAGEN DEL PRODUCTO CROQUETAS DE ATÚN (RACIÓN)
INSERTADO EN CACHE EL PRODUCTO CROQUETAS DE ATÚN (RACIÓN), FILA 3268, VALORES: ENTRANTES, Cocina, Primeros, imagenesAgora\entrantes\racion.jpg, None
ACTUALIZADO EN CACHE EL TEXTO DE BOTÓN DE CROQUETAS DE ATÚN (RACIÓN) AL VALOR RACIÓN
ACTUALIZADO EN CACHE EL TEXTO DE TICKET DE CROQUETAS DE ATÚN (RACIÓN) AL VALOR RAC CROQUETAS ATÚN
NO EXISTE LA IMAGEN DEL PRODUCTO CROQUETAS DE POLLO (TAPA)
INSERTADO EN CACHE EL PRODUCTO CROQUETAS DE POLLO (TAPA), FILA 3269, VALORES: ENTRANTES, Cocina, Primeros, imagenesAgora\entrantes\tapa.jpg, None
ACTUALIZADO EN CACHE EL TEXTO DE BOTÓN DE CROQUETAS DE POLLO (TAPA) AL VALOR TAPA
ACTUALIZADO EN CACHE EL TEXTO DE TICKET DE CROQUETAS DE POLLO (TAPA) AL VALOR TAPA CROQUETAS POLLO
INSERTADO EN CACHE EL PRODUCTO None, FILA 3270, VALORES: None, None, None, None, None
NO EXISTE LA IMAGEN DEL PRODUCTO CROQUETAS DE POLLO (RACIÓN)
INSERTADO EN CACHE EL PRODUCTO CROQUETAS DE POLLO (RACIÓN), FILA 3271, VALORES: ENTRANTES, Cocina, Primeros, imagenesAgora\entrantes\racion.jpg, None
ACTUALIZADO EN CACHE EL TEXTO DE BOTÓN DE CROQUETAS DE POLLO (RACIÓN) AL VALOR RACIÓN
ACTUALIZADO EN CACHE EL TEXTO DE TICKET DE CROQUETAS DE POLLO (RACIÓN) AL VALOR RAC CROQUETAS POLLO
NO EXISTE LA IMAGEN DEL PRODUCTO PAN DE AJO
INSERTADO EN CACHE EL PRODUCTO PAN DE AJO, FILA 3272, VALORES: ENTRANTES, Cocina, Primeros, imagenesAgora\entrantes\pan-de-ajo.jpg, None
ACTUALIZADO EN CACHE EL TEXTO DE BOTÓN DE PAN DE AJO AL VALOR PAN DE AJO
ACTUALIZADO EN CACHE EL TEXTO DE TICKET DE PAN DE AJO AL VALOR PAN DE AJO
EXISTE LA IMAGEN DEL PRODUCTO PAPAS ARRUGADAS (TAPA)
EL PARENTESCO ENTRE EL PRODUCTO PAPAS ARRUGADAS (TAPA) Y LA RUTA DE SU IMAGEN ES 0.10
INSERTADO EN CACHE EL PRODUCTO PAPAS ARRUGADAS (TAPA), FILA 3273, VALORES: ENTRANTES, Cocina, Primeros, imagenesAgora\entrantes\tapa.jpg, None
ACTUALIZADO EN CACHE EL TEXTO DE BOTÓN DE PAPAS ARRUGADAS (TAPA) AL VALOR TAPA
ACTUALIZADO EN CACHE EL TEXTO DE TICKET DE PAPAS ARRUGADAS (TAPA) AL VALOR TAPA PAPAS ARRUGADAS
EXISTE LA IMAGEN DEL PRODUCTO PAPAS ARRUGADAS (RACIÓN)
EL PARENTESCO ENTRE EL PRODUCTO PAPAS ARRUGADAS (RACIÓN) Y LA RUTA DE SU IMAGEN ES 0.09
INSERTADO EN CACHE EL PRODUCTO PAPAS ARRUGADAS (RACIÓN), FILA 3274, VALORES: ENTRANTES, Cocina, Primeros, imagenesAgora\entrantes\racion.jpg, None
ACTUALIZADO EN CACHE EL TEXTO DE BOTÓN DE PAPAS ARRUGADAS (RACIÓN) AL VALOR RACIÓN
ACTUALIZADO EN CACHE EL TEXTO DE TICKET DE PAPAS ARRUGADAS (RACIÓN) AL VALOR RAC PAPAS ARRUGADAS
EXISTE LA IMAGEN DEL PRODUCTO ENSALADA CÉSAR
EL PARENTESCO ENTRE EL PRODUCTO ENSALADA CÉSAR Y LA RUTA DE SU IMAGEN ES 0.13
EXISTE LA IMAGEN DEL PRODUCTO ENSALADA CAPRESE
EL PARENTESCO ENTRE EL PRODUCTO ENSALADA CAPRESE Y LA RUTA DE SU IMAGEN ES 0.12
INSERTADO EN CACHE EL PRODUCTO ENSALADA CAPRESE, FILA 3275, VALORES: ENSALADAS, Cocina, Primeros, imagenesAgora\entrantes\ensalada-caprese.jpg, None
ACTUALIZADO EN CACHE EL TEXTO DE BOTÓN DE ENSALADA CAPRESE AL VALOR E. CAPRESE
ACTUALIZADO EN CACHE EL TEXTO DE TICKET DE ENSALADA CAPRESE AL VALOR ENSALADA CAPRESE
EXISTE LA IMAGEN DEL PRODUCTO ENSALADA GRIEGA
EL PARENTESCO ENTRE EL PRODUCTO ENSALADA GRIEGA Y LA RUTA DE SU IMAGEN ES 0.12
INSERTADO EN CACHE EL PRODUCTO ENSALADA GRIEGA, FILA 3276, VALORES: ENSALADAS, Cocina, Primeros, imagenesAgora\entrantes\ensalada-griega.jpg, None
ACTUALIZADO EN CACHE EL TEXTO DE BOTÓN DE ENSALADA GRIEGA AL VALOR EN. GRIEGA
ACTUALIZADO EN CACHE EL TEXTO DE TICKET DE ENSALADA GRIEGA AL VALOR ENSALADA GRIEGA
EXISTE LA IMAGEN DEL PRODUCTO PIZZA MARGARITA
EL PARENTESCO ENTRE EL PRODUCTO PIZZA MARGARITA Y LA RUTA DE SU IMAGEN ES 0.12
EXISTE LA IMAGEN DEL PRODUCTO PIZZA DE SALMÓN
EL PARENTESCO ENTRE EL PRODUCTO PIZZA DE SALMÓN Y LA RUTA DE SU IMAGEN ES 0.12
INSERTADO EN CACHE EL PRODUCTO PIZZA DE SALMÓN, FILA 3277, VALORES: PIZZAS, Cocina, Primeros, None, None
ACTUALIZADO EN CACHE EL TEXTO DE BOTÓN DE PIZZA DE SALMÓN AL VALOR PIZZA DE SALMÓN
ACTUALIZADO EN CACHE EL TEXTO DE TICKET DE PIZZA DE SALMÓN AL VALOR PIZZA DE SALMÓN
NO EXISTE LA IMAGEN DEL PRODUCTO PIZZA DE JAMÓN
INSERTADO EN CACHE EL PRODUCTO PIZZA DE JAMÓN, FILA 3278, VALORES: PIZZAS, Cocina, Primeros, None, None
ACTUALIZADO EN CACHE EL TEXTO DE BOTÓN DE PIZZA DE JAMÓN AL VALOR PIZZA DE JAMÓN
ACTUALIZADO EN CACHE EL TEXTO DE TICKET DE PIZZA DE JAMÓN AL VALOR PIZZA DE JAMÓN
NO EXISTE LA IMAGEN DEL PRODUCTO FOCACCIA
INSERTADO EN CACHE EL PRODUCTO FOCACCIA, FILA 3279, VALORES: PIZZAS, Cocina, Primeros, None, None
ACTUALIZADO EN CACHE EL TEXTO DE BOTÓN DE FOCACCIA AL VALOR FOCACCIA
ACTUALIZADO EN CACHE EL TEXTO DE TICKET DE FOCACCIA AL VALOR FOCACCIA
NO EXISTE LA IMAGEN DEL PRODUCTO HAMBURGUESA CLÁSICA
INSERTADO EN CACHE EL PRODUCTO HAMBURGUESA CLÁSICA, FILA 3280, VALORES: HAMBURGUESAS, Cocina, Segundos, None, None
ACTUALIZADO EN CACHE EL TEXTO DE BOTÓN DE HAMBURGUESA CLÁSICA AL VALOR HAMB. CLÁSICA
ACTUALIZADO EN CACHE EL TEXTO DE TICKET DE HAMBURGUESA CLÁSICA AL VALOR HAMBURGUESA CLÁSICA
NO EXISTE LA IMAGEN DEL PRODUCTO HAMBURGUESA CON QUESO
INSERTADO EN CACHE EL PRODUCTO HAMBURGUESA CON QUESO, FILA 3281, VALORES: HAMBURGUESAS, Cocina, Segundos, None, None
ACTUALIZADO EN CACHE EL TEXTO DE BOTÓN DE HAMBURGUESA CON QUESO AL VALOR HAMB. CON QUESO
ACTUALIZADO EN CACHE EL TEXTO DE TICKET DE HAMBURGUESA CON QUESO AL VALOR HAMBURGUESA c/QUESO
NO EXISTE LA IMAGEN DEL PRODUCTO HAMBURGUESA DE CARNE
INSERTADO EN CACHE EL PRODUCTO HAMBURGUESA DE CARNE, FILA 3282, VALORES: HAMBURGUESAS, Cocina, Segundos, None, None
ACTUALIZADO EN CACHE EL TEXTO DE BOTÓN DE HAMBURGUESA DE CARNE AL VALOR HAMB. DE CARNE
ACTUALIZADO EN CACHE EL TEXTO DE TICKET DE HAMBURGUESA DE CARNE AL VALOR HAMBURGUESA DE CARNE
NO EXISTE LA IMAGEN DEL PRODUCTO HAMBURGUESA VEGANA
INSERTADO EN CACHE EL PRODUCTO HAMBURGUESA VEGANA, FILA 3283, VALORES: HAMBURGUESAS, Cocina, Segundos, None, None
ACTUALIZADO EN CACHE EL TEXTO DE BOTÓN DE HAMBURGUESA VEGANA AL VALOR HAMB. VEGANA
ACTUALIZADO EN CACHE EL TEXTO DE TICKET DE HAMBURGUESA VEGANA AL VALOR HAMBURGUESA VEGANA
NO EXISTE LA IMAGEN DEL PRODUCTO SOLOMILLO DE CERDO
INSERTADO EN CACHE EL PRODUCTO SOLOMILLO DE CERDO, FILA 3284, VALORES: CARNES, Cocina, Segundos, None, None
ACTUALIZADO EN CACHE EL TEXTO DE BOTÓN DE SOLOMILLO DE CERDO AL VALOR SOLOMILLO DE CERDO
ACTUALIZADO EN CACHE EL TEXTO DE TICKET DE SOLOMILLO DE CERDO AL VALOR SOLOMILLO DE CERDO
NO EXISTE LA IMAGEN DEL PRODUCTO MILANESA DE TERNERA
INSERTADO EN CACHE EL PRODUCTO MILANESA DE TERNERA, FILA 3285, VALORES: CARNES, Cocina, Segundos, None, None
ACTUALIZADO EN CACHE EL TEXTO DE BOTÓN DE MILANESA DE TERNERA AL VALOR MILANESA DE TERNERA
ACTUALIZADO EN CACHE EL TEXTO DE TICKET DE MILANESA DE TERNERA AL VALOR MILANESA DE TERNERA
NO EXISTE LA IMAGEN DEL PRODUCTO PARRILLA ANGUS
INSERTADO EN CACHE EL PRODUCTO PARRILLA ANGUS, FILA 3286, VALORES: CARNES, Cocina, Segundos, None, None
ACTUALIZADO EN CACHE EL TEXTO DE BOTÓN DE PARRILLA ANGUS AL VALOR PARRILLA ANGUS
ACTUALIZADO EN CACHE EL TEXTO DE TICKET DE PARRILLA ANGUS AL VALOR PARRILLA ANGUS
NO EXISTE LA IMAGEN DEL PRODUCTO BROCHETAS DE POLLO
INSERTADO EN CACHE EL PRODUCTO BROCHETAS DE POLLO, FILA 3287, VALORES: CARNES, Cocina, Segundos, None, None
ACTUALIZADO EN CACHE EL TEXTO DE BOTÓN DE BROCHETAS DE POLLO AL VALOR BROCHETAS DE POLLO
ACTUALIZADO EN CACHE EL TEXTO DE TICKET DE BROCHETAS DE POLLO AL VALOR BROCHETAS DE POLLO
NO EXISTE LA IMAGEN DEL PRODUCTO FAJITAS DE CARNE
INSERTADO EN CACHE EL PRODUCTO FAJITAS DE CARNE, FILA 3288, VALORES: CARNES, Cocina, Segundos, None, None
ACTUALIZADO EN CACHE EL TEXTO DE BOTÓN DE FAJITAS DE CARNE AL VALOR FAJITAS DE CARNE
ACTUALIZADO EN CACHE EL TEXTO DE TICKET DE FAJITAS DE CARNE AL VALOR FAJITAS DE CARNE
NO EXISTE LA IMAGEN DEL PRODUCTO POLLO AL GRILL
INSERTADO EN CACHE EL PRODUCTO POLLO AL GRILL, FILA 3289, VALORES: CARNES, Cocina, Segundos, None, None
ACTUALIZADO EN CACHE EL TEXTO DE BOTÓN DE POLLO AL GRILL AL VALOR POLLO AL GRILL
ACTUALIZADO EN CACHE EL TEXTO DE TICKET DE POLLO AL GRILL AL VALOR POLLO AL GRILL
NO EXISTE LA IMAGEN DEL PRODUCTO LUBINA A LA PLANCHA
INSERTADO EN CACHE EL PRODUCTO LUBINA A LA PLANCHA, FILA 3290, VALORES: PESCADOS, Cocina, Segundos, None, None
ACTUALIZADO EN CACHE EL TEXTO DE BOTÓN DE LUBINA A LA PLANCHA AL VALOR LUBINA A LA PLANCHA
ACTUALIZADO EN CACHE EL TEXTO DE TICKET DE LUBINA A LA PLANCHA AL VALOR LUBINA A LA PLANCHA
NO EXISTE LA IMAGEN DEL PRODUCTO CALAMARES EN SALSA
INSERTADO EN CACHE EL PRODUCTO CALAMARES EN SALSA, FILA 3291, VALORES: PESCADOS, Cocina, Segundos, None, None
ACTUALIZADO EN CACHE EL TEXTO DE BOTÓN DE CALAMARES EN SALSA AL VALOR CALAMARES EN SALSA
ACTUALIZADO EN CACHE EL TEXTO DE TICKET DE CALAMARES EN SALSA AL VALOR CALAMARES EN SALSA
NO EXISTE LA IMAGEN DEL PRODUCTO CRUJIENTE DE LANGOSTINO
INSERTADO EN CACHE EL PRODUCTO CRUJIENTE DE LANGOSTINO, FILA 3292, VALORES: PESCADOS, Cocina, Segundos, None, None
ACTUALIZADO EN CACHE EL TEXTO DE BOTÓN DE CRUJIENTE DE LANGOSTINO AL VALOR CRUJIENTE DE LANGOSTINO
ACTUALIZADO EN CACHE EL TEXTO DE TICKET DE CRUJIENTE DE LANGOSTINO AL VALOR CRUJIENTE LANGOSTINO
NO EXISTE LA IMAGEN DEL PRODUCTO ROLLITOS DE MERLUZA
INSERTADO EN CACHE EL PRODUCTO ROLLITOS DE MERLUZA, FILA 3293, VALORES: PESCADOS, Cocina, Segundos, None, None
ACTUALIZADO EN CACHE EL TEXTO DE BOTÓN DE ROLLITOS DE MERLUZA AL VALOR ROLLITOS DE MERLUZA
ACTUALIZADO EN CACHE EL TEXTO DE TICKET DE ROLLITOS DE MERLUZA AL VALOR ROLLITOS DE MERLUZA
NO EXISTE LA IMAGEN DEL PRODUCTO SALMÓN CURADO
INSERTADO EN CACHE EL PRODUCTO SALMÓN CURADO, FILA 3294, VALORES: PESCADOS, Cocina, Segundos, None, None
ACTUALIZADO EN CACHE EL TEXTO DE BOTÓN DE SALMÓN CURADO AL VALOR SALMÓN CURADO
ACTUALIZADO EN CACHE EL TEXTO DE TICKET DE SALMÓN CURADO AL VALOR SALMÓN CURADO
ACTUALIZADA EN CACHE LA DESCRIPCIÓN DE TARTA DE QUESO AL VALOR Trata casera de queso
EXISTE LA IMAGEN DEL PRODUCTO TARTA DE QUESO
EL PARENTESCO ENTRE EL PRODUCTO TARTA DE QUESO Y LA RUTA DE SU IMAGEN ES 0.13
EXISTE LA IMAGEN DEL PRODUCTO TIRAMISÚ
EL PARENTESCO ENTRE EL PRODUCTO TIRAMISÚ Y LA RUTA DE SU IMAGEN ES 0.22
INSERTADO EN CACHE EL PRODUCTO TIRAMISÚ, FILA 3295, VALORES: POSTRES, Cocina, Postres, imagenesAgora\helados\bolas\tiramisu.jpg, None
ACTUALIZADO EN CACHE EL TEXTO DE BOTÓN DE TIRAMISÚ AL VALOR TIRAMISÚ
ACTUALIZADO EN CACHE EL TEXTO DE TICKET DE TIRAMISÚ AL VALOR TIRAMISÚ
EXISTE LA IMAGEN DEL PRODUCTO TARTA DE LA ABUELA
EL PARENTESCO ENTRE EL PRODUCTO TARTA DE LA ABUELA Y LA RUTA DE SU IMAGEN ES 0.11
INSERTADO EN CACHE EL PRODUCTO TARTA DE LA ABUELA, FILA 3296, VALORES: POSTRES, Cocina, Postres, imagenesAgora\postres\tarta-de-la-abuela.png, None
ACTUALIZADO EN CACHE EL TEXTO DE BOTÓN DE TARTA DE LA ABUELA AL VALOR TAR. LA A.
ACTUALIZADO EN CACHE EL TEXTO DE TICKET DE TARTA DE LA ABUELA AL VALOR TARTA DE LA ABUELA
EXISTE LA IMAGEN DEL PRODUCTO TARTA DE ZANAHORIA
EL PARENTESCO ENTRE EL PRODUCTO TARTA DE ZANAHORIA Y LA RUTA DE SU IMAGEN ES 0.11
INSERTADO EN CACHE EL PRODUCTO TARTA DE ZANAHORIA, FILA 3297, VALORES: POSTRES, Cocina, Postres, imagenesAgora\postres\tarta-de-zanahoria.jpg, None
ACTUALIZADO EN CACHE EL TEXTO DE BOTÓN DE TARTA DE ZANAHORIA AL VALOR TARTA ZAN.
ACTUALIZADO EN CACHE EL TEXTO DE TICKET DE TARTA DE ZANAHORIA AL VALOR TARTA DE ZANAHORIA
EXISTE LA IMAGEN DEL PRODUCTO MOUSSE DE GOFIO
EL PARENTESCO ENTRE EL PRODUCTO MOUSSE DE GOFIO Y LA RUTA DE SU IMAGEN ES 0.12
INSERTADO EN CACHE EL PRODUCTO MOUSSE DE GOFIO, FILA 3298, VALORES: POSTRES, Cocina, Postres, imagenesAgora\postres\mousse-gofio-2.jpg, None
ACTUALIZADO EN CACHE EL TEXTO DE BOTÓN DE MOUSSE DE GOFIO AL VALOR MOUSSE G.
ACTUALIZADO EN CACHE EL TEXTO DE TICKET DE MOUSSE DE GOFIO AL VALOR MOUSSE DE GOFIO
EXISTE LA IMAGEN DEL PRODUCTO MOUSSE DE CHOCOLATE
EL PARENTESCO ENTRE EL PRODUCTO MOUSSE DE CHOCOLATE Y LA RUTA DE SU IMAGEN ES 0.10
INSERTADO EN CACHE EL PRODUCTO MOUSSE DE CHOCOLATE, FILA 3299, VALORES: POSTRES, Cocina, Postres, imagenesAgora\postres\mousse-choco.jpg, None
ACTUALIZADO EN CACHE EL TEXTO DE BOTÓN DE MOUSSE DE CHOCOLATE AL VALOR MOUSSE CH.
ACTUALIZADO EN CACHE EL TEXTO DE TICKET DE MOUSSE DE CHOCOLATE AL VALOR MOUSSE DE CHOCOLATE
EXISTE LA IMAGEN DEL PRODUCTO PAPAS FRITAS
EL PARENTESCO ENTRE EL PRODUCTO PAPAS FRITAS Y LA RUTA DE SU IMAGEN ES 0.15
EXISTE LA IMAGEN DEL PRODUCTO PAPAS DELUXE
EL PARENTESCO ENTRE EL PRODUCTO PAPAS DELUXE Y LA RUTA DE SU IMAGEN ES 0.15
INSERTADO EN CACHE EL PRODUCTO PAPAS DELUXE, FILA 3300, VALORES: GUARNICIONES, Cocina, Marche y Pase, imagenesAgora\entrantes\papas-deluxe.jpg, None
ACTUALIZADO EN CACHE EL TEXTO DE BOTÓN DE PAPAS DELUXE AL VALOR PAPAS DEL.
ACTUALIZADO EN CACHE EL TEXTO DE TICKET DE PAPAS DELUXE AL VALOR PAPAS DELUXE
EXISTE LA IMAGEN DEL PRODUCTO NACHOS
EL PARENTESCO ENTRE EL PRODUCTO NACHOS Y LA RUTA DE SU IMAGEN ES 0.29
EXISTE LA IMAGEN DEL PRODUCTO KETCHUP
EL PARENTESCO ENTRE EL PRODUCTO KETCHUP Y LA RUTA DE SU IMAGEN ES 0.25
EXISTE LA IMAGEN DEL PRODUCTO MOSTAZA
EL PARENTESCO ENTRE EL PRODUCTO MOSTAZA Y LA RUTA DE SU IMAGEN ES 0.25
EXISTE LA IMAGEN DEL PRODUCTO MAYONESA
EL PARENTESCO ENTRE EL PRODUCTO MAYONESA Y LA RUTA DE SU IMAGEN ES 0.22
INSERTADO EN CACHE EL PRODUCTO MAYONESA, FILA 3301, VALORES: SALSAS, Cocina, Marche y Pase, imagenesAgora\extras\mayonesa.jpg, None
ACTUALIZADO EN CACHE EL TEXTO DE BOTÓN DE MAYONESA AL VALOR MAYONESA
ACTUALIZADO EN CACHE EL TEXTO DE TICKET DE MAYONESA AL VALOR MAYONESA
EXISTE LA IMAGEN DEL PRODUCTO ALIOLI
EL PARENTESCO ENTRE EL PRODUCTO ALIOLI Y LA RUTA DE SU IMAGEN ES 0.29
EXISTE LA IMAGEN DEL PRODUCTO SALSA BBQ
EL PARENTESCO ENTRE EL PRODUCTO SALSA BBQ Y LA RUTA DE SU IMAGEN ES 0.20
INSERTADO EN CACHE EL PRODUCTO SALSA BBQ, FILA 3302, VALORES: SALSAS, Cocina, Marche y Pase, imagenesAgora\extras\salsa-barbacoa-2.jpg, None
ACTUALIZADO EN CACHE EL TEXTO DE BOTÓN DE SALSA BBQ AL VALOR SALSA BBQ
ACTUALIZADO EN CACHE EL TEXTO DE TICKET DE SALSA BBQ AL VALOR SALSA BBQ
EXISTE LA IMAGEN DEL PRODUCTO GUACAMOLE
EL PARENTESCO ENTRE EL PRODUCTO GUACAMOLE Y LA RUTA DE SU IMAGEN ES 0.20
EXISTE LA IMAGEN DEL PRODUCTO SALSA DELUXE
EL PARENTESCO ENTRE EL PRODUCTO SALSA DELUXE Y LA RUTA DE SU IMAGEN ES 0.15
INSERTADO EN CACHE EL PRODUCTO SALSA DELUXE, FILA 3303, VALORES: SALSAS, Cocina, Marche y Pase, imagenesAgora\extras\salsa-deluxe.jpg, None
ACTUALIZADO EN CACHE EL TEXTO DE BOTÓN DE SALSA DELUXE AL VALOR SALSA DEL.
ACTUALIZADO EN CACHE EL TEXTO DE TICKET DE SALSA DELUXE AL VALOR SALSA DELUXE
EXISTE LA IMAGEN DEL PRODUCTO AREHUCAS ORO (CHUPITO)
EL PARENTESCO ENTRE EL PRODUCTO AREHUCAS ORO (CHUPITO) Y LA RUTA DE SU IMAGEN ES 0.10
INSERTADO EN CACHE EL PRODUCTO AREHUCAS ORO (CHUPITO), FILA 3304, VALORES: RONES, Barra, Bebidas, imagenesAgora\rones\chupito.jpg, None
ACTUALIZADO EN CACHE EL TEXTO DE BOTÓN DE AREHUCAS ORO (CHUPITO) AL VALOR CHUPITO
ACTUALIZADO EN CACHE EL TEXTO DE TICKET DE AREHUCAS ORO (CHUPITO) AL VALOR CHP AREHUCAS ORO
EXISTE LA IMAGEN DEL PRODUCTO AREHUCAS ORO (COPA)
EL PARENTESCO ENTRE EL PRODUCTO AREHUCAS ORO (COPA) Y LA RUTA DE SU IMAGEN ES 0.11
EXISTE LA IMAGEN DEL PRODUCTO AREHUCAS ORO (BOTELLA)
EL PARENTESCO ENTRE EL PRODUCTO AREHUCAS ORO (BOTELLA) Y LA RUTA DE SU IMAGEN ES 0.10
INSERTADO EN CACHE EL PRODUCTO AREHUCAS ORO (BOTELLA), FILA 3305, VALORES: RONES, Barra, Bebidas, imagenesAgora\rones\botella.jpg, None
ACTUALIZADO EN CACHE EL TEXTO DE BOTÓN DE AREHUCAS ORO (BOTELLA) AL VALOR BOTELLA
ACTUALIZADO EN CACHE EL TEXTO DE TICKET DE AREHUCAS ORO (BOTELLA) AL VALOR BOT AREHUCAS ORO
EXISTE LA IMAGEN DEL PRODUCTO AREHUCAS BLANCO (CHUPITO)
EL PARENTESCO ENTRE EL PRODUCTO AREHUCAS BLANCO (CHUPITO) Y LA RUTA DE SU IMAGEN ES 0.08
INSERTADO EN CACHE EL PRODUCTO AREHUCAS BLANCO (CHUPITO), FILA 3306, VALORES: RONES, Barra, Bebidas, imagenesAgora\rones\chupito.jpg, None
ACTUALIZADO EN CACHE EL TEXTO DE BOTÓN DE AREHUCAS BLANCO (CHUPITO) AL VALOR CHUPITO
ACTUALIZADO EN CACHE EL TEXTO DE TICKET DE AREHUCAS BLANCO (CHUPITO) AL VALOR CHP AREHUCAS BLANCO
EXISTE LA IMAGEN DEL PRODUCTO AREHUCAS BLANCO (COPA)
EL PARENTESCO ENTRE EL PRODUCTO AREHUCAS BLANCO (COPA) Y LA RUTA DE SU IMAGEN ES 0.10
EXISTE LA IMAGEN DEL PRODUCTO AREHUCAS BLANCO (BOTELLA)
EL PARENTESCO ENTRE EL PRODUCTO AREHUCAS BLANCO (BOTELLA) Y LA RUTA DE SU IMAGEN ES 0.08
INSERTADO EN CACHE EL PRODUCTO AREHUCAS BLANCO (BOTELLA), FILA 3307, VALORES: RONES, Barra, Bebidas, imagenesAgora\rones\botella.jpg, None
ACTUALIZADO EN CACHE EL TEXTO DE BOTÓN DE AREHUCAS BLANCO (BOTELLA) AL VALOR BOTELLA
ACTUALIZADO EN CACHE EL TEXTO DE TICKET DE AREHUCAS BLANCO (BOTELLA) AL VALOR BOT AREHUCAS BLANCO
EXISTE LA IMAGEN DEL PRODUCTO HAVANA 3 AÑOS (CHUPITO)
EL PARENTESCO ENTRE EL PRODUCTO HAVANA 3 AÑOS (CHUPITO) Y LA RUTA DE SU IMAGEN ES 0.09
INSERTADO EN CACHE EL PRODUCTO HAVANA 3 AÑOS (CHUPITO), FILA 3308, VALORES: RONES, Barra, Bebidas, imagenesAgora\rones\chupito.jpg, None
ACTUALIZADO EN CACHE EL TEXTO DE BOTÓN DE HAVANA 3 AÑOS (CHUPITO) AL VALOR CHUPITO
ACTUALIZADO EN CACHE EL TEXTO DE TICKET DE HAVANA 3 AÑOS (CHUPITO) AL VALOR CHP HAVANA 3 AÑOS
EXISTE LA IMAGEN DEL PRODUCTO HAVANA 3 AÑOS (COPA)
EL PARENTESCO ENTRE EL PRODUCTO HAVANA 3 AÑOS (COPA) Y LA RUTA DE SU IMAGEN ES 0.11
INSERTADO EN CACHE EL PRODUCTO HAVANA 3 AÑOS (COPA), FILA 3309, VALORES: RONES, Barra, Bebidas, imagenesAgora\rones\copa.jpg, None
ACTUALIZADO EN CACHE EL TEXTO DE BOTÓN DE HAVANA 3 AÑOS (COPA) AL VALOR COPA
ACTUALIZADO EN CACHE EL TEXTO DE TICKET DE HAVANA 3 AÑOS (COPA) AL VALOR COPA HAVANA 3 AÑOS
EXISTE LA IMAGEN DEL PRODUCTO HAVANA 3 AÑOS (BOTELLA)
EL PARENTESCO ENTRE EL PRODUCTO HAVANA 3 AÑOS (BOTELLA) Y LA RUTA DE SU IMAGEN ES 0.09
INSERTADO EN CACHE EL PRODUCTO HAVANA 3 AÑOS (BOTELLA), FILA 3310, VALORES: RONES, Barra, Bebidas, imagenesAgora\rones\botella.jpg, None
ACTUALIZADO EN CACHE EL TEXTO DE BOTÓN DE HAVANA 3 AÑOS (BOTELLA) AL VALOR BOTELLA
ACTUALIZADO EN CACHE EL TEXTO DE TICKET DE HAVANA 3 AÑOS (BOTELLA) AL VALOR BOT HAVANA 3 AÑOS
EXISTE LA IMAGEN DEL PRODUCTO HAVANA 7 AÑOS (CHUPITO)
EL PARENTESCO ENTRE EL PRODUCTO HAVANA 7 AÑOS (CHUPITO) Y LA RUTA DE SU IMAGEN ES 0.09
INSERTADO EN CACHE EL PRODUCTO HAVANA 7 AÑOS (CHUPITO), FILA 3311, VALORES: RONES, Barra, Bebidas, imagenesAgora\rones\chupito.jpg, None
ACTUALIZADO EN CACHE EL TEXTO DE BOTÓN DE HAVANA 7 AÑOS (CHUPITO) AL VALOR CHUPITO
ACTUALIZADO EN CACHE EL TEXTO DE TICKET DE HAVANA 7 AÑOS (CHUPITO) AL VALOR CHP HAVANA 7 AÑOS
EXISTE LA IMAGEN DEL PRODUCTO HAVANA 7 AÑOS (COPA)
EL PARENTESCO ENTRE EL PRODUCTO HAVANA 7 AÑOS (COPA) Y LA RUTA DE SU IMAGEN ES 0.11
INSERTADO EN CACHE EL PRODUCTO HAVANA 7 AÑOS (COPA), FILA 3312, VALORES: RONES, Barra, Bebidas, imagenesAgora\rones\copa.jpg, None
ACTUALIZADO EN CACHE EL TEXTO DE BOTÓN DE HAVANA 7 AÑOS (COPA) AL VALOR COPA
ACTUALIZADO EN CACHE EL TEXTO DE TICKET DE HAVANA 7 AÑOS (COPA) AL VALOR COPA HAVANA 7 AÑOS
EXISTE LA IMAGEN DEL PRODUCTO HAVANA 7 AÑOS (BOTELLA)
EL PARENTESCO ENTRE EL PRODUCTO HAVANA 7 AÑOS (BOTELLA) Y LA RUTA DE SU IMAGEN ES 0.09
INSERTADO EN CACHE EL PRODUCTO HAVANA 7 AÑOS (BOTELLA), FILA 3313, VALORES: RONES, Barra, Bebidas, imagenesAgora\rones\botella.jpg, None
ACTUALIZADO EN CACHE EL TEXTO DE BOTÓN DE HAVANA 7 AÑOS (BOTELLA) AL VALOR BOTELLA
ACTUALIZADO EN CACHE EL TEXTO DE TICKET DE HAVANA 7 AÑOS (BOTELLA) AL VALOR BOT HAVANA 7 AÑOS
EXISTE LA IMAGEN DEL PRODUCTO MATUSALEM 7 AÑOS (CHUPITO)
EL PARENTESCO ENTRE EL PRODUCTO MATUSALEM 7 AÑOS (CHUPITO) Y LA RUTA DE SU IMAGEN ES 0.08
INSERTADO EN CACHE EL PRODUCTO MATUSALEM 7 AÑOS (CHUPITO), FILA 3314, VALORES: RONES, Barra, Bebidas, imagenesAgora\rones\chupito.jpg, None
ACTUALIZADO EN CACHE EL TEXTO DE BOTÓN DE MATUSALEM 7 AÑOS (CHUPITO) AL VALOR CHUPITO
ACTUALIZADO EN CACHE EL TEXTO DE TICKET DE MATUSALEM 7 AÑOS (CHUPITO) AL VALOR CHP MATUSALEM 7 AÑOS
EXISTE LA IMAGEN DEL PRODUCTO MATUSALEM 7 AÑOS (COPA)
EL PARENTESCO ENTRE EL PRODUCTO MATUSALEM 7 AÑOS (COPA) Y LA RUTA DE SU IMAGEN ES 0.09
INSERTADO EN CACHE EL PRODUCTO MATUSALEM 7 AÑOS (COPA), FILA 3315, VALORES: RONES, Barra, Bebidas, imagenesAgora\rones\copa.jpg, None
ACTUALIZADO EN CACHE EL TEXTO DE BOTÓN DE MATUSALEM 7 AÑOS (COPA) AL VALOR COPA
ACTUALIZADO EN CACHE EL TEXTO DE TICKET DE MATUSALEM 7 AÑOS (COPA) AL VALOR COPA MATUSALEM 7yr
EXISTE LA IMAGEN DEL PRODUCTO MATUSALEM 7 AÑOS (BOTELLA)
EL PARENTESCO ENTRE EL PRODUCTO MATUSALEM 7 AÑOS (BOTELLA) Y LA RUTA DE SU IMAGEN ES 0.08
INSERTADO EN CACHE EL PRODUCTO MATUSALEM 7 AÑOS (BOTELLA), FILA 3316, VALORES: RONES, Barra, Bebidas, imagenesAgora\rones\botella.jpg, None
ACTUALIZADO EN CACHE EL TEXTO DE BOTÓN DE MATUSALEM 7 AÑOS (BOTELLA) AL VALOR BOTELLA
ACTUALIZADO EN CACHE EL TEXTO DE TICKET DE MATUSALEM 7 AÑOS (BOTELLA) AL VALOR BOT MATUSALEM 7 AÑOS
EXISTE LA IMAGEN DEL PRODUCTO MATUSALEM 15 AÑOS (CHUPITO)
EL PARENTESCO ENTRE EL PRODUCTO MATUSALEM 15 AÑOS (CHUPITO) Y LA RUTA DE SU IMAGEN ES 0.08
INSERTADO EN CACHE EL PRODUCTO MATUSALEM 15 AÑOS (CHUPITO), FILA 3317, VALORES: RONES, Barra, Bebidas, imagenesAgora\rones\chupito.jpg, None
ACTUALIZADO EN CACHE EL TEXTO DE BOTÓN DE MATUSALEM 15 AÑOS (CHUPITO) AL VALOR CHUPITO
ACTUALIZADO EN CACHE EL TEXTO DE TICKET DE MATUSALEM 15 AÑOS (CHUPITO) AL VALOR CHP MATUSALEM 15yr
EXISTE LA IMAGEN DEL PRODUCTO MATUSALEM 15 AÑOS (COPA)
EL PARENTESCO ENTRE EL PRODUCTO MATUSALEM 15 AÑOS (COPA) Y LA RUTA DE SU IMAGEN ES 0.09
INSERTADO EN CACHE EL PRODUCTO MATUSALEM 15 AÑOS (COPA), FILA 3318, VALORES: RONES, Barra, Bebidas, imagenesAgora\rones\copa.jpg, None
ACTUALIZADO EN CACHE EL TEXTO DE BOTÓN DE MATUSALEM 15 AÑOS (COPA) AL VALOR COPA
ACTUALIZADO EN CACHE EL TEXTO DE TICKET DE MATUSALEM 15 AÑOS (COPA) AL VALOR COPA MATUSALEM 15yr
EXISTE LA IMAGEN DEL PRODUCTO MATUSALEM 15 AÑOS (BOTELLA)
EL PARENTESCO ENTRE EL PRODUCTO MATUSALEM 15 AÑOS (BOTELLA) Y LA RUTA DE SU IMAGEN ES 0.08
INSERTADO EN CACHE EL PRODUCTO MATUSALEM 15 AÑOS (BOTELLA), FILA 3319, VALORES: RONES, Barra, Bebidas, imagenesAgora\rones\botella.jpg, None
ACTUALIZADO EN CACHE EL TEXTO DE BOTÓN DE MATUSALEM 15 AÑOS (BOTELLA) AL VALOR BOTELLA
ACTUALIZADO EN CACHE EL TEXTO DE TICKET DE MATUSALEM 15 AÑOS (BOTELLA) AL VALOR BOT MATUSALEM 15yr
EXISTE LA IMAGEN DEL PRODUCTO TELDE (CHUPITO)
EL PARENTESCO ENTRE EL PRODUCTO TELDE (CHUPITO) Y LA RUTA DE SU IMAGEN ES 0.14
INSERTADO EN CACHE EL PRODUCTO TELDE (CHUPITO), FILA 3320, VALORES: RONES, Barra, Bebidas, imagenesAgora\rones\chupito.jpg, None
ACTUALIZADO EN CACHE EL TEXTO DE BOTÓN DE TELDE (CHUPITO) AL VALOR CHUPITO
ACTUALIZADO EN CACHE EL TEXTO DE TICKET DE TELDE (CHUPITO) AL VALOR CHP TELDE
EXISTE LA IMAGEN DEL PRODUCTO TELDE (COPA)
EL PARENTESCO ENTRE EL PRODUCTO TELDE (COPA) Y LA RUTA DE SU IMAGEN ES 0.18
INSERTADO EN CACHE EL PRODUCTO TELDE (COPA), FILA 3321, VALORES: RONES, Barra, Bebidas, imagenesAgora\rones\copa.jpg, None
ACTUALIZADO EN CACHE EL TEXTO DE BOTÓN DE TELDE (COPA) AL VALOR COPA
ACTUALIZADO EN CACHE EL TEXTO DE TICKET DE TELDE (COPA) AL VALOR COPA TELDE
EXISTE LA IMAGEN DEL PRODUCTO TELDE (BOTELLA)
EL PARENTESCO ENTRE EL PRODUCTO TELDE (BOTELLA) Y LA RUTA DE SU IMAGEN ES 0.14
INSERTADO EN CACHE EL PRODUCTO TELDE (BOTELLA), FILA 3322, VALORES: RONES, Barra, Bebidas, imagenesAgora\rones\botella.jpg, None
ACTUALIZADO EN CACHE EL TEXTO DE BOTÓN DE TELDE (BOTELLA) AL VALOR BOTELLA
ACTUALIZADO EN CACHE EL TEXTO DE TICKET DE TELDE (BOTELLA) AL VALOR BOT TELDE
EXISTE LA IMAGEN DEL PRODUCTO DAIQUIRI ORIGINAL
EL PARENTESCO ENTRE EL PRODUCTO DAIQUIRI ORIGINAL Y LA RUTA DE SU IMAGEN ES 0.11
INSERTADO EN CACHE EL PRODUCTO DAIQUIRI ORIGINAL, FILA 3323, VALORES: COCKTAILS, Barra, Bebidas, imagenesAgora\cocteles\daiquiri-original.jpg, None
ACTUALIZADO EN CACHE EL TEXTO DE BOTÓN DE DAIQUIRI ORIGINAL AL VALOR DO
ACTUALIZADO EN CACHE EL TEXTO DE TICKET DE DAIQUIRI ORIGINAL AL VALOR DAIQUIRI ORIGINAL
EXISTE LA IMAGEN DEL PRODUCTO DAIQUIRI FRESA
EL PARENTESCO ENTRE EL PRODUCTO DAIQUIRI FRESA Y LA RUTA DE SU IMAGEN ES 0.13
EXISTE LA IMAGEN DEL PRODUCTO NEGRONI
EL PARENTESCO ENTRE EL PRODUCTO NEGRONI Y LA RUTA DE SU IMAGEN ES 0.25
EXISTE LA IMAGEN DEL PRODUCTO BLOODY MARY
EL PARENTESCO ENTRE EL PRODUCTO BLOODY MARY Y LA RUTA DE SU IMAGEN ES 0.17
INSERTADO EN CACHE EL PRODUCTO BLOODY MARY, FILA 3324, VALORES: COCKTAILS, Barra, Bebidas, imagenesAgora\cocteles\blody-mary.jpg.png, None
ACTUALIZADO EN CACHE EL TEXTO DE BOTÓN DE BLOODY MARY AL VALOR BLOODY M.
ACTUALIZADO EN CACHE EL TEXTO DE TICKET DE BLOODY MARY AL VALOR BLOODY MARY
EXISTE LA IMAGEN DEL PRODUCTO JB (CHUPITO)
EL PARENTESCO ENTRE EL PRODUCTO JB (CHUPITO) Y LA RUTA DE SU IMAGEN ES 0.18
INSERTADO EN CACHE EL PRODUCTO JB (CHUPITO), FILA 3325, VALORES: WHISKIES, Barra, Bebidas, imagenesAgora\whiskies\chupito.jpg, None
ACTUALIZADO EN CACHE EL TEXTO DE BOTÓN DE JB (CHUPITO) AL VALOR CHUPITO
ACTUALIZADO EN CACHE EL TEXTO DE TICKET DE JB (CHUPITO) AL VALOR CHP JB
EXISTE LA IMAGEN DEL PRODUCTO JB (COPA)
EL PARENTESCO ENTRE EL PRODUCTO JB (COPA) Y LA RUTA DE SU IMAGEN ES 0.25
EXISTE LA IMAGEN DEL PRODUCTO JB (BOTELLA)
EL PARENTESCO ENTRE EL PRODUCTO JB (BOTELLA) Y LA RUTA DE SU IMAGEN ES 0.18
INSERTADO EN CACHE EL PRODUCTO JB (BOTELLA), FILA 3326, VALORES: WHISKIES, Barra, Bebidas, imagenesAgora\whiskies\botella.jpg, None
ACTUALIZADO EN CACHE EL TEXTO DE BOTÓN DE JB (BOTELLA) AL VALOR BOTELLA
ACTUALIZADO EN CACHE EL TEXTO DE TICKET DE JB (BOTELLA) AL VALOR BOT JB
EXISTE LA IMAGEN DEL PRODUCTO JOHNNIE WALKER BLACK LABEL (CHUPITO)
EL PARENTESCO ENTRE EL PRODUCTO JOHNNIE WALKER BLACK LABEL (CHUPITO) Y LA RUTA DE SU IMAGEN ES 0.06
INSERTADO EN CACHE EL PRODUCTO JOHNNIE WALKER BLACK LABEL (CHUPITO), FILA 3327, VALORES: WHISKIES, Barra, Bebidas, imagenesAgora\whiskies\chupito.jpg, None
ACTUALIZADO EN CACHE EL TEXTO DE BOTÓN DE JOHNNIE WALKER BLACK LABEL (CHUPITO) AL VALOR CHUPITO
ACTUALIZADO EN CACHE EL TEXTO DE TICKET DE JOHNNIE WALKER BLACK LABEL (CHUPITO) AL VALOR CHP JOHNNIE WB LABEL
INSERTADO EN CACHE EL PRODUCTO None, FILA 3328, VALORES: None, None, None, None, None
EXISTE LA IMAGEN DEL PRODUCTO JOHNNIE WALKER BLACK LABEL (COPA)
EL PARENTESCO ENTRE EL PRODUCTO JOHNNIE WALKER BLACK LABEL (COPA) Y LA RUTA DE SU IMAGEN ES 0.06
INSERTADO EN CACHE EL PRODUCTO JOHNNIE WALKER BLACK LABEL (COPA), FILA 3329, VALORES: WHISKIES, Barra, Bebidas, imagenesAgora\whiskies\copa.jpg, None
ACTUALIZADO EN CACHE EL TEXTO DE BOTÓN DE JOHNNIE WALKER BLACK LABEL (COPA) AL VALOR COPA
ACTUALIZADO EN CACHE EL TEXTO DE TICKET DE JOHNNIE WALKER BLACK LABEL (COPA) AL VALOR COPA JW BLACK LABEL
EXISTE LA IMAGEN DEL PRODUCTO JOHNNIE WALKER BLACK LABEL (BOTELLA)
EL PARENTESCO ENTRE EL PRODUCTO JOHNNIE WALKER BLACK LABEL (BOTELLA) Y LA RUTA DE SU IMAGEN ES 0.06
INSERTADO EN CACHE EL PRODUCTO JOHNNIE WALKER BLACK LABEL (BOTELLA), FILA 3330, VALORES: WHISKIES, Barra, Bebidas, imagenesAgora\whiskies\botella.jpg, None
ACTUALIZADO EN CACHE EL TEXTO DE BOTÓN DE JOHNNIE WALKER BLACK LABEL (BOTELLA) AL VALOR BOTELLA
ACTUALIZADO EN CACHE EL TEXTO DE TICKET DE JOHNNIE WALKER BLACK LABEL (BOTELLA) AL VALOR BOT JOHNNIE WB LABEL
EXISTE LA IMAGEN DEL PRODUCTO JOHNNIE WALKER RED LABEL (CHUPITO)
EL PARENTESCO ENTRE EL PRODUCTO JOHNNIE WALKER RED LABEL (CHUPITO) Y LA RUTA DE SU IMAGEN ES 0.06
INSERTADO EN CACHE EL PRODUCTO JOHNNIE WALKER RED LABEL (CHUPITO), FILA 3331, VALORES: WHISKIES, Barra, Bebidas, imagenesAgora\whiskies\chupito.jpg, None
ACTUALIZADO EN CACHE EL TEXTO DE BOTÓN DE JOHNNIE WALKER RED LABEL (CHUPITO) AL VALOR CHUPITO
ACTUALIZADO EN CACHE EL TEXTO DE TICKET DE JOHNNIE WALKER RED LABEL (CHUPITO) AL VALOR CHP JOHNNIE WR LABEL
INSERTADO EN CACHE EL PRODUCTO None, FILA 3332, VALORES: None, None, None, None, None
EXISTE LA IMAGEN DEL PRODUCTO JOHNNIE WALKER RED LABEL (COPA)
EL PARENTESCO ENTRE EL PRODUCTO JOHNNIE WALKER RED LABEL (COPA) Y LA RUTA DE SU IMAGEN ES 0.07
INSERTADO EN CACHE EL PRODUCTO JOHNNIE WALKER RED LABEL (COPA), FILA 3333, VALORES: WHISKIES, Barra, Bebidas, imagenesAgora\whiskies\copa.jpg, None
ACTUALIZADO EN CACHE EL TEXTO DE BOTÓN DE JOHNNIE WALKER RED LABEL (COPA) AL VALOR COPA
ACTUALIZADO EN CACHE EL TEXTO DE TICKET DE JOHNNIE WALKER RED LABEL (COPA) AL VALOR COPA JW RED LABEL
EXISTE LA IMAGEN DEL PRODUCTO JOHNNIE WALKER RED LABEL (BOTELLA)
EL PARENTESCO ENTRE EL PRODUCTO JOHNNIE WALKER RED LABEL (BOTELLA) Y LA RUTA DE SU IMAGEN ES 0.06
INSERTADO EN CACHE EL PRODUCTO JOHNNIE WALKER RED LABEL (BOTELLA), FILA 3334, VALORES: WHISKIES, Barra, Bebidas, imagenesAgora\whiskies\botella.jpg, None
ACTUALIZADO EN CACHE EL TEXTO DE BOTÓN DE JOHNNIE WALKER RED LABEL (BOTELLA) AL VALOR BOTELLA
ACTUALIZADO EN CACHE EL TEXTO DE TICKET DE JOHNNIE WALKER RED LABEL (BOTELLA) AL VALOR BOT JOHNNIE WR LABEL
EXISTE LA IMAGEN DEL PRODUCTO JOHNNIE WALKER BLUE LABEL (CHUPITO)
EL PARENTESCO ENTRE EL PRODUCTO JOHNNIE WALKER BLUE LABEL (CHUPITO) Y LA RUTA DE SU IMAGEN ES 0.06
INSERTADO EN CACHE EL PRODUCTO JOHNNIE WALKER BLUE LABEL (CHUPITO), FILA 3335, VALORES: WHISKIES, Barra, Bebidas, imagenesAgora\whiskies\chupito.jpg, None
ACTUALIZADO EN CACHE EL TEXTO DE BOTÓN DE JOHNNIE WALKER BLUE LABEL (CHUPITO) AL VALOR CHUPITO
ACTUALIZADO EN CACHE EL TEXTO DE TICKET DE JOHNNIE WALKER BLUE LABEL (CHUPITO) AL VALOR CHP JOHNNIE WB LABEL
INSERTADO EN CACHE EL PRODUCTO None, FILA 3336, VALORES: None, None, None, None, None
NO EXISTE LA IMAGEN DEL PRODUCTO JOHNNIE WALKER BLUE LABEL (COPA)
INSERTADO EN CACHE EL PRODUCTO JOHNNIE WALKER BLUE LABEL (COPA), FILA 3337, VALORES: WHISKIES, Barra, Bebidas, imagenesAgora\whiskies\copa.jpg, None
ACTUALIZADO EN CACHE EL TEXTO DE BOTÓN DE JOHNNIE WALKER BLUE LABEL (COPA) AL VALOR COPA
ACTUALIZADO EN CACHE EL TEXTO DE TICKET DE JOHNNIE WALKER BLUE LABEL (COPA) AL VALOR COPA JW BLUE LABEL
NO EXISTE LA IMAGEN DEL PRODUCTO JOHNNIE WALKER BLUE LABEL (BOTELLA)
INSERTADO EN CACHE EL PRODUCTO JOHNNIE WALKER BLUE LABEL (BOTELLA), FILA 3338, VALORES: WHISKIES, Barra, Bebidas, imagenesAgora\whiskies\botella.jpg, None
ACTUALIZADO EN CACHE EL TEXTO DE BOTÓN DE JOHNNIE WALKER BLUE LABEL (BOTELLA) AL VALOR BOTELLA
ACTUALIZADO EN CACHE EL TEXTO DE TICKET DE JOHNNIE WALKER BLUE LABEL (BOTELLA) AL VALOR BOT JOHNNIE WB LABEL
NO EXISTE LA IMAGEN DEL PRODUCTO JOHN HAIG (CHUPITO)
INSERTADO EN CACHE EL PRODUCTO JOHN HAIG (CHUPITO), FILA 3339, VALORES: WHISKIES, Barra, Bebidas, imagenesAgora\whiskies\chupito.jpg, None
ACTUALIZADO EN CACHE EL TEXTO DE BOTÓN DE JOHN HAIG (CHUPITO) AL VALOR CHUPITO
ACTUALIZADO EN CACHE EL TEXTO DE TICKET DE JOHN HAIG (CHUPITO) AL VALOR CHP JOHN HAIG
EXISTE LA IMAGEN DEL PRODUCTO JOHN HAIG (COPA)
EL PARENTESCO ENTRE EL PRODUCTO JOHN HAIG (COPA) Y LA RUTA DE SU IMAGEN ES 0.13
EXISTE LA IMAGEN DEL PRODUCTO JOHN HAIG (BOTELLA)
EL PARENTESCO ENTRE EL PRODUCTO JOHN HAIG (BOTELLA) Y LA RUTA DE SU IMAGEN ES 0.11
INSERTADO EN CACHE EL PRODUCTO JOHN HAIG (BOTELLA), FILA 3340, VALORES: WHISKIES, Barra, Bebidas, imagenesAgora\whiskies\botella.jpg, None
ACTUALIZADO EN CACHE EL TEXTO DE BOTÓN DE JOHN HAIG (BOTELLA) AL VALOR BOTELLA
ACTUALIZADO EN CACHE EL TEXTO DE TICKET DE JOHN HAIG (BOTELLA) AL VALOR BOT JOHN HAIG
EXISTE LA IMAGEN DEL PRODUCTO MACALLAN (CHUPITO)
EL PARENTESCO ENTRE EL PRODUCTO MACALLAN (CHUPITO) Y LA RUTA DE SU IMAGEN ES 0.12
INSERTADO EN CACHE EL PRODUCTO MACALLAN (CHUPITO), FILA 3341, VALORES: WHISKIES, Barra, Bebidas, imagenesAgora\whiskies\chupito.jpg, None
ACTUALIZADO EN CACHE EL TEXTO DE BOTÓN DE MACALLAN (CHUPITO) AL VALOR CHUPITO
ACTUALIZADO EN CACHE EL TEXTO DE TICKET DE MACALLAN (CHUPITO) AL VALOR CHP MACALLAN
EXISTE LA IMAGEN DEL PRODUCTO MACALLAN (COPA)
EL PARENTESCO ENTRE EL PRODUCTO MACALLAN (COPA) Y LA RUTA DE SU IMAGEN ES 0.14
INSERTADO EN CACHE EL PRODUCTO MACALLAN (COPA), FILA 3342, VALORES: WHISKIES, Barra, Bebidas, imagenesAgora\whiskies\copa.jpg, None
ACTUALIZADO EN CACHE EL TEXTO DE BOTÓN DE MACALLAN (COPA) AL VALOR COPA
ACTUALIZADO EN CACHE EL TEXTO DE TICKET DE MACALLAN (COPA) AL VALOR COPA MACALLAN
EXISTE LA IMAGEN DEL PRODUCTO MACALLAN (BOTELLA)
EL PARENTESCO ENTRE EL PRODUCTO MACALLAN (BOTELLA) Y LA RUTA DE SU IMAGEN ES 0.12
INSERTADO EN CACHE EL PRODUCTO MACALLAN (BOTELLA), FILA 3343, VALORES: WHISKIES, Barra, Bebidas, imagenesAgora\whiskies\botella.jpg, None
ACTUALIZADO EN CACHE EL TEXTO DE BOTÓN DE MACALLAN (BOTELLA) AL VALOR BOTELLA
ACTUALIZADO EN CACHE EL TEXTO DE TICKET DE MACALLAN (BOTELLA) AL VALOR BOT MACALLAN
EXISTE LA IMAGEN DEL PRODUCTO BALLANTINE'S (CHUPITO)
EL PARENTESCO ENTRE EL PRODUCTO BALLANTINE'S (CHUPITO) Y LA RUTA DE SU IMAGEN ES 0.10
INSERTADO EN CACHE EL PRODUCTO BALLANTINE'S (CHUPITO), FILA 3344, VALORES: WHISKIES, Barra, Bebidas, imagenesAgora\whiskies\chupito.jpg, None
ACTUALIZADO EN CACHE EL TEXTO DE BOTÓN DE BALLANTINE'S (CHUPITO) AL VALOR CHUPITO
ACTUALIZADO EN CACHE EL TEXTO DE TICKET DE BALLANTINE'S (CHUPITO) AL VALOR CHP BALLANTINE'S
EXISTE LA IMAGEN DEL PRODUCTO BALLANTINE'S (COPA)
EL PARENTESCO ENTRE EL PRODUCTO BALLANTINE'S (COPA) Y LA RUTA DE SU IMAGEN ES 0.11
INSERTADO EN CACHE EL PRODUCTO BALLANTINE'S (COPA), FILA 3345, VALORES: WHISKIES, Barra, Bebidas, imagenesAgora\whiskies\copa.jpg, None
ACTUALIZADO EN CACHE EL TEXTO DE BOTÓN DE BALLANTINE'S (COPA) AL VALOR COPA
ACTUALIZADO EN CACHE EL TEXTO DE TICKET DE BALLANTINE'S (COPA) AL VALOR COPA BALLANTINE'S
EXISTE LA IMAGEN DEL PRODUCTO BALLANTINE'S (BOTELLA)
EL PARENTESCO ENTRE EL PRODUCTO BALLANTINE'S (BOTELLA) Y LA RUTA DE SU IMAGEN ES 0.10
INSERTADO EN CACHE EL PRODUCTO BALLANTINE'S (BOTELLA), FILA 3346, VALORES: WHISKIES, Barra, Bebidas, imagenesAgora\whiskies\botella.jpg, None
ACTUALIZADO EN CACHE EL TEXTO DE BOTÓN DE BALLANTINE'S (BOTELLA) AL VALOR BOTELLA
ACTUALIZADO EN CACHE EL TEXTO DE TICKET DE BALLANTINE'S (BOTELLA) AL VALOR BOT BALLANTINE'S
EXISTE LA IMAGEN DEL PRODUCTO BEEFEATER (CHUPITO)
EL PARENTESCO ENTRE EL PRODUCTO BEEFEATER (CHUPITO) Y LA RUTA DE SU IMAGEN ES 0.11
INSERTADO EN CACHE EL PRODUCTO BEEFEATER (CHUPITO), FILA 3347, VALORES: GINEBRAS, Barra, Bebidas, imagenesAgora\ginebras\chupito.jpg, None
ACTUALIZADO EN CACHE EL TEXTO DE BOTÓN DE BEEFEATER (CHUPITO) AL VALOR CHUPITO
ACTUALIZADO EN CACHE EL TEXTO DE TICKET DE BEEFEATER (CHUPITO) AL VALOR CHP BEEFEATER
EXISTE LA IMAGEN DEL PRODUCTO BEEFEATER (COPA)
EL PARENTESCO ENTRE EL PRODUCTO BEEFEATER (COPA) Y LA RUTA DE SU IMAGEN ES 0.13
EXISTE LA IMAGEN DEL PRODUCTO BEEFEATER (BOTELLA)
EL PARENTESCO ENTRE EL PRODUCTO BEEFEATER (BOTELLA) Y LA RUTA DE SU IMAGEN ES 0.11
INSERTADO EN CACHE EL PRODUCTO BEEFEATER (BOTELLA), FILA 3348, VALORES: GINEBRAS, Barra, Bebidas, imagenesAgora\ginebras\botella.jpg, None
ACTUALIZADO EN CACHE EL TEXTO DE BOTÓN DE BEEFEATER (BOTELLA) AL VALOR BOTELLA
ACTUALIZADO EN CACHE EL TEXTO DE TICKET DE BEEFEATER (BOTELLA) AL VALOR BOT BEEFEATER
EXISTE LA IMAGEN DEL PRODUCTO BEEFEATER LIGHT (CHUPITO)
EL PARENTESCO ENTRE EL PRODUCTO BEEFEATER LIGHT (CHUPITO) Y LA RUTA DE SU IMAGEN ES 0.08
INSERTADO EN CACHE EL PRODUCTO BEEFEATER LIGHT (CHUPITO), FILA 3349, VALORES: GINEBRAS, Barra, Bebidas, imagenesAgora\ginebras\chupito.jpg, None
ACTUALIZADO EN CACHE EL TEXTO DE BOTÓN DE BEEFEATER LIGHT (CHUPITO) AL VALOR CHUPITO
ACTUALIZADO EN CACHE EL TEXTO DE TICKET DE BEEFEATER LIGHT (CHUPITO) AL VALOR CHP BEEFEATER LIGHT
INSERTADO EN CACHE EL PRODUCTO None, FILA 3350, VALORES: None, None, None, None, None
EXISTE LA IMAGEN DEL PRODUCTO BEEFEATER LIGHT (COPA)
EL PARENTESCO ENTRE EL PRODUCTO BEEFEATER LIGHT (COPA) Y LA RUTA DE SU IMAGEN ES 0.10
INSERTADO EN CACHE EL PRODUCTO BEEFEATER LIGHT (COPA), FILA 3351, VALORES: GINEBRAS, Barra, Bebidas, imagenesAgora\ginebras\copa.jpg, None
ACTUALIZADO EN CACHE EL TEXTO DE BOTÓN DE BEEFEATER LIGHT (COPA) AL VALOR COPA
ACTUALIZADO EN CACHE EL TEXTO DE TICKET DE BEEFEATER LIGHT (COPA) AL VALOR COPA BEEFEATER LIGHT
EXISTE LA IMAGEN DEL PRODUCTO BEEFEATER LIGHT (BOTELLA)
EL PARENTESCO ENTRE EL PRODUCTO BEEFEATER LIGHT (BOTELLA) Y LA RUTA DE SU IMAGEN ES 0.08
INSERTADO EN CACHE EL PRODUCTO BEEFEATER LIGHT (BOTELLA), FILA 3352, VALORES: GINEBRAS, Barra, Bebidas, imagenesAgora\ginebras\botella.jpg, None
ACTUALIZADO EN CACHE EL TEXTO DE BOTÓN DE BEEFEATER LIGHT (BOTELLA) AL VALOR BOTELLA
ACTUALIZADO EN CACHE EL TEXTO DE TICKET DE BEEFEATER LIGHT (BOTELLA) AL VALOR BOT BEEFEATER LIGHT
EXISTE LA IMAGEN DEL PRODUCTO BOMBAY SAPPHIRE (CHUPITO)
EL PARENTESCO ENTRE EL PRODUCTO BOMBAY SAPPHIRE (CHUPITO) Y LA RUTA DE SU IMAGEN ES 0.08
INSERTADO EN CACHE EL PRODUCTO BOMBAY SAPPHIRE (CHUPITO), FILA 3353, VALORES: GINEBRAS, Barra, Bebidas, imagenesAgora\ginebras\chupito.jpg, None
ACTUALIZADO EN CACHE EL TEXTO DE BOTÓN DE BOMBAY SAPPHIRE (CHUPITO) AL VALOR CHUPITO
ACTUALIZADO EN CACHE EL TEXTO DE TICKET DE BOMBAY SAPPHIRE (CHUPITO) AL VALOR CHP BOMBAY SAPPHIRE
EXISTE LA IMAGEN DEL PRODUCTO BOMBAY SAPPHIRE (COPA)
EL PARENTESCO ENTRE EL PRODUCTO BOMBAY SAPPHIRE (COPA) Y LA RUTA DE SU IMAGEN ES 0.10
INSERTADO EN CACHE EL PRODUCTO BOMBAY SAPPHIRE (COPA), FILA 3354, VALORES: GINEBRAS, Barra, Bebidas, imagenesAgora\ginebras\copa.jpg, None
ACTUALIZADO EN CACHE EL TEXTO DE BOTÓN DE BOMBAY SAPPHIRE (COPA) AL VALOR COPA
ACTUALIZADO EN CACHE EL TEXTO DE TICKET DE BOMBAY SAPPHIRE (COPA) AL VALOR COPA BOMBAY SAPPHIRE
EXISTE LA IMAGEN DEL PRODUCTO BOMBAY SAPPHIRE (BOTELLA)
EL PARENTESCO ENTRE EL PRODUCTO BOMBAY SAPPHIRE (BOTELLA) Y LA RUTA DE SU IMAGEN ES 0.08
INSERTADO EN CACHE EL PRODUCTO BOMBAY SAPPHIRE (BOTELLA), FILA 3355, VALORES: GINEBRAS, Barra, Bebidas, imagenesAgora\ginebras\botella.jpg, None
ACTUALIZADO EN CACHE EL TEXTO DE BOTÓN DE BOMBAY SAPPHIRE (BOTELLA) AL VALOR BOTELLA
ACTUALIZADO EN CACHE EL TEXTO DE TICKET DE BOMBAY SAPPHIRE (BOTELLA) AL VALOR BOT BOMBAY SAPPHIRE
EXISTE LA IMAGEN DEL PRODUCTO GIN MARE CAPRI (CHUPITO)
EL PARENTESCO ENTRE EL PRODUCTO GIN MARE CAPRI (CHUPITO) Y LA RUTA DE SU IMAGEN ES 0.09
INSERTADO EN CACHE EL PRODUCTO GIN MARE CAPRI (CHUPITO), FILA 3356, VALORES: GINEBRAS, Barra, Bebidas, imagenesAgora\ginebras\chupito.jpg, None
ACTUALIZADO EN CACHE EL TEXTO DE BOTÓN DE GIN MARE CAPRI (CHUPITO) AL VALOR CHUPITO
ACTUALIZADO EN CACHE EL TEXTO DE TICKET DE GIN MARE CAPRI (CHUPITO) AL VALOR CHP GIN MARE CAPRI
INSERTADO EN CACHE EL PRODUCTO None, FILA 3357, VALORES: None, None, None, None, None
EXISTE LA IMAGEN DEL PRODUCTO GIN MARE CAPRI (COPA)
EL PARENTESCO ENTRE EL PRODUCTO GIN MARE CAPRI (COPA) Y LA RUTA DE SU IMAGEN ES 0.10
INSERTADO EN CACHE EL PRODUCTO GIN MARE CAPRI (COPA), FILA 3358, VALORES: GINEBRAS, Barra, Bebidas, imagenesAgora\ginebras\copa.jpg, None
ACTUALIZADO EN CACHE EL TEXTO DE BOTÓN DE GIN MARE CAPRI (COPA) AL VALOR COPA
ACTUALIZADO EN CACHE EL TEXTO DE TICKET DE GIN MARE CAPRI (COPA) AL VALOR COPA GIN MARE CAPRI
EXISTE LA IMAGEN DEL PRODUCTO GIN MARE CAPRI (BOTELLA)
EL PARENTESCO ENTRE EL PRODUCTO GIN MARE CAPRI (BOTELLA) Y LA RUTA DE SU IMAGEN ES 0.09
INSERTADO EN CACHE EL PRODUCTO GIN MARE CAPRI (BOTELLA), FILA 3359, VALORES: GINEBRAS, Barra, Bebidas, imagenesAgora\ginebras\botella.jpg, None
ACTUALIZADO EN CACHE EL TEXTO DE BOTÓN DE GIN MARE CAPRI (BOTELLA) AL VALOR BOTELLA
ACTUALIZADO EN CACHE EL TEXTO DE TICKET DE GIN MARE CAPRI (BOTELLA) AL VALOR BOT GIN MARE CAPRI
EXISTE LA IMAGEN DEL PRODUCTO G-VINE (CHUPITO)
EL PARENTESCO ENTRE EL PRODUCTO G-VINE (CHUPITO) Y LA RUTA DE SU IMAGEN ES 0.13
INSERTADO EN CACHE EL PRODUCTO G-VINE (CHUPITO), FILA 3360, VALORES: GINEBRAS, Barra, Bebidas, imagenesAgora\ginebras\chupito.jpg, None
ACTUALIZADO EN CACHE EL TEXTO DE BOTÓN DE G-VINE (CHUPITO) AL VALOR CHUPITO
ACTUALIZADO EN CACHE EL TEXTO DE TICKET DE G-VINE (CHUPITO) AL VALOR CHP G-VINE
INSERTADO EN CACHE EL PRODUCTO None, FILA 3361, VALORES: None, None, None, None, None
NO EXISTE LA IMAGEN DEL PRODUCTO G-VINE (COPA)
INSERTADO EN CACHE EL PRODUCTO G-VINE (COPA), FILA 3362, VALORES: GINEBRAS, Barra, Bebidas, imagenesAgora\ginebras\copa.jpg, None
ACTUALIZADO EN CACHE EL TEXTO DE BOTÓN DE G-VINE (COPA) AL VALOR COPA
ACTUALIZADO EN CACHE EL TEXTO DE TICKET DE G-VINE (COPA) AL VALOR COPA G-VINE
NO EXISTE LA IMAGEN DEL PRODUCTO G-VINE (BOTELLA)
INSERTADO EN CACHE EL PRODUCTO G-VINE (BOTELLA), FILA 3363, VALORES: GINEBRAS, Barra, Bebidas, imagenesAgora\ginebras\botella.jpg, None
ACTUALIZADO EN CACHE EL TEXTO DE BOTÓN DE G-VINE (BOTELLA) AL VALOR BOTELLA
ACTUALIZADO EN CACHE EL TEXTO DE TICKET DE G-VINE (BOTELLA) AL VALOR BOT G-VINE
NO EXISTE LA IMAGEN DEL PRODUCTO TANQUERAY (CHUPITO)
INSERTADO EN CACHE EL PRODUCTO TANQUERAY (CHUPITO), FILA 3364, VALORES: GINEBRAS, Barra, Bebidas, imagenesAgora\ginebras\chupito.jpg, None
ACTUALIZADO EN CACHE EL TEXTO DE BOTÓN DE TANQUERAY (CHUPITO) AL VALOR CHUPITO
ACTUALIZADO EN CACHE EL TEXTO DE TICKET DE TANQUERAY (CHUPITO) AL VALOR CHP TANQUERAY
EXISTE LA IMAGEN DEL PRODUCTO TANQUERAY (COPA)
EL PARENTESCO ENTRE EL PRODUCTO TANQUERAY (COPA) Y LA RUTA DE SU IMAGEN ES 0.13
EXISTE LA IMAGEN DEL PRODUCTO TANQUERAY (BOTELLA)
EL PARENTESCO ENTRE EL PRODUCTO TANQUERAY (BOTELLA) Y LA RUTA DE SU IMAGEN ES 0.11
INSERTADO EN CACHE EL PRODUCTO TANQUERAY (BOTELLA), FILA 3365, VALORES: GINEBRAS, Barra, Bebidas, imagenesAgora\ginebras\botella.jpg, None
ACTUALIZADO EN CACHE EL TEXTO DE BOTÓN DE TANQUERAY (BOTELLA) AL VALOR BOTELLA
ACTUALIZADO EN CACHE EL TEXTO DE TICKET DE TANQUERAY (BOTELLA) AL VALOR BOT TANQUERAY
EXISTE LA IMAGEN DEL PRODUCTO SMIRNOFF (CHUPITO)
EL PARENTESCO ENTRE EL PRODUCTO SMIRNOFF (CHUPITO) Y LA RUTA DE SU IMAGEN ES 0.12
INSERTADO EN CACHE EL PRODUCTO SMIRNOFF (CHUPITO), FILA 3366, VALORES: VODKAS, Barra, Bebidas, imagenesAgora\vodkas\chupito.jpg, None
ACTUALIZADO EN CACHE EL TEXTO DE BOTÓN DE SMIRNOFF (CHUPITO) AL VALOR CHUPITO
ACTUALIZADO EN CACHE EL TEXTO DE TICKET DE SMIRNOFF (CHUPITO) AL VALOR CHP SMIRNOFF
EXISTE LA IMAGEN DEL PRODUCTO SMIRNOFF (COPA)
EL PARENTESCO ENTRE EL PRODUCTO SMIRNOFF (COPA) Y LA RUTA DE SU IMAGEN ES 0.14
EXISTE LA IMAGEN DEL PRODUCTO SMIRNOFF (BOTELLA)
EL PARENTESCO ENTRE EL PRODUCTO SMIRNOFF (BOTELLA) Y LA RUTA DE SU IMAGEN ES 0.12
INSERTADO EN CACHE EL PRODUCTO SMIRNOFF (BOTELLA), FILA 3367, VALORES: VODKAS, Barra, Bebidas, imagenesAgora\vodkas\botella.jpg, None
ACTUALIZADO EN CACHE EL TEXTO DE BOTÓN DE SMIRNOFF (BOTELLA) AL VALOR BOTELLA
ACTUALIZADO EN CACHE EL TEXTO DE TICKET DE SMIRNOFF (BOTELLA) AL VALOR BOT SMIRNOFF
EXISTE LA IMAGEN DEL PRODUCTO CIROC (CHUPITO)
EL PARENTESCO ENTRE EL PRODUCTO CIROC (CHUPITO) Y LA RUTA DE SU IMAGEN ES 0.14
INSERTADO EN CACHE EL PRODUCTO CIROC (CHUPITO), FILA 3368, VALORES: VODKAS, Barra, Bebidas, imagenesAgora\vodkas\chupito.jpg, None
ACTUALIZADO EN CACHE EL TEXTO DE BOTÓN DE CIROC (CHUPITO) AL VALOR CHUPITO
ACTUALIZADO EN CACHE EL TEXTO DE TICKET DE CIROC (CHUPITO) AL VALOR CHP CIROC
EXISTE LA IMAGEN DEL PRODUCTO CIROC (COPA)
EL PARENTESCO ENTRE EL PRODUCTO CIROC (COPA) Y LA RUTA DE SU IMAGEN ES 0.18
INSERTADO EN CACHE EL PRODUCTO CIROC (COPA), FILA 3369, VALORES: VODKAS, Barra, Bebidas, imagenesAgora\vodkas\copa.jpg, None
ACTUALIZADO EN CACHE EL TEXTO DE BOTÓN DE CIROC (COPA) AL VALOR COPA
ACTUALIZADO EN CACHE EL TEXTO DE TICKET DE CIROC (COPA) AL VALOR COPA CIROC
EXISTE LA IMAGEN DEL PRODUCTO CIROC (BOTELLA)
EL PARENTESCO ENTRE EL PRODUCTO CIROC (BOTELLA) Y LA RUTA DE SU IMAGEN ES 0.14
INSERTADO EN CACHE EL PRODUCTO CIROC (BOTELLA), FILA 3370, VALORES: VODKAS, Barra, Bebidas, imagenesAgora\vodkas\botella.jpg, None
ACTUALIZADO EN CACHE EL TEXTO DE BOTÓN DE CIROC (BOTELLA) AL VALOR BOTELLA
ACTUALIZADO EN CACHE EL TEXTO DE TICKET DE CIROC (BOTELLA) AL VALOR BOT CIROC
EXISTE LA IMAGEN DEL PRODUCTO BELVEDERE (CHUPITO)
EL PARENTESCO ENTRE EL PRODUCTO BELVEDERE (CHUPITO) Y LA RUTA DE SU IMAGEN ES 0.11
INSERTADO EN CACHE EL PRODUCTO BELVEDERE (CHUPITO), FILA 3371, VALORES: VODKAS, Barra, Bebidas, imagenesAgora\vodkas\chupito.jpg, None
ACTUALIZADO EN CACHE EL TEXTO DE BOTÓN DE BELVEDERE (CHUPITO) AL VALOR CHUPITO
ACTUALIZADO EN CACHE EL TEXTO DE TICKET DE BELVEDERE (CHUPITO) AL VALOR CHP BELVEDERE
INSERTADO EN CACHE EL PRODUCTO None, FILA 3372, VALORES: None, None, None, None, None
EXISTE LA IMAGEN DEL PRODUCTO BELVEDERE (COPA)
EL PARENTESCO ENTRE EL PRODUCTO BELVEDERE (COPA) Y LA RUTA DE SU IMAGEN ES 0.13
INSERTADO EN CACHE EL PRODUCTO BELVEDERE (COPA), FILA 3373, VALORES: VODKAS, Barra, Bebidas, imagenesAgora\vodkas\copa.jpg, None
ACTUALIZADO EN CACHE EL TEXTO DE BOTÓN DE BELVEDERE (COPA) AL VALOR COPA
ACTUALIZADO EN CACHE EL TEXTO DE TICKET DE BELVEDERE (COPA) AL VALOR COPA BELVEDERE
EXISTE LA IMAGEN DEL PRODUCTO BELVEDERE (BOTELLA)
EL PARENTESCO ENTRE EL PRODUCTO BELVEDERE (BOTELLA) Y LA RUTA DE SU IMAGEN ES 0.11
INSERTADO EN CACHE EL PRODUCTO BELVEDERE (BOTELLA), FILA 3374, VALORES: VODKAS, Barra, Bebidas, imagenesAgora\vodkas\botella.jpg, None
ACTUALIZADO EN CACHE EL TEXTO DE BOTÓN DE BELVEDERE (BOTELLA) AL VALOR BOTELLA
ACTUALIZADO EN CACHE EL TEXTO DE TICKET DE BELVEDERE (BOTELLA) AL VALOR BOT BELVEDERE
EXISTE LA IMAGEN DEL PRODUCTO BELUGA (CHUPITO)
EL PARENTESCO ENTRE EL PRODUCTO BELUGA (CHUPITO) Y LA RUTA DE SU IMAGEN ES 0.13
INSERTADO EN CACHE EL PRODUCTO BELUGA (CHUPITO), FILA 3375, VALORES: VODKAS, Barra, Bebidas, imagenesAgora\vodkas\chupito.jpg, None
ACTUALIZADO EN CACHE EL TEXTO DE BOTÓN DE BELUGA (CHUPITO) AL VALOR CHUPITO
ACTUALIZADO EN CACHE EL TEXTO DE TICKET DE BELUGA (CHUPITO) AL VALOR CHP BELUGA
INSERTADO EN CACHE EL PRODUCTO None, FILA 3376, VALORES: None, None, None, None, None
EXISTE LA IMAGEN DEL PRODUCTO BELUGA (COPA)
EL PARENTESCO ENTRE EL PRODUCTO BELUGA (COPA) Y LA RUTA DE SU IMAGEN ES 0.17
INSERTADO EN CACHE EL PRODUCTO BELUGA (COPA), FILA 3377, VALORES: VODKAS, Barra, Bebidas, imagenesAgora\vodkas\copa.jpg, None
ACTUALIZADO EN CACHE EL TEXTO DE BOTÓN DE BELUGA (COPA) AL VALOR COPA
ACTUALIZADO EN CACHE EL TEXTO DE TICKET DE BELUGA (COPA) AL VALOR COPA BELUGA
EXISTE LA IMAGEN DEL PRODUCTO BELUGA (BOTELLA)
EL PARENTESCO ENTRE EL PRODUCTO BELUGA (BOTELLA) Y LA RUTA DE SU IMAGEN ES 0.13
INSERTADO EN CACHE EL PRODUCTO BELUGA (BOTELLA), FILA 3378, VALORES: VODKAS, Barra, Bebidas, imagenesAgora\vodkas\botella.jpg, None
ACTUALIZADO EN CACHE EL TEXTO DE BOTÓN DE BELUGA (BOTELLA) AL VALOR BOTELLA
ACTUALIZADO EN CACHE EL TEXTO DE TICKET DE BELUGA (BOTELLA) AL VALOR BOT BELUGA
EXISTE LA IMAGEN DEL PRODUCTO ABSOLUT (CHUPITO)
EL PARENTESCO ENTRE EL PRODUCTO ABSOLUT (CHUPITO) Y LA RUTA DE SU IMAGEN ES 0.12
INSERTADO EN CACHE EL PRODUCTO ABSOLUT (CHUPITO), FILA 3379, VALORES: VODKAS, Barra, Bebidas, imagenesAgora\vodkas\chupito.jpg, None
ACTUALIZADO EN CACHE EL TEXTO DE BOTÓN DE ABSOLUT (CHUPITO) AL VALOR CHUPITO
ACTUALIZADO EN CACHE EL TEXTO DE TICKET DE ABSOLUT (CHUPITO) AL VALOR CHP ABSOLUT
EXISTE LA IMAGEN DEL PRODUCTO ABSOLUT (COPA)
EL PARENTESCO ENTRE EL PRODUCTO ABSOLUT (COPA) Y LA RUTA DE SU IMAGEN ES 0.15
INSERTADO EN CACHE EL PRODUCTO ABSOLUT (COPA), FILA 3380, VALORES: VODKAS, Barra, Bebidas, imagenesAgora\vodkas\copa.jpg, None
ACTUALIZADO EN CACHE EL TEXTO DE BOTÓN DE ABSOLUT (COPA) AL VALOR COPA
ACTUALIZADO EN CACHE EL TEXTO DE TICKET DE ABSOLUT (COPA) AL VALOR COPA ABSOLUT
EXISTE LA IMAGEN DEL PRODUCTO ABSOLUT (BOTELLA)
EL PARENTESCO ENTRE EL PRODUCTO ABSOLUT (BOTELLA) Y LA RUTA DE SU IMAGEN ES 0.12
INSERTADO EN CACHE EL PRODUCTO ABSOLUT (BOTELLA), FILA 3381, VALORES: VODKAS, Barra, Bebidas, imagenesAgora\vodkas\botella.jpg, None
ACTUALIZADO EN CACHE EL TEXTO DE BOTÓN DE ABSOLUT (BOTELLA) AL VALOR BOTELLA
ACTUALIZADO EN CACHE EL TEXTO DE TICKET DE ABSOLUT (BOTELLA) AL VALOR BOT ABSOLUT
EXISTE LA IMAGEN DEL PRODUCTO FRANGELICO (CHUPITO)
EL PARENTESCO ENTRE EL PRODUCTO FRANGELICO (CHUPITO) Y LA RUTA DE SU IMAGEN ES 0.11
INSERTADO EN CACHE EL PRODUCTO FRANGELICO (CHUPITO), FILA 3382, VALORES: LICORES, Barra, Bebidas, imagenesAgora\licores\chupito.jpg, None
ACTUALIZADO EN CACHE EL TEXTO DE BOTÓN DE FRANGELICO (CHUPITO) AL VALOR CHUPITO
ACTUALIZADO EN CACHE EL TEXTO DE TICKET DE FRANGELICO (CHUPITO) AL VALOR CHP FRANGELICO
EXISTE LA IMAGEN DEL PRODUCTO FRANGELICO (COPA)
EL PARENTESCO ENTRE EL PRODUCTO FRANGELICO (COPA) Y LA RUTA DE SU IMAGEN ES 0.12
EXISTE LA IMAGEN DEL PRODUCTO FRANGELICO (BOTELLA)
EL PARENTESCO ENTRE EL PRODUCTO FRANGELICO (BOTELLA) Y LA RUTA DE SU IMAGEN ES 0.11
INSERTADO EN CACHE EL PRODUCTO FRANGELICO (BOTELLA), FILA 3383, VALORES: LICORES, Barra, Bebidas, imagenesAgora\licores\botella.jpg, None
ACTUALIZADO EN CACHE EL TEXTO DE BOTÓN DE FRANGELICO (BOTELLA) AL VALOR BOTELLA
ACTUALIZADO EN CACHE EL TEXTO DE TICKET DE FRANGELICO (BOTELLA) AL VALOR BOT FRANGELICO
EXISTE LA IMAGEN DEL PRODUCTO LICOR 43 (CHUPITO)
EL PARENTESCO ENTRE EL PRODUCTO LICOR 43 (CHUPITO) Y LA RUTA DE SU IMAGEN ES 0.12
INSERTADO EN CACHE EL PRODUCTO LICOR 43 (CHUPITO), FILA 3384, VALORES: LICORES, Barra, Bebidas, imagenesAgora\licores\chupito.jpg, None
ACTUALIZADO EN CACHE EL TEXTO DE BOTÓN DE LICOR 43 (CHUPITO) AL VALOR CHUPITO
ACTUALIZADO EN CACHE EL TEXTO DE TICKET DE LICOR 43 (CHUPITO) AL VALOR CHP LICOR 43
EXISTE LA IMAGEN DEL PRODUCTO LICOR 43 (COPA)
EL PARENTESCO ENTRE EL PRODUCTO LICOR 43 (COPA) Y LA RUTA DE SU IMAGEN ES 0.14
INSERTADO EN CACHE EL PRODUCTO LICOR 43 (COPA), FILA 3385, VALORES: LICORES, Barra, Bebidas, imagenesAgora\licores\copa.jpg, None
ACTUALIZADO EN CACHE EL TEXTO DE BOTÓN DE LICOR 43 (COPA) AL VALOR COPA
ACTUALIZADO EN CACHE EL TEXTO DE TICKET DE LICOR 43 (COPA) AL VALOR COPA LICOR 43
EXISTE LA IMAGEN DEL PRODUCTO LICOR 43 (BOTELLA)
EL PARENTESCO ENTRE EL PRODUCTO LICOR 43 (BOTELLA) Y LA RUTA DE SU IMAGEN ES 0.12
INSERTADO EN CACHE EL PRODUCTO LICOR 43 (BOTELLA), FILA 3386, VALORES: LICORES, Barra, Bebidas, imagenesAgora\licores\botella.jpg, None
ACTUALIZADO EN CACHE EL TEXTO DE BOTÓN DE LICOR 43 (BOTELLA) AL VALOR BOTELLA
ACTUALIZADO EN CACHE EL TEXTO DE TICKET DE LICOR 43 (BOTELLA) AL VALOR BOT LICOR 43
EXISTE LA IMAGEN DEL PRODUCTO DRAMBUIE (CHUPITO)
EL PARENTESCO ENTRE EL PRODUCTO DRAMBUIE (CHUPITO) Y LA RUTA DE SU IMAGEN ES 0.12
INSERTADO EN CACHE EL PRODUCTO DRAMBUIE (CHUPITO), FILA 3387, VALORES: LICORES, Barra, Bebidas, imagenesAgora\licores\chupito.jpg, None
ACTUALIZADO EN CACHE EL TEXTO DE BOTÓN DE DRAMBUIE (CHUPITO) AL VALOR CHUPITO
ACTUALIZADO EN CACHE EL TEXTO DE TICKET DE DRAMBUIE (CHUPITO) AL VALOR CHP DRAMBUIE
EXISTE LA IMAGEN DEL PRODUCTO DRAMBUIE (COPA)
EL PARENTESCO ENTRE EL PRODUCTO DRAMBUIE (COPA) Y LA RUTA DE SU IMAGEN ES 0.14
EXISTE LA IMAGEN DEL PRODUCTO DRAMBUIE (BOTELLA)
EL PARENTESCO ENTRE EL PRODUCTO DRAMBUIE (BOTELLA) Y LA RUTA DE SU IMAGEN ES 0.12
INSERTADO EN CACHE EL PRODUCTO DRAMBUIE (BOTELLA), FILA 3388, VALORES: LICORES, Barra, Bebidas, imagenesAgora\licores\botella.jpg, None
ACTUALIZADO EN CACHE EL TEXTO DE BOTÓN DE DRAMBUIE (BOTELLA) AL VALOR BOTELLA
ACTUALIZADO EN CACHE EL TEXTO DE TICKET DE DRAMBUIE (BOTELLA) AL VALOR BOT DRAMBUIE
EXISTE LA IMAGEN DEL PRODUCTO MALIBU (CHUPITO)
EL PARENTESCO ENTRE EL PRODUCTO MALIBU (CHUPITO) Y LA RUTA DE SU IMAGEN ES 0.13
INSERTADO EN CACHE EL PRODUCTO MALIBU (CHUPITO), FILA 3389, VALORES: LICORES, Barra, Bebidas, imagenesAgora\licores\chupito.jpg, None
ACTUALIZADO EN CACHE EL TEXTO DE BOTÓN DE MALIBU (CHUPITO) AL VALOR CHUPITO
ACTUALIZADO EN CACHE EL TEXTO DE TICKET DE MALIBU (CHUPITO) AL VALOR CHP MALIBU
EXISTE LA IMAGEN DEL PRODUCTO MALIBU (COPA)
EL PARENTESCO ENTRE EL PRODUCTO MALIBU (COPA) Y LA RUTA DE SU IMAGEN ES 0.17
INSERTADO EN CACHE EL PRODUCTO MALIBU (COPA), FILA 3390, VALORES: LICORES, Barra, Bebidas, imagenesAgora\licores\copa.jpg, None
ACTUALIZADO EN CACHE EL TEXTO DE BOTÓN DE MALIBU (COPA) AL VALOR COPA
ACTUALIZADO EN CACHE EL TEXTO DE TICKET DE MALIBU (COPA) AL VALOR COPA MALIBU
EXISTE LA IMAGEN DEL PRODUCTO MALIBU (BOTELLA)
EL PARENTESCO ENTRE EL PRODUCTO MALIBU (BOTELLA) Y LA RUTA DE SU IMAGEN ES 0.13
INSERTADO EN CACHE EL PRODUCTO MALIBU (BOTELLA), FILA 3391, VALORES: LICORES, Barra, Bebidas, imagenesAgora\licores\botella.jpg, None
ACTUALIZADO EN CACHE EL TEXTO DE BOTÓN DE MALIBU (BOTELLA) AL VALOR BOTELLA
ACTUALIZADO EN CACHE EL TEXTO DE TICKET DE MALIBU (BOTELLA) AL VALOR BOT MALIBU
EXISTE LA IMAGEN DEL PRODUCTO ORUJO HIERBA (CHUPITO)
EL PARENTESCO ENTRE EL PRODUCTO ORUJO HIERBA (CHUPITO) Y LA RUTA DE SU IMAGEN ES 0.10
INSERTADO EN CACHE EL PRODUCTO ORUJO HIERBA (CHUPITO), FILA 3392, VALORES: LICORES, Barra, Bebidas, imagenesAgora\licores\chupito.jpg, None
ACTUALIZADO EN CACHE EL TEXTO DE BOTÓN DE ORUJO HIERBA (CHUPITO) AL VALOR CHUPITO
ACTUALIZADO EN CACHE EL TEXTO DE TICKET DE ORUJO HIERBA (CHUPITO) AL VALOR CHP ORUJO HIERBA
INSERTADO EN CACHE EL PRODUCTO None, FILA 3393, VALORES: None, None, None, None, None
NO EXISTE LA IMAGEN DEL PRODUCTO ORUJO HIERBA (COPA)
INSERTADO EN CACHE EL PRODUCTO ORUJO HIERBA (COPA), FILA 3394, VALORES: LICORES, Barra, Bebidas, imagenesAgora\licores\copa.jpg, None
ACTUALIZADO EN CACHE EL TEXTO DE BOTÓN DE ORUJO HIERBA (COPA) AL VALOR COPA
ACTUALIZADO EN CACHE EL TEXTO DE TICKET DE ORUJO HIERBA (COPA) AL VALOR COPA ORUJO HIERBA
NO EXISTE LA IMAGEN DEL PRODUCTO ORUJO HIERBA (BOTELLA)
INSERTADO EN CACHE EL PRODUCTO ORUJO HIERBA (BOTELLA), FILA 3395, VALORES: LICORES, Barra, Bebidas, imagenesAgora\licores\botella.jpg, None
ACTUALIZADO EN CACHE EL TEXTO DE BOTÓN DE ORUJO HIERBA (BOTELLA) AL VALOR BOTELLA
ACTUALIZADO EN CACHE EL TEXTO DE TICKET DE ORUJO HIERBA (BOTELLA) AL VALOR BOT ORUJO HIERBA
NO EXISTE LA IMAGEN DEL PRODUCTO CARLOS I (CHUPITO)
INSERTADO EN CACHE EL PRODUCTO CARLOS I (CHUPITO), FILA 3396, VALORES: BRANDIES, Barra, Bebidas, imagenesAgora\brandies\chupito.jpg, None
ACTUALIZADO EN CACHE EL TEXTO DE BOTÓN DE CARLOS I (CHUPITO) AL VALOR CHUPITO
ACTUALIZADO EN CACHE EL TEXTO DE TICKET DE CARLOS I (CHUPITO) AL VALOR CHP CARLOS I
EXISTE LA IMAGEN DEL PRODUCTO CARLOS I (COPA)
EL PARENTESCO ENTRE EL PRODUCTO CARLOS I (COPA) Y LA RUTA DE SU IMAGEN ES 0.14
INSERTADO EN CACHE EL PRODUCTO CARLOS I (COPA), FILA 3397, VALORES: BRANDIES, Barra, Bebidas, imagenesAgora\brandies\copa.jpg, None
ACTUALIZADO EN CACHE EL TEXTO DE BOTÓN DE CARLOS I (COPA) AL VALOR COPA
ACTUALIZADO EN CACHE EL TEXTO DE TICKET DE CARLOS I (COPA) AL VALOR COPA CARLOS I
EXISTE LA IMAGEN DEL PRODUCTO CARLOS I (BOTELLA)
EL PARENTESCO ENTRE EL PRODUCTO CARLOS I (BOTELLA) Y LA RUTA DE SU IMAGEN ES 0.12
INSERTADO EN CACHE EL PRODUCTO CARLOS I (BOTELLA), FILA 3398, VALORES: BRANDIES, Barra, Bebidas, imagenesAgora\brandies\botella.jpg, None
ACTUALIZADO EN CACHE EL TEXTO DE BOTÓN DE CARLOS I (BOTELLA) AL VALOR BOTELLA
ACTUALIZADO EN CACHE EL TEXTO DE TICKET DE CARLOS I (BOTELLA) AL VALOR BOT CARLOS I
EXISTE LA IMAGEN DEL PRODUCTO VETERANO (CHUPITO)
EL PARENTESCO ENTRE EL PRODUCTO VETERANO (CHUPITO) Y LA RUTA DE SU IMAGEN ES 0.12
INSERTADO EN CACHE EL PRODUCTO VETERANO (CHUPITO), FILA 3399, VALORES: BRANDIES, Barra, Bebidas, imagenesAgora\brandies\chupito.jpg, None
ACTUALIZADO EN CACHE EL TEXTO DE BOTÓN DE VETERANO (CHUPITO) AL VALOR CHUPITO
ACTUALIZADO EN CACHE EL TEXTO DE TICKET DE VETERANO (CHUPITO) AL VALOR CHP VETERANO
EXISTE LA IMAGEN DEL PRODUCTO VETERANO (COPA)
EL PARENTESCO ENTRE EL PRODUCTO VETERANO (COPA) Y LA RUTA DE SU IMAGEN ES 0.14
EXISTE LA IMAGEN DEL PRODUCTO VETERANO (BOTELLA)
EL PARENTESCO ENTRE EL PRODUCTO VETERANO (BOTELLA) Y LA RUTA DE SU IMAGEN ES 0.12
INSERTADO EN CACHE EL PRODUCTO VETERANO (BOTELLA), FILA 3400, VALORES: BRANDIES, Barra, Bebidas, imagenesAgora\brandies\botella.jpg, None
ACTUALIZADO EN CACHE EL TEXTO DE BOTÓN DE VETERANO (BOTELLA) AL VALOR BOTELLA
ACTUALIZADO EN CACHE EL TEXTO DE TICKET DE VETERANO (BOTELLA) AL VALOR BOT VETERANO
EXISTE LA IMAGEN DEL PRODUCTO HENNESSY (CHUPITO)
EL PARENTESCO ENTRE EL PRODUCTO HENNESSY (CHUPITO) Y LA RUTA DE SU IMAGEN ES 0.12
INSERTADO EN CACHE EL PRODUCTO HENNESSY (CHUPITO), FILA 3401, VALORES: BRANDIES, Barra, Bebidas, imagenesAgora\brandies\chupito.jpg, None
ACTUALIZADO EN CACHE EL TEXTO DE BOTÓN DE HENNESSY (CHUPITO) AL VALOR CHUPITO
ACTUALIZADO EN CACHE EL TEXTO DE TICKET DE HENNESSY (CHUPITO) AL VALOR CHP HENNESSY
EXISTE LA IMAGEN DEL PRODUCTO HENNESSY (COPA)
EL PARENTESCO ENTRE EL PRODUCTO HENNESSY (COPA) Y LA RUTA DE SU IMAGEN ES 0.14
INSERTADO EN CACHE EL PRODUCTO HENNESSY (COPA), FILA 3402, VALORES: BRANDIES, Barra, Bebidas, imagenesAgora\brandies\copa.jpg, None
ACTUALIZADO EN CACHE EL TEXTO DE BOTÓN DE HENNESSY (COPA) AL VALOR COPA
ACTUALIZADO EN CACHE EL TEXTO DE TICKET DE HENNESSY (COPA) AL VALOR COPA HENNESSY
EXISTE LA IMAGEN DEL PRODUCTO HENNESSY (BOTELLA)
EL PARENTESCO ENTRE EL PRODUCTO HENNESSY (BOTELLA) Y LA RUTA DE SU IMAGEN ES 0.12
INSERTADO EN CACHE EL PRODUCTO HENNESSY (BOTELLA), FILA 3403, VALORES: BRANDIES, Barra, Bebidas, imagenesAgora\brandies\botella.jpg, None
ACTUALIZADO EN CACHE EL TEXTO DE BOTÓN DE HENNESSY (BOTELLA) AL VALOR BOTELLA
ACTUALIZADO EN CACHE EL TEXTO DE TICKET DE HENNESSY (BOTELLA) AL VALOR BOT HENNESSY
EXISTE LA IMAGEN DEL PRODUCTO FINCA ENGALIA (COPA)
EL PARENTESCO ENTRE EL PRODUCTO FINCA ENGALIA (COPA) Y LA RUTA DE SU IMAGEN ES 0.11
INSERTADO EN CACHE EL PRODUCTO FINCA ENGALIA (COPA), FILA 3404, VALORES: VINOS TINTOS, Barra, Bebidas, imagenesAgora\vinos\copa.jpg, None
ACTUALIZADO EN CACHE EL TEXTO DE BOTÓN DE FINCA ENGALIA (COPA) AL VALOR COPA
ACTUALIZADO EN CACHE EL TEXTO DE TICKET DE FINCA ENGALIA (COPA) AL VALOR COPA FINCA ENGALIA
INSERTADO EN CACHE EL PRODUCTO None, FILA 3405, VALORES: None, None, None, None, None
NO EXISTE LA IMAGEN DEL PRODUCTO FINCA ENGALIA (BOTELLA)
INSERTADO EN CACHE EL PRODUCTO FINCA ENGALIA (BOTELLA), FILA 3406, VALORES: VINOS TINTOS, Barra, Bebidas, imagenesAgora\vinos\botella.jpg, None
ACTUALIZADO EN CACHE EL TEXTO DE BOTÓN DE FINCA ENGALIA (BOTELLA) AL VALOR BOTELLA
ACTUALIZADO EN CACHE EL TEXTO DE TICKET DE FINCA ENGALIA (BOTELLA) AL VALOR BOT FINCA ENGALIA
NO EXISTE LA IMAGEN DEL PRODUCTO CARCHELO TINTO (COPA)
INSERTADO EN CACHE EL PRODUCTO CARCHELO TINTO (COPA), FILA 3407, VALORES: VINOS TINTOS, Barra, Bebidas, imagenesAgora\vinos\copa.jpg, None
ACTUALIZADO EN CACHE EL TEXTO DE BOTÓN DE CARCHELO TINTO (COPA) AL VALOR COPA
ACTUALIZADO EN CACHE EL TEXTO DE TICKET DE CARCHELO TINTO (COPA) AL VALOR COPA CARCHELO TINTO
INSERTADO EN CACHE EL PRODUCTO None, FILA 3408, VALORES: None, None, None, None, None
NO EXISTE LA IMAGEN DEL PRODUCTO CARCHELO TINTO (BOTELLA)
INSERTADO EN CACHE EL PRODUCTO CARCHELO TINTO (BOTELLA), FILA 3409, VALORES: VINOS TINTOS, Barra, Bebidas, imagenesAgora\vinos\botella.jpg, None
ACTUALIZADO EN CACHE EL TEXTO DE BOTÓN DE CARCHELO TINTO (BOTELLA) AL VALOR BOTELLA
ACTUALIZADO EN CACHE EL TEXTO DE TICKET DE CARCHELO TINTO (BOTELLA) AL VALOR BOT CARCHELO TINTO
NO EXISTE LA IMAGEN DEL PRODUCTO JUAN BELLO TINTO (COPA)
INSERTADO EN CACHE EL PRODUCTO JUAN BELLO TINTO (COPA), FILA 3410, VALORES: VINOS TINTOS, Barra, Bebidas, imagenesAgora\vinos\copa.jpg, None
ACTUALIZADO EN CACHE EL TEXTO DE BOTÓN DE JUAN BELLO TINTO (COPA) AL VALOR COPA
ACTUALIZADO EN CACHE EL TEXTO DE TICKET DE JUAN BELLO TINTO (COPA) AL VALOR COPA JUAN BEL. TINTO
INSERTADO EN CACHE EL PRODUCTO None, FILA 3411, VALORES: None, None, None, None, None
NO EXISTE LA IMAGEN DEL PRODUCTO JUAN BELLO TINTO (BOTELLA)
INSERTADO EN CACHE EL PRODUCTO JUAN BELLO TINTO (BOTELLA), FILA 3412, VALORES: VINOS TINTOS, Barra, Bebidas, imagenesAgora\vinos\botella.jpg, None
ACTUALIZADO EN CACHE EL TEXTO DE BOTÓN DE JUAN BELLO TINTO (BOTELLA) AL VALOR BOTELLA
ACTUALIZADO EN CACHE EL TEXTO DE TICKET DE JUAN BELLO TINTO (BOTELLA) AL VALOR BOT JUAN BELLO TINTO
NO EXISTE LA IMAGEN DEL PRODUCTO GRIFO TINTO (COPA)
INSERTADO EN CACHE EL PRODUCTO GRIFO TINTO (COPA), FILA 3413, VALORES: VINOS TINTOS, Barra, Bebidas, imagenesAgora\vinos\copa.jpg, None
ACTUALIZADO EN CACHE EL TEXTO DE BOTÓN DE GRIFO TINTO (COPA) AL VALOR COPA
ACTUALIZADO EN CACHE EL TEXTO DE TICKET DE GRIFO TINTO (COPA) AL VALOR COPA GRIFO TINTO
INSERTADO EN CACHE EL PRODUCTO None, FILA 3414, VALORES: None, None, None, None, None
NO EXISTE LA IMAGEN DEL PRODUCTO GRIFO TINTO (BOTELLA)
INSERTADO EN CACHE EL PRODUCTO GRIFO TINTO (BOTELLA), FILA 3415, VALORES: VINOS TINTOS, Barra, Bebidas, imagenesAgora\vinos\botella.jpg, None
ACTUALIZADO EN CACHE EL TEXTO DE BOTÓN DE GRIFO TINTO (BOTELLA) AL VALOR BOTELLA
ACTUALIZADO EN CACHE EL TEXTO DE TICKET DE GRIFO TINTO (BOTELLA) AL VALOR BOT GRIFO TINTO
NO EXISTE LA IMAGEN DEL PRODUCTO AGALA (COPA)
INSERTADO EN CACHE EL PRODUCTO AGALA (COPA), FILA 3416, VALORES: VINOS TINTOS, Barra, Bebidas, imagenesAgora\vinos\copa.jpg, None
ACTUALIZADO EN CACHE EL TEXTO DE BOTÓN DE AGALA (COPA) AL VALOR COPA
ACTUALIZADO EN CACHE EL TEXTO DE TICKET DE AGALA (COPA) AL VALOR COPA AGALA
NO EXISTE LA IMAGEN DEL PRODUCTO AGALA (BOTELLA)
INSERTADO EN CACHE EL PRODUCTO AGALA (BOTELLA), FILA 3417, VALORES: VINOS TINTOS, Barra, Bebidas, imagenesAgora\vinos\botella.jpg, None
ACTUALIZADO EN CACHE EL TEXTO DE BOTÓN DE AGALA (BOTELLA) AL VALOR BOTELLA
ACTUALIZADO EN CACHE EL TEXTO DE TICKET DE AGALA (BOTELLA) AL VALOR BOT AGALA
NO EXISTE LA IMAGEN DEL PRODUCTO JEAN LEON (COPA)
INSERTADO EN CACHE EL PRODUCTO JEAN LEON (COPA), FILA 3418, VALORES: VINOS TINTOS, Barra, Bebidas, imagenesAgora\vinos\copa.jpg, None
ACTUALIZADO EN CACHE EL TEXTO DE BOTÓN DE JEAN LEON (COPA) AL VALOR COPA
ACTUALIZADO EN CACHE EL TEXTO DE TICKET DE JEAN LEON (COPA) AL VALOR COPA JEAN LEON
INSERTADO EN CACHE EL PRODUCTO None, FILA 3419, VALORES: None, None, None, None, None
NO EXISTE LA IMAGEN DEL PRODUCTO JEAN LEON (BOTELLA)
INSERTADO EN CACHE EL PRODUCTO JEAN LEON (BOTELLA), FILA 3420, VALORES: VINOS TINTOS, Barra, Bebidas, imagenesAgora\vinos\botella.jpg, None
ACTUALIZADO EN CACHE EL TEXTO DE BOTÓN DE JEAN LEON (BOTELLA) AL VALOR BOTELLA
ACTUALIZADO EN CACHE EL TEXTO DE TICKET DE JEAN LEON (BOTELLA) AL VALOR BOT JEAN LEON
NO EXISTE LA IMAGEN DEL PRODUCTO GRIFO SECO (COPA)
INSERTADO EN CACHE EL PRODUCTO GRIFO SECO (COPA), FILA 3421, VALORES: VINOS BLANCOS, Barra, Bebidas, imagenesAgora\vinos\copa.jpg, None
ACTUALIZADO EN CACHE EL TEXTO DE BOTÓN DE GRIFO SECO (COPA) AL VALOR COPA
ACTUALIZADO EN CACHE EL TEXTO DE TICKET DE GRIFO SECO (COPA) AL VALOR COPA GRIFO SECO
INSERTADO EN CACHE EL PRODUCTO None, FILA 3422, VALORES: None, None, None, None, None
NO EXISTE LA IMAGEN DEL PRODUCTO GRIFO SECO (BOTELLA)
INSERTADO EN CACHE EL PRODUCTO GRIFO SECO (BOTELLA), FILA 3423, VALORES: VINOS BLANCOS, Barra, Bebidas, imagenesAgora\vinos\botella.jpg, None
ACTUALIZADO EN CACHE EL TEXTO DE BOTÓN DE GRIFO SECO (BOTELLA) AL VALOR BOTELLA
ACTUALIZADO EN CACHE EL TEXTO DE TICKET DE GRIFO SECO (BOTELLA) AL VALOR BOT GRIFO SECO
NO EXISTE LA IMAGEN DEL PRODUCTO PROSECCO BIANCO (COPA)
INSERTADO EN CACHE EL PRODUCTO PROSECCO BIANCO (COPA), FILA 3424, VALORES: VINOS BLANCOS, Barra, Bebidas, imagenesAgora\vinos\copa.jpg, None
ACTUALIZADO EN CACHE EL TEXTO DE BOTÓN DE PROSECCO BIANCO (COPA) AL VALOR COPA
ACTUALIZADO EN CACHE EL TEXTO DE TICKET DE PROSECCO BIANCO (COPA) AL VALOR COPA PROSECCO BIANCO
INSERTADO EN CACHE EL PRODUCTO None, FILA 3425, VALORES: None, None, None, None, None
NO EXISTE LA IMAGEN DEL PRODUCTO PROSECCO BIANCO (BOTELLA)
INSERTADO EN CACHE EL PRODUCTO PROSECCO BIANCO (BOTELLA), FILA 3426, VALORES: VINOS BLANCOS, Barra, Bebidas, imagenesAgora\vinos\botella.jpg, None
ACTUALIZADO EN CACHE EL TEXTO DE BOTÓN DE PROSECCO BIANCO (BOTELLA) AL VALOR BOTELLA
ACTUALIZADO EN CACHE EL TEXTO DE TICKET DE PROSECCO BIANCO (BOTELLA) AL VALOR BOT PROSECCO BIANCO
NO EXISTE LA IMAGEN DEL PRODUCTO FLOR DE CHASNA BLANCO (COPA)
INSERTADO EN CACHE EL PRODUCTO FLOR DE CHASNA BLANCO (COPA), FILA 3427, VALORES: VINOS BLANCOS, Barra, Bebidas, imagenesAgora\vinos\copa.jpg, None
ACTUALIZADO EN CACHE EL TEXTO DE BOTÓN DE FLOR DE CHASNA BLANCO (COPA) AL VALOR COPA
ACTUALIZADO EN CACHE EL TEXTO DE TICKET DE FLOR DE CHASNA BLANCO (COPA) AL VALOR COPA FLOR CH. BLANCO
INSERTADO EN CACHE EL PRODUCTO None, FILA 3428, VALORES: None, None, None, None, None
NO EXISTE LA IMAGEN DEL PRODUCTO FLOR DE CHASNA BLANCO (BOTELLA)
INSERTADO EN CACHE EL PRODUCTO FLOR DE CHASNA BLANCO (BOTELLA), FILA 3429, VALORES: VINOS BLANCOS, Barra, Bebidas, imagenesAgora\vinos\botella.jpg, None
ACTUALIZADO EN CACHE EL TEXTO DE BOTÓN DE FLOR DE CHASNA BLANCO (BOTELLA) AL VALOR BOTELLA
ACTUALIZADO EN CACHE EL TEXTO DE TICKET DE FLOR DE CHASNA BLANCO (BOTELLA) AL VALOR BOT F. CHASNA BLANCO
NO EXISTE LA IMAGEN DEL PRODUCTO RODELIA BLANCO (COPA)
INSERTADO EN CACHE EL PRODUCTO RODELIA BLANCO (COPA), FILA 3430, VALORES: VINOS BLANCOS, Barra, Bebidas, imagenesAgora\vinos\copa.jpg, None
ACTUALIZADO EN CACHE EL TEXTO DE BOTÓN DE RODELIA BLANCO (COPA) AL VALOR COPA
ACTUALIZADO EN CACHE EL TEXTO DE TICKET DE RODELIA BLANCO (COPA) AL VALOR COPA RODELIA BLANCO
INSERTADO EN CACHE EL PRODUCTO None, FILA 3431, VALORES: None, None, None, None, None
NO EXISTE LA IMAGEN DEL PRODUCTO RODELIA BLANCO (BOTELLA)
INSERTADO EN CACHE EL PRODUCTO RODELIA BLANCO (BOTELLA), FILA 3432, VALORES: VINOS BLANCOS, Barra, Bebidas, imagenesAgora\vinos\botella.jpg, None
ACTUALIZADO EN CACHE EL TEXTO DE BOTÓN DE RODELIA BLANCO (BOTELLA) AL VALOR BOTELLA
ACTUALIZADO EN CACHE EL TEXTO DE TICKET DE RODELIA BLANCO (BOTELLA) AL VALOR BOT RODELIA BLANCO
NO EXISTE LA IMAGEN DEL PRODUCTO BENJE BLANCO (COPA)
INSERTADO EN CACHE EL PRODUCTO BENJE BLANCO (COPA), FILA 3433, VALORES: VINOS BLANCOS, Barra, Bebidas, imagenesAgora\vinos\copa.jpg, None
ACTUALIZADO EN CACHE EL TEXTO DE BOTÓN DE BENJE BLANCO (COPA) AL VALOR COPA
ACTUALIZADO EN CACHE EL TEXTO DE TICKET DE BENJE BLANCO (COPA) AL VALOR COPA BENJE BLANCO
INSERTADO EN CACHE EL PRODUCTO None, FILA 3434, VALORES: None, None, None, None, None
NO EXISTE LA IMAGEN DEL PRODUCTO BENJE BLANCO (BOTELLA)
INSERTADO EN CACHE EL PRODUCTO BENJE BLANCO (BOTELLA), FILA 3435, VALORES: VINOS BLANCOS, Barra, Bebidas, imagenesAgora\vinos\botella.jpg, None
ACTUALIZADO EN CACHE EL TEXTO DE BOTÓN DE BENJE BLANCO (BOTELLA) AL VALOR BOTELLA
ACTUALIZADO EN CACHE EL TEXTO DE TICKET DE BENJE BLANCO (BOTELLA) AL VALOR BOT BENJE BLANCO
NO EXISTE LA IMAGEN DEL PRODUCTO FREIXENET BRUT (COPA)
INSERTADO EN CACHE EL PRODUCTO FREIXENET BRUT (COPA), FILA 3436, VALORES: CAVAS Y CHAMPAGNES, Barra, Bebidas, imagenesAgora\cavas\copa.jpg, None
ACTUALIZADO EN CACHE EL TEXTO DE BOTÓN DE FREIXENET BRUT (COPA) AL VALOR COPA
ACTUALIZADO EN CACHE EL TEXTO DE TICKET DE FREIXENET BRUT (COPA) AL VALOR COPA FREIXENET BRUT
INSERTADO EN CACHE EL PRODUCTO None, FILA 3437, VALORES: None, None, None, None, None
NO EXISTE LA IMAGEN DEL PRODUCTO FREIXENET BRUT (BOTELLA)
INSERTADO EN CACHE EL PRODUCTO FREIXENET BRUT (BOTELLA), FILA 3438, VALORES: CAVAS Y CHAMPAGNES, Barra, Bebidas, imagenesAgora\cavas\botella.jpg, None
ACTUALIZADO EN CACHE EL TEXTO DE BOTÓN DE FREIXENET BRUT (BOTELLA) AL VALOR BOTELLA
ACTUALIZADO EN CACHE EL TEXTO DE TICKET DE FREIXENET BRUT (BOTELLA) AL VALOR BOT FREIXENET BRUT
NO EXISTE LA IMAGEN DEL PRODUCTO FREIXENET ROSÈ (COPA)
INSERTADO EN CACHE EL PRODUCTO FREIXENET ROSÈ (COPA), FILA 3439, VALORES: CAVAS Y CHAMPAGNES, Barra, Bebidas, imagenesAgora\cavas\copa.jpg, None
ACTUALIZADO EN CACHE EL TEXTO DE BOTÓN DE FREIXENET ROSÈ (COPA) AL VALOR COPA
ACTUALIZADO EN CACHE EL TEXTO DE TICKET DE FREIXENET ROSÈ (COPA) AL VALOR COPA FREIXENET ROSÈ
INSERTADO EN CACHE EL PRODUCTO None, FILA 3440, VALORES: None, None, None, None, None
NO EXISTE LA IMAGEN DEL PRODUCTO FREIXENET ROSÈ (BOTELLA)
INSERTADO EN CACHE EL PRODUCTO FREIXENET ROSÈ (BOTELLA), FILA 3441, VALORES: CAVAS Y CHAMPAGNES, Barra, Bebidas, imagenesAgora\cavas\botella.jpg, None
ACTUALIZADO EN CACHE EL TEXTO DE BOTÓN DE FREIXENET ROSÈ (BOTELLA) AL VALOR BOTELLA
ACTUALIZADO EN CACHE EL TEXTO DE TICKET DE FREIXENET ROSÈ (BOTELLA) AL VALOR BOT FREIXENET ROSÈ
NO EXISTE LA IMAGEN DEL PRODUCTO DON PERIGNON (COPA)
INSERTADO EN CACHE EL PRODUCTO DON PERIGNON (COPA), FILA 3442, VALORES: CAVAS Y CHAMPAGNES, Barra, Bebidas, imagenesAgora\cavas\copa.jpg, None
ACTUALIZADO EN CACHE EL TEXTO DE BOTÓN DE DON PERIGNON (COPA) AL VALOR COPA
ACTUALIZADO EN CACHE EL TEXTO DE TICKET DE DON PERIGNON (COPA) AL VALOR COPA DON PERIGNON
INSERTADO EN CACHE EL PRODUCTO None, FILA 3443, VALORES: None, None, None, None, None
NO EXISTE LA IMAGEN DEL PRODUCTO DON PERIGNON (BOTELLA)
INSERTADO EN CACHE EL PRODUCTO DON PERIGNON (BOTELLA), FILA 3444, VALORES: CAVAS Y CHAMPAGNES, Barra, Bebidas, imagenesAgora\cavas\botella.jpg, None
ACTUALIZADO EN CACHE EL TEXTO DE BOTÓN DE DON PERIGNON (BOTELLA) AL VALOR BOTELLA
ACTUALIZADO EN CACHE EL TEXTO DE TICKET DE DON PERIGNON (BOTELLA) AL VALOR BOT DON PERIGNON
