EXISTE LA IMAGEN DEL PRODUCTO COCA COLA
EL PARENTESCO ENTRE EL PRODUCTO COCA COLA Y LA RUTA DE SU IMAGEN ES 0.20
EXISTE LA IMAGEN DEL PRODUCTO COCA COLA
EL PARENTESCO ENTRE EL PRODUCTO COCA COLA Y LA RUTA DE SU IMAGEN ES 0.20
EXISTE LA IMAGEN DEL PRODUCTO COCA COLA ZERO
EL PARENTESCO ENTRE EL PRODUCTO COCA COLA ZERO Y LA RUTA DE SU IMAGEN ES 0.13
EXISTE LA IMAGEN DEL PRODUCTO FANTA NARANJA
EL PARENTESCO ENTRE EL PRODUCTO FANTA NARANJA Y LA RUTA DE SU IMAGEN ES 0.14
EXISTE LA IMAGEN DEL PRODUCTO FANTA NARANJA
EL PARENTESCO ENTRE EL PRODUCTO FANTA NARANJA Y LA RUTA DE SU IMAGEN ES 0.14
EXISTE LA IMAGEN DEL PRODUCTO FANTA NARANJA
EL PARENTESCO ENTRE EL PRODUCTO FANTA NARANJA Y LA RUTA DE SU IMAGEN ES 0.14
EXISTE LA IMAGEN DEL PRODUCTO FANTA NARANJA
EL PARENTESCO ENTRE EL PRODUCTO FANTA NARANJA Y LA RUTA DE SU IMAGEN ES 0.14
EXISTE LA IMAGEN DEL PRODUCTO NESTEA LIMÓN
EL PARENTESCO ENTRE EL PRODUCTO NESTEA LIMÓN Y LA RUTA DE SU IMAGEN ES 0.15
EXISTE LA IMAGEN DEL PRODUCTO NESTEA MANGO-PIÑA
EL PARENTESCO ENTRE EL PRODUCTO NESTEA MANGO-PIÑA Y LA RUTA DE SU IMAGEN ES 0.11
EXISTE LA IMAGEN DEL PRODUCTO PEPSI
EL PARENTESCO ENTRE EL PRODUCTO PEPSI Y LA RUTA DE SU IMAGEN ES 0.33
EXISTE LA IMAGEN DEL PRODUCTO PEPSI MAX
EL PARENTESCO ENTRE EL PRODUCTO PEPSI MAX Y LA RUTA DE SU IMAGEN ES 0.20
EXISTE LA IMAGEN DEL PRODUCTO RED BULL
EL PARENTESCO ENTRE EL PRODUCTO RED BULL Y LA RUTA DE SU IMAGEN ES 0.22
EXISTE LA IMAGEN DEL PRODUCTO AQUARIUS NARANJA
EL PARENTESCO ENTRE EL PRODUCTO AQUARIUS NARANJA Y LA RUTA DE SU IMAGEN ES 0.12
EXISTE LA IMAGEN DEL PRODUCTO AQUARIUS NARANJA
EL PARENTESCO ENTRE EL PRODUCTO AQUARIUS NARANJA Y LA RUTA DE SU IMAGEN ES 0.12
EXISTE LA IMAGEN DEL PRODUCTO GINGER ALE
EL PARENTESCO ENTRE EL PRODUCTO GINGER ALE Y LA RUTA DE SU IMAGEN ES 0.18
EXISTE LA IMAGEN DEL PRODUCTO AGUA SIN GAS
EL PARENTESCO ENTRE EL PRODUCTO AGUA SIN GAS Y LA RUTA DE SU IMAGEN ES 0.15
EXISTE LA IMAGEN DEL PRODUCTO SOLO
EL PARENTESCO ENTRE EL PRODUCTO SOLO Y LA RUTA DE SU IMAGEN ES 0.40
EXISTE LA IMAGEN DEL PRODUCTO CORTADO LARGO
EL PARENTESCO ENTRE EL PRODUCTO CORTADO LARGO Y LA RUTA DE SU IMAGEN ES 0.14
EXISTE LA IMAGEN DEL PRODUCTO LECHE Y LECHE
EL PARENTESCO ENTRE EL PRODUCTO LECHE Y LECHE Y LA RUTA DE SU IMAGEN ES 0.14
EXISTE LA IMAGEN DEL PRODUCTO LECHE Y LECHE
EL PARENTESCO ENTRE EL PRODUCTO LECHE Y LECHE Y LA RUTA DE SU IMAGEN ES 0.14
EXISTE LA IMAGEN DEL PRODUCTO CARAJILLO
EL PARENTESCO ENTRE EL PRODUCTO CARAJILLO Y LA RUTA DE SU IMAGEN ES 0.20
EXISTE LA IMAGEN DEL PRODUCTO CAFÉ JAMAICANO
EL PARENTESCO ENTRE EL PRODUCTO CAFÉ JAMAICANO Y LA RUTA DE SU IMAGEN ES 0.13
EXISTE LA IMAGEN DEL PRODUCTO HEINEKEN (CAÑA)
EL PARENTESCO ENTRE EL PRODUCTO HEINEKEN (CAÑA) Y LA RUTA DE SU IMAGEN ES 0.14
EXISTE LA IMAGEN DEL PRODUCTO HEINEKEN (JARRA)
EL PARENTESCO ENTRE EL PRODUCTO HEINEKEN (JARRA) Y LA RUTA DE SU IMAGEN ES 0.13
EXISTE LA IMAGEN DEL PRODUCTO HEINEKEN 0,0 (CAÑA)
EL PARENTESCO ENTRE EL PRODUCTO HEINEKEN 0,0 (CAÑA) Y LA RUTA DE SU IMAGEN ES 0.11
EXISTE LA IMAGEN DEL PRODUCTO HEINEKEN 0,0 (JARRA)
EL PARENTESCO ENTRE EL PRODUCTO HEINEKEN 0,0 (JARRA) Y LA RUTA DE SU IMAGEN ES 0.11
EXISTE LA IMAGEN DEL PRODUCTO CRUZCAMPO (CAÑA)
EL PARENTESCO ENTRE EL PRODUCTO CRUZCAMPO (CAÑA) Y LA RUTA DE SU IMAGEN ES 0.13
EXISTE LA IMAGEN DEL PRODUCTO CRUZCAMPO (JARRA)
EL PARENTESCO ENTRE EL PRODUCTO CRUZCAMPO (JARRA) Y LA RUTA DE SU IMAGEN ES 0.12
EXISTE LA IMAGEN DEL PRODUCTO CRUZCAMPO RADLER
EL PARENTESCO ENTRE EL PRODUCTO CRUZCAMPO RADLER Y LA RUTA DE SU IMAGEN ES 0.12
EXISTE LA IMAGEN DEL PRODUCTO MAHOU
EL PARENTESCO ENTRE EL PRODUCTO MAHOU Y LA RUTA DE SU IMAGEN ES 0.33
EXISTE LA IMAGEN DEL PRODUCTO MAHOU 0,0 TOSTADA
EL PARENTESCO ENTRE EL PRODUCTO MAHOU 0,0 TOSTADA Y LA RUTA DE SU IMAGEN ES 0.11
EXISTE LA IMAGEN DEL PRODUCTO TABLA DE QUESOS
EL PARENTESCO ENTRE EL PRODUCTO TABLA DE QUESOS Y LA RUTA DE SU IMAGEN ES 0.12
EXISTE LA IMAGEN DEL PRODUCTO CROQUETAS DE ATÚN (RACIÓN)
EL PARENTESCO ENTRE EL PRODUCTO CROQUETAS DE ATÚN (RACIÓN) Y LA RUTA DE SU IMAGEN ES 0.08
EXISTE LA IMAGEN DEL PRODUCTO CROQUETAS DE POLLO (TAPA)
EL PARENTESCO ENTRE EL PRODUCTO CROQUETAS DE POLLO (TAPA) Y LA RUTA DE SU IMAGEN ES 0.08
EXISTE LA IMAGEN DEL PRODUCTO CROQUETAS DE POLLO (RACIÓN)
EL PARENTESCO ENTRE EL PRODUCTO CROQUETAS DE POLLO (RACIÓN) Y LA RUTA DE SU IMAGEN ES 0.08
EXISTE LA IMAGEN DEL PRODUCTO PAN DE AJO
EL PARENTESCO ENTRE EL PRODUCTO PAN DE AJO Y LA RUTA DE SU IMAGEN ES 0.18
EXISTE LA IMAGEN DEL PRODUCTO PAPAS ARRUGADAS (TAPA)
EL PARENTESCO ENTRE EL PRODUCTO PAPAS ARRUGADAS (TAPA) Y LA RUTA DE SU IMAGEN ES 0.10
EXISTE LA IMAGEN DEL PRODUCTO PAPAS ARRUGADAS (RACIÓN)
EL PARENTESCO ENTRE EL PRODUCTO PAPAS ARRUGADAS (RACIÓN) Y LA RUTA DE SU IMAGEN ES 0.09
EXISTE LA IMAGEN DEL PRODUCTO ENSALADA GRIEGA
EL PARENTESCO ENTRE EL PRODUCTO ENSALADA GRIEGA Y LA RUTA DE SU IMAGEN ES 0.12
EXISTE LA IMAGEN DEL PRODUCTO PIZZA MARGARITA
EL PARENTESCO ENTRE EL PRODUCTO PIZZA MARGARITA Y LA RUTA DE SU IMAGEN ES 0.12
NO EXISTE LA IMAGEN DEL PRODUCTO HAMBURGUESA CLÁSICA
NO EXISTE LA IMAGEN DEL PRODUCTO HAMBURGUESA CON QUESO
NO EXISTE LA IMAGEN DEL PRODUCTO HAMBURGUESA DE CARNE
NO EXISTE LA IMAGEN DEL PRODUCTO HAMBURGUESA VEGANA
NO EXISTE LA IMAGEN DEL PRODUCTO SOLOMILLO DE CERDO
NO EXISTE LA IMAGEN DEL PRODUCTO PARRILLA ANGUS
NO EXISTE LA IMAGEN DEL PRODUCTO FAJITAS DE CARNE
NO EXISTE LA IMAGEN DEL PRODUCTO POLLO AL GRILL
NO EXISTE LA IMAGEN DEL PRODUCTO CRUJIENTE DE LANGOSTINO
NO EXISTE LA IMAGEN DEL PRODUCTO ROLLITOS DE MERLUZA
NO EXISTE LA IMAGEN DEL PRODUCTO SALMÓN CURADO
EXISTE LA IMAGEN DEL PRODUCTO TARTA DE QUESO
EL PARENTESCO ENTRE EL PRODUCTO TARTA DE QUESO Y LA RUTA DE SU IMAGEN ES 0.13
EXISTE LA IMAGEN DEL PRODUCTO TIRAMISÚ
EL PARENTESCO ENTRE EL PRODUCTO TIRAMISÚ Y LA RUTA DE SU IMAGEN ES 0.22
EXISTE LA IMAGEN DEL PRODUCTO TARTA DE ZANAHORIA
EL PARENTESCO ENTRE EL PRODUCTO TARTA DE ZANAHORIA Y LA RUTA DE SU IMAGEN ES 0.11
EXISTE LA IMAGEN DEL PRODUCTO PAPAS FRITAS
EL PARENTESCO ENTRE EL PRODUCTO PAPAS FRITAS Y LA RUTA DE SU IMAGEN ES 0.15
EXISTE LA IMAGEN DEL PRODUCTO MOSTAZA
EL PARENTESCO ENTRE EL PRODUCTO MOSTAZA Y LA RUTA DE SU IMAGEN ES 0.25
EXISTE LA IMAGEN DEL PRODUCTO SALSA BBQ
EL PARENTESCO ENTRE EL PRODUCTO SALSA BBQ Y LA RUTA DE SU IMAGEN ES 0.20
EXISTE LA IMAGEN DEL PRODUCTO SALSA DELUXE
EL PARENTESCO ENTRE EL PRODUCTO SALSA DELUXE Y LA RUTA DE SU IMAGEN ES 0.15
EXISTE LA IMAGEN DEL PRODUCTO AREHUCAS ORO (COPA)
EL PARENTESCO ENTRE EL PRODUCTO AREHUCAS ORO (COPA) Y LA RUTA DE SU IMAGEN ES 0.11
EXISTE LA IMAGEN DEL PRODUCTO AREHUCAS ORO (BOTELLA)
EL PARENTESCO ENTRE EL PRODUCTO AREHUCAS ORO (BOTELLA) Y LA RUTA DE SU IMAGEN ES 0.10
EXISTE LA IMAGEN DEL PRODUCTO AREHUCAS BLANCO (COPA)
EL PARENTESCO ENTRE EL PRODUCTO AREHUCAS BLANCO (COPA) Y LA RUTA DE SU IMAGEN ES 0.10
EXISTE LA IMAGEN DEL PRODUCTO AREHUCAS BLANCO (BOTELLA)
EL PARENTESCO ENTRE EL PRODUCTO AREHUCAS BLANCO (BOTELLA) Y LA RUTA DE SU IMAGEN ES 0.08
EXISTE LA IMAGEN DEL PRODUCTO HAVANA 3 AÑOS (CHUPITO)
EL PARENTESCO ENTRE EL PRODUCTO HAVANA 3 AÑOS (CHUPITO) Y LA RUTA DE SU IMAGEN ES 0.09
EXISTE LA IMAGEN DEL PRODUCTO HAVANA 3 AÑOS (COPA)
EL PARENTESCO ENTRE EL PRODUCTO HAVANA 3 AÑOS (COPA) Y LA RUTA DE SU IMAGEN ES 0.11
EXISTE LA IMAGEN DEL PRODUCTO HAVANA 3 AÑOS (BOTELLA)
EL PARENTESCO ENTRE EL PRODUCTO HAVANA 3 AÑOS (BOTELLA) Y LA RUTA DE SU IMAGEN ES 0.09
EXISTE LA IMAGEN DEL PRODUCTO HAVANA 7 AÑOS (CHUPITO)
EL PARENTESCO ENTRE EL PRODUCTO HAVANA 7 AÑOS (CHUPITO) Y LA RUTA DE SU IMAGEN ES 0.09
EXISTE LA IMAGEN DEL PRODUCTO HAVANA 7 AÑOS (COPA)
EL PARENTESCO ENTRE EL PRODUCTO HAVANA 7 AÑOS (COPA) Y LA RUTA DE SU IMAGEN ES 0.11
EXISTE LA IMAGEN DEL PRODUCTO HAVANA 7 AÑOS (BOTELLA)
EL PARENTESCO ENTRE EL PRODUCTO HAVANA 7 AÑOS (BOTELLA) Y LA RUTA DE SU IMAGEN ES 0.09
EXISTE LA IMAGEN DEL PRODUCTO MATUSALEM 7 AÑOS (CHUPITO)
EL PARENTESCO ENTRE EL PRODUCTO MATUSALEM 7 AÑOS (CHUPITO) Y LA RUTA DE SU IMAGEN ES 0.08
EXISTE LA IMAGEN DEL PRODUCTO MATUSALEM 7 AÑOS (COPA)
EL PARENTESCO ENTRE EL PRODUCTO MATUSALEM 7 AÑOS (COPA) Y LA RUTA DE SU IMAGEN ES 0.09
EXISTE LA IMAGEN DEL PRODUCTO MATUSALEM 7 AÑOS (BOTELLA)
EL PARENTESCO ENTRE EL PRODUCTO MATUSALEM 7 AÑOS (BOTELLA) Y LA RUTA DE SU IMAGEN ES 0.08
EXISTE LA IMAGEN DEL PRODUCTO MATUSALEM 15 AÑOS (COPA)
EL PARENTESCO ENTRE EL PRODUCTO MATUSALEM 15 AÑOS (COPA) Y LA RUTA DE SU IMAGEN ES 0.09
EXISTE LA IMAGEN DEL PRODUCTO MATUSALEM 15 AÑOS (BOTELLA)
EL PARENTESCO ENTRE EL PRODUCTO MATUSALEM 15 AÑOS (BOTELLA) Y LA RUTA DE SU IMAGEN ES 0.08
EXISTE LA IMAGEN DEL PRODUCTO TELDE (CHUPITO)
EL PARENTESCO ENTRE EL PRODUCTO TELDE (CHUPITO) Y LA RUTA DE SU IMAGEN ES 0.14
EXISTE LA IMAGEN DEL PRODUCTO TELDE (COPA)
EL PARENTESCO ENTRE EL PRODUCTO TELDE (COPA) Y LA RUTA DE SU IMAGEN ES 0.18
EXISTE LA IMAGEN DEL PRODUCTO TELDE (BOTELLA)
EL PARENTESCO ENTRE EL PRODUCTO TELDE (BOTELLA) Y LA RUTA DE SU IMAGEN ES 0.14
EXISTE LA IMAGEN DEL PRODUCTO NEGRONI
EL PARENTESCO ENTRE EL PRODUCTO NEGRONI Y LA RUTA DE SU IMAGEN ES 0.25
EXISTE LA IMAGEN DEL PRODUCTO NEGRONI
EL PARENTESCO ENTRE EL PRODUCTO NEGRONI Y LA RUTA DE SU IMAGEN ES 0.25
EXISTE LA IMAGEN DEL PRODUCTO JB (CHUPITO)
EL PARENTESCO ENTRE EL PRODUCTO JB (CHUPITO) Y LA RUTA DE SU IMAGEN ES 0.18
EXISTE LA IMAGEN DEL PRODUCTO JB (COPA)
EL PARENTESCO ENTRE EL PRODUCTO JB (COPA) Y LA RUTA DE SU IMAGEN ES 0.25
EXISTE LA IMAGEN DEL PRODUCTO JB (BOTELLA)
EL PARENTESCO ENTRE EL PRODUCTO JB (BOTELLA) Y LA RUTA DE SU IMAGEN ES 0.18
EXISTE LA IMAGEN DEL PRODUCTO JOHNNIE WALKER BLACK LABEL (CHUPITO)
EL PARENTESCO ENTRE EL PRODUCTO JOHNNIE WALKER BLACK LABEL (CHUPITO) Y LA RUTA DE SU IMAGEN ES 0.06
EXISTE LA IMAGEN DEL PRODUCTO JOHNNIE WALKER BLACK LABEL (COPA)
EL PARENTESCO ENTRE EL PRODUCTO JOHNNIE WALKER BLACK LABEL (COPA) Y LA RUTA DE SU IMAGEN ES 0.06
EXISTE LA IMAGEN DEL PRODUCTO JOHNNIE WALKER BLACK LABEL (BOTELLA)
EL PARENTESCO ENTRE EL PRODUCTO JOHNNIE WALKER BLACK LABEL (BOTELLA) Y LA RUTA DE SU IMAGEN ES 0.06
EXISTE LA IMAGEN DEL PRODUCTO JOHNNIE WALKER RED LABEL (CHUPITO)
EL PARENTESCO ENTRE EL PRODUCTO JOHNNIE WALKER RED LABEL (CHUPITO) Y LA RUTA DE SU IMAGEN ES 0.06
EXISTE LA IMAGEN DEL PRODUCTO JOHNNIE WALKER RED LABEL (COPA)
EL PARENTESCO ENTRE EL PRODUCTO JOHNNIE WALKER RED LABEL (COPA) Y LA RUTA DE SU IMAGEN ES 0.07
EXISTE LA IMAGEN DEL PRODUCTO JOHNNIE WALKER RED LABEL (BOTELLA)
EL PARENTESCO ENTRE EL PRODUCTO JOHNNIE WALKER RED LABEL (BOTELLA) Y LA RUTA DE SU IMAGEN ES 0.06
EXISTE LA IMAGEN DEL PRODUCTO JOHNNIE WALKER BLUE LABEL (COPA)
EL PARENTESCO ENTRE EL PRODUCTO JOHNNIE WALKER BLUE LABEL (COPA) Y LA RUTA DE SU IMAGEN ES 0.06
EXISTE LA IMAGEN DEL PRODUCTO JOHNNIE WALKER BLUE LABEL (BOTELLA)
EL PARENTESCO ENTRE EL PRODUCTO JOHNNIE WALKER BLUE LABEL (BOTELLA) Y LA RUTA DE SU IMAGEN ES 0.06
EXISTE LA IMAGEN DEL PRODUCTO JOHN HAIG (COPA)
EL PARENTESCO ENTRE EL PRODUCTO JOHN HAIG (COPA) Y LA RUTA DE SU IMAGEN ES 0.13
EXISTE LA IMAGEN DEL PRODUCTO JOHN HAIG (BOTELLA)
EL PARENTESCO ENTRE EL PRODUCTO JOHN HAIG (BOTELLA) Y LA RUTA DE SU IMAGEN ES 0.11
EXISTE LA IMAGEN DEL PRODUCTO MACALLAN (CHUPITO)
EL PARENTESCO ENTRE EL PRODUCTO MACALLAN (CHUPITO) Y LA RUTA DE SU IMAGEN ES 0.12
EXISTE LA IMAGEN DEL PRODUCTO MACALLAN (COPA)
EL PARENTESCO ENTRE EL PRODUCTO MACALLAN (COPA) Y LA RUTA DE SU IMAGEN ES 0.14
EXISTE LA IMAGEN DEL PRODUCTO MACALLAN (BOTELLA)
EL PARENTESCO ENTRE EL PRODUCTO MACALLAN (BOTELLA) Y LA RUTA DE SU IMAGEN ES 0.12
EXISTE LA IMAGEN DEL PRODUCTO BALLANTINE'S (COPA)
EL PARENTESCO ENTRE EL PRODUCTO BALLANTINE'S (COPA) Y LA RUTA DE SU IMAGEN ES 0.11
EXISTE LA IMAGEN DEL PRODUCTO BALLANTINE'S (BOTELLA)
EL PARENTESCO ENTRE EL PRODUCTO BALLANTINE'S (BOTELLA) Y LA RUTA DE SU IMAGEN ES 0.10
EXISTE LA IMAGEN DEL PRODUCTO BEEFEATER (CHUPITO)
EL PARENTESCO ENTRE EL PRODUCTO BEEFEATER (CHUPITO) Y LA RUTA DE SU IMAGEN ES 0.11
EXISTE LA IMAGEN DEL PRODUCTO BEEFEATER (COPA)
EL PARENTESCO ENTRE EL PRODUCTO BEEFEATER (COPA) Y LA RUTA DE SU IMAGEN ES 0.13
EXISTE LA IMAGEN DEL PRODUCTO BEEFEATER (BOTELLA)
EL PARENTESCO ENTRE EL PRODUCTO BEEFEATER (BOTELLA) Y LA RUTA DE SU IMAGEN ES 0.11
EXISTE LA IMAGEN DEL PRODUCTO BEEFEATER LIGHT (CHUPITO)
EL PARENTESCO ENTRE EL PRODUCTO BEEFEATER LIGHT (CHUPITO) Y LA RUTA DE SU IMAGEN ES 0.08
EXISTE LA IMAGEN DEL PRODUCTO BEEFEATER LIGHT (COPA)
EL PARENTESCO ENTRE EL PRODUCTO BEEFEATER LIGHT (COPA) Y LA RUTA DE SU IMAGEN ES 0.10
EXISTE LA IMAGEN DEL PRODUCTO BEEFEATER LIGHT (BOTELLA)
EL PARENTESCO ENTRE EL PRODUCTO BEEFEATER LIGHT (BOTELLA) Y LA RUTA DE SU IMAGEN ES 0.08
EXISTE LA IMAGEN DEL PRODUCTO BOMBAY SAPPHIRE (CHUPITO)
EL PARENTESCO ENTRE EL PRODUCTO BOMBAY SAPPHIRE (CHUPITO) Y LA RUTA DE SU IMAGEN ES 0.08
EXISTE LA IMAGEN DEL PRODUCTO BOMBAY SAPPHIRE (COPA)
EL PARENTESCO ENTRE EL PRODUCTO BOMBAY SAPPHIRE (COPA) Y LA RUTA DE SU IMAGEN ES 0.10
EXISTE LA IMAGEN DEL PRODUCTO BOMBAY SAPPHIRE (BOTELLA)
EL PARENTESCO ENTRE EL PRODUCTO BOMBAY SAPPHIRE (BOTELLA) Y LA RUTA DE SU IMAGEN ES 0.08
EXISTE LA IMAGEN DEL PRODUCTO GIN MARE CAPRI (CHUPITO)
EL PARENTESCO ENTRE EL PRODUCTO GIN MARE CAPRI (CHUPITO) Y LA RUTA DE SU IMAGEN ES 0.09
EXISTE LA IMAGEN DEL PRODUCTO GIN MARE CAPRI (COPA)
EL PARENTESCO ENTRE EL PRODUCTO GIN MARE CAPRI (COPA) Y LA RUTA DE SU IMAGEN ES 0.10
EXISTE LA IMAGEN DEL PRODUCTO GIN MARE CAPRI (BOTELLA)
EL PARENTESCO ENTRE EL PRODUCTO GIN MARE CAPRI (BOTELLA) Y LA RUTA DE SU IMAGEN ES 0.09
EXISTE LA IMAGEN DEL PRODUCTO G-VINE (COPA)
EL PARENTESCO ENTRE EL PRODUCTO G-VINE (COPA) Y LA RUTA DE SU IMAGEN ES 0.17
EXISTE LA IMAGEN DEL PRODUCTO G-VINE (BOTELLA)
EL PARENTESCO ENTRE EL PRODUCTO G-VINE (BOTELLA) Y LA RUTA DE SU IMAGEN ES 0.13
EXISTE LA IMAGEN DEL PRODUCTO TANQUERAY (CHUPITO)
EL PARENTESCO ENTRE EL PRODUCTO TANQUERAY (CHUPITO) Y LA RUTA DE SU IMAGEN ES 0.11
EXISTE LA IMAGEN DEL PRODUCTO TANQUERAY (COPA)
EL PARENTESCO ENTRE EL PRODUCTO TANQUERAY (COPA) Y LA RUTA DE SU IMAGEN ES 0.13
EXISTE LA IMAGEN DEL PRODUCTO TANQUERAY (BOTELLA)
EL PARENTESCO ENTRE EL PRODUCTO TANQUERAY (BOTELLA) Y LA RUTA DE SU IMAGEN ES 0.11
EXISTE LA IMAGEN DEL PRODUCTO SMIRNOFF (COPA)
EL PARENTESCO ENTRE EL PRODUCTO SMIRNOFF (COPA) Y LA RUTA DE SU IMAGEN ES 0.14
EXISTE LA IMAGEN DEL PRODUCTO SMIRNOFF (BOTELLA)
EL PARENTESCO ENTRE EL PRODUCTO SMIRNOFF (BOTELLA) Y LA RUTA DE SU IMAGEN ES 0.12
EXISTE LA IMAGEN DEL PRODUCTO CIROC (COPA)
EL PARENTESCO ENTRE EL PRODUCTO CIROC (COPA) Y LA RUTA DE SU IMAGEN ES 0.18
EXISTE LA IMAGEN DEL PRODUCTO CIROC (BOTELLA)
EL PARENTESCO ENTRE EL PRODUCTO CIROC (BOTELLA) Y LA RUTA DE SU IMAGEN ES 0.14
EXISTE LA IMAGEN DEL PRODUCTO BELVEDERE (COPA)
EL PARENTESCO ENTRE EL PRODUCTO BELVEDERE (COPA) Y LA RUTA DE SU IMAGEN ES 0.13
EXISTE LA IMAGEN DEL PRODUCTO BELVEDERE (BOTELLA)
EL PARENTESCO ENTRE EL PRODUCTO BELVEDERE (BOTELLA) Y LA RUTA DE SU IMAGEN ES 0.11
EXISTE LA IMAGEN DEL PRODUCTO BELUGA (COPA)
EL PARENTESCO ENTRE EL PRODUCTO BELUGA (COPA) Y LA RUTA DE SU IMAGEN ES 0.17
EXISTE LA IMAGEN DEL PRODUCTO BELUGA (BOTELLA)
EL PARENTESCO ENTRE EL PRODUCTO BELUGA (BOTELLA) Y LA RUTA DE SU IMAGEN ES 0.13
EXISTE LA IMAGEN DEL PRODUCTO ABSOLUT (COPA)
EL PARENTESCO ENTRE EL PRODUCTO ABSOLUT (COPA) Y LA RUTA DE SU IMAGEN ES 0.15
EXISTE LA IMAGEN DEL PRODUCTO ABSOLUT (BOTELLA)
EL PARENTESCO ENTRE EL PRODUCTO ABSOLUT (BOTELLA) Y LA RUTA DE SU IMAGEN ES 0.12
EXISTE LA IMAGEN DEL PRODUCTO FRANGELICO (CHUPITO)
EL PARENTESCO ENTRE EL PRODUCTO FRANGELICO (CHUPITO) Y LA RUTA DE SU IMAGEN ES 0.11
EXISTE LA IMAGEN DEL PRODUCTO FRANGELICO (COPA)
EL PARENTESCO ENTRE EL PRODUCTO FRANGELICO (COPA) Y LA RUTA DE SU IMAGEN ES 0.12
EXISTE LA IMAGEN DEL PRODUCTO FRANGELICO (BOTELLA)
EL PARENTESCO ENTRE EL PRODUCTO FRANGELICO (BOTELLA) Y LA RUTA DE SU IMAGEN ES 0.11
EXISTE LA IMAGEN DEL PRODUCTO LICOR 43 (CHUPITO)
EL PARENTESCO ENTRE EL PRODUCTO LICOR 43 (CHUPITO) Y LA RUTA DE SU IMAGEN ES 0.12
EXISTE LA IMAGEN DEL PRODUCTO LICOR 43 (COPA)
EL PARENTESCO ENTRE EL PRODUCTO LICOR 43 (COPA) Y LA RUTA DE SU IMAGEN ES 0.14
EXISTE LA IMAGEN DEL PRODUCTO LICOR 43 (BOTELLA)
EL PARENTESCO ENTRE EL PRODUCTO LICOR 43 (BOTELLA) Y LA RUTA DE SU IMAGEN ES 0.12
EXISTE LA IMAGEN DEL PRODUCTO DRAMBUIE (COPA)
EL PARENTESCO ENTRE EL PRODUCTO DRAMBUIE (COPA) Y LA RUTA DE SU IMAGEN ES 0.14
EXISTE LA IMAGEN DEL PRODUCTO DRAMBUIE (BOTELLA)
EL PARENTESCO ENTRE EL PRODUCTO DRAMBUIE (BOTELLA) Y LA RUTA DE SU IMAGEN ES 0.12
EXISTE LA IMAGEN DEL PRODUCTO MALIBU (CHUPITO)
EL PARENTESCO ENTRE EL PRODUCTO MALIBU (CHUPITO) Y LA RUTA DE SU IMAGEN ES 0.13
EXISTE LA IMAGEN DEL PRODUCTO MALIBU (COPA)
EL PARENTESCO ENTRE EL PRODUCTO MALIBU (COPA) Y LA RUTA DE SU IMAGEN ES 0.17
EXISTE LA IMAGEN DEL PRODUCTO MALIBU (BOTELLA)
EL PARENTESCO ENTRE EL PRODUCTO MALIBU (BOTELLA) Y LA RUTA DE SU IMAGEN ES 0.13
EXISTE LA IMAGEN DEL PRODUCTO ORUJO HIERBA (CHUPITO)
EL PARENTESCO ENTRE EL PRODUCTO ORUJO HIERBA (CHUPITO) Y LA RUTA DE SU IMAGEN ES 0.10
EXISTE LA IMAGEN DEL PRODUCTO ORUJO HIERBA (COPA)
EL PARENTESCO ENTRE EL PRODUCTO ORUJO HIERBA (COPA) Y LA RUTA DE SU IMAGEN ES 0.11
EXISTE LA IMAGEN DEL PRODUCTO ORUJO HIERBA (BOTELLA)
EL PARENTESCO ENTRE EL PRODUCTO ORUJO HIERBA (BOTELLA) Y LA RUTA DE SU IMAGEN ES 0.10
EXISTE LA IMAGEN DEL PRODUCTO CARLOS I (COPA)
EL PARENTESCO ENTRE EL PRODUCTO CARLOS I (COPA) Y LA RUTA DE SU IMAGEN ES 0.14
EXISTE LA IMAGEN DEL PRODUCTO CARLOS I (BOTELLA)
EL PARENTESCO ENTRE EL PRODUCTO CARLOS I (BOTELLA) Y LA RUTA DE SU IMAGEN ES 0.12
EXISTE LA IMAGEN DEL PRODUCTO VETERANO (CHUPITO)
EL PARENTESCO ENTRE EL PRODUCTO VETERANO (CHUPITO) Y LA RUTA DE SU IMAGEN ES 0.12
EXISTE LA IMAGEN DEL PRODUCTO VETERANO (COPA)
EL PARENTESCO ENTRE EL PRODUCTO VETERANO (COPA) Y LA RUTA DE SU IMAGEN ES 0.14
EXISTE LA IMAGEN DEL PRODUCTO VETERANO (BOTELLA)
EL PARENTESCO ENTRE EL PRODUCTO VETERANO (BOTELLA) Y LA RUTA DE SU IMAGEN ES 0.12
EXISTE LA IMAGEN DEL PRODUCTO HENNESSY (COPA)
EL PARENTESCO ENTRE EL PRODUCTO HENNESSY (COPA) Y LA RUTA DE SU IMAGEN ES 0.14
EXISTE LA IMAGEN DEL PRODUCTO HENNESSY (BOTELLA)
EL PARENTESCO ENTRE EL PRODUCTO HENNESSY (BOTELLA) Y LA RUTA DE SU IMAGEN ES 0.12
EXISTE LA IMAGEN DEL PRODUCTO FINCA ENGALIA (BOTELLA)
EL PARENTESCO ENTRE EL PRODUCTO FINCA ENGALIA (BOTELLA) Y LA RUTA DE SU IMAGEN ES 0.09
EXISTE LA IMAGEN DEL PRODUCTO CARCHELO TINTO (BOTELLA)
EL PARENTESCO ENTRE EL PRODUCTO CARCHELO TINTO (BOTELLA) Y LA RUTA DE SU IMAGEN ES 0.09
EXISTE LA IMAGEN DEL PRODUCTO JUAN BELLO TINTO (COPA)
EL PARENTESCO ENTRE EL PRODUCTO JUAN BELLO TINTO (COPA) Y LA RUTA DE SU IMAGEN ES 0.09
EXISTE LA IMAGEN DEL PRODUCTO JUAN BELLO TINTO (BOTELLA)
EL PARENTESCO ENTRE EL PRODUCTO JUAN BELLO TINTO (BOTELLA) Y LA RUTA DE SU IMAGEN ES 0.08
EXISTE LA IMAGEN DEL PRODUCTO GRIFO TINTO (BOTELLA)
EL PARENTESCO ENTRE EL PRODUCTO GRIFO TINTO (BOTELLA) Y LA RUTA DE SU IMAGEN ES 0.10
EXISTE LA IMAGEN DEL PRODUCTO AGALA (BOTELLA)
EL PARENTESCO ENTRE EL PRODUCTO AGALA (BOTELLA) Y LA RUTA DE SU IMAGEN ES 0.14
EXISTE LA IMAGEN DEL PRODUCTO JEAN LEON (COPA)
EL PARENTESCO ENTRE EL PRODUCTO JEAN LEON (COPA) Y LA RUTA DE SU IMAGEN ES 0.13
EXISTE LA IMAGEN DEL PRODUCTO JEAN LEON (BOTELLA)
EL PARENTESCO ENTRE EL PRODUCTO JEAN LEON (BOTELLA) Y LA RUTA DE SU IMAGEN ES 0.11
EXISTE LA IMAGEN DEL PRODUCTO GRIFO SECO (BOTELLA)
EL PARENTESCO ENTRE EL PRODUCTO GRIFO SECO (BOTELLA) Y LA RUTA DE SU IMAGEN ES 0.11
EXISTE LA IMAGEN DEL PRODUCTO PROSECCO BIANCO (COPA)
EL PARENTESCO ENTRE EL PRODUCTO PROSECCO BIANCO (COPA) Y LA RUTA DE SU IMAGEN ES 0.10
EXISTE LA IMAGEN DEL PRODUCTO PROSECCO BIANCO (BOTELLA)
EL PARENTESCO ENTRE EL PRODUCTO PROSECCO BIANCO (BOTELLA) Y LA RUTA DE SU IMAGEN ES 0.08
EXISTE LA IMAGEN DEL PRODUCTO FLOR DE CHASNA BLANCO (BOTELLA)
EL PARENTESCO ENTRE EL PRODUCTO FLOR DE CHASNA BLANCO (BOTELLA) Y LA RUTA DE SU IMAGEN ES 0.07
EXISTE LA IMAGEN DEL PRODUCTO RODELIA BLANCO (COPA)
EL PARENTESCO ENTRE EL PRODUCTO RODELIA BLANCO (COPA) Y LA RUTA DE SU IMAGEN ES 0.10
EXISTE LA IMAGEN DEL PRODUCTO RODELIA BLANCO (BOTELLA)
EL PARENTESCO ENTRE EL PRODUCTO RODELIA BLANCO (BOTELLA) Y LA RUTA DE SU IMAGEN ES 0.09
EXISTE LA IMAGEN DEL PRODUCTO BENJE BLANCO (BOTELLA)
EL PARENTESCO ENTRE EL PRODUCTO BENJE BLANCO (BOTELLA) Y LA RUTA DE SU IMAGEN ES 0.10
EXISTE LA IMAGEN DEL PRODUCTO FREIXENET BRUT (COPA)
EL PARENTESCO ENTRE EL PRODUCTO FREIXENET BRUT (COPA) Y LA RUTA DE SU IMAGEN ES 0.10
EXISTE LA IMAGEN DEL PRODUCTO FREIXENET BRUT (BOTELLA)
EL PARENTESCO ENTRE EL PRODUCTO FREIXENET BRUT (BOTELLA) Y LA RUTA DE SU IMAGEN ES 0.09
EXISTE LA IMAGEN DEL PRODUCTO FREIXENET ROSÈ (COPA)
EL PARENTESCO ENTRE EL PRODUCTO FREIXENET ROSÈ (COPA) Y LA RUTA DE SU IMAGEN ES 0.11
EXISTE LA IMAGEN DEL PRODUCTO FREIXENET ROSÈ (BOTELLA)
EL PARENTESCO ENTRE EL PRODUCTO FREIXENET ROSÈ (BOTELLA) Y LA RUTA DE SU IMAGEN ES 0.09
EXISTE LA IMAGEN DEL PRODUCTO DON PERIGNON (BOTELLA)
EL PARENTESCO ENTRE EL PRODUCTO DON PERIGNON (BOTELLA) Y LA RUTA DE SU IMAGEN ES 0.10
INSERTADA LA FAMILIA BRANDIES EN LA BASE DE DATOS
INSERTADA LA FAMILIA CAFES EN LA BASE DE DATOS
INSERTADA LA FAMILIA CAFÉ EN LA BASE DE DATOS
INSERTADA LA FAMILIA CARNES EN LA BASE DE DATOS
INSERTADA LA FAMILIA CAVAS Y CHAMPAGNES EN LA BASE DE DATOS
INSERTADA LA FAMILIA CERVEZAS EN LA BASE DE DATOS
INSERTADA LA FAMILIA COCKTAILS EN LA BASE DE DATOS
INSERTADA LA FAMILIA ENSALADAS EN LA BASE DE DATOS
INSERTADA LA FAMILIA ENTRANTES EN LA BASE DE DATOS
INSERTADA LA FAMILIA GINEBRAS EN LA BASE DE DATOS
INSERTADA LA FAMILIA GUARNICIONES EN LA BASE DE DATOS
INSERTADA LA FAMILIA HAMBURGUESAS EN LA BASE DE DATOS
INSERTADA LA FAMILIA LICORES EN LA BASE DE DATOS
INSERTADA LA FAMILIA PESCADOS EN LA BASE DE DATOS
INSERTADA LA FAMILIA PIZZAS EN LA BASE DE DATOS
INSERTADA LA FAMILIA POSTRES EN LA BASE DE DATOS
INSERTADA LA FAMILIA REFRESCOS EN LA BASE DE DATOS
INSERTADA LA FAMILIA RONES EN LA BASE DE DATOS
INSERTADA LA FAMILIA SALSAS EN LA BASE DE DATOS
INSERTADA LA FAMILIA VINOS BLANCOS EN LA BASE DE DATOS
INSERTADA LA FAMILIA VINOS TINTOS EN LA BASE DE DATOS
INSERTADA LA FAMILIA VODKAS EN LA BASE DE DATOS
INSERTADA LA FAMILIA WHISKIES EN LA BASE DE DATOS
INSERTADO EL TIPO DE PREPARACIÓN Barra EN LA BASE DE DATOS
INSERTADO EL TIPO DE PREPARACIÓN Cocina EN LA BASE DE DATOS
INSERTADO EL ORDEN DE PREPARACIÓN Bebidas EN LA BASE DE DATOS
INSERTADO EL ORDEN DE PREPARACIÓN Segundos EN LA BASE DE DATOS
INSERTADO EL ORDEN DE PREPARACIÓN Primeros EN LA BASE DE DATOS
INSERTADO EL ORDEN DE PREPARACIÓN Marche y Pase EN LA BASE DE DATOS
INSERTADO EL ORDEN DE PREPARACIÓN Postres EN LA BASE DE DATOS
INSERTADO EL PRODUCTO CARLOS I EN LA BASE DE DATOS
INSERTADO EL PRODUCTO HENNESSY EN LA BASE DE DATOS
INSERTADO EL PRODUCTO VETERANO EN LA BASE DE DATOS
INSERTADO EL PRODUCTO CORTADO LARGO EN LA BASE DE DATOS
INSERTADO EL PRODUCTO BOMBÓN EN LA BASE DE DATOS
INSERTADO EL PRODUCTO CAFÉ IRLANDÉS EN LA BASE DE DATOS
INSERTADO EL PRODUCTO CAFÉ JAMAICANO EN LA BASE DE DATOS
INSERTADO EL PRODUCTO CARAJILLO EN LA BASE DE DATOS
INSERTADO EL PRODUCTO CORTADO CORTO EN LA BASE DE DATOS
INSERTADO EL PRODUCTO LECHE Y LECHE EN LA BASE DE DATOS
INSERTADO EL PRODUCTO SOLO EN LA BASE DE DATOS
INSERTADO EL PRODUCTO BROCHETAS DE POLLO EN LA BASE DE DATOS
INSERTADO EL PRODUCTO FAJITAS DE CARNE EN LA BASE DE DATOS
INSERTADO EL PRODUCTO MILANESA DE TERNERA EN LA BASE DE DATOS
INSERTADO EL PRODUCTO PARRILLA ANGUS EN LA BASE DE DATOS
INSERTADO EL PRODUCTO POLLO AL GRILL EN LA BASE DE DATOS
INSERTADO EL PRODUCTO SOLOMILLO DE CERDO EN LA BASE DE DATOS
INSERTADO EL PRODUCTO DON PERIGNON EN LA BASE DE DATOS
INSERTADO EL PRODUCTO FREIXENET BRUT EN LA BASE DE DATOS
INSERTADO EL PRODUCTO FREIXENET ROSÈ EN LA BASE DE DATOS
INSERTADO EL PRODUCTO ALHAMBRA ROJA EN LA BASE DE DATOS
INSERTADO EL PRODUCTO ALHAMBRA VERDE EN LA BASE DE DATOS
INSERTADO EL PRODUCTO CRUZCAMPO EN LA BASE DE DATOS
INSERTADO EL PRODUCTO CRUZCAMPO RADLER EN LA BASE DE DATOS
INSERTADO EL PRODUCTO HEINEKEN EN LA BASE DE DATOS
INSERTADO EL PRODUCTO HEINEKEN 0,0 EN LA BASE DE DATOS
INSERTADO EL PRODUCTO MAHOU EN LA BASE DE DATOS
INSERTADO EL PRODUCTO MAHOU 0,0 TOSTADA EN LA BASE DE DATOS
INSERTADO EL PRODUCTO BLOODY MARY EN LA BASE DE DATOS
INSERTADO EL PRODUCTO DAIQUIRI FRESA EN LA BASE DE DATOS
INSERTADO EL PRODUCTO DAIQUIRI ORIGINAL EN LA BASE DE DATOS
INSERTADO EL PRODUCTO NEGRONI EN LA BASE DE DATOS
INSERTADO EL PRODUCTO ENSALADA CAPRESE EN LA BASE DE DATOS
INSERTADO EL PRODUCTO ENSALADA CÉSAR EN LA BASE DE DATOS
INSERTADO EL PRODUCTO ENSALADA GRIEGA EN LA BASE DE DATOS
INSERTADO EL PRODUCTO CROQUETAS DE ATÚN EN LA BASE DE DATOS
INSERTADO EL PRODUCTO CROQUETAS DE POLLO EN LA BASE DE DATOS
INSERTADO EL PRODUCTO PAN DE AJO EN LA BASE DE DATOS
INSERTADO EL PRODUCTO PAPAS ARRUGADAS EN LA BASE DE DATOS
INSERTADO EL PRODUCTO TABLA DE QUESOS EN LA BASE DE DATOS
INSERTADO EL PRODUCTO BEEFEATER EN LA BASE DE DATOS
INSERTADO EL PRODUCTO BEEFEATER LIGHT EN LA BASE DE DATOS
INSERTADO EL PRODUCTO BOMBAY SAPPHIRE EN LA BASE DE DATOS
INSERTADO EL PRODUCTO G-VINE EN LA BASE DE DATOS
INSERTADO EL PRODUCTO GIN MARE CAPRI EN LA BASE DE DATOS
INSERTADO EL PRODUCTO TANQUERAY EN LA BASE DE DATOS
INSERTADO EL PRODUCTO NACHOS EN LA BASE DE DATOS
INSERTADO EL PRODUCTO PAPAS DELUXE EN LA BASE DE DATOS
INSERTADO EL PRODUCTO PAPAS FRITAS EN LA BASE DE DATOS
INSERTADO EL PRODUCTO HAMBURGUESA CLÁSICA EN LA BASE DE DATOS
INSERTADO EL PRODUCTO HAMBURGUESA CON QUESO EN LA BASE DE DATOS
INSERTADO EL PRODUCTO HAMBURGUESA DE CARNE EN LA BASE DE DATOS
INSERTADO EL PRODUCTO HAMBURGUESA VEGANA EN LA BASE DE DATOS
INSERTADO EL PRODUCTO DRAMBUIE EN LA BASE DE DATOS
INSERTADO EL PRODUCTO FRANGELICO EN LA BASE DE DATOS
INSERTADO EL PRODUCTO LICOR 43 EN LA BASE DE DATOS
INSERTADO EL PRODUCTO MALIBU EN LA BASE DE DATOS
INSERTADO EL PRODUCTO ORUJO HIERBA EN LA BASE DE DATOS
INSERTADO EL PRODUCTO CALAMARES EN SALSA EN LA BASE DE DATOS
INSERTADO EL PRODUCTO CRUJIENTE DE LANGOSTINO EN LA BASE DE DATOS
INSERTADO EL PRODUCTO LUBINA A LA PLANCHA EN LA BASE DE DATOS
INSERTADO EL PRODUCTO ROLLITOS DE MERLUZA EN LA BASE DE DATOS
INSERTADO EL PRODUCTO SALMÓN CURADO EN LA BASE DE DATOS
INSERTADO EL PRODUCTO FOCACCIA EN LA BASE DE DATOS
INSERTADO EL PRODUCTO PIZZA DE JAMÓN EN LA BASE DE DATOS
INSERTADO EL PRODUCTO PIZZA DE SALMÓN EN LA BASE DE DATOS
INSERTADO EL PRODUCTO PIZZA MARGARITA EN LA BASE DE DATOS
INSERTADO EL PRODUCTO MOUSSE DE CHOCOLATE EN LA BASE DE DATOS
INSERTADO EL PRODUCTO MOUSSE DE GOFIO EN LA BASE DE DATOS
INSERTADO EL PRODUCTO TARTA DE LA ABUELA EN LA BASE DE DATOS
INSERTADO EL PRODUCTO TARTA DE QUESO EN LA BASE DE DATOS
INSERTADO EL PRODUCTO TARTA DE ZANAHORIA EN LA BASE DE DATOS
INSERTADO EL PRODUCTO TIRAMISÚ EN LA BASE DE DATOS
INSERTADO EL PRODUCTO AGUA CON GAS EN LA BASE DE DATOS
INSERTADO EL PRODUCTO AGUA SIN GAS EN LA BASE DE DATOS
INSERTADO EL PRODUCTO AQUARIUS LIMÓN EN LA BASE DE DATOS
INSERTADO EL PRODUCTO AQUARIUS NARANJA EN LA BASE DE DATOS
INSERTADO EL PRODUCTO COCA COLA EN LA BASE DE DATOS
INSERTADO EL PRODUCTO COCA COLA ZERO EN LA BASE DE DATOS
INSERTADO EL PRODUCTO FANTA LIMÓN EN LA BASE DE DATOS
INSERTADO EL PRODUCTO FANTA NARANJA EN LA BASE DE DATOS
INSERTADO EL PRODUCTO GINGER ALE EN LA BASE DE DATOS
INSERTADO EL PRODUCTO NESTEA LIMÓN EN LA BASE DE DATOS
INSERTADO EL PRODUCTO NESTEA MANGO-PIÑA EN LA BASE DE DATOS
INSERTADO EL PRODUCTO PEPSI EN LA BASE DE DATOS
INSERTADO EL PRODUCTO PEPSI MAX EN LA BASE DE DATOS
INSERTADO EL PRODUCTO RED BULL EN LA BASE DE DATOS
INSERTADO EL PRODUCTO AREHUCAS BLANCO EN LA BASE DE DATOS
INSERTADO EL PRODUCTO AREHUCAS ORO EN LA BASE DE DATOS
INSERTADO EL PRODUCTO HAVANA 3 AÑOS EN LA BASE DE DATOS
INSERTADO EL PRODUCTO HAVANA 7 AÑOS EN LA BASE DE DATOS
INSERTADO EL PRODUCTO MATUSALEM 15 AÑOS EN LA BASE DE DATOS
INSERTADO EL PRODUCTO MATUSALEM 7 AÑOS EN LA BASE DE DATOS
INSERTADO EL PRODUCTO TELDE EN LA BASE DE DATOS
INSERTADO EL PRODUCTO ALIOLI EN LA BASE DE DATOS
INSERTADO EL PRODUCTO GUACAMOLE EN LA BASE DE DATOS
INSERTADO EL PRODUCTO KETCHUP EN LA BASE DE DATOS
INSERTADO EL PRODUCTO MAYONESA EN LA BASE DE DATOS
INSERTADO EL PRODUCTO MOSTAZA EN LA BASE DE DATOS
INSERTADO EL PRODUCTO SALSA BBQ EN LA BASE DE DATOS
INSERTADO EL PRODUCTO SALSA DELUXE EN LA BASE DE DATOS
INSERTADO EL PRODUCTO BENJE BLANCO EN LA BASE DE DATOS
INSERTADO EL PRODUCTO FLOR DE CHASNA BLANCO EN LA BASE DE DATOS
INSERTADO EL PRODUCTO GRIFO SECO EN LA BASE DE DATOS
INSERTADO EL PRODUCTO PROSECCO BIANCO EN LA BASE DE DATOS
INSERTADO EL PRODUCTO RODELIA BLANCO EN LA BASE DE DATOS
INSERTADO EL PRODUCTO AGALA EN LA BASE DE DATOS
INSERTADO EL PRODUCTO CARCHELO TINTO EN LA BASE DE DATOS
INSERTADO EL PRODUCTO FINCA ENGALIA EN LA BASE DE DATOS
INSERTADO EL PRODUCTO GRIFO TINTO EN LA BASE DE DATOS
INSERTADO EL PRODUCTO JEAN LEON EN LA BASE DE DATOS
INSERTADO EL PRODUCTO JUAN BELLO TINTO EN LA BASE DE DATOS
INSERTADO EL PRODUCTO ABSOLUT EN LA BASE DE DATOS
INSERTADO EL PRODUCTO BELUGA EN LA BASE DE DATOS
INSERTADO EL PRODUCTO BELVEDERE EN LA BASE DE DATOS
INSERTADO EL PRODUCTO CIROC EN LA BASE DE DATOS
INSERTADO EL PRODUCTO SMIRNOFF EN LA BASE DE DATOS
INSERTADO EL PRODUCTO BALLANTINE'S EN LA BASE DE DATOS
INSERTADO EL PRODUCTO JB EN LA BASE DE DATOS
INSERTADO EL PRODUCTO JOHN HAIG EN LA BASE DE DATOS
INSERTADO EL PRODUCTO JOHNNIE WALKER BLACK LABEL EN LA BASE DE DATOS
INSERTADO EL PRODUCTO JOHNNIE WALKER BLUE LABEL EN LA BASE DE DATOS
INSERTADO EL PRODUCTO JOHNNIE WALKER RED LABEL EN LA BASE DE DATOS
INSERTADO EL PRODUCTO MACALLAN EN LA BASE DE DATOS
