EXISTE LA IMAGEN DEL PRODUCTO COCA COLA
EL PARENTESCO ENTRE EL PRODUCTO COCA COLA Y LA RUTA DE SU IMAGEN ES 0.20
EXISTE LA IMAGEN DEL PRODUCTO COCA COLA ZERO
EL PARENTESCO ENTRE EL PRODUCTO COCA COLA ZERO Y LA RUTA DE SU IMAGEN ES 0.13
EXISTE LA IMAGEN DEL PRODUCTO FANTA NARANJA
EL PARENTESCO ENTRE EL PRODUCTO FANTA NARANJA Y LA RUTA DE SU IMAGEN ES 0.14
EXISTE LA IMAGEN DEL PRODUCTO FANTA LIMÓN
EL PARENTESCO ENTRE EL PRODUCTO FANTA LIMÓN Y LA RUTA DE SU IMAGEN ES 0.17
EXISTE LA IMAGEN DEL PRODUCTO PEPSI
EL PARENTESCO ENTRE EL PRODUCTO PEPSI Y LA RUTA DE SU IMAGEN ES 0.33
INSERTADO EN CACHE EL PRODUCTO PEPSI, FILA 3249, VALORES: REFRESCOS, Barra, Bebidas, imagenesAgora\refrescos\pepsi-normal.jpg, None
ACTUALIZADO EN CACHE EL TEXTO DE BOTÓN DE PEPSI AL VALOR PEPSI
ACTUALIZADO EN CACHE EL TEXTO DE TICKET DE PEPSI AL VALOR PEPSI
EXISTE LA IMAGEN DEL PRODUCTO RED BULL
EL PARENTESCO ENTRE EL PRODUCTO RED BULL Y LA RUTA DE SU IMAGEN ES 0.22
EXISTE LA IMAGEN DEL PRODUCTO GINGER ALE
EL PARENTESCO ENTRE EL PRODUCTO GINGER ALE Y LA RUTA DE SU IMAGEN ES 0.18
EXISTE LA IMAGEN DEL PRODUCTO AGUA CON GAS
EL PARENTESCO ENTRE EL PRODUCTO AGUA CON GAS Y LA RUTA DE SU IMAGEN ES 0.15
EXISTE LA IMAGEN DEL PRODUCTO SMIRNOFF (CHUPITO)
EL PARENTESCO ENTRE EL PRODUCTO SMIRNOFF (CHUPITO) Y LA RUTA DE SU IMAGEN ES 0.12
INSERTADO EN CACHE EL PRODUCTO SMIRNOFF (CHUPITO), FILA 3250, VALORES: VODKAS, Barra, Bebidas, imagenesAgora\vodkas\chupito.jpg, None
ACTUALIZADO EN CACHE EL TEXTO DE BOTÓN DE SMIRNOFF (CHUPITO) AL VALOR CHUPITO
ACTUALIZADO EN CACHE EL TEXTO DE TICKET DE SMIRNOFF (CHUPITO) AL VALOR CHP SMIRNOFF
EXISTE LA IMAGEN DEL PRODUCTO SMIRNOFF (COPA)
EL PARENTESCO ENTRE EL PRODUCTO SMIRNOFF (COPA) Y LA RUTA DE SU IMAGEN ES 0.14
EXISTE LA IMAGEN DEL PRODUCTO SMIRNOFF (BOTELLA)
EL PARENTESCO ENTRE EL PRODUCTO SMIRNOFF (BOTELLA) Y LA RUTA DE SU IMAGEN ES 0.12
INSERTADO EN CACHE EL PRODUCTO SMIRNOFF (BOTELLA), FILA 3251, VALORES: VODKAS, Barra, Bebidas, imagenesAgora\vodkas\botella.jpg, None
ACTUALIZADO EN CACHE EL TEXTO DE BOTÓN DE SMIRNOFF (BOTELLA) AL VALOR BOTELLA
ACTUALIZADO EN CACHE EL TEXTO DE TICKET DE SMIRNOFF (BOTELLA) AL VALOR BOT SMIRNOFF
EXISTE LA IMAGEN DEL PRODUCTO CIROC (CHUPITO)
EL PARENTESCO ENTRE EL PRODUCTO CIROC (CHUPITO) Y LA RUTA DE SU IMAGEN ES 0.14
INSERTADO EN CACHE EL PRODUCTO CIROC (CHUPITO), FILA 3252, VALORES: VODKAS, Barra, Bebidas, imagenesAgora\vodkas\chupito.jpg, None
ACTUALIZADO EN CACHE EL TEXTO DE BOTÓN DE CIROC (CHUPITO) AL VALOR CHUPITO
ACTUALIZADO EN CACHE EL TEXTO DE TICKET DE CIROC (CHUPITO) AL VALOR CHP CIROC
EXISTE LA IMAGEN DEL PRODUCTO CIROC (COPA)
EL PARENTESCO ENTRE EL PRODUCTO CIROC (COPA) Y LA RUTA DE SU IMAGEN ES 0.18
INSERTADO EN CACHE EL PRODUCTO CIROC (COPA), FILA 3253, VALORES: VODKAS, Barra, Bebidas, imagenesAgora\vodkas\copa.jpg, None
ACTUALIZADO EN CACHE EL TEXTO DE BOTÓN DE CIROC (COPA) AL VALOR COPA
ACTUALIZADO EN CACHE EL TEXTO DE TICKET DE CIROC (COPA) AL VALOR COPA CIROC
EXISTE LA IMAGEN DEL PRODUCTO CIROC (BOTELLA)
EL PARENTESCO ENTRE EL PRODUCTO CIROC (BOTELLA) Y LA RUTA DE SU IMAGEN ES 0.14
INSERTADO EN CACHE EL PRODUCTO CIROC (BOTELLA), FILA 3254, VALORES: VODKAS, Barra, Bebidas, imagenesAgora\vodkas\botella.jpg, None
ACTUALIZADO EN CACHE EL TEXTO DE BOTÓN DE CIROC (BOTELLA) AL VALOR BOTELLA
ACTUALIZADO EN CACHE EL TEXTO DE TICKET DE CIROC (BOTELLA) AL VALOR BOT CIROC
EXISTE LA IMAGEN DEL PRODUCTO BELVEDERE (CHUPITO)
EL PARENTESCO ENTRE EL PRODUCTO BELVEDERE (CHUPITO) Y LA RUTA DE SU IMAGEN ES 0.11
INSERTADO EN CACHE EL PRODUCTO BELVEDERE (CHUPITO), FILA 3255, VALORES: VODKAS, Barra, Bebidas, imagenesAgora\vodkas\chupito.jpg, None
ACTUALIZADO EN CACHE EL TEXTO DE BOTÓN DE BELVEDERE (CHUPITO) AL VALOR CHUPITO
ACTUALIZADO EN CACHE EL TEXTO DE TICKET DE BELVEDERE (CHUPITO) AL VALOR CHP BELVEDERE
INSERTADO EN CACHE EL PRODUCTO None, FILA 3256, VALORES: None, None, None, None, None
EXISTE LA IMAGEN DEL PRODUCTO BELVEDERE (COPA)
EL PARENTESCO ENTRE EL PRODUCTO BELVEDERE (COPA) Y LA RUTA DE SU IMAGEN ES 0.13
INSERTADO EN CACHE EL PRODUCTO BELVEDERE (COPA), FILA 3257, VALORES: VODKAS, Barra, Bebidas, imagenesAgora\vodkas\copa.jpg, None
ACTUALIZADO EN CACHE EL TEXTO DE BOTÓN DE BELVEDERE (COPA) AL VALOR COPA
ACTUALIZADO EN CACHE EL TEXTO DE TICKET DE BELVEDERE (COPA) AL VALOR COPA BELVEDERE
EXISTE LA IMAGEN DEL PRODUCTO BELVEDERE (BOTELLA)
EL PARENTESCO ENTRE EL PRODUCTO BELVEDERE (BOTELLA) Y LA RUTA DE SU IMAGEN ES 0.11
INSERTADO EN CACHE EL PRODUCTO BELVEDERE (BOTELLA), FILA 3258, VALORES: VODKAS, Barra, Bebidas, imagenesAgora\vodkas\botella.jpg, None
ACTUALIZADO EN CACHE EL TEXTO DE BOTÓN DE BELVEDERE (BOTELLA) AL VALOR BOTELLA
ACTUALIZADO EN CACHE EL TEXTO DE TICKET DE BELVEDERE (BOTELLA) AL VALOR BOT BELVEDERE
EXISTE LA IMAGEN DEL PRODUCTO BELUGA (CHUPITO)
EL PARENTESCO ENTRE EL PRODUCTO BELUGA (CHUPITO) Y LA RUTA DE SU IMAGEN ES 0.13
INSERTADO EN CACHE EL PRODUCTO BELUGA (CHUPITO), FILA 3259, VALORES: VODKAS, Barra, Bebidas, imagenesAgora\vodkas\chupito.jpg, None
ACTUALIZADO EN CACHE EL TEXTO DE BOTÓN DE BELUGA (CHUPITO) AL VALOR CHUPITO
ACTUALIZADO EN CACHE EL TEXTO DE TICKET DE BELUGA (CHUPITO) AL VALOR CHP BELUGA
INSERTADO EN CACHE EL PRODUCTO None, FILA 3260, VALORES: None, None, None, None, None
EXISTE LA IMAGEN DEL PRODUCTO BELUGA (COPA)
EL PARENTESCO ENTRE EL PRODUCTO BELUGA (COPA) Y LA RUTA DE SU IMAGEN ES 0.17
INSERTADO EN CACHE EL PRODUCTO BELUGA (COPA), FILA 3261, VALORES: VODKAS, Barra, Bebidas, imagenesAgora\vodkas\copa.jpg, None
ACTUALIZADO EN CACHE EL TEXTO DE BOTÓN DE BELUGA (COPA) AL VALOR COPA
ACTUALIZADO EN CACHE EL TEXTO DE TICKET DE BELUGA (COPA) AL VALOR COPA BELUGA
EXISTE LA IMAGEN DEL PRODUCTO BELUGA (BOTELLA)
EL PARENTESCO ENTRE EL PRODUCTO BELUGA (BOTELLA) Y LA RUTA DE SU IMAGEN ES 0.13
INSERTADO EN CACHE EL PRODUCTO BELUGA (BOTELLA), FILA 3262, VALORES: VODKAS, Barra, Bebidas, imagenesAgora\vodkas\botella.jpg, None
ACTUALIZADO EN CACHE EL TEXTO DE BOTÓN DE BELUGA (BOTELLA) AL VALOR BOTELLA
ACTUALIZADO EN CACHE EL TEXTO DE TICKET DE BELUGA (BOTELLA) AL VALOR BOT BELUGA
EXISTE LA IMAGEN DEL PRODUCTO ABSOLUT (CHUPITO)
EL PARENTESCO ENTRE EL PRODUCTO ABSOLUT (CHUPITO) Y LA RUTA DE SU IMAGEN ES 0.12
INSERTADO EN CACHE EL PRODUCTO ABSOLUT (CHUPITO), FILA 3263, VALORES: VODKAS, Barra, Bebidas, imagenesAgora\vodkas\chupito.jpg, None
ACTUALIZADO EN CACHE EL TEXTO DE BOTÓN DE ABSOLUT (CHUPITO) AL VALOR CHUPITO
ACTUALIZADO EN CACHE EL TEXTO DE TICKET DE ABSOLUT (CHUPITO) AL VALOR CHP ABSOLUT
EXISTE LA IMAGEN DEL PRODUCTO ABSOLUT (COPA)
EL PARENTESCO ENTRE EL PRODUCTO ABSOLUT (COPA) Y LA RUTA DE SU IMAGEN ES 0.15
INSERTADO EN CACHE EL PRODUCTO ABSOLUT (COPA), FILA 3264, VALORES: VODKAS, Barra, Bebidas, imagenesAgora\vodkas\copa.jpg, None
ACTUALIZADO EN CACHE EL TEXTO DE BOTÓN DE ABSOLUT (COPA) AL VALOR COPA
ACTUALIZADO EN CACHE EL TEXTO DE TICKET DE ABSOLUT (COPA) AL VALOR COPA ABSOLUT
EXISTE LA IMAGEN DEL PRODUCTO ABSOLUT (BOTELLA)
EL PARENTESCO ENTRE EL PRODUCTO ABSOLUT (BOTELLA) Y LA RUTA DE SU IMAGEN ES 0.12
INSERTADO EN CACHE EL PRODUCTO ABSOLUT (BOTELLA), FILA 3265, VALORES: VODKAS, Barra, Bebidas, imagenesAgora\vodkas\botella.jpg, None
ACTUALIZADO EN CACHE EL TEXTO DE BOTÓN DE ABSOLUT (BOTELLA) AL VALOR BOTELLA
ACTUALIZADO EN CACHE EL TEXTO DE TICKET DE ABSOLUT (BOTELLA) AL VALOR BOT ABSOLUT
EXISTE LA IMAGEN DEL PRODUCTO FREIXENET BRUT (COPA)
EL PARENTESCO ENTRE EL PRODUCTO FREIXENET BRUT (COPA) Y LA RUTA DE SU IMAGEN ES 0.10
INSERTADO EN CACHE EL PRODUCTO FREIXENET BRUT (COPA), FILA 3266, VALORES: CAVAS Y CHAMPAGNES, Barra, Bebidas, imagenesAgora\cavas\copa.jpg, None
ACTUALIZADO EN CACHE EL TEXTO DE BOTÓN DE FREIXENET BRUT (COPA) AL VALOR COPA
ACTUALIZADO EN CACHE EL TEXTO DE TICKET DE FREIXENET BRUT (COPA) AL VALOR COPA FREIXENET BRUT
INSERTADO EN CACHE EL PRODUCTO None, FILA 3267, VALORES: None, None, None, None, None
NO EXISTE LA IMAGEN DEL PRODUCTO FREIXENET BRUT (BOTELLA)
INSERTADO EN CACHE EL PRODUCTO FREIXENET BRUT (BOTELLA), FILA 3268, VALORES: CAVAS Y CHAMPAGNES, Barra, Bebidas, imagenesAgora\cavas\botella.jpg, None
ACTUALIZADO EN CACHE EL TEXTO DE BOTÓN DE FREIXENET BRUT (BOTELLA) AL VALOR BOTELLA
ACTUALIZADO EN CACHE EL TEXTO DE TICKET DE FREIXENET BRUT (BOTELLA) AL VALOR BOT FREIXENET BRUT
NO EXISTE LA IMAGEN DEL PRODUCTO FREIXENET ROSÈ (COPA)
INSERTADO EN CACHE EL PRODUCTO FREIXENET ROSÈ (COPA), FILA 3269, VALORES: CAVAS Y CHAMPAGNES, Barra, Bebidas, imagenesAgora\cavas\copa.jpg, None
ACTUALIZADO EN CACHE EL TEXTO DE BOTÓN DE FREIXENET ROSÈ (COPA) AL VALOR COPA
ACTUALIZADO EN CACHE EL TEXTO DE TICKET DE FREIXENET ROSÈ (COPA) AL VALOR COPA FREIXENET ROSÈ
INSERTADO EN CACHE EL PRODUCTO None, FILA 3270, VALORES: None, None, None, None, None
NO EXISTE LA IMAGEN DEL PRODUCTO FREIXENET ROSÈ (BOTELLA)
INSERTADO EN CACHE EL PRODUCTO FREIXENET ROSÈ (BOTELLA), FILA 3271, VALORES: CAVAS Y CHAMPAGNES, Barra, Bebidas, imagenesAgora\cavas\botella.jpg, None
ACTUALIZADO EN CACHE EL TEXTO DE BOTÓN DE FREIXENET ROSÈ (BOTELLA) AL VALOR BOTELLA
ACTUALIZADO EN CACHE EL TEXTO DE TICKET DE FREIXENET ROSÈ (BOTELLA) AL VALOR BOT FREIXENET ROSÈ
NO EXISTE LA IMAGEN DEL PRODUCTO DON PERIGNON (COPA)
INSERTADO EN CACHE EL PRODUCTO DON PERIGNON (COPA), FILA 3272, VALORES: CAVAS Y CHAMPAGNES, Barra, Bebidas, imagenesAgora\cavas\copa.jpg, None
ACTUALIZADO EN CACHE EL TEXTO DE BOTÓN DE DON PERIGNON (COPA) AL VALOR COPA
ACTUALIZADO EN CACHE EL TEXTO DE TICKET DE DON PERIGNON (COPA) AL VALOR COPA DON PERIGNON
INSERTADO EN CACHE EL PRODUCTO None, FILA 3273, VALORES: None, None, None, None, None
NO EXISTE LA IMAGEN DEL PRODUCTO DON PERIGNON (BOTELLA)
INSERTADO EN CACHE EL PRODUCTO DON PERIGNON (BOTELLA), FILA 3274, VALORES: CAVAS Y CHAMPAGNES, Barra, Bebidas, imagenesAgora\cavas\botella.jpg, None
ACTUALIZADO EN CACHE EL TEXTO DE BOTÓN DE DON PERIGNON (BOTELLA) AL VALOR BOTELLA
ACTUALIZADO EN CACHE EL TEXTO DE TICKET DE DON PERIGNON (BOTELLA) AL VALOR BOT DON PERIGNON
EXISTE LA IMAGEN DEL PRODUCTO PIZZA MARGARITA
EL PARENTESCO ENTRE EL PRODUCTO PIZZA MARGARITA Y LA RUTA DE SU IMAGEN ES 0.12
EXISTE LA IMAGEN DEL PRODUCTO PIZZA DE SALMÓN
EL PARENTESCO ENTRE EL PRODUCTO PIZZA DE SALMÓN Y LA RUTA DE SU IMAGEN ES 0.12
INSERTADO EN CACHE EL PRODUCTO PIZZA DE SALMÓN, FILA 3275, VALORES: PIZZAS, Cocina, Primeros, None, None
ACTUALIZADO EN CACHE EL TEXTO DE BOTÓN DE PIZZA DE SALMÓN AL VALOR PIZZA DE SALMÓN
ACTUALIZADO EN CACHE EL TEXTO DE TICKET DE PIZZA DE SALMÓN AL VALOR PIZZA DE SALMÓN
NO EXISTE LA IMAGEN DEL PRODUCTO PIZZA DE JAMÓN
INSERTADO EN CACHE EL PRODUCTO PIZZA DE JAMÓN, FILA 3276, VALORES: PIZZAS, Cocina, Primeros, None, None
ACTUALIZADO EN CACHE EL TEXTO DE BOTÓN DE PIZZA DE JAMÓN AL VALOR PIZZA DE JAMÓN
ACTUALIZADO EN CACHE EL TEXTO DE TICKET DE PIZZA DE JAMÓN AL VALOR PIZZA DE JAMÓN
NO EXISTE LA IMAGEN DEL PRODUCTO FOCACCIA
INSERTADO EN CACHE EL PRODUCTO FOCACCIA, FILA 3277, VALORES: PIZZAS, Cocina, Primeros, None, None
ACTUALIZADO EN CACHE EL TEXTO DE BOTÓN DE FOCACCIA AL VALOR FOCACCIA
ACTUALIZADO EN CACHE EL TEXTO DE TICKET DE FOCACCIA AL VALOR FOCACCIA
INSERTADA LA FAMILIA CAVAS Y CHAMPAGNES EN LA BASE DE DATOS
INSERTADA LA FAMILIA PIZZAS EN LA BASE DE DATOS
INSERTADA LA FAMILIA REFRESCOS EN LA BASE DE DATOS
INSERTADA LA FAMILIA VODKAS EN LA BASE DE DATOS
INSERTADO EL PRODUCTO DON PERIGNON EN LA BASE DE DATOS
INSERTADO EL PRODUCTO FREIXENET BRUT EN LA BASE DE DATOS
INSERTADO EL PRODUCTO FREIXENET ROSÈ EN LA BASE DE DATOS
INSERTADO EL PRODUCTO FOCACCIA EN LA BASE DE DATOS
INSERTADO EL PRODUCTO PIZZA DE JAMÓN EN LA BASE DE DATOS
INSERTADO EL PRODUCTO PIZZA DE SALMÓN EN LA BASE DE DATOS
INSERTADO EL PRODUCTO PIZZA MARGARITA EN LA BASE DE DATOS
INSERTADO EL PRODUCTO AGUA CON GAS EN LA BASE DE DATOS
INSERTADO EL PRODUCTO COCA COLA EN LA BASE DE DATOS
INSERTADO EL PRODUCTO COCA COLA ZERO EN LA BASE DE DATOS
INSERTADO EL PRODUCTO FANTA LIMÓN EN LA BASE DE DATOS
INSERTADO EL PRODUCTO FANTA NARANJA EN LA BASE DE DATOS
INSERTADO EL PRODUCTO GINGER ALE EN LA BASE DE DATOS
INSERTADO EL PRODUCTO PEPSI EN LA BASE DE DATOS
INSERTADO EL PRODUCTO RED BULL EN LA BASE DE DATOS
INSERTADO EL PRODUCTO ABSOLUT EN LA BASE DE DATOS
INSERTADO EL PRODUCTO BELUGA EN LA BASE DE DATOS
INSERTADO EL PRODUCTO BELVEDERE EN LA BASE DE DATOS
INSERTADO EL PRODUCTO CIROC EN LA BASE DE DATOS
INSERTADO EL PRODUCTO SMIRNOFF EN LA BASE DE DATOS
