EXISTE LA IMAGEN DEL PRODUCTO COCA COLA
EL PARENTESCO ENTRE EL PRODUCTO COCA COLA Y LA RUTA DE SU IMAGEN ES 0.20
EXISTE LA IMAGEN DEL PRODUCTO COCA COLA ZERO
EL PARENTESCO ENTRE EL PRODUCTO COCA COLA ZERO Y LA RUTA DE SU IMAGEN ES 0.13
EXISTE LA IMAGEN DEL PRODUCTO FANTA NARANJA
EL PARENTESCO ENTRE EL PRODUCTO FANTA NARANJA Y LA RUTA DE SU IMAGEN ES 0.14
EXISTE LA IMAGEN DEL PRODUCTO FANTA LIMÓN
EL PARENTESCO ENTRE EL PRODUCTO FANTA LIMÓN Y LA RUTA DE SU IMAGEN ES 0.17
EXISTE LA IMAGEN DEL PRODUCTO PEPSI
EL PARENTESCO ENTRE EL PRODUCTO PEPSI Y LA RUTA DE SU IMAGEN ES 0.33
EXISTE LA IMAGEN DEL PRODUCTO RED BULL
EL PARENTESCO ENTRE EL PRODUCTO RED BULL Y LA RUTA DE SU IMAGEN ES 0.22
EXISTE LA IMAGEN DEL PRODUCTO GINGER ALE
EL PARENTESCO ENTRE EL PRODUCTO GINGER ALE Y LA RUTA DE SU IMAGEN ES 0.18
EXISTE LA IMAGEN DEL PRODUCTO AGUA CON GAS
EL PARENTESCO ENTRE EL PRODUCTO AGUA CON GAS Y LA RUTA DE SU IMAGEN ES 0.15
EXISTE LA IMAGEN DEL PRODUCTO SMIRNOFF (CHUPITO)
EL PARENTESCO ENTRE EL PRODUCTO SMIRNOFF (CHUPITO) Y LA RUTA DE SU IMAGEN ES 0.12
EXISTE LA IMAGEN DEL PRODUCTO SMIRNOFF (COPA)
EL PARENTESCO ENTRE EL PRODUCTO SMIRNOFF (COPA) Y LA RUTA DE SU IMAGEN ES 0.14
EXISTE LA IMAGEN DEL PRODUCTO SMIRNOFF (BOTELLA)
EL PARENTESCO ENTRE EL PRODUCTO SMIRNOFF (BOTELLA) Y LA RUTA DE SU IMAGEN ES 0.12
EXISTE LA IMAGEN DEL PRODUCTO CIROC (CHUPITO)
EL PARENTESCO ENTRE EL PRODUCTO CIROC (CHUPITO) Y LA RUTA DE SU IMAGEN ES 0.14
EXISTE LA IMAGEN DEL PRODUCTO CIROC (COPA)
EL PARENTESCO ENTRE EL PRODUCTO CIROC (COPA) Y LA RUTA DE SU IMAGEN ES 0.18
EXISTE LA IMAGEN DEL PRODUCTO CIROC (BOTELLA)
EL PARENTESCO ENTRE EL PRODUCTO CIROC (BOTELLA) Y LA RUTA DE SU IMAGEN ES 0.14
EXISTE LA IMAGEN DEL PRODUCTO BELVEDERE (CHUPITO)
EL PARENTESCO ENTRE EL PRODUCTO BELVEDERE (CHUPITO) Y LA RUTA DE SU IMAGEN ES 0.11
EXISTE LA IMAGEN DEL PRODUCTO BELVEDERE (COPA)
EL PARENTESCO ENTRE EL PRODUCTO BELVEDERE (COPA) Y LA RUTA DE SU IMAGEN ES 0.13
EXISTE LA IMAGEN DEL PRODUCTO BELVEDERE (BOTELLA)
EL PARENTESCO ENTRE EL PRODUCTO BELVEDERE (BOTELLA) Y LA RUTA DE SU IMAGEN ES 0.11
EXISTE LA IMAGEN DEL PRODUCTO BELUGA (CHUPITO)
EL PARENTESCO ENTRE EL PRODUCTO BELUGA (CHUPITO) Y LA RUTA DE SU IMAGEN ES 0.13
EXISTE LA IMAGEN DEL PRODUCTO BELUGA (COPA)
EL PARENTESCO ENTRE EL PRODUCTO BELUGA (COPA) Y LA RUTA DE SU IMAGEN ES 0.17
EXISTE LA IMAGEN DEL PRODUCTO BELUGA (BOTELLA)
EL PARENTESCO ENTRE EL PRODUCTO BELUGA (BOTELLA) Y LA RUTA DE SU IMAGEN ES 0.13
EXISTE LA IMAGEN DEL PRODUCTO ABSOLUT (CHUPITO)
EL PARENTESCO ENTRE EL PRODUCTO ABSOLUT (CHUPITO) Y LA RUTA DE SU IMAGEN ES 0.12
EXISTE LA IMAGEN DEL PRODUCTO ABSOLUT (COPA)
EL PARENTESCO ENTRE EL PRODUCTO ABSOLUT (COPA) Y LA RUTA DE SU IMAGEN ES 0.15
EXISTE LA IMAGEN DEL PRODUCTO ABSOLUT (BOTELLA)
EL PARENTESCO ENTRE EL PRODUCTO ABSOLUT (BOTELLA) Y LA RUTA DE SU IMAGEN ES 0.12
EXISTE LA IMAGEN DEL PRODUCTO FREIXENET BRUT (COPA)
EL PARENTESCO ENTRE EL PRODUCTO FREIXENET BRUT (COPA) Y LA RUTA DE SU IMAGEN ES 0.10
EXISTE LA IMAGEN DEL PRODUCTO FREIXENET BRUT (BOTELLA)
EL PARENTESCO ENTRE EL PRODUCTO FREIXENET BRUT (BOTELLA) Y LA RUTA DE SU IMAGEN ES 0.09
EXISTE LA IMAGEN DEL PRODUCTO FREIXENET ROSÈ (COPA)
EL PARENTESCO ENTRE EL PRODUCTO FREIXENET ROSÈ (COPA) Y LA RUTA DE SU IMAGEN ES 0.11
EXISTE LA IMAGEN DEL PRODUCTO FREIXENET ROSÈ (BOTELLA)
EL PARENTESCO ENTRE EL PRODUCTO FREIXENET ROSÈ (BOTELLA) Y LA RUTA DE SU IMAGEN ES 0.09
EXISTE LA IMAGEN DEL PRODUCTO DON PERIGNON (COPA)
EL PARENTESCO ENTRE EL PRODUCTO DON PERIGNON (COPA) Y LA RUTA DE SU IMAGEN ES 0.11
EXISTE LA IMAGEN DEL PRODUCTO DON PERIGNON (BOTELLA)
EL PARENTESCO ENTRE EL PRODUCTO DON PERIGNON (BOTELLA) Y LA RUTA DE SU IMAGEN ES 0.10
EXISTE LA IMAGEN DEL PRODUCTO PIZZA MARGARITA
EL PARENTESCO ENTRE EL PRODUCTO PIZZA MARGARITA Y LA RUTA DE SU IMAGEN ES 0.12
NO EXISTE LA IMAGEN DEL PRODUCTO PIZZA DE SALMÓN
NO EXISTE LA IMAGEN DEL PRODUCTO PIZZA DE JAMÓN
NO EXISTE LA IMAGEN DEL PRODUCTO FOCACCIA
INSERTADA LA FAMILIA CAVAS Y CHAMPAGNES EN LA BASE DE DATOS
INSERTADA LA FAMILIA PIZZAS EN LA BASE DE DATOS
INSERTADA LA FAMILIA REFRESCOS EN LA BASE DE DATOS
INSERTADA LA FAMILIA VODKAS EN LA BASE DE DATOS
INSERTADO EL TIPO DE PREPARACIÓN Barra EN LA BASE DE DATOS
INSERTADO EL TIPO DE PREPARACIÓN Cocina EN LA BASE DE DATOS
INSERTADO EL ORDEN DE PREPARACIÓN Bebidas EN LA BASE DE DATOS
INSERTADO EL ORDEN DE PREPARACIÓN Primeros EN LA BASE DE DATOS
INSERTADO EL PRODUCTO DON PERIGNON EN LA BASE DE DATOS
INSERTADO EL PRODUCTO FREIXENET BRUT EN LA BASE DE DATOS
INSERTADO EL PRODUCTO FREIXENET ROSÈ EN LA BASE DE DATOS
INSERTADO EL PRODUCTO FOCACCIA EN LA BASE DE DATOS
INSERTADO EL PRODUCTO PIZZA DE JAMÓN EN LA BASE DE DATOS
INSERTADO EL PRODUCTO PIZZA DE SALMÓN EN LA BASE DE DATOS
INSERTADO EL PRODUCTO PIZZA MARGARITA EN LA BASE DE DATOS
INSERTADO EL PRODUCTO AGUA CON GAS EN LA BASE DE DATOS
INSERTADO EL PRODUCTO COCA COLA EN LA BASE DE DATOS
INSERTADO EL PRODUCTO COCA COLA ZERO EN LA BASE DE DATOS
INSERTADO EL PRODUCTO FANTA LIMÓN EN LA BASE DE DATOS
INSERTADO EL PRODUCTO FANTA NARANJA EN LA BASE DE DATOS
INSERTADO EL PRODUCTO GINGER ALE EN LA BASE DE DATOS
INSERTADO EL PRODUCTO PEPSI EN LA BASE DE DATOS
INSERTADO EL PRODUCTO RED BULL EN LA BASE DE DATOS
INSERTADO EL PRODUCTO ABSOLUT EN LA BASE DE DATOS
INSERTADO EL PRODUCTO BELUGA EN LA BASE DE DATOS
INSERTADO EL PRODUCTO BELVEDERE EN LA BASE DE DATOS
INSERTADO EL PRODUCTO CIROC EN LA BASE DE DATOS
INSERTADO EL PRODUCTO SMIRNOFF EN LA BASE DE DATOS
INSERTADO EL FORMATO DE VENTA DON PERIGNON, CON DON PERIGNON COMO PRODUCTO PADRE, EN LA BASE DE DATOS
INSERTADO EL FORMATO DE VENTA COPA DON PERIGNON, CON DON PERIGNON COMO PRODUCTO PADRE, EN LA BASE DE DATOS
INSERTADO EL FORMATO DE VENTA BOTELLA DON PERIGNON, CON DON PERIGNON COMO PRODUCTO PADRE, EN LA BASE DE DATOS
INSERTADO EL FORMATO DE VENTA FREIXENET BRUT, CON FREIXENET BRUT COMO PRODUCTO PADRE, EN LA BASE DE DATOS
INSERTADO EL FORMATO DE VENTA COPA FREIXENET BRUT, CON FREIXENET BRUT COMO PRODUCTO PADRE, EN LA BASE DE DATOS
INSERTADO EL FORMATO DE VENTA BOTELLA FREIXENET BRUT, CON FREIXENET BRUT COMO PRODUCTO PADRE, EN LA BASE DE DATOS
INSERTADO EL FORMATO DE VENTA FREIXENET ROSÈ, CON FREIXENET ROSÈ COMO PRODUCTO PADRE, EN LA BASE DE DATOS
INSERTADO EL FORMATO DE VENTA COPA FREIXENET ROSÈ, CON FREIXENET ROSÈ COMO PRODUCTO PADRE, EN LA BASE DE DATOS
INSERTADO EL FORMATO DE VENTA BOTELLA FREIXENET ROSÈ, CON FREIXENET ROSÈ COMO PRODUCTO PADRE, EN LA BASE DE DATOS
INSERTADO EL FORMATO DE VENTA FOCACCIA, CON FOCACCIA COMO PRODUCTO PADRE, EN LA BASE DE DATOS
INSERTADO EL FORMATO DE VENTA PIZZA DE JAMÓN, CON PIZZA DE JAMÓN COMO PRODUCTO PADRE, EN LA BASE DE DATOS
INSERTADO EL FORMATO DE VENTA PIZZA DE SALMÓN, CON PIZZA DE SALMÓN COMO PRODUCTO PADRE, EN LA BASE DE DATOS
INSERTADO EL FORMATO DE VENTA PIZZA MARGARITA, CON PIZZA MARGARITA COMO PRODUCTO PADRE, EN LA BASE DE DATOS
INSERTADO EL FORMATO DE VENTA AGUA CON GAS, CON AGUA CON GAS COMO PRODUCTO PADRE, EN LA BASE DE DATOS
INSERTADO EL FORMATO DE VENTA COCA COLA, CON COCA COLA COMO PRODUCTO PADRE, EN LA BASE DE DATOS
INSERTADO EL FORMATO DE VENTA COCA COLA ZERO, CON COCA COLA ZERO COMO PRODUCTO PADRE, EN LA BASE DE DATOS
INSERTADO EL FORMATO DE VENTA FANTA LIMÓN, CON FANTA LIMÓN COMO PRODUCTO PADRE, EN LA BASE DE DATOS
INSERTADO EL FORMATO DE VENTA FANTA NARANJA, CON FANTA NARANJA COMO PRODUCTO PADRE, EN LA BASE DE DATOS
INSERTADO EL FORMATO DE VENTA GINGER ALE, CON GINGER ALE COMO PRODUCTO PADRE, EN LA BASE DE DATOS
INSERTADO EL FORMATO DE VENTA PEPSI, CON PEPSI COMO PRODUCTO PADRE, EN LA BASE DE DATOS
INSERTADO EL FORMATO DE VENTA RED BULL, CON RED BULL COMO PRODUCTO PADRE, EN LA BASE DE DATOS
INSERTADO EL FORMATO DE VENTA ABSOLUT, CON ABSOLUT COMO PRODUCTO PADRE, EN LA BASE DE DATOS
INSERTADO EL FORMATO DE VENTA CHUPITO ABSOLUT, CON ABSOLUT COMO PRODUCTO PADRE, EN LA BASE DE DATOS
INSERTADO EL FORMATO DE VENTA COPA ABSOLUT, CON ABSOLUT COMO PRODUCTO PADRE, EN LA BASE DE DATOS
INSERTADO EL FORMATO DE VENTA BOTELLA ABSOLUT, CON ABSOLUT COMO PRODUCTO PADRE, EN LA BASE DE DATOS
INSERTADO EL FORMATO DE VENTA BELUGA, CON BELUGA COMO PRODUCTO PADRE, EN LA BASE DE DATOS
INSERTADO EL FORMATO DE VENTA CHUPITO BELUGA, CON BELUGA COMO PRODUCTO PADRE, EN LA BASE DE DATOS
INSERTADO EL FORMATO DE VENTA COPA BELUGA, CON BELUGA COMO PRODUCTO PADRE, EN LA BASE DE DATOS
INSERTADO EL FORMATO DE VENTA BOTELLA BELUGA, CON BELUGA COMO PRODUCTO PADRE, EN LA BASE DE DATOS
INSERTADO EL FORMATO DE VENTA BELVEDERE, CON BELVEDERE COMO PRODUCTO PADRE, EN LA BASE DE DATOS
INSERTADO EL FORMATO DE VENTA CHUPITO BELVEDERE, CON BELVEDERE COMO PRODUCTO PADRE, EN LA BASE DE DATOS
INSERTADO EL FORMATO DE VENTA COPA BELVEDERE, CON BELVEDERE COMO PRODUCTO PADRE, EN LA BASE DE DATOS
INSERTADO EL FORMATO DE VENTA BOTELLA BELVEDERE, CON BELVEDERE COMO PRODUCTO PADRE, EN LA BASE DE DATOS
INSERTADO EL FORMATO DE VENTA CIROC, CON CIROC COMO PRODUCTO PADRE, EN LA BASE DE DATOS
INSERTADO EL FORMATO DE VENTA CHUPITO CIROC, CON CIROC COMO PRODUCTO PADRE, EN LA BASE DE DATOS
INSERTADO EL FORMATO DE VENTA COPA CIROC, CON CIROC COMO PRODUCTO PADRE, EN LA BASE DE DATOS
INSERTADO EL FORMATO DE VENTA BOTELLA CIROC, CON CIROC COMO PRODUCTO PADRE, EN LA BASE DE DATOS
INSERTADO EL FORMATO DE VENTA SMIRNOFF, CON SMIRNOFF COMO PRODUCTO PADRE, EN LA BASE DE DATOS
INSERTADO EL FORMATO DE VENTA CHUPITO SMIRNOFF, CON SMIRNOFF COMO PRODUCTO PADRE, EN LA BASE DE DATOS
INSERTADO EL FORMATO DE VENTA COPA SMIRNOFF, CON SMIRNOFF COMO PRODUCTO PADRE, EN LA BASE DE DATOS
INSERTADO EL FORMATO DE VENTA BOTELLA SMIRNOFF, CON SMIRNOFF COMO PRODUCTO PADRE, EN LA BASE DE DATOS
ASIGNADO EL PRODUCTO COCA COLA COMO AÑADIDO DEL PRODUCTO COPA SMIRNOFF EN LA BASE DE DATOS
ASIGNADO EL PRODUCTO COCA COLA ZERO COMO AÑADIDO DEL PRODUCTO COPA SMIRNOFF EN LA BASE DE DATOS
ASIGNADO EL PRODUCTO FANTA NARANJA COMO AÑADIDO DEL PRODUCTO COPA SMIRNOFF EN LA BASE DE DATOS
ASIGNADO EL PRODUCTO FANTA LIMÓN COMO AÑADIDO DEL PRODUCTO COPA SMIRNOFF EN LA BASE DE DATOS
ASIGNADO EL PRODUCTO PEPSI COMO AÑADIDO DEL PRODUCTO COPA SMIRNOFF EN LA BASE DE DATOS
ASIGNADO EL PRODUCTO RED BULL COMO AÑADIDO DEL PRODUCTO COPA SMIRNOFF EN LA BASE DE DATOS
ASIGNADO EL PRODUCTO GINGER ALE COMO AÑADIDO DEL PRODUCTO COPA SMIRNOFF EN LA BASE DE DATOS
ASIGNADO EL PRODUCTO AGUA CON GAS COMO AÑADIDO DEL PRODUCTO COPA SMIRNOFF EN LA BASE DE DATOS
ASIGNADO EL PRODUCTO COCA COLA COMO AÑADIDO DEL PRODUCTO COPA CIROC EN LA BASE DE DATOS
ASIGNADO EL PRODUCTO COCA COLA ZERO COMO AÑADIDO DEL PRODUCTO COPA CIROC EN LA BASE DE DATOS
ASIGNADO EL PRODUCTO FANTA NARANJA COMO AÑADIDO DEL PRODUCTO COPA CIROC EN LA BASE DE DATOS
ASIGNADO EL PRODUCTO FANTA LIMÓN COMO AÑADIDO DEL PRODUCTO COPA CIROC EN LA BASE DE DATOS
ASIGNADO EL PRODUCTO PEPSI COMO AÑADIDO DEL PRODUCTO COPA CIROC EN LA BASE DE DATOS
ASIGNADO EL PRODUCTO RED BULL COMO AÑADIDO DEL PRODUCTO COPA CIROC EN LA BASE DE DATOS
ASIGNADO EL PRODUCTO GINGER ALE COMO AÑADIDO DEL PRODUCTO COPA CIROC EN LA BASE DE DATOS
ASIGNADO EL PRODUCTO AGUA CON GAS COMO AÑADIDO DEL PRODUCTO COPA CIROC EN LA BASE DE DATOS
ASIGNADO EL PRODUCTO COCA COLA COMO AÑADIDO DEL PRODUCTO COPA BELVEDERE EN LA BASE DE DATOS
ASIGNADO EL PRODUCTO COCA COLA ZERO COMO AÑADIDO DEL PRODUCTO COPA BELVEDERE EN LA BASE DE DATOS
ASIGNADO EL PRODUCTO FANTA NARANJA COMO AÑADIDO DEL PRODUCTO COPA BELVEDERE EN LA BASE DE DATOS
ASIGNADO EL PRODUCTO FANTA LIMÓN COMO AÑADIDO DEL PRODUCTO COPA BELVEDERE EN LA BASE DE DATOS
ASIGNADO EL PRODUCTO PEPSI COMO AÑADIDO DEL PRODUCTO COPA BELVEDERE EN LA BASE DE DATOS
ASIGNADO EL PRODUCTO RED BULL COMO AÑADIDO DEL PRODUCTO COPA BELVEDERE EN LA BASE DE DATOS
ASIGNADO EL PRODUCTO GINGER ALE COMO AÑADIDO DEL PRODUCTO COPA BELVEDERE EN LA BASE DE DATOS
ASIGNADO EL PRODUCTO AGUA CON GAS COMO AÑADIDO DEL PRODUCTO COPA BELVEDERE EN LA BASE DE DATOS
ASIGNADO EL PRODUCTO COCA COLA COMO AÑADIDO DEL PRODUCTO COPA BELUGA EN LA BASE DE DATOS
ASIGNADO EL PRODUCTO COCA COLA ZERO COMO AÑADIDO DEL PRODUCTO COPA BELUGA EN LA BASE DE DATOS
ASIGNADO EL PRODUCTO FANTA NARANJA COMO AÑADIDO DEL PRODUCTO COPA BELUGA EN LA BASE DE DATOS
ASIGNADO EL PRODUCTO FANTA LIMÓN COMO AÑADIDO DEL PRODUCTO COPA BELUGA EN LA BASE DE DATOS
ASIGNADO EL PRODUCTO PEPSI COMO AÑADIDO DEL PRODUCTO COPA BELUGA EN LA BASE DE DATOS
ASIGNADO EL PRODUCTO RED BULL COMO AÑADIDO DEL PRODUCTO COPA BELUGA EN LA BASE DE DATOS
ASIGNADO EL PRODUCTO GINGER ALE COMO AÑADIDO DEL PRODUCTO COPA BELUGA EN LA BASE DE DATOS
ASIGNADO EL PRODUCTO AGUA CON GAS COMO AÑADIDO DEL PRODUCTO COPA BELUGA EN LA BASE DE DATOS
ASIGNADO EL PRODUCTO COCA COLA COMO AÑADIDO DEL PRODUCTO COPA ABSOLUT EN LA BASE DE DATOS
ASIGNADO EL PRODUCTO COCA COLA ZERO COMO AÑADIDO DEL PRODUCTO COPA ABSOLUT EN LA BASE DE DATOS
ASIGNADO EL PRODUCTO FANTA NARANJA COMO AÑADIDO DEL PRODUCTO COPA ABSOLUT EN LA BASE DE DATOS
ASIGNADO EL PRODUCTO FANTA LIMÓN COMO AÑADIDO DEL PRODUCTO COPA ABSOLUT EN LA BASE DE DATOS
ASIGNADO EL PRODUCTO PEPSI COMO AÑADIDO DEL PRODUCTO COPA ABSOLUT EN LA BASE DE DATOS
ASIGNADO EL PRODUCTO RED BULL COMO AÑADIDO DEL PRODUCTO COPA ABSOLUT EN LA BASE DE DATOS
ASIGNADO EL PRODUCTO GINGER ALE COMO AÑADIDO DEL PRODUCTO COPA ABSOLUT EN LA BASE DE DATOS
ASIGNADO EL PRODUCTO AGUA CON GAS COMO AÑADIDO DEL PRODUCTO COPA ABSOLUT EN LA BASE DE DATOS
ASIGNADO EL PRODUCTO COCA COLA COMO AÑADIDO DEL PRODUCTO BOTELLA SMIRNOFF EN LA BASE DE DATOS
ASIGNADO EL PRODUCTO COCA COLA ZERO COMO AÑADIDO DEL PRODUCTO BOTELLA SMIRNOFF EN LA BASE DE DATOS
ASIGNADO EL PRODUCTO FANTA NARANJA COMO AÑADIDO DEL PRODUCTO BOTELLA SMIRNOFF EN LA BASE DE DATOS
ASIGNADO EL PRODUCTO FANTA LIMÓN COMO AÑADIDO DEL PRODUCTO BOTELLA SMIRNOFF EN LA BASE DE DATOS
ASIGNADO EL PRODUCTO PEPSI COMO AÑADIDO DEL PRODUCTO BOTELLA SMIRNOFF EN LA BASE DE DATOS
ASIGNADO EL PRODUCTO RED BULL COMO AÑADIDO DEL PRODUCTO BOTELLA SMIRNOFF EN LA BASE DE DATOS
ASIGNADO EL PRODUCTO GINGER ALE COMO AÑADIDO DEL PRODUCTO BOTELLA SMIRNOFF EN LA BASE DE DATOS
ASIGNADO EL PRODUCTO AGUA CON GAS COMO AÑADIDO DEL PRODUCTO BOTELLA SMIRNOFF EN LA BASE DE DATOS
ASIGNADO EL PRODUCTO COCA COLA COMO AÑADIDO DEL PRODUCTO BOTELLA CIROC EN LA BASE DE DATOS
ASIGNADO EL PRODUCTO COCA COLA ZERO COMO AÑADIDO DEL PRODUCTO BOTELLA CIROC EN LA BASE DE DATOS
ASIGNADO EL PRODUCTO FANTA NARANJA COMO AÑADIDO DEL PRODUCTO BOTELLA CIROC EN LA BASE DE DATOS
ASIGNADO EL PRODUCTO FANTA LIMÓN COMO AÑADIDO DEL PRODUCTO BOTELLA CIROC EN LA BASE DE DATOS
ASIGNADO EL PRODUCTO PEPSI COMO AÑADIDO DEL PRODUCTO BOTELLA CIROC EN LA BASE DE DATOS
ASIGNADO EL PRODUCTO RED BULL COMO AÑADIDO DEL PRODUCTO BOTELLA CIROC EN LA BASE DE DATOS
ASIGNADO EL PRODUCTO GINGER ALE COMO AÑADIDO DEL PRODUCTO BOTELLA CIROC EN LA BASE DE DATOS
ASIGNADO EL PRODUCTO AGUA CON GAS COMO AÑADIDO DEL PRODUCTO BOTELLA CIROC EN LA BASE DE DATOS
ASIGNADO EL PRODUCTO COCA COLA COMO AÑADIDO DEL PRODUCTO BOTELLA BELVEDERE EN LA BASE DE DATOS
ASIGNADO EL PRODUCTO COCA COLA ZERO COMO AÑADIDO DEL PRODUCTO BOTELLA BELVEDERE EN LA BASE DE DATOS
ASIGNADO EL PRODUCTO FANTA NARANJA COMO AÑADIDO DEL PRODUCTO BOTELLA BELVEDERE EN LA BASE DE DATOS
ASIGNADO EL PRODUCTO FANTA LIMÓN COMO AÑADIDO DEL PRODUCTO BOTELLA BELVEDERE EN LA BASE DE DATOS
ASIGNADO EL PRODUCTO PEPSI COMO AÑADIDO DEL PRODUCTO BOTELLA BELVEDERE EN LA BASE DE DATOS
ASIGNADO EL PRODUCTO RED BULL COMO AÑADIDO DEL PRODUCTO BOTELLA BELVEDERE EN LA BASE DE DATOS
ASIGNADO EL PRODUCTO GINGER ALE COMO AÑADIDO DEL PRODUCTO BOTELLA BELVEDERE EN LA BASE DE DATOS
ASIGNADO EL PRODUCTO AGUA CON GAS COMO AÑADIDO DEL PRODUCTO BOTELLA BELVEDERE EN LA BASE DE DATOS
ASIGNADO EL PRODUCTO COCA COLA COMO AÑADIDO DEL PRODUCTO BOTELLA BELUGA EN LA BASE DE DATOS
ASIGNADO EL PRODUCTO COCA COLA ZERO COMO AÑADIDO DEL PRODUCTO BOTELLA BELUGA EN LA BASE DE DATOS
ASIGNADO EL PRODUCTO FANTA NARANJA COMO AÑADIDO DEL PRODUCTO BOTELLA BELUGA EN LA BASE DE DATOS
ASIGNADO EL PRODUCTO FANTA LIMÓN COMO AÑADIDO DEL PRODUCTO BOTELLA BELUGA EN LA BASE DE DATOS
ASIGNADO EL PRODUCTO PEPSI COMO AÑADIDO DEL PRODUCTO BOTELLA BELUGA EN LA BASE DE DATOS
ASIGNADO EL PRODUCTO RED BULL COMO AÑADIDO DEL PRODUCTO BOTELLA BELUGA EN LA BASE DE DATOS
ASIGNADO EL PRODUCTO GINGER ALE COMO AÑADIDO DEL PRODUCTO BOTELLA BELUGA EN LA BASE DE DATOS
ASIGNADO EL PRODUCTO AGUA CON GAS COMO AÑADIDO DEL PRODUCTO BOTELLA BELUGA EN LA BASE DE DATOS
ASIGNADO EL PRODUCTO COCA COLA COMO AÑADIDO DEL PRODUCTO BOTELLA ABSOLUT EN LA BASE DE DATOS
ASIGNADO EL PRODUCTO COCA COLA ZERO COMO AÑADIDO DEL PRODUCTO BOTELLA ABSOLUT EN LA BASE DE DATOS
ASIGNADO EL PRODUCTO FANTA NARANJA COMO AÑADIDO DEL PRODUCTO BOTELLA ABSOLUT EN LA BASE DE DATOS
ASIGNADO EL PRODUCTO FANTA LIMÓN COMO AÑADIDO DEL PRODUCTO BOTELLA ABSOLUT EN LA BASE DE DATOS
ASIGNADO EL PRODUCTO PEPSI COMO AÑADIDO DEL PRODUCTO BOTELLA ABSOLUT EN LA BASE DE DATOS
ASIGNADO EL PRODUCTO RED BULL COMO AÑADIDO DEL PRODUCTO BOTELLA ABSOLUT EN LA BASE DE DATOS
ASIGNADO EL PRODUCTO GINGER ALE COMO AÑADIDO DEL PRODUCTO BOTELLA ABSOLUT EN LA BASE DE DATOS
ASIGNADO EL PRODUCTO AGUA CON GAS COMO AÑADIDO DEL PRODUCTO BOTELLA ABSOLUT EN LA BASE DE DATOS
