EXISTE LA IMAGEN DEL PRODUCTO COCA COLA
EL PARENTESCO ENTRE EL PRODUCTO COCA COLA Y LA RUTA DE SU IMAGEN ES 0.20
EXISTE LA IMAGEN DEL PRODUCTO COCA COLA ZERO
EL PARENTESCO ENTRE EL PRODUCTO COCA COLA ZERO Y LA RUTA DE SU IMAGEN ES 0.13
EXISTE LA IMAGEN DEL PRODUCTO FANTA NARANJA
EL PARENTESCO ENTRE EL PRODUCTO FANTA NARANJA Y LA RUTA DE SU IMAGEN ES 0.14
EXISTE LA IMAGEN DEL PRODUCTO PEPSI
EL PARENTESCO ENTRE EL PRODUCTO PEPSI Y LA RUTA DE SU IMAGEN ES 0.33
EXISTE LA IMAGEN DEL PRODUCTO RED BULL
EL PARENTESCO ENTRE EL PRODUCTO RED BULL Y LA RUTA DE SU IMAGEN ES 0.22
EXISTE LA IMAGEN DEL PRODUCTO SMIRNOFF (CHUPITO)
EL PARENTESCO ENTRE EL PRODUCTO SMIRNOFF (CHUPITO) Y LA RUTA DE SU IMAGEN ES 0.12
EXISTE LA IMAGEN DEL PRODUCTO SMIRNOFF (COPA)
EL PARENTESCO ENTRE EL PRODUCTO SMIRNOFF (COPA) Y LA RUTA DE SU IMAGEN ES 0.14
EXISTE LA IMAGEN DEL PRODUCTO SMIRNOFF (BOTELLA)
EL PARENTESCO ENTRE EL PRODUCTO SMIRNOFF (BOTELLA) Y LA RUTA DE SU IMAGEN ES 0.12
EXISTE LA IMAGEN DEL PRODUCTO CIROC (COPA)
EL PARENTESCO ENTRE EL PRODUCTO CIROC (COPA) Y LA RUTA DE SU IMAGEN ES 0.18
EXISTE LA IMAGEN DEL PRODUCTO CIROC (BOTELLA)
EL PARENTESCO ENTRE EL PRODUCTO CIROC (BOTELLA) Y LA RUTA DE SU IMAGEN ES 0.14
EXISTE LA IMAGEN DEL PRODUCTO BELVEDERE (COPA)
EL PARENTESCO ENTRE EL PRODUCTO BELVEDERE (COPA) Y LA RUTA DE SU IMAGEN ES 0.13
EXISTE LA IMAGEN DEL PRODUCTO BELVEDERE (BOTELLA)
EL PARENTESCO ENTRE EL PRODUCTO BELVEDERE (BOTELLA) Y LA RUTA DE SU IMAGEN ES 0.11
EXISTE LA IMAGEN DEL PRODUCTO BELUGA (COPA)
EL PARENTESCO ENTRE EL PRODUCTO BELUGA (COPA) Y LA RUTA DE SU IMAGEN ES 0.17
EXISTE LA IMAGEN DEL PRODUCTO BELUGA (BOTELLA)
EL PARENTESCO ENTRE EL PRODUCTO BELUGA (BOTELLA) Y LA RUTA DE SU IMAGEN ES 0.13
EXISTE LA IMAGEN DEL PRODUCTO ABSOLUT (COPA)
EL PARENTESCO ENTRE EL PRODUCTO ABSOLUT (COPA) Y LA RUTA DE SU IMAGEN ES 0.15
EXISTE LA IMAGEN DEL PRODUCTO ABSOLUT (BOTELLA)
EL PARENTESCO ENTRE EL PRODUCTO ABSOLUT (BOTELLA) Y LA RUTA DE SU IMAGEN ES 0.12
EXISTE LA IMAGEN DEL PRODUCTO FREIXENET BRUT (COPA)
EL PARENTESCO ENTRE EL PRODUCTO FREIXENET BRUT (COPA) Y LA RUTA DE SU IMAGEN ES 0.10
EXISTE LA IMAGEN DEL PRODUCTO FREIXENET BRUT (BOTELLA)
EL PARENTESCO ENTRE EL PRODUCTO FREIXENET BRUT (BOTELLA) Y LA RUTA DE SU IMAGEN ES 0.09
EXISTE LA IMAGEN DEL PRODUCTO FREIXENET ROSÈ (COPA)
EL PARENTESCO ENTRE EL PRODUCTO FREIXENET ROSÈ (COPA) Y LA RUTA DE SU IMAGEN ES 0.11
EXISTE LA IMAGEN DEL PRODUCTO FREIXENET ROSÈ (BOTELLA)
EL PARENTESCO ENTRE EL PRODUCTO FREIXENET ROSÈ (BOTELLA) Y LA RUTA DE SU IMAGEN ES 0.09
EXISTE LA IMAGEN DEL PRODUCTO DON PERIGNON (BOTELLA)
EL PARENTESCO ENTRE EL PRODUCTO DON PERIGNON (BOTELLA) Y LA RUTA DE SU IMAGEN ES 0.10
EXISTE LA IMAGEN DEL PRODUCTO PIZZA MARGARITA
EL PARENTESCO ENTRE EL PRODUCTO PIZZA MARGARITA Y LA RUTA DE SU IMAGEN ES 0.12
INSERTADA LA FAMILIA CAVAS Y CHAMPAGNES EN LA BASE DE DATOS
INSERTADA LA FAMILIA PIZZAS EN LA BASE DE DATOS
INSERTADA LA FAMILIA REFRESCOS EN LA BASE DE DATOS
INSERTADA LA FAMILIA VODKAS EN LA BASE DE DATOS
INSERTADO EL TIPO DE PREPARACIÓN Barra EN LA BASE DE DATOS
INSERTADO EL TIPO DE PREPARACIÓN Cocina EN LA BASE DE DATOS
INSERTADO EL ORDEN DE PREPARACIÓN Bebidas EN LA BASE DE DATOS
INSERTADO EL ORDEN DE PREPARACIÓN Primeros EN LA BASE DE DATOS
INSERTADO EL PRODUCTO DON PERIGNON EN LA BASE DE DATOS
INSERTADO EL PRODUCTO FREIXENET BRUT EN LA BASE DE DATOS
INSERTADO EL PRODUCTO FREIXENET ROSÈ EN LA BASE DE DATOS
INSERTADO EL PRODUCTO FOCACCIA EN LA BASE DE DATOS
INSERTADO EL PRODUCTO PIZZA DE JAMÓN EN LA BASE DE DATOS
INSERTADO EL PRODUCTO PIZZA DE SALMÓN EN LA BASE DE DATOS
INSERTADO EL PRODUCTO PIZZA MARGARITA EN LA BASE DE DATOS
INSERTADO EL PRODUCTO AGUA CON GAS EN LA BASE DE DATOS
INSERTADO EL PRODUCTO COCA COLA EN LA BASE DE DATOS
INSERTADO EL PRODUCTO COCA COLA ZERO EN LA BASE DE DATOS
INSERTADO EL PRODUCTO FANTA LIMÓN EN LA BASE DE DATOS
INSERTADO EL PRODUCTO FANTA NARANJA EN LA BASE DE DATOS
INSERTADO EL PRODUCTO GINGER ALE EN LA BASE DE DATOS
INSERTADO EL PRODUCTO PEPSI EN LA BASE DE DATOS
INSERTADO EL PRODUCTO RED BULL EN LA BASE DE DATOS
INSERTADO EL PRODUCTO ABSOLUT EN LA BASE DE DATOS
INSERTADO EL PRODUCTO BELUGA EN LA BASE DE DATOS
INSERTADO EL PRODUCTO BELVEDERE EN LA BASE DE DATOS
INSERTADO EL PRODUCTO CIROC EN LA BASE DE DATOS
INSERTADO EL PRODUCTO SMIRNOFF EN LA BASE DE DATOS
